ARM GAS  /var/folders/d2/nstgp4h54kz7g1l847x_b8wc0000gn/T//ccclvz5v.s 			page 1


   1              		.cpu cortex-m4
   2              		.eabi_attribute 27, 1
   3              		.eabi_attribute 28, 1
   4              		.eabi_attribute 20, 1
   5              		.eabi_attribute 21, 1
   6              		.eabi_attribute 23, 3
   7              		.eabi_attribute 24, 1
   8              		.eabi_attribute 25, 1
   9              		.eabi_attribute 26, 1
  10              		.eabi_attribute 30, 6
  11              		.eabi_attribute 34, 1
  12              		.eabi_attribute 18, 4
  13              		.file	"can-net.c"
  14              		.section	.bss.asebaCan,"aw",%nobits
  15              		.align	2
  16              		.type	asebaCan, %object
  17              		.size	asebaCan, 48
  18              	asebaCan:
  19 0000 00000000 		.space	48
  19      00000000 
  19      00000000 
  19      00000000 
  19      00000000 
  20              		.section	.text.AsebaCanGetMinMultipleOfHeight,"ax",%progbits
  21              		.align	1
  22              		.global	AsebaCanGetMinMultipleOfHeight
  23              		.syntax unified
  24              		.thumb
  25              		.thumb_func
  26              		.fpu fpv4-sp-d16
  27              		.type	AsebaCanGetMinMultipleOfHeight, %function
  28              	AsebaCanGetMinMultipleOfHeight:
  29              		@ args = 0, pretend = 0, frame = 16
  30              		@ frame_needed = 1, uses_anonymous_args = 0
  31              		@ link register save eliminated.
  32 0000 80B4     		push	{r7}
  33 0002 85B0     		sub	sp, sp, #20
  34 0004 00AF     		add	r7, sp, #0
  35 0006 0346     		mov	r3, r0
  36 0008 FB80     		strh	r3, [r7, #6]	@ movhi
  37 000a FB88     		ldrh	r3, [r7, #6]
  38 000c DB08     		lsrs	r3, r3, #3
  39 000e FB81     		strh	r3, [r7, #14]	@ movhi
  40 0010 FB88     		ldrh	r3, [r7, #6]
  41 0012 03F00703 		and	r3, r3, #7
  42 0016 002B     		cmp	r3, #0
  43 0018 02D0     		beq	.L2
  44 001a FB89     		ldrh	r3, [r7, #14]
  45 001c 0133     		adds	r3, r3, #1
  46 001e FB81     		strh	r3, [r7, #14]	@ movhi
  47              	.L2:
  48 0020 FB89     		ldrh	r3, [r7, #14]
  49 0022 1846     		mov	r0, r3
  50 0024 1437     		adds	r7, r7, #20
  51 0026 BD46     		mov	sp, r7
  52              		@ sp needed
  53 0028 5DF8047B 		ldr	r7, [sp], #4
ARM GAS  /var/folders/d2/nstgp4h54kz7g1l847x_b8wc0000gn/T//ccclvz5v.s 			page 2


  54 002c 7047     		bx	lr
  55              		.size	AsebaCanGetMinMultipleOfHeight, .-AsebaCanGetMinMultipleOfHeight
  56              		.section	.text.AsebaCanSendQueueGetUsedFrames,"ax",%progbits
  57              		.align	1
  58              		.syntax unified
  59              		.thumb
  60              		.thumb_func
  61              		.fpu fpv4-sp-d16
  62              		.type	AsebaCanSendQueueGetUsedFrames, %function
  63              	AsebaCanSendQueueGetUsedFrames:
  64              		@ args = 0, pretend = 0, frame = 8
  65              		@ frame_needed = 1, uses_anonymous_args = 0
  66              		@ link register save eliminated.
  67 0000 80B4     		push	{r7}
  68 0002 83B0     		sub	sp, sp, #12
  69 0004 00AF     		add	r7, sp, #0
  70 0006 0F4B     		ldr	r3, .L7
  71 0008 9B8B     		ldrh	r3, [r3, #28]	@ movhi
  72 000a FB80     		strh	r3, [r7, #6]	@ movhi
  73 000c 0D4B     		ldr	r3, .L7
  74 000e DB8B     		ldrh	r3, [r3, #30]	@ movhi
  75 0010 BB80     		strh	r3, [r7, #4]	@ movhi
  76 0012 FA88     		ldrh	r2, [r7, #6]
  77 0014 BB88     		ldrh	r3, [r7, #4]
  78 0016 9A42     		cmp	r2, r3
  79 0018 04D3     		bcc	.L5
  80 001a FA88     		ldrh	r2, [r7, #6]	@ movhi
  81 001c BB88     		ldrh	r3, [r7, #4]	@ movhi
  82 001e D31A     		subs	r3, r2, r3
  83 0020 9BB2     		uxth	r3, r3
  84 0022 08E0     		b	.L6
  85              	.L5:
  86 0024 074B     		ldr	r3, .L7
  87 0026 9B69     		ldr	r3, [r3, #24]
  88 0028 9AB2     		uxth	r2, r3
  89 002a BB88     		ldrh	r3, [r7, #4]	@ movhi
  90 002c D31A     		subs	r3, r2, r3
  91 002e 9AB2     		uxth	r2, r3
  92 0030 FB88     		ldrh	r3, [r7, #6]	@ movhi
  93 0032 1344     		add	r3, r3, r2
  94 0034 9BB2     		uxth	r3, r3
  95              	.L6:
  96 0036 1846     		mov	r0, r3
  97 0038 0C37     		adds	r7, r7, #12
  98 003a BD46     		mov	sp, r7
  99              		@ sp needed
 100 003c 5DF8047B 		ldr	r7, [sp], #4
 101 0040 7047     		bx	lr
 102              	.L8:
 103 0042 00BF     		.align	2
 104              	.L7:
 105 0044 00000000 		.word	asebaCan
 106              		.size	AsebaCanSendQueueGetUsedFrames, .-AsebaCanSendQueueGetUsedFrames
 107              		.section	.text.AsebaCanSendQueueGetFreeFrames,"ax",%progbits
 108              		.align	1
 109              		.syntax unified
 110              		.thumb
ARM GAS  /var/folders/d2/nstgp4h54kz7g1l847x_b8wc0000gn/T//ccclvz5v.s 			page 3


 111              		.thumb_func
 112              		.fpu fpv4-sp-d16
 113              		.type	AsebaCanSendQueueGetFreeFrames, %function
 114              	AsebaCanSendQueueGetFreeFrames:
 115              		@ args = 0, pretend = 0, frame = 0
 116              		@ frame_needed = 1, uses_anonymous_args = 0
 117 0000 98B5     		push	{r3, r4, r7, lr}
 118 0002 00AF     		add	r7, sp, #0
 119 0004 044B     		ldr	r3, .L11
 120 0006 9B69     		ldr	r3, [r3, #24]
 121 0008 9CB2     		uxth	r4, r3
 122 000a FFF7FEFF 		bl	AsebaCanSendQueueGetUsedFrames
 123 000e 0346     		mov	r3, r0
 124 0010 E31A     		subs	r3, r4, r3
 125 0012 9BB2     		uxth	r3, r3
 126 0014 1846     		mov	r0, r3
 127 0016 98BD     		pop	{r3, r4, r7, pc}
 128              	.L12:
 129              		.align	2
 130              	.L11:
 131 0018 00000000 		.word	asebaCan
 132              		.size	AsebaCanSendQueueGetFreeFrames, .-AsebaCanSendQueueGetFreeFrames
 133              		.section	.text.AsebaCanSendQueueInsert,"ax",%progbits
 134              		.align	1
 135              		.syntax unified
 136              		.thumb
 137              		.thumb_func
 138              		.fpu fpv4-sp-d16
 139              		.type	AsebaCanSendQueueInsert, %function
 140              	AsebaCanSendQueueInsert:
 141              		@ args = 0, pretend = 0, frame = 24
 142              		@ frame_needed = 1, uses_anonymous_args = 0
 143 0000 80B5     		push	{r7, lr}
 144 0002 86B0     		sub	sp, sp, #24
 145 0004 00AF     		add	r7, sp, #0
 146 0006 0346     		mov	r3, r0
 147 0008 B960     		str	r1, [r7, #8]
 148 000a 7A60     		str	r2, [r7, #4]
 149 000c FB81     		strh	r3, [r7, #14]	@ movhi
 150 000e 224B     		ldr	r3, .L15
 151 0010 5A69     		ldr	r2, [r3, #20]
 152 0012 214B     		ldr	r3, .L15
 153 0014 9B8B     		ldrh	r3, [r3, #28]
 154 0016 1946     		mov	r1, r3
 155 0018 0B46     		mov	r3, r1
 156 001a 5B00     		lsls	r3, r3, #1
 157 001c 0B44     		add	r3, r3, r1
 158 001e 9B00     		lsls	r3, r3, #2
 159 0020 1344     		add	r3, r3, r2
 160 0022 7A68     		ldr	r2, [r7, #4]
 161 0024 B968     		ldr	r1, [r7, #8]
 162 0026 1846     		mov	r0, r3
 163 0028 FFF7FEFF 		bl	memcpy
 164 002c 1A4B     		ldr	r3, .L15
 165 002e 5A69     		ldr	r2, [r3, #20]
 166 0030 194B     		ldr	r3, .L15
 167 0032 9B8B     		ldrh	r3, [r3, #28]
ARM GAS  /var/folders/d2/nstgp4h54kz7g1l847x_b8wc0000gn/T//ccclvz5v.s 			page 4


 168 0034 1946     		mov	r1, r3
 169 0036 0B46     		mov	r3, r1
 170 0038 5B00     		lsls	r3, r3, #1
 171 003a 0B44     		add	r3, r3, r1
 172 003c 9B00     		lsls	r3, r3, #2
 173 003e 1A44     		add	r2, r2, r3
 174 0040 FB89     		ldrh	r3, [r7, #14]	@ movhi
 175 0042 C3F30A03 		ubfx	r3, r3, #0, #11
 176 0046 99B2     		uxth	r1, r3
 177 0048 1389     		ldrh	r3, [r2, #8]	@ movhi
 178 004a 61F30A03 		bfi	r3, r1, #0, #11
 179 004e 1381     		strh	r3, [r2, #8]	@ movhi
 180 0050 114B     		ldr	r3, .L15
 181 0052 5A69     		ldr	r2, [r3, #20]
 182 0054 104B     		ldr	r3, .L15
 183 0056 9B8B     		ldrh	r3, [r3, #28]
 184 0058 1946     		mov	r1, r3
 185 005a 0B46     		mov	r3, r1
 186 005c 5B00     		lsls	r3, r3, #1
 187 005e 0B44     		add	r3, r3, r1
 188 0060 9B00     		lsls	r3, r3, #2
 189 0062 1A44     		add	r2, r2, r3
 190 0064 7B68     		ldr	r3, [r7, #4]
 191 0066 03F00F03 		and	r3, r3, #15
 192 006a D9B2     		uxtb	r1, r3
 193 006c 537A     		ldrb	r3, [r2, #9]
 194 006e 61F3C603 		bfi	r3, r1, #3, #4
 195 0072 5372     		strb	r3, [r2, #9]
 196 0074 084B     		ldr	r3, .L15
 197 0076 9B8B     		ldrh	r3, [r3, #28]
 198 0078 0133     		adds	r3, r3, #1
 199 007a FB82     		strh	r3, [r7, #22]	@ movhi
 200 007c FA8A     		ldrh	r2, [r7, #22]
 201 007e 064B     		ldr	r3, .L15
 202 0080 9B69     		ldr	r3, [r3, #24]
 203 0082 9A42     		cmp	r2, r3
 204 0084 01D3     		bcc	.L14
 205 0086 0023     		movs	r3, #0
 206 0088 FB82     		strh	r3, [r7, #22]	@ movhi
 207              	.L14:
 208 008a 034A     		ldr	r2, .L15
 209 008c FB8A     		ldrh	r3, [r7, #22]	@ movhi
 210 008e 9383     		strh	r3, [r2, #28]	@ movhi
 211 0090 00BF     		nop
 212 0092 1837     		adds	r7, r7, #24
 213 0094 BD46     		mov	sp, r7
 214              		@ sp needed
 215 0096 80BD     		pop	{r7, pc}
 216              	.L16:
 217              		.align	2
 218              	.L15:
 219 0098 00000000 		.word	asebaCan
 220              		.size	AsebaCanSendQueueInsert, .-AsebaCanSendQueueInsert
 221              		.section	.text.AsebaCanSendQueueToPhysicalLayer,"ax",%progbits
 222              		.align	1
 223              		.syntax unified
 224              		.thumb
ARM GAS  /var/folders/d2/nstgp4h54kz7g1l847x_b8wc0000gn/T//ccclvz5v.s 			page 5


 225              		.thumb_func
 226              		.fpu fpv4-sp-d16
 227              		.type	AsebaCanSendQueueToPhysicalLayer, %function
 228              	AsebaCanSendQueueToPhysicalLayer:
 229              		@ args = 0, pretend = 0, frame = 8
 230              		@ frame_needed = 1, uses_anonymous_args = 0
 231 0000 80B5     		push	{r7, lr}
 232 0002 82B0     		sub	sp, sp, #8
 233 0004 00AF     		add	r7, sp, #0
 234 0006 31E0     		b	.L18
 235              	.L23:
 236 0008 204B     		ldr	r3, .L25
 237 000a 0122     		movs	r2, #1
 238 000c 9A85     		strh	r2, [r3, #44]	@ movhi
 239 000e 1F4B     		ldr	r3, .L25
 240 0010 9B68     		ldr	r3, [r3, #8]
 241 0012 9847     		blx	r3
 242 0014 0346     		mov	r3, r0
 243 0016 002B     		cmp	r3, #0
 244 0018 05D0     		beq	.L19
 245 001a 1C4B     		ldr	r3, .L25
 246 001c DA8B     		ldrh	r2, [r3, #30]
 247 001e 1B4B     		ldr	r3, .L25
 248 0020 9B8B     		ldrh	r3, [r3, #28]
 249 0022 9A42     		cmp	r2, r3
 250 0024 03D1     		bne	.L20
 251              	.L19:
 252 0026 194B     		ldr	r3, .L25
 253 0028 0022     		movs	r2, #0
 254 002a 9A85     		strh	r2, [r3, #44]	@ movhi
 255 002c 1EE0     		b	.L18
 256              	.L20:
 257 002e 174B     		ldr	r3, .L25
 258 0030 5A68     		ldr	r2, [r3, #4]
 259 0032 164B     		ldr	r3, .L25
 260 0034 5969     		ldr	r1, [r3, #20]
 261 0036 154B     		ldr	r3, .L25
 262 0038 DB8B     		ldrh	r3, [r3, #30]
 263 003a 1846     		mov	r0, r3
 264 003c 0346     		mov	r3, r0
 265 003e 5B00     		lsls	r3, r3, #1
 266 0040 0344     		add	r3, r3, r0
 267 0042 9B00     		lsls	r3, r3, #2
 268 0044 0B44     		add	r3, r3, r1
 269 0046 1846     		mov	r0, r3
 270 0048 9047     		blx	r2
 271 004a 104B     		ldr	r3, .L25
 272 004c DB8B     		ldrh	r3, [r3, #30]
 273 004e 0133     		adds	r3, r3, #1
 274 0050 FB80     		strh	r3, [r7, #6]	@ movhi
 275 0052 FA88     		ldrh	r2, [r7, #6]
 276 0054 0D4B     		ldr	r3, .L25
 277 0056 9B69     		ldr	r3, [r3, #24]
 278 0058 9A42     		cmp	r2, r3
 279 005a 01D3     		bcc	.L21
 280 005c 0023     		movs	r3, #0
 281 005e FB80     		strh	r3, [r7, #6]	@ movhi
ARM GAS  /var/folders/d2/nstgp4h54kz7g1l847x_b8wc0000gn/T//ccclvz5v.s 			page 6


 282              	.L21:
 283 0060 0A4A     		ldr	r2, .L25
 284 0062 FB88     		ldrh	r3, [r7, #6]	@ movhi
 285 0064 D383     		strh	r3, [r2, #30]	@ movhi
 286 0066 094B     		ldr	r3, .L25
 287 0068 0022     		movs	r2, #0
 288 006a 9A85     		strh	r2, [r3, #44]	@ movhi
 289              	.L18:
 290 006c 074B     		ldr	r3, .L25
 291 006e 9B68     		ldr	r3, [r3, #8]
 292 0070 9847     		blx	r3
 293 0072 0346     		mov	r3, r0
 294 0074 002B     		cmp	r3, #0
 295 0076 05D0     		beq	.L24
 296 0078 044B     		ldr	r3, .L25
 297 007a DA8B     		ldrh	r2, [r3, #30]
 298 007c 034B     		ldr	r3, .L25
 299 007e 9B8B     		ldrh	r3, [r3, #28]
 300 0080 9A42     		cmp	r2, r3
 301 0082 C1D1     		bne	.L23
 302              	.L24:
 303 0084 00BF     		nop
 304 0086 0837     		adds	r7, r7, #8
 305 0088 BD46     		mov	sp, r7
 306              		@ sp needed
 307 008a 80BD     		pop	{r7, pc}
 308              	.L26:
 309              		.align	2
 310              	.L25:
 311 008c 00000000 		.word	asebaCan
 312              		.size	AsebaCanSendQueueToPhysicalLayer, .-AsebaCanSendQueueToPhysicalLayer
 313              		.section	.text.AsebaCanRecvQueueGetMaxUsedFrames,"ax",%progbits
 314              		.align	1
 315              		.syntax unified
 316              		.thumb
 317              		.thumb_func
 318              		.fpu fpv4-sp-d16
 319              		.type	AsebaCanRecvQueueGetMaxUsedFrames, %function
 320              	AsebaCanRecvQueueGetMaxUsedFrames:
 321              		@ args = 0, pretend = 0, frame = 8
 322              		@ frame_needed = 1, uses_anonymous_args = 0
 323              		@ link register save eliminated.
 324 0000 80B4     		push	{r7}
 325 0002 83B0     		sub	sp, sp, #12
 326 0004 00AF     		add	r7, sp, #0
 327 0006 0F4B     		ldr	r3, .L30
 328 0008 1B8D     		ldrh	r3, [r3, #40]	@ movhi
 329 000a FB80     		strh	r3, [r7, #6]	@ movhi
 330 000c 0D4B     		ldr	r3, .L30
 331 000e 5B8D     		ldrh	r3, [r3, #42]	@ movhi
 332 0010 BB80     		strh	r3, [r7, #4]	@ movhi
 333 0012 FA88     		ldrh	r2, [r7, #6]
 334 0014 BB88     		ldrh	r3, [r7, #4]
 335 0016 9A42     		cmp	r2, r3
 336 0018 04D3     		bcc	.L28
 337 001a FA88     		ldrh	r2, [r7, #6]	@ movhi
 338 001c BB88     		ldrh	r3, [r7, #4]	@ movhi
ARM GAS  /var/folders/d2/nstgp4h54kz7g1l847x_b8wc0000gn/T//ccclvz5v.s 			page 7


 339 001e D31A     		subs	r3, r2, r3
 340 0020 9BB2     		uxth	r3, r3
 341 0022 08E0     		b	.L29
 342              	.L28:
 343 0024 074B     		ldr	r3, .L30
 344 0026 5B6A     		ldr	r3, [r3, #36]
 345 0028 9AB2     		uxth	r2, r3
 346 002a BB88     		ldrh	r3, [r7, #4]	@ movhi
 347 002c D31A     		subs	r3, r2, r3
 348 002e 9AB2     		uxth	r2, r3
 349 0030 FB88     		ldrh	r3, [r7, #6]	@ movhi
 350 0032 1344     		add	r3, r3, r2
 351 0034 9BB2     		uxth	r3, r3
 352              	.L29:
 353 0036 1846     		mov	r0, r3
 354 0038 0C37     		adds	r7, r7, #12
 355 003a BD46     		mov	sp, r7
 356              		@ sp needed
 357 003c 5DF8047B 		ldr	r7, [sp], #4
 358 0040 7047     		bx	lr
 359              	.L31:
 360 0042 00BF     		.align	2
 361              	.L30:
 362 0044 00000000 		.word	asebaCan
 363              		.size	AsebaCanRecvQueueGetMaxUsedFrames, .-AsebaCanRecvQueueGetMaxUsedFrames
 364              		.section	.text.AsebaCanRecvQueueGetMinFreeFrames,"ax",%progbits
 365              		.align	1
 366              		.syntax unified
 367              		.thumb
 368              		.thumb_func
 369              		.fpu fpv4-sp-d16
 370              		.type	AsebaCanRecvQueueGetMinFreeFrames, %function
 371              	AsebaCanRecvQueueGetMinFreeFrames:
 372              		@ args = 0, pretend = 0, frame = 0
 373              		@ frame_needed = 1, uses_anonymous_args = 0
 374 0000 98B5     		push	{r3, r4, r7, lr}
 375 0002 00AF     		add	r7, sp, #0
 376 0004 044B     		ldr	r3, .L34
 377 0006 5B6A     		ldr	r3, [r3, #36]
 378 0008 9CB2     		uxth	r4, r3
 379 000a FFF7FEFF 		bl	AsebaCanRecvQueueGetMaxUsedFrames
 380 000e 0346     		mov	r3, r0
 381 0010 E31A     		subs	r3, r4, r3
 382 0012 9BB2     		uxth	r3, r3
 383 0014 1846     		mov	r0, r3
 384 0016 98BD     		pop	{r3, r4, r7, pc}
 385              	.L35:
 386              		.align	2
 387              	.L34:
 388 0018 00000000 		.word	asebaCan
 389              		.size	AsebaCanRecvQueueGetMinFreeFrames, .-AsebaCanRecvQueueGetMinFreeFrames
 390              		.section	.text.AsebaCanRecvQueueGarbageCollect,"ax",%progbits
 391              		.align	1
 392              		.syntax unified
 393              		.thumb
 394              		.thumb_func
 395              		.fpu fpv4-sp-d16
ARM GAS  /var/folders/d2/nstgp4h54kz7g1l847x_b8wc0000gn/T//ccclvz5v.s 			page 8


 396              		.type	AsebaCanRecvQueueGarbageCollect, %function
 397              	AsebaCanRecvQueueGarbageCollect:
 398              		@ args = 0, pretend = 0, frame = 8
 399              		@ frame_needed = 1, uses_anonymous_args = 0
 400              		@ link register save eliminated.
 401 0000 80B4     		push	{r7}
 402 0002 83B0     		sub	sp, sp, #12
 403 0004 00AF     		add	r7, sp, #0
 404 0006 1DE0     		b	.L37
 405              	.L41:
 406 0008 154B     		ldr	r3, .L43
 407 000a 1A6A     		ldr	r2, [r3, #32]
 408 000c 144B     		ldr	r3, .L43
 409 000e 5B8D     		ldrh	r3, [r3, #42]
 410 0010 1946     		mov	r1, r3
 411 0012 0B46     		mov	r3, r1
 412 0014 5B00     		lsls	r3, r3, #1
 413 0016 0B44     		add	r3, r3, r1
 414 0018 9B00     		lsls	r3, r3, #2
 415 001a 1344     		add	r3, r3, r2
 416 001c 5B7A     		ldrb	r3, [r3, #9]	@ zero_extendqisi2
 417 001e 23F07F03 		bic	r3, r3, #127
 418 0022 DBB2     		uxtb	r3, r3
 419 0024 002B     		cmp	r3, #0
 420 0026 14D1     		bne	.L42
 421 0028 0D4B     		ldr	r3, .L43
 422 002a 5B8D     		ldrh	r3, [r3, #42]
 423 002c 0133     		adds	r3, r3, #1
 424 002e FB80     		strh	r3, [r7, #6]	@ movhi
 425 0030 FA88     		ldrh	r2, [r7, #6]
 426 0032 0B4B     		ldr	r3, .L43
 427 0034 5B6A     		ldr	r3, [r3, #36]
 428 0036 9A42     		cmp	r2, r3
 429 0038 01D3     		bcc	.L40
 430 003a 0023     		movs	r3, #0
 431 003c FB80     		strh	r3, [r7, #6]	@ movhi
 432              	.L40:
 433 003e 084A     		ldr	r2, .L43
 434 0040 FB88     		ldrh	r3, [r7, #6]	@ movhi
 435 0042 5385     		strh	r3, [r2, #42]	@ movhi
 436              	.L37:
 437 0044 064B     		ldr	r3, .L43
 438 0046 5A8D     		ldrh	r2, [r3, #42]
 439 0048 054B     		ldr	r3, .L43
 440 004a 1B8D     		ldrh	r3, [r3, #40]
 441 004c 9A42     		cmp	r2, r3
 442 004e DBD1     		bne	.L41
 443 0050 00E0     		b	.L39
 444              	.L42:
 445 0052 00BF     		nop
 446              	.L39:
 447 0054 00BF     		nop
 448 0056 0C37     		adds	r7, r7, #12
 449 0058 BD46     		mov	sp, r7
 450              		@ sp needed
 451 005a 5DF8047B 		ldr	r7, [sp], #4
 452 005e 7047     		bx	lr
ARM GAS  /var/folders/d2/nstgp4h54kz7g1l847x_b8wc0000gn/T//ccclvz5v.s 			page 9


 453              	.L44:
 454              		.align	2
 455              	.L43:
 456 0060 00000000 		.word	asebaCan
 457              		.size	AsebaCanRecvQueueGarbageCollect, .-AsebaCanRecvQueueGarbageCollect
 458              		.section	.text.AsebaCanRecvQueueFreeFrames,"ax",%progbits
 459              		.align	1
 460              		.syntax unified
 461              		.thumb
 462              		.thumb_func
 463              		.fpu fpv4-sp-d16
 464              		.type	AsebaCanRecvQueueFreeFrames, %function
 465              	AsebaCanRecvQueueFreeFrames:
 466              		@ args = 0, pretend = 0, frame = 16
 467              		@ frame_needed = 1, uses_anonymous_args = 0
 468              		@ link register save eliminated.
 469 0000 80B4     		push	{r7}
 470 0002 85B0     		sub	sp, sp, #20
 471 0004 00AF     		add	r7, sp, #0
 472 0006 0346     		mov	r3, r0
 473 0008 FB80     		strh	r3, [r7, #6]	@ movhi
 474 000a 1A4B     		ldr	r3, .L49
 475 000c 5B8D     		ldrh	r3, [r3, #42]	@ movhi
 476 000e FB81     		strh	r3, [r7, #14]	@ movhi
 477 0010 25E0     		b	.L46
 478              	.L48:
 479 0012 184B     		ldr	r3, .L49
 480 0014 196A     		ldr	r1, [r3, #32]
 481 0016 FA89     		ldrh	r2, [r7, #14]
 482 0018 1346     		mov	r3, r2
 483 001a 5B00     		lsls	r3, r3, #1
 484 001c 1344     		add	r3, r3, r2
 485 001e 9B00     		lsls	r3, r3, #2
 486 0020 0B44     		add	r3, r3, r1
 487 0022 1B89     		ldrh	r3, [r3, #8]	@ movhi
 488 0024 C3F30A03 		ubfx	r3, r3, #0, #11
 489 0028 9BB2     		uxth	r3, r3
 490 002a DAB2     		uxtb	r2, r3
 491 002c FB88     		ldrh	r3, [r7, #6]
 492 002e 9A42     		cmp	r2, r3
 493 0030 0BD1     		bne	.L47
 494 0032 104B     		ldr	r3, .L49
 495 0034 196A     		ldr	r1, [r3, #32]
 496 0036 FA89     		ldrh	r2, [r7, #14]
 497 0038 1346     		mov	r3, r2
 498 003a 5B00     		lsls	r3, r3, #1
 499 003c 1344     		add	r3, r3, r2
 500 003e 9B00     		lsls	r3, r3, #2
 501 0040 CA18     		adds	r2, r1, r3
 502 0042 537A     		ldrb	r3, [r2, #9]
 503 0044 6FF3C713 		bfc	r3, #7, #1
 504 0048 5372     		strb	r3, [r2, #9]
 505              	.L47:
 506 004a FB89     		ldrh	r3, [r7, #14]
 507 004c 0133     		adds	r3, r3, #1
 508 004e FB81     		strh	r3, [r7, #14]	@ movhi
 509 0050 FA89     		ldrh	r2, [r7, #14]
ARM GAS  /var/folders/d2/nstgp4h54kz7g1l847x_b8wc0000gn/T//ccclvz5v.s 			page 10


 510 0052 084B     		ldr	r3, .L49
 511 0054 5B6A     		ldr	r3, [r3, #36]
 512 0056 9A42     		cmp	r2, r3
 513 0058 01D3     		bcc	.L46
 514 005a 0023     		movs	r3, #0
 515 005c FB81     		strh	r3, [r7, #14]	@ movhi
 516              	.L46:
 517 005e 054B     		ldr	r3, .L49
 518 0060 1B8D     		ldrh	r3, [r3, #40]
 519 0062 FA89     		ldrh	r2, [r7, #14]
 520 0064 9A42     		cmp	r2, r3
 521 0066 D4D1     		bne	.L48
 522 0068 00BF     		nop
 523 006a 1437     		adds	r7, r7, #20
 524 006c BD46     		mov	sp, r7
 525              		@ sp needed
 526 006e 5DF8047B 		ldr	r7, [sp], #4
 527 0072 7047     		bx	lr
 528              	.L50:
 529              		.align	2
 530              	.L49:
 531 0074 00000000 		.word	asebaCan
 532              		.size	AsebaCanRecvQueueFreeFrames, .-AsebaCanRecvQueueFreeFrames
 533              		.section	.text.AsebaCanInit,"ax",%progbits
 534              		.align	1
 535              		.global	AsebaCanInit
 536              		.syntax unified
 537              		.thumb
 538              		.thumb_func
 539              		.fpu fpv4-sp-d16
 540              		.type	AsebaCanInit, %function
 541              	AsebaCanInit:
 542              		@ args = 20, pretend = 0, frame = 16
 543              		@ frame_needed = 1, uses_anonymous_args = 0
 544              		@ link register save eliminated.
 545 0000 80B4     		push	{r7}
 546 0002 85B0     		sub	sp, sp, #20
 547 0004 00AF     		add	r7, sp, #0
 548 0006 B960     		str	r1, [r7, #8]
 549 0008 7A60     		str	r2, [r7, #4]
 550 000a 3B60     		str	r3, [r7]
 551 000c 0346     		mov	r3, r0	@ movhi
 552 000e FB81     		strh	r3, [r7, #14]	@ movhi
 553 0010 174A     		ldr	r2, .L52
 554 0012 FB89     		ldrh	r3, [r7, #14]	@ movhi
 555 0014 1380     		strh	r3, [r2]	@ movhi
 556 0016 164A     		ldr	r2, .L52
 557 0018 BB68     		ldr	r3, [r7, #8]
 558 001a 5360     		str	r3, [r2, #4]
 559 001c 144A     		ldr	r2, .L52
 560 001e 7B68     		ldr	r3, [r7, #4]
 561 0020 9360     		str	r3, [r2, #8]
 562 0022 134A     		ldr	r2, .L52
 563 0024 3B68     		ldr	r3, [r7]
 564 0026 D360     		str	r3, [r2, #12]
 565 0028 114A     		ldr	r2, .L52
 566 002a BB69     		ldr	r3, [r7, #24]
ARM GAS  /var/folders/d2/nstgp4h54kz7g1l847x_b8wc0000gn/T//ccclvz5v.s 			page 11


 567 002c 1361     		str	r3, [r2, #16]
 568 002e 104A     		ldr	r2, .L52
 569 0030 FB69     		ldr	r3, [r7, #28]
 570 0032 5361     		str	r3, [r2, #20]
 571 0034 0E4A     		ldr	r2, .L52
 572 0036 3B6A     		ldr	r3, [r7, #32]
 573 0038 9361     		str	r3, [r2, #24]
 574 003a 0D4B     		ldr	r3, .L52
 575 003c 0022     		movs	r2, #0
 576 003e 9A83     		strh	r2, [r3, #28]	@ movhi
 577 0040 0B4B     		ldr	r3, .L52
 578 0042 0022     		movs	r2, #0
 579 0044 DA83     		strh	r2, [r3, #30]	@ movhi
 580 0046 0A4A     		ldr	r2, .L52
 581 0048 7B6A     		ldr	r3, [r7, #36]
 582 004a 1362     		str	r3, [r2, #32]
 583 004c 084A     		ldr	r2, .L52
 584 004e BB6A     		ldr	r3, [r7, #40]
 585 0050 5362     		str	r3, [r2, #36]
 586 0052 074B     		ldr	r3, .L52
 587 0054 0022     		movs	r2, #0
 588 0056 1A85     		strh	r2, [r3, #40]	@ movhi
 589 0058 054B     		ldr	r3, .L52
 590 005a 0022     		movs	r2, #0
 591 005c 5A85     		strh	r2, [r3, #42]	@ movhi
 592 005e 044B     		ldr	r3, .L52
 593 0060 0022     		movs	r2, #0
 594 0062 9A85     		strh	r2, [r3, #44]	@ movhi
 595 0064 00BF     		nop
 596 0066 1437     		adds	r7, r7, #20
 597 0068 BD46     		mov	sp, r7
 598              		@ sp needed
 599 006a 5DF8047B 		ldr	r7, [sp], #4
 600 006e 7047     		bx	lr
 601              	.L53:
 602              		.align	2
 603              	.L52:
 604 0070 00000000 		.word	asebaCan
 605              		.size	AsebaCanInit, .-AsebaCanInit
 606              		.section	.text.AsebaCanSend,"ax",%progbits
 607              		.align	1
 608              		.global	AsebaCanSend
 609              		.syntax unified
 610              		.thumb
 611              		.thumb_func
 612              		.fpu fpv4-sp-d16
 613              		.type	AsebaCanSend, %function
 614              	AsebaCanSend:
 615              		@ args = 0, pretend = 0, frame = 8
 616              		@ frame_needed = 1, uses_anonymous_args = 0
 617 0000 80B5     		push	{r7, lr}
 618 0002 82B0     		sub	sp, sp, #8
 619 0004 00AF     		add	r7, sp, #0
 620 0006 7860     		str	r0, [r7, #4]
 621 0008 3960     		str	r1, [r7]
 622 000a 064B     		ldr	r3, .L56
 623 000c 1B88     		ldrh	r3, [r3]
ARM GAS  /var/folders/d2/nstgp4h54kz7g1l847x_b8wc0000gn/T//ccclvz5v.s 			page 12


 624 000e 1A46     		mov	r2, r3
 625 0010 3968     		ldr	r1, [r7]
 626 0012 7868     		ldr	r0, [r7, #4]
 627 0014 FFF7FEFF 		bl	AsebaCanSendSpecificSource
 628 0018 0346     		mov	r3, r0
 629 001a 1846     		mov	r0, r3
 630 001c 0837     		adds	r7, r7, #8
 631 001e BD46     		mov	sp, r7
 632              		@ sp needed
 633 0020 80BD     		pop	{r7, pc}
 634              	.L57:
 635 0022 00BF     		.align	2
 636              	.L56:
 637 0024 00000000 		.word	asebaCan
 638              		.size	AsebaCanSend, .-AsebaCanSend
 639              		.section	.text.AsebaCanSendSpecificSource,"ax",%progbits
 640              		.align	1
 641              		.global	AsebaCanSendSpecificSource
 642              		.syntax unified
 643              		.thumb
 644              		.thumb_func
 645              		.fpu fpv4-sp-d16
 646              		.type	AsebaCanSendSpecificSource, %function
 647              	AsebaCanSendSpecificSource:
 648              		@ args = 0, pretend = 0, frame = 24
 649              		@ frame_needed = 1, uses_anonymous_args = 0
 650 0000 80B5     		push	{r7, lr}
 651 0002 86B0     		sub	sp, sp, #24
 652 0004 00AF     		add	r7, sp, #0
 653 0006 F860     		str	r0, [r7, #12]
 654 0008 B960     		str	r1, [r7, #8]
 655 000a 1346     		mov	r3, r2
 656 000c FB80     		strh	r3, [r7, #6]	@ movhi
 657 000e FFF7FEFF 		bl	AsebaCanSendQueueToPhysicalLayer
 658 0012 BB68     		ldr	r3, [r7, #8]
 659 0014 9BB2     		uxth	r3, r3
 660 0016 1846     		mov	r0, r3
 661 0018 FFF7FEFF 		bl	AsebaCanGetMinMultipleOfHeight
 662 001c 0346     		mov	r3, r0
 663 001e 7B82     		strh	r3, [r7, #18]	@ movhi
 664 0020 FFF7FEFF 		bl	AsebaCanSendQueueGetFreeFrames
 665 0024 0346     		mov	r3, r0
 666 0026 1A46     		mov	r2, r3
 667 0028 7B8A     		ldrh	r3, [r7, #18]
 668 002a 9342     		cmp	r3, r2
 669 002c 04D3     		bcc	.L59
 670 002e 214B     		ldr	r3, .L65
 671 0030 1B69     		ldr	r3, [r3, #16]
 672 0032 9847     		blx	r3
 673 0034 0023     		movs	r3, #0
 674 0036 38E0     		b	.L60
 675              	.L59:
 676 0038 BB68     		ldr	r3, [r7, #8]
 677 003a 082B     		cmp	r3, #8
 678 003c 09D8     		bhi	.L61
 679 003e FB88     		ldrh	r3, [r7, #6]	@ movhi
 680 0040 43F44073 		orr	r3, r3, #768
ARM GAS  /var/folders/d2/nstgp4h54kz7g1l847x_b8wc0000gn/T//ccclvz5v.s 			page 13


 681 0044 9BB2     		uxth	r3, r3
 682 0046 BA68     		ldr	r2, [r7, #8]
 683 0048 F968     		ldr	r1, [r7, #12]
 684 004a 1846     		mov	r0, r3
 685 004c FFF7FEFF 		bl	AsebaCanSendQueueInsert
 686 0050 28E0     		b	.L62
 687              	.L61:
 688 0052 0823     		movs	r3, #8
 689 0054 7B61     		str	r3, [r7, #20]
 690 0056 FB88     		ldrh	r3, [r7, #6]	@ movhi
 691 0058 43F48073 		orr	r3, r3, #256
 692 005c 9BB2     		uxth	r3, r3
 693 005e 0822     		movs	r2, #8
 694 0060 F968     		ldr	r1, [r7, #12]
 695 0062 1846     		mov	r0, r3
 696 0064 FFF7FEFF 		bl	AsebaCanSendQueueInsert
 697 0068 0AE0     		b	.L63
 698              	.L64:
 699 006a FA68     		ldr	r2, [r7, #12]
 700 006c 7B69     		ldr	r3, [r7, #20]
 701 006e D118     		adds	r1, r2, r3
 702 0070 FB88     		ldrh	r3, [r7, #6]
 703 0072 0822     		movs	r2, #8
 704 0074 1846     		mov	r0, r3
 705 0076 FFF7FEFF 		bl	AsebaCanSendQueueInsert
 706 007a 7B69     		ldr	r3, [r7, #20]
 707 007c 0833     		adds	r3, r3, #8
 708 007e 7B61     		str	r3, [r7, #20]
 709              	.L63:
 710 0080 7B69     		ldr	r3, [r7, #20]
 711 0082 0833     		adds	r3, r3, #8
 712 0084 BA68     		ldr	r2, [r7, #8]
 713 0086 9A42     		cmp	r2, r3
 714 0088 EFD8     		bhi	.L64
 715 008a FB88     		ldrh	r3, [r7, #6]	@ movhi
 716 008c 43F40073 		orr	r3, r3, #512
 717 0090 98B2     		uxth	r0, r3
 718 0092 FA68     		ldr	r2, [r7, #12]
 719 0094 7B69     		ldr	r3, [r7, #20]
 720 0096 D118     		adds	r1, r2, r3
 721 0098 BA68     		ldr	r2, [r7, #8]
 722 009a 7B69     		ldr	r3, [r7, #20]
 723 009c D31A     		subs	r3, r2, r3
 724 009e 1A46     		mov	r2, r3
 725 00a0 FFF7FEFF 		bl	AsebaCanSendQueueInsert
 726              	.L62:
 727 00a4 FFF7FEFF 		bl	AsebaCanSendQueueToPhysicalLayer
 728 00a8 0123     		movs	r3, #1
 729              	.L60:
 730 00aa 1846     		mov	r0, r3
 731 00ac 1837     		adds	r7, r7, #24
 732 00ae BD46     		mov	sp, r7
 733              		@ sp needed
 734 00b0 80BD     		pop	{r7, pc}
 735              	.L66:
 736 00b2 00BF     		.align	2
 737              	.L65:
ARM GAS  /var/folders/d2/nstgp4h54kz7g1l847x_b8wc0000gn/T//ccclvz5v.s 			page 14


 738 00b4 00000000 		.word	asebaCan
 739              		.size	AsebaCanSendSpecificSource, .-AsebaCanSendSpecificSource
 740              		.section	.text.AsebaCanRecvBufferEmpty,"ax",%progbits
 741              		.align	1
 742              		.global	AsebaCanRecvBufferEmpty
 743              		.syntax unified
 744              		.thumb
 745              		.thumb_func
 746              		.fpu fpv4-sp-d16
 747              		.type	AsebaCanRecvBufferEmpty, %function
 748              	AsebaCanRecvBufferEmpty:
 749              		@ args = 0, pretend = 0, frame = 0
 750              		@ frame_needed = 1, uses_anonymous_args = 0
 751              		@ link register save eliminated.
 752 0000 80B4     		push	{r7}
 753 0002 00AF     		add	r7, sp, #0
 754 0004 074B     		ldr	r3, .L69
 755 0006 1A8D     		ldrh	r2, [r3, #40]
 756 0008 064B     		ldr	r3, .L69
 757 000a 5B8D     		ldrh	r3, [r3, #42]
 758 000c 9A42     		cmp	r2, r3
 759 000e 0CBF     		ite	eq
 760 0010 0123     		moveq	r3, #1
 761 0012 0023     		movne	r3, #0
 762 0014 DBB2     		uxtb	r3, r3
 763 0016 9BB2     		uxth	r3, r3
 764 0018 1846     		mov	r0, r3
 765 001a BD46     		mov	sp, r7
 766              		@ sp needed
 767 001c 5DF8047B 		ldr	r7, [sp], #4
 768 0020 7047     		bx	lr
 769              	.L70:
 770 0022 00BF     		.align	2
 771              	.L69:
 772 0024 00000000 		.word	asebaCan
 773              		.size	AsebaCanRecvBufferEmpty, .-AsebaCanRecvBufferEmpty
 774              		.section	.text.AsebaCanFrameSent,"ax",%progbits
 775              		.align	1
 776              		.global	AsebaCanFrameSent
 777              		.syntax unified
 778              		.thumb
 779              		.thumb_func
 780              		.fpu fpv4-sp-d16
 781              		.type	AsebaCanFrameSent, %function
 782              	AsebaCanFrameSent:
 783              		@ args = 0, pretend = 0, frame = 0
 784              		@ frame_needed = 1, uses_anonymous_args = 0
 785 0000 80B5     		push	{r7, lr}
 786 0002 00AF     		add	r7, sp, #0
 787 0004 044B     		ldr	r3, .L74
 788 0006 9B8D     		ldrh	r3, [r3, #44]	@ movhi
 789 0008 9BB2     		uxth	r3, r3
 790 000a 002B     		cmp	r3, #0
 791 000c 01D1     		bne	.L73
 792 000e FFF7FEFF 		bl	AsebaCanSendQueueToPhysicalLayer
 793              	.L73:
 794 0012 00BF     		nop
ARM GAS  /var/folders/d2/nstgp4h54kz7g1l847x_b8wc0000gn/T//ccclvz5v.s 			page 15


 795 0014 80BD     		pop	{r7, pc}
 796              	.L75:
 797 0016 00BF     		.align	2
 798              	.L74:
 799 0018 00000000 		.word	asebaCan
 800              		.size	AsebaCanFrameSent, .-AsebaCanFrameSent
 801              		.section	.text.AsebaCanFlushQueue,"ax",%progbits
 802              		.align	1
 803              		.global	AsebaCanFlushQueue
 804              		.syntax unified
 805              		.thumb
 806              		.thumb_func
 807              		.fpu fpv4-sp-d16
 808              		.type	AsebaCanFlushQueue, %function
 809              	AsebaCanFlushQueue:
 810              		@ args = 0, pretend = 0, frame = 0
 811              		@ frame_needed = 1, uses_anonymous_args = 0
 812 0000 80B5     		push	{r7, lr}
 813 0002 00AF     		add	r7, sp, #0
 814 0004 01E0     		b	.L77
 815              	.L78:
 816 0006 FFF7FEFF 		bl	AsebaIdle
 817              	.L77:
 818 000a 074B     		ldr	r3, .L79
 819 000c DA8B     		ldrh	r2, [r3, #30]
 820 000e 064B     		ldr	r3, .L79
 821 0010 9B8B     		ldrh	r3, [r3, #28]
 822 0012 9A42     		cmp	r2, r3
 823 0014 F7D1     		bne	.L78
 824 0016 044B     		ldr	r3, .L79
 825 0018 9B68     		ldr	r3, [r3, #8]
 826 001a 9847     		blx	r3
 827 001c 0346     		mov	r3, r0
 828 001e 002B     		cmp	r3, #0
 829 0020 F1D0     		beq	.L78
 830 0022 00BF     		nop
 831 0024 80BD     		pop	{r7, pc}
 832              	.L80:
 833 0026 00BF     		.align	2
 834              	.L79:
 835 0028 00000000 		.word	asebaCan
 836              		.size	AsebaCanFlushQueue, .-AsebaCanFlushQueue
 837              		.section	.text.AsebaCanRecv,"ax",%progbits
 838              		.align	1
 839              		.global	AsebaCanRecv
 840              		.syntax unified
 841              		.thumb
 842              		.thumb_func
 843              		.fpu fpv4-sp-d16
 844              		.type	AsebaCanRecv, %function
 845              	AsebaCanRecv:
 846              		@ args = 0, pretend = 0, frame = 32
 847              		@ frame_needed = 1, uses_anonymous_args = 0
 848 0000 80B5     		push	{r7, lr}
 849 0002 88B0     		sub	sp, sp, #32
 850 0004 00AF     		add	r7, sp, #0
 851 0006 F860     		str	r0, [r7, #12]
ARM GAS  /var/folders/d2/nstgp4h54kz7g1l847x_b8wc0000gn/T//ccclvz5v.s 			page 16


 852 0008 B960     		str	r1, [r7, #8]
 853 000a 7A60     		str	r2, [r7, #4]
 854 000c 4FF0FF33 		mov	r3, #-1
 855 0010 FB61     		str	r3, [r7, #28]
 856 0012 0023     		movs	r3, #0
 857 0014 3B83     		strh	r3, [r7, #24]	@ movhi
 858 0016 854B     		ldr	r3, .L97
 859 0018 5B8D     		ldrh	r3, [r3, #42]	@ movhi
 860 001a FB82     		strh	r3, [r7, #22]	@ movhi
 861 001c 86E0     		b	.L82
 862              	.L87:
 863 001e 834B     		ldr	r3, .L97
 864 0020 196A     		ldr	r1, [r3, #32]
 865 0022 FA8A     		ldrh	r2, [r7, #22]
 866 0024 1346     		mov	r3, r2
 867 0026 5B00     		lsls	r3, r3, #1
 868 0028 1344     		add	r3, r3, r2
 869 002a 9B00     		lsls	r3, r3, #2
 870 002c 0B44     		add	r3, r3, r1
 871 002e 5B7A     		ldrb	r3, [r3, #9]	@ zero_extendqisi2
 872 0030 23F07F03 		bic	r3, r3, #127
 873 0034 DBB2     		uxtb	r3, r3
 874 0036 002B     		cmp	r3, #0
 875 0038 6ED0     		beq	.L83
 876 003a 7C4B     		ldr	r3, .L97
 877 003c 196A     		ldr	r1, [r3, #32]
 878 003e FA8A     		ldrh	r2, [r7, #22]
 879 0040 1346     		mov	r3, r2
 880 0042 5B00     		lsls	r3, r3, #1
 881 0044 1344     		add	r3, r3, r2
 882 0046 9B00     		lsls	r3, r3, #2
 883 0048 0B44     		add	r3, r3, r1
 884 004a 1B89     		ldrh	r3, [r3, #8]	@ movhi
 885 004c C3F30A03 		ubfx	r3, r3, #0, #11
 886 0050 9BB2     		uxth	r3, r3
 887 0052 1B12     		asrs	r3, r3, #8
 888 0054 032B     		cmp	r3, #3
 889 0056 3FD1     		bne	.L84
 890 0058 744B     		ldr	r3, .L97
 891 005a 196A     		ldr	r1, [r3, #32]
 892 005c FA8A     		ldrh	r2, [r7, #22]
 893 005e 1346     		mov	r3, r2
 894 0060 5B00     		lsls	r3, r3, #1
 895 0062 1344     		add	r3, r3, r2
 896 0064 9B00     		lsls	r3, r3, #2
 897 0066 0B44     		add	r3, r3, r1
 898 0068 5B7A     		ldrb	r3, [r3, #9]
 899 006a C3F3C303 		ubfx	r3, r3, #3, #4
 900 006e DBB2     		uxtb	r3, r3
 901 0070 1A46     		mov	r2, r3
 902 0072 BB68     		ldr	r3, [r7, #8]
 903 0074 9342     		cmp	r3, r2
 904 0076 28BF     		it	cs
 905 0078 1346     		movcs	r3, r2
 906 007a BB82     		strh	r3, [r7, #20]	@ movhi
 907 007c 6B4B     		ldr	r3, .L97
 908 007e 196A     		ldr	r1, [r3, #32]
ARM GAS  /var/folders/d2/nstgp4h54kz7g1l847x_b8wc0000gn/T//ccclvz5v.s 			page 17


 909 0080 FA8A     		ldrh	r2, [r7, #22]
 910 0082 1346     		mov	r3, r2
 911 0084 5B00     		lsls	r3, r3, #1
 912 0086 1344     		add	r3, r3, r2
 913 0088 9B00     		lsls	r3, r3, #2
 914 008a 0B44     		add	r3, r3, r1
 915 008c 1946     		mov	r1, r3
 916 008e BB8A     		ldrh	r3, [r7, #20]
 917 0090 1A46     		mov	r2, r3
 918 0092 F868     		ldr	r0, [r7, #12]
 919 0094 FFF7FEFF 		bl	memcpy
 920 0098 644B     		ldr	r3, .L97
 921 009a 196A     		ldr	r1, [r3, #32]
 922 009c FA8A     		ldrh	r2, [r7, #22]
 923 009e 1346     		mov	r3, r2
 924 00a0 5B00     		lsls	r3, r3, #1
 925 00a2 1344     		add	r3, r3, r2
 926 00a4 9B00     		lsls	r3, r3, #2
 927 00a6 0B44     		add	r3, r3, r1
 928 00a8 1B89     		ldrh	r3, [r3, #8]	@ movhi
 929 00aa C3F30A03 		ubfx	r3, r3, #0, #11
 930 00ae 9BB2     		uxth	r3, r3
 931 00b0 DBB2     		uxtb	r3, r3
 932 00b2 9AB2     		uxth	r2, r3
 933 00b4 7B68     		ldr	r3, [r7, #4]
 934 00b6 1A80     		strh	r2, [r3]	@ movhi
 935 00b8 5C4B     		ldr	r3, .L97
 936 00ba 196A     		ldr	r1, [r3, #32]
 937 00bc FA8A     		ldrh	r2, [r7, #22]
 938 00be 1346     		mov	r3, r2
 939 00c0 5B00     		lsls	r3, r3, #1
 940 00c2 1344     		add	r3, r3, r2
 941 00c4 9B00     		lsls	r3, r3, #2
 942 00c6 CA18     		adds	r2, r1, r3
 943 00c8 537A     		ldrb	r3, [r2, #9]
 944 00ca 6FF3C713 		bfc	r3, #7, #1
 945 00ce 5372     		strb	r3, [r2, #9]
 946 00d0 FFF7FEFF 		bl	AsebaCanRecvQueueGarbageCollect
 947 00d4 BB8A     		ldrh	r3, [r7, #20]
 948 00d6 A4E0     		b	.L85
 949              	.L84:
 950 00d8 544B     		ldr	r3, .L97
 951 00da 196A     		ldr	r1, [r3, #32]
 952 00dc FA8A     		ldrh	r2, [r7, #22]
 953 00de 1346     		mov	r3, r2
 954 00e0 5B00     		lsls	r3, r3, #1
 955 00e2 1344     		add	r3, r3, r2
 956 00e4 9B00     		lsls	r3, r3, #2
 957 00e6 0B44     		add	r3, r3, r1
 958 00e8 1B89     		ldrh	r3, [r3, #8]	@ movhi
 959 00ea C3F30A03 		ubfx	r3, r3, #0, #11
 960 00ee 9BB2     		uxth	r3, r3
 961 00f0 1B12     		asrs	r3, r3, #8
 962 00f2 022B     		cmp	r3, #2
 963 00f4 10D1     		bne	.L83
 964 00f6 FB8A     		ldrh	r3, [r7, #22]
 965 00f8 FB61     		str	r3, [r7, #28]
ARM GAS  /var/folders/d2/nstgp4h54kz7g1l847x_b8wc0000gn/T//ccclvz5v.s 			page 18


 966 00fa 4C4B     		ldr	r3, .L97
 967 00fc 196A     		ldr	r1, [r3, #32]
 968 00fe FA8A     		ldrh	r2, [r7, #22]
 969 0100 1346     		mov	r3, r2
 970 0102 5B00     		lsls	r3, r3, #1
 971 0104 1344     		add	r3, r3, r2
 972 0106 9B00     		lsls	r3, r3, #2
 973 0108 0B44     		add	r3, r3, r1
 974 010a 1B89     		ldrh	r3, [r3, #8]	@ movhi
 975 010c C3F30A03 		ubfx	r3, r3, #0, #11
 976 0110 9BB2     		uxth	r3, r3
 977 0112 DBB2     		uxtb	r3, r3
 978 0114 7B83     		strh	r3, [r7, #26]	@ movhi
 979 0116 0FE0     		b	.L86
 980              	.L83:
 981 0118 FB8A     		ldrh	r3, [r7, #22]
 982 011a 0133     		adds	r3, r3, #1
 983 011c FB82     		strh	r3, [r7, #22]	@ movhi
 984 011e FA8A     		ldrh	r2, [r7, #22]
 985 0120 424B     		ldr	r3, .L97
 986 0122 5B6A     		ldr	r3, [r3, #36]
 987 0124 9A42     		cmp	r2, r3
 988 0126 01D3     		bcc	.L82
 989 0128 0023     		movs	r3, #0
 990 012a FB82     		strh	r3, [r7, #22]	@ movhi
 991              	.L82:
 992 012c 3F4B     		ldr	r3, .L97
 993 012e 1B8D     		ldrh	r3, [r3, #40]
 994 0130 FA8A     		ldrh	r2, [r7, #22]
 995 0132 9A42     		cmp	r2, r3
 996 0134 7FF473AF 		bne	.L87
 997              	.L86:
 998 0138 FB69     		ldr	r3, [r7, #28]
 999 013a 002B     		cmp	r3, #0
 1000 013c 01DA     		bge	.L88
 1001 013e 0023     		movs	r3, #0
 1002 0140 6FE0     		b	.L85
 1003              	.L88:
 1004 0142 7B8B     		ldrh	r3, [r7, #26]	@ movhi
 1005 0144 DBB2     		uxtb	r3, r3
 1006 0146 9AB2     		uxth	r2, r3
 1007 0148 7B68     		ldr	r3, [r7, #4]
 1008 014a 1A80     		strh	r2, [r3]	@ movhi
 1009 014c 374B     		ldr	r3, .L97
 1010 014e 5B8D     		ldrh	r3, [r3, #42]	@ movhi
 1011 0150 FB82     		strh	r3, [r7, #22]	@ movhi
 1012              	.L94:
 1013 0152 364B     		ldr	r3, .L97
 1014 0154 196A     		ldr	r1, [r3, #32]
 1015 0156 FA8A     		ldrh	r2, [r7, #22]
 1016 0158 1346     		mov	r3, r2
 1017 015a 5B00     		lsls	r3, r3, #1
 1018 015c 1344     		add	r3, r3, r2
 1019 015e 9B00     		lsls	r3, r3, #2
 1020 0160 0B44     		add	r3, r3, r1
 1021 0162 5B7A     		ldrb	r3, [r3, #9]	@ zero_extendqisi2
 1022 0164 23F07F03 		bic	r3, r3, #127
ARM GAS  /var/folders/d2/nstgp4h54kz7g1l847x_b8wc0000gn/T//ccclvz5v.s 			page 19


 1023 0168 DBB2     		uxtb	r3, r3
 1024 016a 002B     		cmp	r3, #0
 1025 016c 4AD0     		beq	.L89
 1026 016e 2F4B     		ldr	r3, .L97
 1027 0170 196A     		ldr	r1, [r3, #32]
 1028 0172 FA8A     		ldrh	r2, [r7, #22]
 1029 0174 1346     		mov	r3, r2
 1030 0176 5B00     		lsls	r3, r3, #1
 1031 0178 1344     		add	r3, r3, r2
 1032 017a 9B00     		lsls	r3, r3, #2
 1033 017c 0B44     		add	r3, r3, r1
 1034 017e 1B89     		ldrh	r3, [r3, #8]	@ movhi
 1035 0180 C3F30A03 		ubfx	r3, r3, #0, #11
 1036 0184 9BB2     		uxth	r3, r3
 1037 0186 DAB2     		uxtb	r2, r3
 1038 0188 7B8B     		ldrh	r3, [r7, #26]
 1039 018a 9A42     		cmp	r2, r3
 1040 018c 36D1     		bne	.L90
 1041 018e 3B8B     		ldrh	r3, [r7, #24]
 1042 0190 BA68     		ldr	r2, [r7, #8]
 1043 0192 9A42     		cmp	r2, r3
 1044 0194 26D9     		bls	.L91
 1045 0196 3B8B     		ldrh	r3, [r7, #24]
 1046 0198 BA68     		ldr	r2, [r7, #8]
 1047 019a D11A     		subs	r1, r2, r3
 1048 019c 234B     		ldr	r3, .L97
 1049 019e 186A     		ldr	r0, [r3, #32]
 1050 01a0 FA8A     		ldrh	r2, [r7, #22]
 1051 01a2 1346     		mov	r3, r2
 1052 01a4 5B00     		lsls	r3, r3, #1
 1053 01a6 1344     		add	r3, r3, r2
 1054 01a8 9B00     		lsls	r3, r3, #2
 1055 01aa 0344     		add	r3, r3, r0
 1056 01ac 5B7A     		ldrb	r3, [r3, #9]
 1057 01ae C3F3C303 		ubfx	r3, r3, #3, #4
 1058 01b2 DBB2     		uxtb	r3, r3
 1059 01b4 8B42     		cmp	r3, r1
 1060 01b6 28BF     		it	cs
 1061 01b8 0B46     		movcs	r3, r1
 1062 01ba 7B82     		strh	r3, [r7, #18]	@ movhi
 1063 01bc 3B8B     		ldrh	r3, [r7, #24]
 1064 01be FA68     		ldr	r2, [r7, #12]
 1065 01c0 D018     		adds	r0, r2, r3
 1066 01c2 1A4B     		ldr	r3, .L97
 1067 01c4 196A     		ldr	r1, [r3, #32]
 1068 01c6 FA8A     		ldrh	r2, [r7, #22]
 1069 01c8 1346     		mov	r3, r2
 1070 01ca 5B00     		lsls	r3, r3, #1
 1071 01cc 1344     		add	r3, r3, r2
 1072 01ce 9B00     		lsls	r3, r3, #2
 1073 01d0 0B44     		add	r3, r3, r1
 1074 01d2 1946     		mov	r1, r3
 1075 01d4 7B8A     		ldrh	r3, [r7, #18]
 1076 01d6 1A46     		mov	r2, r3
 1077 01d8 FFF7FEFF 		bl	memcpy
 1078 01dc 3A8B     		ldrh	r2, [r7, #24]	@ movhi
 1079 01de 7B8A     		ldrh	r3, [r7, #18]	@ movhi
ARM GAS  /var/folders/d2/nstgp4h54kz7g1l847x_b8wc0000gn/T//ccclvz5v.s 			page 20


 1080 01e0 1344     		add	r3, r3, r2
 1081 01e2 3B83     		strh	r3, [r7, #24]	@ movhi
 1082              	.L91:
 1083 01e4 114B     		ldr	r3, .L97
 1084 01e6 196A     		ldr	r1, [r3, #32]
 1085 01e8 FA8A     		ldrh	r2, [r7, #22]
 1086 01ea 1346     		mov	r3, r2
 1087 01ec 5B00     		lsls	r3, r3, #1
 1088 01ee 1344     		add	r3, r3, r2
 1089 01f0 9B00     		lsls	r3, r3, #2
 1090 01f2 CA18     		adds	r2, r1, r3
 1091 01f4 537A     		ldrb	r3, [r2, #9]
 1092 01f6 6FF3C713 		bfc	r3, #7, #1
 1093 01fa 5372     		strb	r3, [r2, #9]
 1094              	.L90:
 1095 01fc FB8A     		ldrh	r3, [r7, #22]
 1096 01fe FA69     		ldr	r2, [r7, #28]
 1097 0200 9A42     		cmp	r2, r3
 1098 0202 0AD0     		beq	.L96
 1099              	.L89:
 1100 0204 FB8A     		ldrh	r3, [r7, #22]
 1101 0206 0133     		adds	r3, r3, #1
 1102 0208 FB82     		strh	r3, [r7, #22]	@ movhi
 1103 020a FA8A     		ldrh	r2, [r7, #22]
 1104 020c 074B     		ldr	r3, .L97
 1105 020e 5B6A     		ldr	r3, [r3, #36]
 1106 0210 9A42     		cmp	r2, r3
 1107 0212 9ED3     		bcc	.L94
 1108 0214 0023     		movs	r3, #0
 1109 0216 FB82     		strh	r3, [r7, #22]	@ movhi
 1110 0218 9BE7     		b	.L94
 1111              	.L96:
 1112 021a 00BF     		nop
 1113 021c FFF7FEFF 		bl	AsebaCanRecvQueueGarbageCollect
 1114 0220 3B8B     		ldrh	r3, [r7, #24]
 1115              	.L85:
 1116 0222 1846     		mov	r0, r3
 1117 0224 2037     		adds	r7, r7, #32
 1118 0226 BD46     		mov	sp, r7
 1119              		@ sp needed
 1120 0228 80BD     		pop	{r7, pc}
 1121              	.L98:
 1122 022a 00BF     		.align	2
 1123              	.L97:
 1124 022c 00000000 		.word	asebaCan
 1125              		.size	AsebaCanRecv, .-AsebaCanRecv
 1126              		.section	.bss.dropping,"aw",%nobits
 1127              		.align	2
 1128              		.type	dropping, %object
 1129              		.size	dropping, 40
 1130              	dropping:
 1131 0000 00000000 		.space	40
 1131      00000000 
 1131      00000000 
 1131      00000000 
 1131      00000000 
 1132              		.section	.text.AsebaCanFrameReceived,"ax",%progbits
ARM GAS  /var/folders/d2/nstgp4h54kz7g1l847x_b8wc0000gn/T//ccclvz5v.s 			page 21


 1133              		.align	1
 1134              		.global	AsebaCanFrameReceived
 1135              		.syntax unified
 1136              		.thumb
 1137              		.thumb_func
 1138              		.fpu fpv4-sp-d16
 1139              		.type	AsebaCanFrameReceived, %function
 1140              	AsebaCanFrameReceived:
 1141              		@ args = 0, pretend = 0, frame = 16
 1142              		@ frame_needed = 1, uses_anonymous_args = 0
 1143 0000 80B5     		push	{r7, lr}
 1144 0002 84B0     		sub	sp, sp, #16
 1145 0004 00AF     		add	r7, sp, #0
 1146 0006 7860     		str	r0, [r7, #4]
 1147 0008 7B68     		ldr	r3, [r7, #4]
 1148 000a 1B89     		ldrh	r3, [r3, #8]	@ movhi
 1149 000c C3F30A03 		ubfx	r3, r3, #0, #11
 1150 0010 9BB2     		uxth	r3, r3
 1151 0012 DBB2     		uxtb	r3, r3
 1152 0014 3B81     		strh	r3, [r7, #8]	@ movhi
 1153 0016 7B68     		ldr	r3, [r7, #4]
 1154 0018 1B89     		ldrh	r3, [r3, #8]	@ movhi
 1155 001a C3F30A03 		ubfx	r3, r3, #0, #11
 1156 001e 9BB2     		uxth	r3, r3
 1157 0020 1B12     		asrs	r3, r3, #8
 1158 0022 032B     		cmp	r3, #3
 1159 0024 09D1     		bne	.L100
 1160 0026 7A68     		ldr	r2, [r7, #4]
 1161 0028 3B89     		ldrh	r3, [r7, #8]
 1162 002a 1146     		mov	r1, r2
 1163 002c 1846     		mov	r0, r3
 1164 002e FFF7FEFF 		bl	AsebaShouldDropPacket
 1165 0032 0346     		mov	r3, r0
 1166 0034 002B     		cmp	r3, #0
 1167 0036 49D0     		beq	.L101
 1168 0038 8CE0     		b	.L99
 1169              	.L100:
 1170 003a 7B68     		ldr	r3, [r7, #4]
 1171 003c 1B89     		ldrh	r3, [r3, #8]	@ movhi
 1172 003e C3F30A03 		ubfx	r3, r3, #0, #11
 1173 0042 9BB2     		uxth	r3, r3
 1174 0044 1B12     		asrs	r3, r3, #8
 1175 0046 012B     		cmp	r3, #1
 1176 0048 20D1     		bne	.L103
 1177 004a 7A68     		ldr	r2, [r7, #4]
 1178 004c 3B89     		ldrh	r3, [r7, #8]
 1179 004e 1146     		mov	r1, r2
 1180 0050 1846     		mov	r0, r3
 1181 0052 FFF7FEFF 		bl	AsebaShouldDropPacket
 1182 0056 0346     		mov	r3, r0
 1183 0058 002B     		cmp	r3, #0
 1184 005a 37D0     		beq	.L101
 1185 005c 0023     		movs	r3, #0
 1186 005e FB81     		strh	r3, [r7, #14]	@ movhi
 1187 0060 10E0     		b	.L105
 1188              	.L107:
 1189 0062 FB89     		ldrh	r3, [r7, #14]
ARM GAS  /var/folders/d2/nstgp4h54kz7g1l847x_b8wc0000gn/T//ccclvz5v.s 			page 22


 1190 0064 3D4A     		ldr	r2, .L116
 1191 0066 32F81330 		ldrh	r3, [r2, r3, lsl #1]
 1192 006a 002B     		cmp	r3, #0
 1193 006c 07D1     		bne	.L106
 1194 006e FB89     		ldrh	r3, [r7, #14]
 1195 0070 3A89     		ldrh	r2, [r7, #8]	@ movhi
 1196 0072 0132     		adds	r2, r2, #1
 1197 0074 91B2     		uxth	r1, r2
 1198 0076 394A     		ldr	r2, .L116
 1199 0078 22F81310 		strh	r1, [r2, r3, lsl #1]	@ movhi
 1200 007c 6AE0     		b	.L99
 1201              	.L106:
 1202 007e FB89     		ldrh	r3, [r7, #14]
 1203 0080 0133     		adds	r3, r3, #1
 1204 0082 FB81     		strh	r3, [r7, #14]	@ movhi
 1205              	.L105:
 1206 0084 FB89     		ldrh	r3, [r7, #14]
 1207 0086 132B     		cmp	r3, #19
 1208 0088 EBD9     		bls	.L107
 1209 008a 1FE0     		b	.L101
 1210              	.L103:
 1211 008c 0023     		movs	r3, #0
 1212 008e BB81     		strh	r3, [r7, #12]	@ movhi
 1213 0090 19E0     		b	.L108
 1214              	.L111:
 1215 0092 BB89     		ldrh	r3, [r7, #12]
 1216 0094 314A     		ldr	r2, .L116
 1217 0096 32F81330 		ldrh	r3, [r2, r3, lsl #1]
 1218 009a 1A46     		mov	r2, r3
 1219 009c 3B89     		ldrh	r3, [r7, #8]
 1220 009e 0133     		adds	r3, r3, #1
 1221 00a0 9A42     		cmp	r2, r3
 1222 00a2 0DD1     		bne	.L109
 1223 00a4 7B68     		ldr	r3, [r7, #4]
 1224 00a6 1B89     		ldrh	r3, [r3, #8]	@ movhi
 1225 00a8 C3F30A03 		ubfx	r3, r3, #0, #11
 1226 00ac 9BB2     		uxth	r3, r3
 1227 00ae 1B12     		asrs	r3, r3, #8
 1228 00b0 022B     		cmp	r3, #2
 1229 00b2 4ED1     		bne	.L115
 1230 00b4 BB89     		ldrh	r3, [r7, #12]
 1231 00b6 294A     		ldr	r2, .L116
 1232 00b8 0021     		movs	r1, #0
 1233 00ba 22F81310 		strh	r1, [r2, r3, lsl #1]	@ movhi
 1234 00be 48E0     		b	.L115
 1235              	.L109:
 1236 00c0 BB89     		ldrh	r3, [r7, #12]
 1237 00c2 0133     		adds	r3, r3, #1
 1238 00c4 BB81     		strh	r3, [r7, #12]	@ movhi
 1239              	.L108:
 1240 00c6 BB89     		ldrh	r3, [r7, #12]
 1241 00c8 132B     		cmp	r3, #19
 1242 00ca E2D9     		bls	.L111
 1243              	.L101:
 1244 00cc FFF7FEFF 		bl	AsebaCanRecvQueueGetMinFreeFrames
 1245 00d0 0346     		mov	r3, r0
 1246 00d2 012B     		cmp	r3, #1
ARM GAS  /var/folders/d2/nstgp4h54kz7g1l847x_b8wc0000gn/T//ccclvz5v.s 			page 23


 1247 00d4 11D8     		bhi	.L112
 1248 00d6 7B68     		ldr	r3, [r7, #4]
 1249 00d8 1B89     		ldrh	r3, [r3, #8]	@ movhi
 1250 00da C3F30A03 		ubfx	r3, r3, #0, #11
 1251 00de 9BB2     		uxth	r3, r3
 1252 00e0 1B12     		asrs	r3, r3, #8
 1253 00e2 022B     		cmp	r3, #2
 1254 00e4 05D1     		bne	.L113
 1255 00e6 3B89     		ldrh	r3, [r7, #8]
 1256 00e8 1846     		mov	r0, r3
 1257 00ea FFF7FEFF 		bl	AsebaCanRecvQueueFreeFrames
 1258 00ee FFF7FEFF 		bl	AsebaCanRecvQueueGarbageCollect
 1259              	.L113:
 1260 00f2 1B4B     		ldr	r3, .L116+4
 1261 00f4 DB68     		ldr	r3, [r3, #12]
 1262 00f6 9847     		blx	r3
 1263 00f8 2CE0     		b	.L99
 1264              	.L112:
 1265 00fa 194B     		ldr	r3, .L116+4
 1266 00fc 1A6A     		ldr	r2, [r3, #32]
 1267 00fe 184B     		ldr	r3, .L116+4
 1268 0100 1B8D     		ldrh	r3, [r3, #40]
 1269 0102 1946     		mov	r1, r3
 1270 0104 0B46     		mov	r3, r1
 1271 0106 5B00     		lsls	r3, r3, #1
 1272 0108 0B44     		add	r3, r3, r1
 1273 010a 9B00     		lsls	r3, r3, #2
 1274 010c 1344     		add	r3, r3, r2
 1275 010e 0C22     		movs	r2, #12
 1276 0110 7968     		ldr	r1, [r7, #4]
 1277 0112 1846     		mov	r0, r3
 1278 0114 FFF7FEFF 		bl	memcpy
 1279 0118 114B     		ldr	r3, .L116+4
 1280 011a 1A6A     		ldr	r2, [r3, #32]
 1281 011c 104B     		ldr	r3, .L116+4
 1282 011e 1B8D     		ldrh	r3, [r3, #40]
 1283 0120 1946     		mov	r1, r3
 1284 0122 0B46     		mov	r3, r1
 1285 0124 5B00     		lsls	r3, r3, #1
 1286 0126 0B44     		add	r3, r3, r1
 1287 0128 9B00     		lsls	r3, r3, #2
 1288 012a 1A44     		add	r2, r2, r3
 1289 012c 537A     		ldrb	r3, [r2, #9]
 1290 012e 43F08003 		orr	r3, r3, #128
 1291 0132 5372     		strb	r3, [r2, #9]
 1292 0134 0A4B     		ldr	r3, .L116+4
 1293 0136 1B8D     		ldrh	r3, [r3, #40]
 1294 0138 0133     		adds	r3, r3, #1
 1295 013a 7B81     		strh	r3, [r7, #10]	@ movhi
 1296 013c 7A89     		ldrh	r2, [r7, #10]
 1297 013e 084B     		ldr	r3, .L116+4
 1298 0140 5B6A     		ldr	r3, [r3, #36]
 1299 0142 9A42     		cmp	r2, r3
 1300 0144 01D3     		bcc	.L114
 1301 0146 0023     		movs	r3, #0
 1302 0148 7B81     		strh	r3, [r7, #10]	@ movhi
 1303              	.L114:
ARM GAS  /var/folders/d2/nstgp4h54kz7g1l847x_b8wc0000gn/T//ccclvz5v.s 			page 24


 1304 014a 054A     		ldr	r2, .L116+4
 1305 014c 7B89     		ldrh	r3, [r7, #10]	@ movhi
 1306 014e 1385     		strh	r3, [r2, #40]	@ movhi
 1307 0150 00E0     		b	.L99
 1308              	.L115:
 1309 0152 00BF     		nop
 1310              	.L99:
 1311 0154 1037     		adds	r7, r7, #16
 1312 0156 BD46     		mov	sp, r7
 1313              		@ sp needed
 1314 0158 80BD     		pop	{r7, pc}
 1315              	.L117:
 1316 015a 00BF     		.align	2
 1317              	.L116:
 1318 015c 00000000 		.word	dropping
 1319 0160 00000000 		.word	asebaCan
 1320              		.size	AsebaCanFrameReceived, .-AsebaCanFrameReceived
 1321              		.section	.text.AsebaCanRecvFreeQueue,"ax",%progbits
 1322              		.align	1
 1323              		.global	AsebaCanRecvFreeQueue
 1324              		.syntax unified
 1325              		.thumb
 1326              		.thumb_func
 1327              		.fpu fpv4-sp-d16
 1328              		.type	AsebaCanRecvFreeQueue, %function
 1329              	AsebaCanRecvFreeQueue:
 1330              		@ args = 0, pretend = 0, frame = 8
 1331              		@ frame_needed = 1, uses_anonymous_args = 0
 1332              		@ link register save eliminated.
 1333 0000 80B4     		push	{r7}
 1334 0002 83B0     		sub	sp, sp, #12
 1335 0004 00AF     		add	r7, sp, #0
 1336 0006 0023     		movs	r3, #0
 1337 0008 7B60     		str	r3, [r7, #4]
 1338 000a 0EE0     		b	.L119
 1339              	.L120:
 1340 000c 164B     		ldr	r3, .L123
 1341 000e 196A     		ldr	r1, [r3, #32]
 1342 0010 7A68     		ldr	r2, [r7, #4]
 1343 0012 1346     		mov	r3, r2
 1344 0014 5B00     		lsls	r3, r3, #1
 1345 0016 1344     		add	r3, r3, r2
 1346 0018 9B00     		lsls	r3, r3, #2
 1347 001a CA18     		adds	r2, r1, r3
 1348 001c 537A     		ldrb	r3, [r2, #9]
 1349 001e 6FF3C713 		bfc	r3, #7, #1
 1350 0022 5372     		strb	r3, [r2, #9]
 1351 0024 7B68     		ldr	r3, [r7, #4]
 1352 0026 0133     		adds	r3, r3, #1
 1353 0028 7B60     		str	r3, [r7, #4]
 1354              	.L119:
 1355 002a 0F4B     		ldr	r3, .L123
 1356 002c 5B6A     		ldr	r3, [r3, #36]
 1357 002e 7A68     		ldr	r2, [r7, #4]
 1358 0030 9A42     		cmp	r2, r3
 1359 0032 EBD3     		bcc	.L120
 1360 0034 0C4B     		ldr	r3, .L123
ARM GAS  /var/folders/d2/nstgp4h54kz7g1l847x_b8wc0000gn/T//ccclvz5v.s 			page 25


 1361 0036 0022     		movs	r2, #0
 1362 0038 1A85     		strh	r2, [r3, #40]	@ movhi
 1363 003a 0B4B     		ldr	r3, .L123
 1364 003c 0022     		movs	r2, #0
 1365 003e 5A85     		strh	r2, [r3, #42]	@ movhi
 1366 0040 0023     		movs	r3, #0
 1367 0042 7B60     		str	r3, [r7, #4]
 1368 0044 07E0     		b	.L121
 1369              	.L122:
 1370 0046 094A     		ldr	r2, .L123+4
 1371 0048 7B68     		ldr	r3, [r7, #4]
 1372 004a 0021     		movs	r1, #0
 1373 004c 22F81310 		strh	r1, [r2, r3, lsl #1]	@ movhi
 1374 0050 7B68     		ldr	r3, [r7, #4]
 1375 0052 0133     		adds	r3, r3, #1
 1376 0054 7B60     		str	r3, [r7, #4]
 1377              	.L121:
 1378 0056 7B68     		ldr	r3, [r7, #4]
 1379 0058 132B     		cmp	r3, #19
 1380 005a F4D9     		bls	.L122
 1381 005c 00BF     		nop
 1382 005e 0C37     		adds	r7, r7, #12
 1383 0060 BD46     		mov	sp, r7
 1384              		@ sp needed
 1385 0062 5DF8047B 		ldr	r7, [sp], #4
 1386 0066 7047     		bx	lr
 1387              	.L124:
 1388              		.align	2
 1389              	.L123:
 1390 0068 00000000 		.word	asebaCan
 1391 006c 00000000 		.word	dropping
 1392              		.size	AsebaCanRecvFreeQueue, .-AsebaCanRecvFreeQueue
 1393              		.ident	"GCC: (GNU Tools for Arm Embedded Processors 7-2017-q4-major) 7.2.1 20170904 (release) [ARM
ARM GAS  /var/folders/d2/nstgp4h54kz7g1l847x_b8wc0000gn/T//ccclvz5v.s 			page 26


DEFINED SYMBOLS
                            *ABS*:0000000000000000 can-net.c
/var/folders/d2/nstgp4h54kz7g1l847x_b8wc0000gn/T//ccclvz5v.s:15     .bss.asebaCan:0000000000000000 $d
/var/folders/d2/nstgp4h54kz7g1l847x_b8wc0000gn/T//ccclvz5v.s:18     .bss.asebaCan:0000000000000000 asebaCan
/var/folders/d2/nstgp4h54kz7g1l847x_b8wc0000gn/T//ccclvz5v.s:21     .text.AsebaCanGetMinMultipleOfHeight:0000000000000000 $t
/var/folders/d2/nstgp4h54kz7g1l847x_b8wc0000gn/T//ccclvz5v.s:28     .text.AsebaCanGetMinMultipleOfHeight:0000000000000000 AsebaCanGetMinMultipleOfHeight
/var/folders/d2/nstgp4h54kz7g1l847x_b8wc0000gn/T//ccclvz5v.s:57     .text.AsebaCanSendQueueGetUsedFrames:0000000000000000 $t
/var/folders/d2/nstgp4h54kz7g1l847x_b8wc0000gn/T//ccclvz5v.s:63     .text.AsebaCanSendQueueGetUsedFrames:0000000000000000 AsebaCanSendQueueGetUsedFrames
/var/folders/d2/nstgp4h54kz7g1l847x_b8wc0000gn/T//ccclvz5v.s:105    .text.AsebaCanSendQueueGetUsedFrames:0000000000000044 $d
/var/folders/d2/nstgp4h54kz7g1l847x_b8wc0000gn/T//ccclvz5v.s:108    .text.AsebaCanSendQueueGetFreeFrames:0000000000000000 $t
/var/folders/d2/nstgp4h54kz7g1l847x_b8wc0000gn/T//ccclvz5v.s:114    .text.AsebaCanSendQueueGetFreeFrames:0000000000000000 AsebaCanSendQueueGetFreeFrames
/var/folders/d2/nstgp4h54kz7g1l847x_b8wc0000gn/T//ccclvz5v.s:131    .text.AsebaCanSendQueueGetFreeFrames:0000000000000018 $d
/var/folders/d2/nstgp4h54kz7g1l847x_b8wc0000gn/T//ccclvz5v.s:134    .text.AsebaCanSendQueueInsert:0000000000000000 $t
/var/folders/d2/nstgp4h54kz7g1l847x_b8wc0000gn/T//ccclvz5v.s:140    .text.AsebaCanSendQueueInsert:0000000000000000 AsebaCanSendQueueInsert
/var/folders/d2/nstgp4h54kz7g1l847x_b8wc0000gn/T//ccclvz5v.s:219    .text.AsebaCanSendQueueInsert:0000000000000098 $d
/var/folders/d2/nstgp4h54kz7g1l847x_b8wc0000gn/T//ccclvz5v.s:222    .text.AsebaCanSendQueueToPhysicalLayer:0000000000000000 $t
/var/folders/d2/nstgp4h54kz7g1l847x_b8wc0000gn/T//ccclvz5v.s:228    .text.AsebaCanSendQueueToPhysicalLayer:0000000000000000 AsebaCanSendQueueToPhysicalLayer
/var/folders/d2/nstgp4h54kz7g1l847x_b8wc0000gn/T//ccclvz5v.s:311    .text.AsebaCanSendQueueToPhysicalLayer:000000000000008c $d
/var/folders/d2/nstgp4h54kz7g1l847x_b8wc0000gn/T//ccclvz5v.s:314    .text.AsebaCanRecvQueueGetMaxUsedFrames:0000000000000000 $t
/var/folders/d2/nstgp4h54kz7g1l847x_b8wc0000gn/T//ccclvz5v.s:320    .text.AsebaCanRecvQueueGetMaxUsedFrames:0000000000000000 AsebaCanRecvQueueGetMaxUsedFrames
/var/folders/d2/nstgp4h54kz7g1l847x_b8wc0000gn/T//ccclvz5v.s:362    .text.AsebaCanRecvQueueGetMaxUsedFrames:0000000000000044 $d
/var/folders/d2/nstgp4h54kz7g1l847x_b8wc0000gn/T//ccclvz5v.s:365    .text.AsebaCanRecvQueueGetMinFreeFrames:0000000000000000 $t
/var/folders/d2/nstgp4h54kz7g1l847x_b8wc0000gn/T//ccclvz5v.s:371    .text.AsebaCanRecvQueueGetMinFreeFrames:0000000000000000 AsebaCanRecvQueueGetMinFreeFrames
/var/folders/d2/nstgp4h54kz7g1l847x_b8wc0000gn/T//ccclvz5v.s:388    .text.AsebaCanRecvQueueGetMinFreeFrames:0000000000000018 $d
/var/folders/d2/nstgp4h54kz7g1l847x_b8wc0000gn/T//ccclvz5v.s:391    .text.AsebaCanRecvQueueGarbageCollect:0000000000000000 $t
/var/folders/d2/nstgp4h54kz7g1l847x_b8wc0000gn/T//ccclvz5v.s:397    .text.AsebaCanRecvQueueGarbageCollect:0000000000000000 AsebaCanRecvQueueGarbageCollect
/var/folders/d2/nstgp4h54kz7g1l847x_b8wc0000gn/T//ccclvz5v.s:456    .text.AsebaCanRecvQueueGarbageCollect:0000000000000060 $d
/var/folders/d2/nstgp4h54kz7g1l847x_b8wc0000gn/T//ccclvz5v.s:459    .text.AsebaCanRecvQueueFreeFrames:0000000000000000 $t
/var/folders/d2/nstgp4h54kz7g1l847x_b8wc0000gn/T//ccclvz5v.s:465    .text.AsebaCanRecvQueueFreeFrames:0000000000000000 AsebaCanRecvQueueFreeFrames
/var/folders/d2/nstgp4h54kz7g1l847x_b8wc0000gn/T//ccclvz5v.s:531    .text.AsebaCanRecvQueueFreeFrames:0000000000000074 $d
/var/folders/d2/nstgp4h54kz7g1l847x_b8wc0000gn/T//ccclvz5v.s:534    .text.AsebaCanInit:0000000000000000 $t
/var/folders/d2/nstgp4h54kz7g1l847x_b8wc0000gn/T//ccclvz5v.s:541    .text.AsebaCanInit:0000000000000000 AsebaCanInit
/var/folders/d2/nstgp4h54kz7g1l847x_b8wc0000gn/T//ccclvz5v.s:604    .text.AsebaCanInit:0000000000000070 $d
/var/folders/d2/nstgp4h54kz7g1l847x_b8wc0000gn/T//ccclvz5v.s:607    .text.AsebaCanSend:0000000000000000 $t
/var/folders/d2/nstgp4h54kz7g1l847x_b8wc0000gn/T//ccclvz5v.s:614    .text.AsebaCanSend:0000000000000000 AsebaCanSend
/var/folders/d2/nstgp4h54kz7g1l847x_b8wc0000gn/T//ccclvz5v.s:647    .text.AsebaCanSendSpecificSource:0000000000000000 AsebaCanSendSpecificSource
/var/folders/d2/nstgp4h54kz7g1l847x_b8wc0000gn/T//ccclvz5v.s:637    .text.AsebaCanSend:0000000000000024 $d
/var/folders/d2/nstgp4h54kz7g1l847x_b8wc0000gn/T//ccclvz5v.s:640    .text.AsebaCanSendSpecificSource:0000000000000000 $t
/var/folders/d2/nstgp4h54kz7g1l847x_b8wc0000gn/T//ccclvz5v.s:738    .text.AsebaCanSendSpecificSource:00000000000000b4 $d
/var/folders/d2/nstgp4h54kz7g1l847x_b8wc0000gn/T//ccclvz5v.s:741    .text.AsebaCanRecvBufferEmpty:0000000000000000 $t
/var/folders/d2/nstgp4h54kz7g1l847x_b8wc0000gn/T//ccclvz5v.s:748    .text.AsebaCanRecvBufferEmpty:0000000000000000 AsebaCanRecvBufferEmpty
/var/folders/d2/nstgp4h54kz7g1l847x_b8wc0000gn/T//ccclvz5v.s:772    .text.AsebaCanRecvBufferEmpty:0000000000000024 $d
/var/folders/d2/nstgp4h54kz7g1l847x_b8wc0000gn/T//ccclvz5v.s:775    .text.AsebaCanFrameSent:0000000000000000 $t
/var/folders/d2/nstgp4h54kz7g1l847x_b8wc0000gn/T//ccclvz5v.s:782    .text.AsebaCanFrameSent:0000000000000000 AsebaCanFrameSent
/var/folders/d2/nstgp4h54kz7g1l847x_b8wc0000gn/T//ccclvz5v.s:799    .text.AsebaCanFrameSent:0000000000000018 $d
/var/folders/d2/nstgp4h54kz7g1l847x_b8wc0000gn/T//ccclvz5v.s:802    .text.AsebaCanFlushQueue:0000000000000000 $t
/var/folders/d2/nstgp4h54kz7g1l847x_b8wc0000gn/T//ccclvz5v.s:809    .text.AsebaCanFlushQueue:0000000000000000 AsebaCanFlushQueue
/var/folders/d2/nstgp4h54kz7g1l847x_b8wc0000gn/T//ccclvz5v.s:835    .text.AsebaCanFlushQueue:0000000000000028 $d
/var/folders/d2/nstgp4h54kz7g1l847x_b8wc0000gn/T//ccclvz5v.s:838    .text.AsebaCanRecv:0000000000000000 $t
/var/folders/d2/nstgp4h54kz7g1l847x_b8wc0000gn/T//ccclvz5v.s:845    .text.AsebaCanRecv:0000000000000000 AsebaCanRecv
/var/folders/d2/nstgp4h54kz7g1l847x_b8wc0000gn/T//ccclvz5v.s:1124   .text.AsebaCanRecv:000000000000022c $d
/var/folders/d2/nstgp4h54kz7g1l847x_b8wc0000gn/T//ccclvz5v.s:1127   .bss.dropping:0000000000000000 $d
/var/folders/d2/nstgp4h54kz7g1l847x_b8wc0000gn/T//ccclvz5v.s:1130   .bss.dropping:0000000000000000 dropping
/var/folders/d2/nstgp4h54kz7g1l847x_b8wc0000gn/T//ccclvz5v.s:1133   .text.AsebaCanFrameReceived:0000000000000000 $t
/var/folders/d2/nstgp4h54kz7g1l847x_b8wc0000gn/T//ccclvz5v.s:1140   .text.AsebaCanFrameReceived:0000000000000000 AsebaCanFrameReceived
/var/folders/d2/nstgp4h54kz7g1l847x_b8wc0000gn/T//ccclvz5v.s:1318   .text.AsebaCanFrameReceived:000000000000015c $d
/var/folders/d2/nstgp4h54kz7g1l847x_b8wc0000gn/T//ccclvz5v.s:1322   .text.AsebaCanRecvFreeQueue:0000000000000000 $t
ARM GAS  /var/folders/d2/nstgp4h54kz7g1l847x_b8wc0000gn/T//ccclvz5v.s 			page 27


/var/folders/d2/nstgp4h54kz7g1l847x_b8wc0000gn/T//ccclvz5v.s:1329   .text.AsebaCanRecvFreeQueue:0000000000000000 AsebaCanRecvFreeQueue
/var/folders/d2/nstgp4h54kz7g1l847x_b8wc0000gn/T//ccclvz5v.s:1390   .text.AsebaCanRecvFreeQueue:0000000000000068 $d

UNDEFINED SYMBOLS
memcpy
AsebaIdle
AsebaShouldDropPacket
