ARM GAS  /var/folders/d2/nstgp4h54kz7g1l847x_b8wc0000gn/T//ccuU6GyF.s 			page 1


   1              		.cpu cortex-m4
   2              		.eabi_attribute 27, 1
   3              		.eabi_attribute 28, 1
   4              		.eabi_attribute 20, 1
   5              		.eabi_attribute 21, 1
   6              		.eabi_attribute 23, 3
   7              		.eabi_attribute 24, 1
   8              		.eabi_attribute 25, 1
   9              		.eabi_attribute 26, 1
  10              		.eabi_attribute 30, 6
  11              		.eabi_attribute 34, 1
  12              		.eabi_attribute 18, 4
  13              		.file	"can-buffer.c"
  14              		.section	.text.AsebaSendBuffer,"ax",%progbits
  15              		.align	1
  16              		.global	AsebaSendBuffer
  17              		.syntax unified
  18              		.thumb
  19              		.thumb_func
  20              		.fpu fpv4-sp-d16
  21              		.type	AsebaSendBuffer, %function
  22              	AsebaSendBuffer:
  23              		@ args = 0, pretend = 0, frame = 16
  24              		@ frame_needed = 1, uses_anonymous_args = 0
  25 0000 80B5     		push	{r7, lr}
  26 0002 84B0     		sub	sp, sp, #16
  27 0004 00AF     		add	r7, sp, #0
  28 0006 F860     		str	r0, [r7, #12]
  29 0008 B960     		str	r1, [r7, #8]
  30 000a 1346     		mov	r3, r2
  31 000c FB80     		strh	r3, [r7, #6]	@ movhi
  32 000e 01E0     		b	.L2
  33              	.L3:
  34 0010 FFF7FEFF 		bl	AsebaIdle
  35              	.L2:
  36 0014 FB88     		ldrh	r3, [r7, #6]
  37 0016 1946     		mov	r1, r3
  38 0018 B868     		ldr	r0, [r7, #8]
  39 001a FFF7FEFF 		bl	AsebaCanSend
  40 001e 0346     		mov	r3, r0
  41 0020 002B     		cmp	r3, #0
  42 0022 F5D0     		beq	.L3
  43 0024 00BF     		nop
  44 0026 1037     		adds	r7, r7, #16
  45 0028 BD46     		mov	sp, r7
  46              		@ sp needed
  47 002a 80BD     		pop	{r7, pc}
  48              		.size	AsebaSendBuffer, .-AsebaSendBuffer
  49              		.section	.text.AsebaGetBuffer,"ax",%progbits
  50              		.align	1
  51              		.global	AsebaGetBuffer
  52              		.syntax unified
  53              		.thumb
  54              		.thumb_func
  55              		.fpu fpv4-sp-d16
  56              		.type	AsebaGetBuffer, %function
  57              	AsebaGetBuffer:
ARM GAS  /var/folders/d2/nstgp4h54kz7g1l847x_b8wc0000gn/T//ccuU6GyF.s 			page 2


  58              		@ args = 0, pretend = 0, frame = 16
  59              		@ frame_needed = 1, uses_anonymous_args = 0
  60 0000 80B5     		push	{r7, lr}
  61 0002 84B0     		sub	sp, sp, #16
  62 0004 00AF     		add	r7, sp, #0
  63 0006 F860     		str	r0, [r7, #12]
  64 0008 B960     		str	r1, [r7, #8]
  65 000a 3B60     		str	r3, [r7]
  66 000c 1346     		mov	r3, r2	@ movhi
  67 000e FB80     		strh	r3, [r7, #6]	@ movhi
  68 0010 FB88     		ldrh	r3, [r7, #6]
  69 0012 3A68     		ldr	r2, [r7]
  70 0014 1946     		mov	r1, r3
  71 0016 B868     		ldr	r0, [r7, #8]
  72 0018 FFF7FEFF 		bl	AsebaCanRecv
  73 001c 0346     		mov	r3, r0
  74 001e 1846     		mov	r0, r3
  75 0020 1037     		adds	r7, r7, #16
  76 0022 BD46     		mov	sp, r7
  77              		@ sp needed
  78 0024 80BD     		pop	{r7, pc}
  79              		.size	AsebaGetBuffer, .-AsebaGetBuffer
  80              		.ident	"GCC: (GNU Tools for Arm Embedded Processors 7-2017-q4-major) 7.2.1 20170904 (release) [ARM
ARM GAS  /var/folders/d2/nstgp4h54kz7g1l847x_b8wc0000gn/T//ccuU6GyF.s 			page 3


DEFINED SYMBOLS
                            *ABS*:0000000000000000 can-buffer.c
/var/folders/d2/nstgp4h54kz7g1l847x_b8wc0000gn/T//ccuU6GyF.s:15     .text.AsebaSendBuffer:0000000000000000 $t
/var/folders/d2/nstgp4h54kz7g1l847x_b8wc0000gn/T//ccuU6GyF.s:22     .text.AsebaSendBuffer:0000000000000000 AsebaSendBuffer
/var/folders/d2/nstgp4h54kz7g1l847x_b8wc0000gn/T//ccuU6GyF.s:50     .text.AsebaGetBuffer:0000000000000000 $t
/var/folders/d2/nstgp4h54kz7g1l847x_b8wc0000gn/T//ccuU6GyF.s:57     .text.AsebaGetBuffer:0000000000000000 AsebaGetBuffer

UNDEFINED SYMBOLS
AsebaIdle
AsebaCanSend
AsebaCanRecv
