ARM GAS  /var/folders/d2/nstgp4h54kz7g1l847x_b8wc0000gn/T//ccKoNVrK.s 			page 1


   1              		.cpu cortex-m4
   2              		.eabi_attribute 27, 1
   3              		.eabi_attribute 28, 1
   4              		.eabi_attribute 20, 1
   5              		.eabi_attribute 21, 1
   6              		.eabi_attribute 23, 3
   7              		.eabi_attribute 24, 1
   8              		.eabi_attribute 25, 1
   9              		.eabi_attribute 26, 1
  10              		.eabi_attribute 30, 6
  11              		.eabi_attribute 34, 1
  12              		.eabi_attribute 18, 4
  13              		.file	"crc16.c"
  14              		.section	.text.crc16,"ax",%progbits
  15              		.align	1
  16              		.global	crc16
  17              		.syntax unified
  18              		.thumb
  19              		.thumb_func
  20              		.fpu fpv4-sp-d16
  21              		.type	crc16, %function
  22              	crc16:
  23              		@ args = 0, pretend = 0, frame = 32
  24              		@ frame_needed = 1, uses_anonymous_args = 0
  25              		@ link register save eliminated.
  26 0000 80B4     		push	{r7}
  27 0002 89B0     		sub	sp, sp, #36
  28 0004 00AF     		add	r7, sp, #0
  29 0006 0346     		mov	r3, r0
  30 0008 B960     		str	r1, [r7, #8]
  31 000a 7A60     		str	r2, [r7, #4]
  32 000c FB81     		strh	r3, [r7, #14]	@ movhi
  33 000e BB68     		ldr	r3, [r7, #8]
  34 0010 FB61     		str	r3, [r7, #28]
  35 0012 FB89     		ldrh	r3, [r7, #14]	@ movhi
  36 0014 7B83     		strh	r3, [r7, #26]	@ movhi
  37 0016 1FE0     		b	.L2
  38              	.L7:
  39 0018 FB69     		ldr	r3, [r7, #28]
  40 001a 5A1C     		adds	r2, r3, #1
  41 001c FA61     		str	r2, [r7, #28]
  42 001e 1B78     		ldrb	r3, [r3]	@ zero_extendqisi2
  43 0020 9AB2     		uxth	r2, r3
  44 0022 7B8B     		ldrh	r3, [r7, #26]	@ movhi
  45 0024 5340     		eors	r3, r3, r2
  46 0026 7B83     		strh	r3, [r7, #26]	@ movhi
  47 0028 0023     		movs	r3, #0
  48 002a 7B61     		str	r3, [r7, #20]
  49 002c 11E0     		b	.L3
  50              	.L6:
  51 002e 7B8B     		ldrh	r3, [r7, #26]
  52 0030 03F00103 		and	r3, r3, #1
  53 0034 002B     		cmp	r3, #0
  54 0036 06D0     		beq	.L4
  55 0038 7B8B     		ldrh	r3, [r7, #26]
  56 003a 5B08     		lsrs	r3, r3, #1
  57 003c 9AB2     		uxth	r2, r3
ARM GAS  /var/folders/d2/nstgp4h54kz7g1l847x_b8wc0000gn/T//ccKoNVrK.s 			page 2


  58 003e 0C4B     		ldr	r3, .L9
  59 0040 5340     		eors	r3, r3, r2
  60 0042 7B83     		strh	r3, [r7, #26]	@ movhi
  61 0044 02E0     		b	.L5
  62              	.L4:
  63 0046 7B8B     		ldrh	r3, [r7, #26]
  64 0048 5B08     		lsrs	r3, r3, #1
  65 004a 7B83     		strh	r3, [r7, #26]	@ movhi
  66              	.L5:
  67 004c 7B69     		ldr	r3, [r7, #20]
  68 004e 0133     		adds	r3, r3, #1
  69 0050 7B61     		str	r3, [r7, #20]
  70              	.L3:
  71 0052 7B69     		ldr	r3, [r7, #20]
  72 0054 072B     		cmp	r3, #7
  73 0056 EADD     		ble	.L6
  74              	.L2:
  75 0058 7B68     		ldr	r3, [r7, #4]
  76 005a 5A1E     		subs	r2, r3, #1
  77 005c 7A60     		str	r2, [r7, #4]
  78 005e 002B     		cmp	r3, #0
  79 0060 DAD1     		bne	.L7
  80 0062 7B8B     		ldrh	r3, [r7, #26]
  81 0064 1846     		mov	r0, r3
  82 0066 2437     		adds	r7, r7, #36
  83 0068 BD46     		mov	sp, r7
  84              		@ sp needed
  85 006a 5DF8047B 		ldr	r7, [sp], #4
  86 006e 7047     		bx	lr
  87              	.L10:
  88              		.align	2
  89              	.L9:
  90 0070 01A0FFFF 		.word	-24575
  91              		.size	crc16, .-crc16
  92              		.ident	"GCC: (GNU Tools for Arm Embedded Processors 7-2017-q4-major) 7.2.1 20170904 (release) [ARM
ARM GAS  /var/folders/d2/nstgp4h54kz7g1l847x_b8wc0000gn/T//ccKoNVrK.s 			page 3


DEFINED SYMBOLS
                            *ABS*:0000000000000000 crc16.c
/var/folders/d2/nstgp4h54kz7g1l847x_b8wc0000gn/T//ccKoNVrK.s:15     .text.crc16:0000000000000000 $t
/var/folders/d2/nstgp4h54kz7g1l847x_b8wc0000gn/T//ccKoNVrK.s:22     .text.crc16:0000000000000000 crc16
/var/folders/d2/nstgp4h54kz7g1l847x_b8wc0000gn/T//ccKoNVrK.s:90     .text.crc16:0000000000000070 $d

NO UNDEFINED SYMBOLS
