ARM GAS  /var/folders/d2/nstgp4h54kz7g1l847x_b8wc0000gn/T//ccIMXX74.s 			page 1


   1              		.cpu cortex-m4
   2              		.eabi_attribute 27, 1
   3              		.eabi_attribute 28, 1
   4              		.eabi_attribute 20, 1
   5              		.eabi_attribute 21, 1
   6              		.eabi_attribute 23, 3
   7              		.eabi_attribute 24, 1
   8              		.eabi_attribute 25, 1
   9              		.eabi_attribute 26, 1
  10              		.eabi_attribute 30, 6
  11              		.eabi_attribute 34, 1
  12              		.eabi_attribute 18, 4
  13              		.file	"dac_lld.c"
  14              		.section	.text.port_lock,"ax",%progbits
  15              		.align	1
  16              		.syntax unified
  17              		.thumb
  18              		.thumb_func
  19              		.fpu fpv4-sp-d16
  20              		.type	port_lock, %function
  21              	port_lock:
  22              		@ args = 0, pretend = 0, frame = 8
  23              		@ frame_needed = 1, uses_anonymous_args = 0
  24              		@ link register save eliminated.
  25 0000 80B4     		push	{r7}
  26 0002 83B0     		sub	sp, sp, #12
  27 0004 00AF     		add	r7, sp, #0
  28 0006 2023     		movs	r3, #32
  29 0008 7B60     		str	r3, [r7, #4]
  30 000a 7B68     		ldr	r3, [r7, #4]
  31              		.syntax unified
  32              	@ 546 "../e-puck2_main-processor/ChibiOS//os/ext/CMSIS/include/core_cmFunc.h" 1
  33 000c 83F31188 		MSR basepri, r3
  34              	@ 0 "" 2
  35              		.thumb
  36              		.syntax unified
  37 0010 00BF     		nop
  38 0012 0C37     		adds	r7, r7, #12
  39 0014 BD46     		mov	sp, r7
  40              		@ sp needed
  41 0016 5DF8047B 		ldr	r7, [sp], #4
  42 001a 7047     		bx	lr
  43              		.size	port_lock, .-port_lock
  44              		.section	.text.port_unlock,"ax",%progbits
  45              		.align	1
  46              		.syntax unified
  47              		.thumb
  48              		.thumb_func
  49              		.fpu fpv4-sp-d16
  50              		.type	port_unlock, %function
  51              	port_unlock:
  52              		@ args = 0, pretend = 0, frame = 8
  53              		@ frame_needed = 1, uses_anonymous_args = 0
  54              		@ link register save eliminated.
  55 0000 80B4     		push	{r7}
  56 0002 83B0     		sub	sp, sp, #12
  57 0004 00AF     		add	r7, sp, #0
ARM GAS  /var/folders/d2/nstgp4h54kz7g1l847x_b8wc0000gn/T//ccIMXX74.s 			page 2


  58 0006 0023     		movs	r3, #0
  59 0008 7B60     		str	r3, [r7, #4]
  60 000a 7B68     		ldr	r3, [r7, #4]
  61              		.syntax unified
  62              	@ 546 "../e-puck2_main-processor/ChibiOS//os/ext/CMSIS/include/core_cmFunc.h" 1
  63 000c 83F31188 		MSR basepri, r3
  64              	@ 0 "" 2
  65              		.thumb
  66              		.syntax unified
  67 0010 00BF     		nop
  68 0012 0C37     		adds	r7, r7, #12
  69 0014 BD46     		mov	sp, r7
  70              		@ sp needed
  71 0016 5DF8047B 		ldr	r7, [sp], #4
  72 001a 7047     		bx	lr
  73              		.size	port_unlock, .-port_unlock
  74              		.section	.text.port_lock_from_isr,"ax",%progbits
  75              		.align	1
  76              		.syntax unified
  77              		.thumb
  78              		.thumb_func
  79              		.fpu fpv4-sp-d16
  80              		.type	port_lock_from_isr, %function
  81              	port_lock_from_isr:
  82              		@ args = 0, pretend = 0, frame = 0
  83              		@ frame_needed = 1, uses_anonymous_args = 0
  84 0000 80B5     		push	{r7, lr}
  85 0002 00AF     		add	r7, sp, #0
  86 0004 FFF7FEFF 		bl	port_lock
  87 0008 00BF     		nop
  88 000a 80BD     		pop	{r7, pc}
  89              		.size	port_lock_from_isr, .-port_lock_from_isr
  90              		.section	.text.port_unlock_from_isr,"ax",%progbits
  91              		.align	1
  92              		.syntax unified
  93              		.thumb
  94              		.thumb_func
  95              		.fpu fpv4-sp-d16
  96              		.type	port_unlock_from_isr, %function
  97              	port_unlock_from_isr:
  98              		@ args = 0, pretend = 0, frame = 0
  99              		@ frame_needed = 1, uses_anonymous_args = 0
 100 0000 80B5     		push	{r7, lr}
 101 0002 00AF     		add	r7, sp, #0
 102 0004 FFF7FEFF 		bl	port_unlock
 103 0008 00BF     		nop
 104 000a 80BD     		pop	{r7, pc}
 105              		.size	port_unlock_from_isr, .-port_unlock_from_isr
 106              		.section	.text.chSysLockFromISR,"ax",%progbits
 107              		.align	1
 108              		.syntax unified
 109              		.thumb
 110              		.thumb_func
 111              		.fpu fpv4-sp-d16
 112              		.type	chSysLockFromISR, %function
 113              	chSysLockFromISR:
 114              		@ args = 0, pretend = 0, frame = 0
ARM GAS  /var/folders/d2/nstgp4h54kz7g1l847x_b8wc0000gn/T//ccIMXX74.s 			page 3


 115              		@ frame_needed = 1, uses_anonymous_args = 0
 116 0000 80B5     		push	{r7, lr}
 117 0002 00AF     		add	r7, sp, #0
 118 0004 FFF7FEFF 		bl	port_lock_from_isr
 119 0008 FFF7FEFF 		bl	_stats_start_measure_crit_isr
 120 000c FFF7FEFF 		bl	_dbg_check_lock_from_isr
 121 0010 00BF     		nop
 122 0012 80BD     		pop	{r7, pc}
 123              		.size	chSysLockFromISR, .-chSysLockFromISR
 124              		.section	.text.chSysUnlockFromISR,"ax",%progbits
 125              		.align	1
 126              		.syntax unified
 127              		.thumb
 128              		.thumb_func
 129              		.fpu fpv4-sp-d16
 130              		.type	chSysUnlockFromISR, %function
 131              	chSysUnlockFromISR:
 132              		@ args = 0, pretend = 0, frame = 0
 133              		@ frame_needed = 1, uses_anonymous_args = 0
 134 0000 80B5     		push	{r7, lr}
 135 0002 00AF     		add	r7, sp, #0
 136 0004 FFF7FEFF 		bl	_dbg_check_unlock_from_isr
 137 0008 FFF7FEFF 		bl	_stats_stop_measure_crit_isr
 138 000c FFF7FEFF 		bl	port_unlock_from_isr
 139 0010 00BF     		nop
 140 0012 80BD     		pop	{r7, pc}
 141              		.size	chSysUnlockFromISR, .-chSysUnlockFromISR
 142              		.section	.text.osalSysLockFromISR,"ax",%progbits
 143              		.align	1
 144              		.syntax unified
 145              		.thumb
 146              		.thumb_func
 147              		.fpu fpv4-sp-d16
 148              		.type	osalSysLockFromISR, %function
 149              	osalSysLockFromISR:
 150              		@ args = 0, pretend = 0, frame = 0
 151              		@ frame_needed = 1, uses_anonymous_args = 0
 152 0000 80B5     		push	{r7, lr}
 153 0002 00AF     		add	r7, sp, #0
 154 0004 FFF7FEFF 		bl	chSysLockFromISR
 155 0008 00BF     		nop
 156 000a 80BD     		pop	{r7, pc}
 157              		.size	osalSysLockFromISR, .-osalSysLockFromISR
 158              		.section	.text.osalSysUnlockFromISR,"ax",%progbits
 159              		.align	1
 160              		.syntax unified
 161              		.thumb
 162              		.thumb_func
 163              		.fpu fpv4-sp-d16
 164              		.type	osalSysUnlockFromISR, %function
 165              	osalSysUnlockFromISR:
 166              		@ args = 0, pretend = 0, frame = 0
 167              		@ frame_needed = 1, uses_anonymous_args = 0
 168 0000 80B5     		push	{r7, lr}
 169 0002 00AF     		add	r7, sp, #0
 170 0004 FFF7FEFF 		bl	chSysUnlockFromISR
 171 0008 00BF     		nop
ARM GAS  /var/folders/d2/nstgp4h54kz7g1l847x_b8wc0000gn/T//ccIMXX74.s 			page 4


 172 000a 80BD     		pop	{r7, pc}
 173              		.size	osalSysUnlockFromISR, .-osalSysUnlockFromISR
 174              		.section	.text.osalThreadResumeI,"ax",%progbits
 175              		.align	1
 176              		.syntax unified
 177              		.thumb
 178              		.thumb_func
 179              		.fpu fpv4-sp-d16
 180              		.type	osalThreadResumeI, %function
 181              	osalThreadResumeI:
 182              		@ args = 0, pretend = 0, frame = 8
 183              		@ frame_needed = 1, uses_anonymous_args = 0
 184 0000 80B5     		push	{r7, lr}
 185 0002 82B0     		sub	sp, sp, #8
 186 0004 00AF     		add	r7, sp, #0
 187 0006 7860     		str	r0, [r7, #4]
 188 0008 3960     		str	r1, [r7]
 189 000a 3968     		ldr	r1, [r7]
 190 000c 7868     		ldr	r0, [r7, #4]
 191 000e FFF7FEFF 		bl	chThdResumeI
 192 0012 00BF     		nop
 193 0014 0837     		adds	r7, r7, #8
 194 0016 BD46     		mov	sp, r7
 195              		@ sp needed
 196 0018 80BD     		pop	{r7, pc}
 197              		.size	osalThreadResumeI, .-osalThreadResumeI
 198              		.global	DACD2
 199              		.section	.bss.DACD2,"aw",%nobits
 200              		.align	2
 201              		.type	DACD2, %object
 202              		.size	DACD2, 48
 203              	DACD2:
 204 0000 00000000 		.space	48
 204      00000000 
 204      00000000 
 204      00000000 
 204      00000000 
 205              		.section	.rodata.dma1_ch2_params,"a",%progbits
 206              		.align	2
 207              		.type	dma1_ch2_params, %object
 208              		.size	dma1_ch2_params, 28
 209              	dma1_ch2_params:
 210 0000 00740040 		.word	1073771520
 211 0004 03000000 		.word	3
 212 0008 10000000 		.word	16
 213 000c FFFF0000 		.word	65535
 214 0010 48000000 		.word	_stm32_dma_streams+72
 215 0014 5E05020E 		.word	235013470
 216 0018 0A000000 		.word	10
 217              		.section	.text.dac_lld_serve_tx_interrupt,"ax",%progbits
 218              		.align	1
 219              		.syntax unified
 220              		.thumb
 221              		.thumb_func
 222              		.fpu fpv4-sp-d16
 223              		.type	dac_lld_serve_tx_interrupt, %function
 224              	dac_lld_serve_tx_interrupt:
ARM GAS  /var/folders/d2/nstgp4h54kz7g1l847x_b8wc0000gn/T//ccIMXX74.s 			page 5


 225              		@ args = 0, pretend = 0, frame = 16
 226              		@ frame_needed = 1, uses_anonymous_args = 0
 227 0000 80B5     		push	{r7, lr}
 228 0002 84B0     		sub	sp, sp, #16
 229 0004 00AF     		add	r7, sp, #0
 230 0006 7860     		str	r0, [r7, #4]
 231 0008 3960     		str	r1, [r7]
 232 000a 3B68     		ldr	r3, [r7]
 233 000c 03F00C03 		and	r3, r3, #12
 234 0010 002B     		cmp	r3, #0
 235 0012 26D0     		beq	.L11
 236 0014 7868     		ldr	r0, [r7, #4]
 237 0016 FFF7FEFF 		bl	dac_lld_stop_conversion
 238 001a 7B68     		ldr	r3, [r7, #4]
 239 001c 5B68     		ldr	r3, [r3, #4]
 240 001e 9B68     		ldr	r3, [r3, #8]
 241 0020 002B     		cmp	r3, #0
 242 0022 0FD0     		beq	.L12
 243 0024 7B68     		ldr	r3, [r7, #4]
 244 0026 0522     		movs	r2, #5
 245 0028 1A70     		strb	r2, [r3]
 246 002a 7B68     		ldr	r3, [r7, #4]
 247 002c 5B68     		ldr	r3, [r3, #4]
 248 002e 9B68     		ldr	r3, [r3, #8]
 249 0030 0021     		movs	r1, #0
 250 0032 7868     		ldr	r0, [r7, #4]
 251 0034 9847     		blx	r3
 252 0036 7B68     		ldr	r3, [r7, #4]
 253 0038 1B78     		ldrb	r3, [r3]	@ zero_extendqisi2
 254 003a 052B     		cmp	r3, #5
 255 003c 02D1     		bne	.L12
 256 003e 7B68     		ldr	r3, [r7, #4]
 257 0040 0222     		movs	r2, #2
 258 0042 1A70     		strb	r2, [r3]
 259              	.L12:
 260 0044 7B68     		ldr	r3, [r7, #4]
 261 0046 0022     		movs	r2, #0
 262 0048 5A60     		str	r2, [r3, #4]
 263 004a FFF7FEFF 		bl	osalSysLockFromISR
 264 004e 7B68     		ldr	r3, [r7, #4]
 265 0050 1433     		adds	r3, r3, #20
 266 0052 4FF0FF31 		mov	r1, #-1
 267 0056 1846     		mov	r0, r3
 268 0058 FFF7FEFF 		bl	osalThreadResumeI
 269 005c FFF7FEFF 		bl	osalSysUnlockFromISR
 270 0060 43E0     		b	.L16
 271              	.L11:
 272 0062 3B68     		ldr	r3, [r7]
 273 0064 03F01003 		and	r3, r3, #16
 274 0068 002B     		cmp	r3, #0
 275 006a 0FD0     		beq	.L14
 276 006c 7B68     		ldr	r3, [r7, #4]
 277 006e 5B68     		ldr	r3, [r3, #4]
 278 0070 5B68     		ldr	r3, [r3, #4]
 279 0072 002B     		cmp	r3, #0
 280 0074 0AD0     		beq	.L14
 281 0076 7B68     		ldr	r3, [r7, #4]
ARM GAS  /var/folders/d2/nstgp4h54kz7g1l847x_b8wc0000gn/T//ccIMXX74.s 			page 6


 282 0078 5B68     		ldr	r3, [r3, #4]
 283 007a 5B68     		ldr	r3, [r3, #4]
 284 007c 7A68     		ldr	r2, [r7, #4]
 285 007e 9168     		ldr	r1, [r2, #8]
 286 0080 7A68     		ldr	r2, [r7, #4]
 287 0082 9289     		ldrh	r2, [r2, #12]
 288 0084 5208     		lsrs	r2, r2, #1
 289 0086 92B2     		uxth	r2, r2
 290 0088 7868     		ldr	r0, [r7, #4]
 291 008a 9847     		blx	r3
 292              	.L14:
 293 008c 3B68     		ldr	r3, [r7]
 294 008e 03F02003 		and	r3, r3, #32
 295 0092 002B     		cmp	r3, #0
 296 0094 29D0     		beq	.L16
 297 0096 7B68     		ldr	r3, [r7, #4]
 298 0098 5B68     		ldr	r3, [r3, #4]
 299 009a 5B68     		ldr	r3, [r3, #4]
 300 009c 002B     		cmp	r3, #0
 301 009e 24D0     		beq	.L16
 302 00a0 7B68     		ldr	r3, [r7, #4]
 303 00a2 9B89     		ldrh	r3, [r3, #12]
 304 00a4 012B     		cmp	r3, #1
 305 00a6 17D9     		bls	.L15
 306 00a8 7B68     		ldr	r3, [r7, #4]
 307 00aa 9B89     		ldrh	r3, [r3, #12]
 308 00ac 5B08     		lsrs	r3, r3, #1
 309 00ae 9BB2     		uxth	r3, r3
 310 00b0 FB60     		str	r3, [r7, #12]
 311 00b2 7B68     		ldr	r3, [r7, #4]
 312 00b4 5B68     		ldr	r3, [r3, #4]
 313 00b6 1A68     		ldr	r2, [r3]
 314 00b8 FB68     		ldr	r3, [r7, #12]
 315 00ba 02FB03F3 		mul	r3, r2, r3
 316 00be BB60     		str	r3, [r7, #8]
 317 00c0 7B68     		ldr	r3, [r7, #4]
 318 00c2 5B68     		ldr	r3, [r3, #4]
 319 00c4 5B68     		ldr	r3, [r3, #4]
 320 00c6 7A68     		ldr	r2, [r7, #4]
 321 00c8 9168     		ldr	r1, [r2, #8]
 322 00ca BA68     		ldr	r2, [r7, #8]
 323 00cc 5200     		lsls	r2, r2, #1
 324 00ce 1144     		add	r1, r1, r2
 325 00d0 FA68     		ldr	r2, [r7, #12]
 326 00d2 7868     		ldr	r0, [r7, #4]
 327 00d4 9847     		blx	r3
 328 00d6 08E0     		b	.L16
 329              	.L15:
 330 00d8 7B68     		ldr	r3, [r7, #4]
 331 00da 5B68     		ldr	r3, [r3, #4]
 332 00dc 5B68     		ldr	r3, [r3, #4]
 333 00de 7A68     		ldr	r2, [r7, #4]
 334 00e0 9168     		ldr	r1, [r2, #8]
 335 00e2 7A68     		ldr	r2, [r7, #4]
 336 00e4 9289     		ldrh	r2, [r2, #12]
 337 00e6 7868     		ldr	r0, [r7, #4]
 338 00e8 9847     		blx	r3
ARM GAS  /var/folders/d2/nstgp4h54kz7g1l847x_b8wc0000gn/T//ccIMXX74.s 			page 7


 339              	.L16:
 340 00ea 00BF     		nop
 341 00ec 1037     		adds	r7, r7, #16
 342 00ee BD46     		mov	sp, r7
 343              		@ sp needed
 344 00f0 80BD     		pop	{r7, pc}
 345              		.size	dac_lld_serve_tx_interrupt, .-dac_lld_serve_tx_interrupt
 346              		.section	.text.dac_lld_init,"ax",%progbits
 347              		.align	1
 348              		.global	dac_lld_init
 349              		.syntax unified
 350              		.thumb
 351              		.thumb_func
 352              		.fpu fpv4-sp-d16
 353              		.type	dac_lld_init, %function
 354              	dac_lld_init:
 355              		@ args = 0, pretend = 0, frame = 0
 356              		@ frame_needed = 1, uses_anonymous_args = 0
 357 0000 80B5     		push	{r7, lr}
 358 0002 00AF     		add	r7, sp, #0
 359 0004 0348     		ldr	r0, .L18
 360 0006 FFF7FEFF 		bl	dacObjectInit
 361 000a 024B     		ldr	r3, .L18
 362 000c 024A     		ldr	r2, .L18+4
 363 000e DA62     		str	r2, [r3, #44]
 364 0010 00BF     		nop
 365 0012 80BD     		pop	{r7, pc}
 366              	.L19:
 367              		.align	2
 368              	.L18:
 369 0014 00000000 		.word	DACD2
 370 0018 00000000 		.word	dma1_ch2_params
 371              		.size	dac_lld_init, .-dac_lld_init
 372              		.section	.text.dac_lld_start,"ax",%progbits
 373              		.align	1
 374              		.global	dac_lld_start
 375              		.syntax unified
 376              		.thumb
 377              		.thumb_func
 378              		.fpu fpv4-sp-d16
 379              		.type	dac_lld_start, %function
 380              	dac_lld_start:
 381              		@ args = 0, pretend = 0, frame = 8
 382              		@ frame_needed = 1, uses_anonymous_args = 0
 383 0000 80B5     		push	{r7, lr}
 384 0002 82B0     		sub	sp, sp, #8
 385 0004 00AF     		add	r7, sp, #0
 386 0006 7860     		str	r0, [r7, #4]
 387 0008 7B68     		ldr	r3, [r7, #4]
 388 000a 1B78     		ldrb	r3, [r3]	@ zero_extendqisi2
 389 000c 012B     		cmp	r3, #1
 390 000e 2BD1     		bne	.L23
 391 0010 7B68     		ldr	r3, [r7, #4]
 392 0012 174A     		ldr	r2, .L24
 393 0014 9342     		cmp	r3, r2
 394 0016 05D1     		bne	.L22
 395 0018 164B     		ldr	r3, .L24+4
ARM GAS  /var/folders/d2/nstgp4h54kz7g1l847x_b8wc0000gn/T//ccIMXX74.s 			page 8


 396 001a 1B6C     		ldr	r3, [r3, #64]
 397 001c 154A     		ldr	r2, .L24+4
 398 001e 43F00053 		orr	r3, r3, #536870912
 399 0022 1364     		str	r3, [r2, #64]
 400              	.L22:
 401 0024 7B68     		ldr	r3, [r7, #4]
 402 0026 DB6A     		ldr	r3, [r3, #44]
 403 0028 1B68     		ldr	r3, [r3]
 404 002a 1968     		ldr	r1, [r3]
 405 002c 7B68     		ldr	r3, [r7, #4]
 406 002e DB6A     		ldr	r3, [r3, #44]
 407 0030 DA68     		ldr	r2, [r3, #12]
 408 0032 7B68     		ldr	r3, [r7, #4]
 409 0034 DB6A     		ldr	r3, [r3, #44]
 410 0036 1B68     		ldr	r3, [r3]
 411 0038 0A40     		ands	r2, r2, r1
 412 003a 1A60     		str	r2, [r3]
 413 003c 7B68     		ldr	r3, [r7, #4]
 414 003e DB6A     		ldr	r3, [r3, #44]
 415 0040 1B68     		ldr	r3, [r3]
 416 0042 1968     		ldr	r1, [r3]
 417 0044 7B68     		ldr	r3, [r7, #4]
 418 0046 DB6A     		ldr	r3, [r3, #44]
 419 0048 9B68     		ldr	r3, [r3, #8]
 420 004a 0122     		movs	r2, #1
 421 004c 9A40     		lsls	r2, r2, r3
 422 004e 7B68     		ldr	r3, [r7, #4]
 423 0050 DB6A     		ldr	r3, [r3, #44]
 424 0052 1B68     		ldr	r3, [r3]
 425 0054 0A43     		orrs	r2, r2, r1
 426 0056 1A60     		str	r2, [r3]
 427 0058 7B68     		ldr	r3, [r7, #4]
 428 005a 1B69     		ldr	r3, [r3, #16]
 429 005c 1B88     		ldrh	r3, [r3]
 430 005e 1A46     		mov	r2, r3
 431 0060 0021     		movs	r1, #0
 432 0062 7868     		ldr	r0, [r7, #4]
 433 0064 FFF7FEFF 		bl	dac_lld_put_channel
 434              	.L23:
 435 0068 00BF     		nop
 436 006a 0837     		adds	r7, r7, #8
 437 006c BD46     		mov	sp, r7
 438              		@ sp needed
 439 006e 80BD     		pop	{r7, pc}
 440              	.L25:
 441              		.align	2
 442              	.L24:
 443 0070 00000000 		.word	DACD2
 444 0074 00380240 		.word	1073887232
 445              		.size	dac_lld_start, .-dac_lld_start
 446              		.section	.text.dac_lld_stop,"ax",%progbits
 447              		.align	1
 448              		.global	dac_lld_stop
 449              		.syntax unified
 450              		.thumb
 451              		.thumb_func
 452              		.fpu fpv4-sp-d16
ARM GAS  /var/folders/d2/nstgp4h54kz7g1l847x_b8wc0000gn/T//ccIMXX74.s 			page 9


 453              		.type	dac_lld_stop, %function
 454              	dac_lld_stop:
 455              		@ args = 0, pretend = 0, frame = 8
 456              		@ frame_needed = 1, uses_anonymous_args = 0
 457              		@ link register save eliminated.
 458 0000 80B4     		push	{r7}
 459 0002 83B0     		sub	sp, sp, #12
 460 0004 00AF     		add	r7, sp, #0
 461 0006 7860     		str	r0, [r7, #4]
 462 0008 7B68     		ldr	r3, [r7, #4]
 463 000a 1B78     		ldrb	r3, [r3]	@ zero_extendqisi2
 464 000c 022B     		cmp	r3, #2
 465 000e 1DD1     		bne	.L28
 466 0010 7B68     		ldr	r3, [r7, #4]
 467 0012 DB6A     		ldr	r3, [r3, #44]
 468 0014 1B68     		ldr	r3, [r3]
 469 0016 1968     		ldr	r1, [r3]
 470 0018 7B68     		ldr	r3, [r7, #4]
 471 001a DB6A     		ldr	r3, [r3, #44]
 472 001c DA68     		ldr	r2, [r3, #12]
 473 001e 7B68     		ldr	r3, [r7, #4]
 474 0020 DB6A     		ldr	r3, [r3, #44]
 475 0022 1B68     		ldr	r3, [r3]
 476 0024 0A40     		ands	r2, r2, r1
 477 0026 1A60     		str	r2, [r3]
 478 0028 7B68     		ldr	r3, [r7, #4]
 479 002a 0B4A     		ldr	r2, .L29
 480 002c 9342     		cmp	r3, r2
 481 002e 0DD1     		bne	.L28
 482 0030 7B68     		ldr	r3, [r7, #4]
 483 0032 DB6A     		ldr	r3, [r3, #44]
 484 0034 1B68     		ldr	r3, [r3]
 485 0036 1B68     		ldr	r3, [r3]
 486 0038 03F00103 		and	r3, r3, #1
 487 003c 002B     		cmp	r3, #0
 488 003e 05D1     		bne	.L28
 489 0040 064B     		ldr	r3, .L29+4
 490 0042 1B6C     		ldr	r3, [r3, #64]
 491 0044 054A     		ldr	r2, .L29+4
 492 0046 23F00053 		bic	r3, r3, #536870912
 493 004a 1364     		str	r3, [r2, #64]
 494              	.L28:
 495 004c 00BF     		nop
 496 004e 0C37     		adds	r7, r7, #12
 497 0050 BD46     		mov	sp, r7
 498              		@ sp needed
 499 0052 5DF8047B 		ldr	r7, [sp], #4
 500 0056 7047     		bx	lr
 501              	.L30:
 502              		.align	2
 503              	.L29:
 504 0058 00000000 		.word	DACD2
 505 005c 00380240 		.word	1073887232
 506              		.size	dac_lld_stop, .-dac_lld_stop
 507              		.section	.text.dac_lld_put_channel,"ax",%progbits
 508              		.align	1
 509              		.global	dac_lld_put_channel
ARM GAS  /var/folders/d2/nstgp4h54kz7g1l847x_b8wc0000gn/T//ccIMXX74.s 			page 10


 510              		.syntax unified
 511              		.thumb
 512              		.thumb_func
 513              		.fpu fpv4-sp-d16
 514              		.type	dac_lld_put_channel, %function
 515              	dac_lld_put_channel:
 516              		@ args = 0, pretend = 0, frame = 16
 517              		@ frame_needed = 1, uses_anonymous_args = 0
 518 0000 80B5     		push	{r7, lr}
 519 0002 84B0     		sub	sp, sp, #16
 520 0004 00AF     		add	r7, sp, #0
 521 0006 F860     		str	r0, [r7, #12]
 522 0008 B960     		str	r1, [r7, #8]
 523 000a 1346     		mov	r3, r2
 524 000c FB80     		strh	r3, [r7, #6]	@ movhi
 525 000e FB68     		ldr	r3, [r7, #12]
 526 0010 1B69     		ldr	r3, [r3, #16]
 527 0012 9B78     		ldrb	r3, [r3, #2]	@ zero_extendqisi2
 528 0014 012B     		cmp	r3, #1
 529 0016 12D0     		beq	.L33
 530 0018 022B     		cmp	r3, #2
 531 001a 1FD0     		beq	.L34
 532 001c 002B     		cmp	r3, #0
 533 001e 2CD1     		bne	.L44
 534 0020 BB68     		ldr	r3, [r7, #8]
 535 0022 002B     		cmp	r3, #0
 536 0024 05D1     		bne	.L36
 537 0026 FB68     		ldr	r3, [r7, #12]
 538 0028 DB6A     		ldr	r3, [r3, #44]
 539 002a 1B68     		ldr	r3, [r3]
 540 002c FA88     		ldrh	r2, [r7, #6]
 541 002e 9A60     		str	r2, [r3, #8]
 542 0030 27E0     		b	.L38
 543              	.L36:
 544 0032 FB68     		ldr	r3, [r7, #12]
 545 0034 DB6A     		ldr	r3, [r3, #44]
 546 0036 1B68     		ldr	r3, [r3]
 547 0038 FA88     		ldrh	r2, [r7, #6]
 548 003a 5A61     		str	r2, [r3, #20]
 549 003c 21E0     		b	.L38
 550              	.L33:
 551 003e BB68     		ldr	r3, [r7, #8]
 552 0040 002B     		cmp	r3, #0
 553 0042 05D1     		bne	.L39
 554 0044 FB68     		ldr	r3, [r7, #12]
 555 0046 DB6A     		ldr	r3, [r3, #44]
 556 0048 1B68     		ldr	r3, [r3]
 557 004a FA88     		ldrh	r2, [r7, #6]
 558 004c DA60     		str	r2, [r3, #12]
 559 004e 18E0     		b	.L38
 560              	.L39:
 561 0050 FB68     		ldr	r3, [r7, #12]
 562 0052 DB6A     		ldr	r3, [r3, #44]
 563 0054 1B68     		ldr	r3, [r3]
 564 0056 FA88     		ldrh	r2, [r7, #6]
 565 0058 9A61     		str	r2, [r3, #24]
 566 005a 12E0     		b	.L38
ARM GAS  /var/folders/d2/nstgp4h54kz7g1l847x_b8wc0000gn/T//ccIMXX74.s 			page 11


 567              	.L34:
 568 005c BB68     		ldr	r3, [r7, #8]
 569 005e 002B     		cmp	r3, #0
 570 0060 05D1     		bne	.L41
 571 0062 FB68     		ldr	r3, [r7, #12]
 572 0064 DB6A     		ldr	r3, [r3, #44]
 573 0066 1B68     		ldr	r3, [r3]
 574 0068 FA88     		ldrh	r2, [r7, #6]
 575 006a 1A61     		str	r2, [r3, #16]
 576 006c 09E0     		b	.L38
 577              	.L41:
 578 006e FB68     		ldr	r3, [r7, #12]
 579 0070 DB6A     		ldr	r3, [r3, #44]
 580 0072 1B68     		ldr	r3, [r3]
 581 0074 FA88     		ldrh	r2, [r7, #6]
 582 0076 DA61     		str	r2, [r3, #28]
 583 0078 03E0     		b	.L38
 584              	.L44:
 585 007a 0448     		ldr	r0, .L45
 586 007c FFF7FEFF 		bl	chSysHalt
 587 0080 00BF     		nop
 588              	.L38:
 589 0082 00BF     		nop
 590 0084 1037     		adds	r7, r7, #16
 591 0086 BD46     		mov	sp, r7
 592              		@ sp needed
 593 0088 80BD     		pop	{r7, pc}
 594              	.L46:
 595 008a 00BF     		.align	2
 596              	.L45:
 597 008c 00000000 		.word	__func__.9865
 598              		.size	dac_lld_put_channel, .-dac_lld_put_channel
 599              		.section	.text.dac_lld_start_conversion,"ax",%progbits
 600              		.align	1
 601              		.global	dac_lld_start_conversion
 602              		.syntax unified
 603              		.thumb
 604              		.thumb_func
 605              		.fpu fpv4-sp-d16
 606              		.type	dac_lld_start_conversion, %function
 607              	dac_lld_start_conversion:
 608              		@ args = 0, pretend = 0, frame = 24
 609              		@ frame_needed = 1, uses_anonymous_args = 0
 610 0000 80B5     		push	{r7, lr}
 611 0002 86B0     		sub	sp, sp, #24
 612 0004 00AF     		add	r7, sp, #0
 613 0006 7860     		str	r0, [r7, #4]
 614 0008 7B68     		ldr	r3, [r7, #4]
 615 000a 9B89     		ldrh	r3, [r3, #12]
 616 000c 1A46     		mov	r2, r3
 617 000e 7B68     		ldr	r3, [r7, #4]
 618 0010 5B68     		ldr	r3, [r3, #4]
 619 0012 1B68     		ldr	r3, [r3]
 620 0014 03FB02F3 		mul	r3, r3, r2
 621 0018 7B61     		str	r3, [r7, #20]
 622 001a 7B68     		ldr	r3, [r7, #4]
 623 001c DB6A     		ldr	r3, [r3, #44]
ARM GAS  /var/folders/d2/nstgp4h54kz7g1l847x_b8wc0000gn/T//ccIMXX74.s 			page 12


 624 001e 1869     		ldr	r0, [r3, #16]
 625 0020 7B68     		ldr	r3, [r7, #4]
 626 0022 DB6A     		ldr	r3, [r3, #44]
 627 0024 9969     		ldr	r1, [r3, #24]
 628 0026 7B68     		ldr	r3, [r7, #4]
 629 0028 5D4A     		ldr	r2, .L63
 630 002a FFF7FEFF 		bl	dmaStreamAllocate
 631 002e 0346     		mov	r3, r0
 632 0030 FB73     		strb	r3, [r7, #15]
 633 0032 FB7B     		ldrb	r3, [r7, #15]	@ zero_extendqisi2
 634 0034 002B     		cmp	r3, #0
 635 0036 02D0     		beq	.L48
 636 0038 5A48     		ldr	r0, .L63+4
 637 003a FFF7FEFF 		bl	chSysHalt
 638              	.L48:
 639 003e 7B68     		ldr	r3, [r7, #4]
 640 0040 1B69     		ldr	r3, [r3, #16]
 641 0042 9B78     		ldrb	r3, [r3, #2]	@ zero_extendqisi2
 642 0044 012B     		cmp	r3, #1
 643 0046 21D0     		beq	.L58
 644 0048 022B     		cmp	r3, #2
 645 004a 3DD0     		beq	.L59
 646 004c 002B     		cmp	r3, #0
 647 004e 5BD1     		bne	.L62
 648 0050 7B68     		ldr	r3, [r7, #4]
 649 0052 5B68     		ldr	r3, [r3, #4]
 650 0054 1B68     		ldr	r3, [r3]
 651 0056 012B     		cmp	r3, #1
 652 0058 02D0     		beq	.L53
 653 005a 5248     		ldr	r0, .L63+4
 654 005c FFF7FEFF 		bl	chSysHalt
 655              	.L53:
 656 0060 7B68     		ldr	r3, [r7, #4]
 657 0062 DB6A     		ldr	r3, [r3, #44]
 658 0064 1B68     		ldr	r3, [r3]
 659 0066 03F10802 		add	r2, r3, #8
 660 006a 7B68     		ldr	r3, [r7, #4]
 661 006c DB6A     		ldr	r3, [r3, #44]
 662 006e 5B68     		ldr	r3, [r3, #4]
 663 0070 9B00     		lsls	r3, r3, #2
 664 0072 1A44     		add	r2, r2, r3
 665 0074 7B68     		ldr	r3, [r7, #4]
 666 0076 DB6A     		ldr	r3, [r3, #44]
 667 0078 1B69     		ldr	r3, [r3, #16]
 668 007a 1B68     		ldr	r3, [r3]
 669 007c 9A60     		str	r2, [r3, #8]
 670 007e 7B68     		ldr	r3, [r7, #4]
 671 0080 DB6A     		ldr	r3, [r3, #44]
 672 0082 5B69     		ldr	r3, [r3, #20]
 673 0084 43F42053 		orr	r3, r3, #10240
 674 0088 3B61     		str	r3, [r7, #16]
 675 008a 41E0     		b	.L54
 676              	.L58:
 677 008c 7B68     		ldr	r3, [r7, #4]
 678 008e 5B68     		ldr	r3, [r3, #4]
 679 0090 1B68     		ldr	r3, [r3]
 680 0092 012B     		cmp	r3, #1
ARM GAS  /var/folders/d2/nstgp4h54kz7g1l847x_b8wc0000gn/T//ccIMXX74.s 			page 13


 681 0094 02D0     		beq	.L55
 682 0096 4348     		ldr	r0, .L63+4
 683 0098 FFF7FEFF 		bl	chSysHalt
 684              	.L55:
 685 009c 7B68     		ldr	r3, [r7, #4]
 686 009e DB6A     		ldr	r3, [r3, #44]
 687 00a0 1B68     		ldr	r3, [r3]
 688 00a2 03F10C02 		add	r2, r3, #12
 689 00a6 7B68     		ldr	r3, [r7, #4]
 690 00a8 DB6A     		ldr	r3, [r3, #44]
 691 00aa 5B68     		ldr	r3, [r3, #4]
 692 00ac 9B00     		lsls	r3, r3, #2
 693 00ae 1A44     		add	r2, r2, r3
 694 00b0 7B68     		ldr	r3, [r7, #4]
 695 00b2 DB6A     		ldr	r3, [r3, #44]
 696 00b4 1B69     		ldr	r3, [r3, #16]
 697 00b6 1B68     		ldr	r3, [r3]
 698 00b8 9A60     		str	r2, [r3, #8]
 699 00ba 7B68     		ldr	r3, [r7, #4]
 700 00bc DB6A     		ldr	r3, [r3, #44]
 701 00be 5B69     		ldr	r3, [r3, #20]
 702 00c0 43F42053 		orr	r3, r3, #10240
 703 00c4 3B61     		str	r3, [r7, #16]
 704 00c6 23E0     		b	.L54
 705              	.L59:
 706 00c8 7B68     		ldr	r3, [r7, #4]
 707 00ca 5B68     		ldr	r3, [r3, #4]
 708 00cc 1B68     		ldr	r3, [r3]
 709 00ce 012B     		cmp	r3, #1
 710 00d0 02D0     		beq	.L56
 711 00d2 3448     		ldr	r0, .L63+4
 712 00d4 FFF7FEFF 		bl	chSysHalt
 713              	.L56:
 714 00d8 7B68     		ldr	r3, [r7, #4]
 715 00da DB6A     		ldr	r3, [r3, #44]
 716 00dc 1B68     		ldr	r3, [r3]
 717 00de 03F11002 		add	r2, r3, #16
 718 00e2 7B68     		ldr	r3, [r7, #4]
 719 00e4 DB6A     		ldr	r3, [r3, #44]
 720 00e6 5B68     		ldr	r3, [r3, #4]
 721 00e8 9B00     		lsls	r3, r3, #2
 722 00ea 1A44     		add	r2, r2, r3
 723 00ec 7B68     		ldr	r3, [r7, #4]
 724 00ee DB6A     		ldr	r3, [r3, #44]
 725 00f0 1B69     		ldr	r3, [r3, #16]
 726 00f2 1B68     		ldr	r3, [r3]
 727 00f4 9A60     		str	r2, [r3, #8]
 728 00f6 7B68     		ldr	r3, [r7, #4]
 729 00f8 DB6A     		ldr	r3, [r3, #44]
 730 00fa 5B69     		ldr	r3, [r3, #20]
 731 00fc 3B61     		str	r3, [r7, #16]
 732 00fe 7B69     		ldr	r3, [r7, #20]
 733 0100 0133     		adds	r3, r3, #1
 734 0102 5B08     		lsrs	r3, r3, #1
 735 0104 7B61     		str	r3, [r7, #20]
 736 0106 03E0     		b	.L54
 737              	.L62:
ARM GAS  /var/folders/d2/nstgp4h54kz7g1l847x_b8wc0000gn/T//ccIMXX74.s 			page 14


 738 0108 2648     		ldr	r0, .L63+4
 739 010a FFF7FEFF 		bl	chSysHalt
 740 010e 43E0     		b	.L47
 741              	.L54:
 742 0110 7B68     		ldr	r3, [r7, #4]
 743 0112 9A68     		ldr	r2, [r3, #8]
 744 0114 7B68     		ldr	r3, [r7, #4]
 745 0116 DB6A     		ldr	r3, [r3, #44]
 746 0118 1B69     		ldr	r3, [r3, #16]
 747 011a 1B68     		ldr	r3, [r3]
 748 011c DA60     		str	r2, [r3, #12]
 749 011e 7B68     		ldr	r3, [r7, #4]
 750 0120 DB6A     		ldr	r3, [r3, #44]
 751 0122 1B69     		ldr	r3, [r3, #16]
 752 0124 1B68     		ldr	r3, [r3]
 753 0126 7A69     		ldr	r2, [r7, #20]
 754 0128 5A60     		str	r2, [r3, #4]
 755 012a 7B68     		ldr	r3, [r7, #4]
 756 012c DB6A     		ldr	r3, [r3, #44]
 757 012e 1B69     		ldr	r3, [r3, #16]
 758 0130 1B68     		ldr	r3, [r3]
 759 0132 3A69     		ldr	r2, [r7, #16]
 760 0134 42F01E02 		orr	r2, r2, #30
 761 0138 1A60     		str	r2, [r3]
 762 013a 7B68     		ldr	r3, [r7, #4]
 763 013c DB6A     		ldr	r3, [r3, #44]
 764 013e 1B69     		ldr	r3, [r3, #16]
 765 0140 1B68     		ldr	r3, [r3]
 766 0142 1A68     		ldr	r2, [r3]
 767 0144 7B68     		ldr	r3, [r7, #4]
 768 0146 DB6A     		ldr	r3, [r3, #44]
 769 0148 1B69     		ldr	r3, [r3, #16]
 770 014a 1B68     		ldr	r3, [r3]
 771 014c 42F00102 		orr	r2, r2, #1
 772 0150 1A60     		str	r2, [r3]
 773 0152 7B68     		ldr	r3, [r7, #4]
 774 0154 5B68     		ldr	r3, [r3, #4]
 775 0156 DB68     		ldr	r3, [r3, #12]
 776 0158 DB00     		lsls	r3, r3, #3
 777 015a 43F48053 		orr	r3, r3, #4096
 778 015e 43F00503 		orr	r3, r3, #5
 779 0162 BB60     		str	r3, [r7, #8]
 780 0164 7B68     		ldr	r3, [r7, #4]
 781 0166 DB6A     		ldr	r3, [r3, #44]
 782 0168 1B68     		ldr	r3, [r3]
 783 016a 1968     		ldr	r1, [r3]
 784 016c 7B68     		ldr	r3, [r7, #4]
 785 016e DB6A     		ldr	r3, [r3, #44]
 786 0170 DA68     		ldr	r2, [r3, #12]
 787 0172 7B68     		ldr	r3, [r7, #4]
 788 0174 DB6A     		ldr	r3, [r3, #44]
 789 0176 1B68     		ldr	r3, [r3]
 790 0178 0A40     		ands	r2, r2, r1
 791 017a 1A60     		str	r2, [r3]
 792 017c 7B68     		ldr	r3, [r7, #4]
 793 017e DB6A     		ldr	r3, [r3, #44]
 794 0180 1B68     		ldr	r3, [r3]
ARM GAS  /var/folders/d2/nstgp4h54kz7g1l847x_b8wc0000gn/T//ccIMXX74.s 			page 15


 795 0182 1968     		ldr	r1, [r3]
 796 0184 7B68     		ldr	r3, [r7, #4]
 797 0186 DB6A     		ldr	r3, [r3, #44]
 798 0188 9B68     		ldr	r3, [r3, #8]
 799 018a BA68     		ldr	r2, [r7, #8]
 800 018c 9A40     		lsls	r2, r2, r3
 801 018e 7B68     		ldr	r3, [r7, #4]
 802 0190 DB6A     		ldr	r3, [r3, #44]
 803 0192 1B68     		ldr	r3, [r3]
 804 0194 0A43     		orrs	r2, r2, r1
 805 0196 1A60     		str	r2, [r3]
 806              	.L47:
 807 0198 1837     		adds	r7, r7, #24
 808 019a BD46     		mov	sp, r7
 809              		@ sp needed
 810 019c 80BD     		pop	{r7, pc}
 811              	.L64:
 812 019e 00BF     		.align	2
 813              	.L63:
 814 01a0 00000000 		.word	dac_lld_serve_tx_interrupt
 815 01a4 00000000 		.word	__func__.9873
 816              		.size	dac_lld_start_conversion, .-dac_lld_start_conversion
 817              		.section	.text.dac_lld_stop_conversion,"ax",%progbits
 818              		.align	1
 819              		.global	dac_lld_stop_conversion
 820              		.syntax unified
 821              		.thumb
 822              		.thumb_func
 823              		.fpu fpv4-sp-d16
 824              		.type	dac_lld_stop_conversion, %function
 825              	dac_lld_stop_conversion:
 826              		@ args = 0, pretend = 0, frame = 8
 827              		@ frame_needed = 1, uses_anonymous_args = 0
 828 0000 80B5     		push	{r7, lr}
 829 0002 82B0     		sub	sp, sp, #8
 830 0004 00AF     		add	r7, sp, #0
 831 0006 7860     		str	r0, [r7, #4]
 832 0008 7B68     		ldr	r3, [r7, #4]
 833 000a DB6A     		ldr	r3, [r3, #44]
 834 000c 1B69     		ldr	r3, [r3, #16]
 835 000e 1B68     		ldr	r3, [r3]
 836 0010 1A68     		ldr	r2, [r3]
 837 0012 7B68     		ldr	r3, [r7, #4]
 838 0014 DB6A     		ldr	r3, [r3, #44]
 839 0016 1B69     		ldr	r3, [r3, #16]
 840 0018 1B68     		ldr	r3, [r3]
 841 001a 22F01F02 		bic	r2, r2, #31
 842 001e 1A60     		str	r2, [r3]
 843 0020 00BF     		nop
 844              	.L66:
 845 0022 7B68     		ldr	r3, [r7, #4]
 846 0024 DB6A     		ldr	r3, [r3, #44]
 847 0026 1B69     		ldr	r3, [r3, #16]
 848 0028 1B68     		ldr	r3, [r3]
 849 002a 1B68     		ldr	r3, [r3]
 850 002c 03F00103 		and	r3, r3, #1
 851 0030 002B     		cmp	r3, #0
ARM GAS  /var/folders/d2/nstgp4h54kz7g1l847x_b8wc0000gn/T//ccIMXX74.s 			page 16


 852 0032 F6D1     		bne	.L66
 853 0034 7B68     		ldr	r3, [r7, #4]
 854 0036 DB6A     		ldr	r3, [r3, #44]
 855 0038 1B69     		ldr	r3, [r3, #16]
 856 003a 1B7A     		ldrb	r3, [r3, #8]	@ zero_extendqisi2
 857 003c 1A46     		mov	r2, r3
 858 003e 3D23     		movs	r3, #61
 859 0040 03FA02F2 		lsl	r2, r3, r2
 860 0044 7B68     		ldr	r3, [r7, #4]
 861 0046 DB6A     		ldr	r3, [r3, #44]
 862 0048 1B69     		ldr	r3, [r3, #16]
 863 004a 5B68     		ldr	r3, [r3, #4]
 864 004c 1A60     		str	r2, [r3]
 865 004e 7B68     		ldr	r3, [r7, #4]
 866 0050 DB6A     		ldr	r3, [r3, #44]
 867 0052 1B69     		ldr	r3, [r3, #16]
 868 0054 1846     		mov	r0, r3
 869 0056 FFF7FEFF 		bl	dmaStreamRelease
 870 005a 7B68     		ldr	r3, [r7, #4]
 871 005c DB6A     		ldr	r3, [r3, #44]
 872 005e 1B68     		ldr	r3, [r3]
 873 0060 1968     		ldr	r1, [r3]
 874 0062 7B68     		ldr	r3, [r7, #4]
 875 0064 DB6A     		ldr	r3, [r3, #44]
 876 0066 DA68     		ldr	r2, [r3, #12]
 877 0068 7B68     		ldr	r3, [r7, #4]
 878 006a DB6A     		ldr	r3, [r3, #44]
 879 006c 1B68     		ldr	r3, [r3]
 880 006e 0A40     		ands	r2, r2, r1
 881 0070 1A60     		str	r2, [r3]
 882 0072 7B68     		ldr	r3, [r7, #4]
 883 0074 DB6A     		ldr	r3, [r3, #44]
 884 0076 1B68     		ldr	r3, [r3]
 885 0078 1968     		ldr	r1, [r3]
 886 007a 7B68     		ldr	r3, [r7, #4]
 887 007c DB6A     		ldr	r3, [r3, #44]
 888 007e 9B68     		ldr	r3, [r3, #8]
 889 0080 0122     		movs	r2, #1
 890 0082 9A40     		lsls	r2, r2, r3
 891 0084 7B68     		ldr	r3, [r7, #4]
 892 0086 DB6A     		ldr	r3, [r3, #44]
 893 0088 1B68     		ldr	r3, [r3]
 894 008a 0A43     		orrs	r2, r2, r1
 895 008c 1A60     		str	r2, [r3]
 896 008e 00BF     		nop
 897 0090 0837     		adds	r7, r7, #8
 898 0092 BD46     		mov	sp, r7
 899              		@ sp needed
 900 0094 80BD     		pop	{r7, pc}
 901              		.size	dac_lld_stop_conversion, .-dac_lld_stop_conversion
 902              		.section	.rodata.__func__.9865,"a",%progbits
 903              		.align	2
 904              		.type	__func__.9865, %object
 905              		.size	__func__.9865, 20
 906              	__func__.9865:
 907 0000 6461635F 		.ascii	"dac_lld_put_channel\000"
 907      6C6C645F 
ARM GAS  /var/folders/d2/nstgp4h54kz7g1l847x_b8wc0000gn/T//ccIMXX74.s 			page 17


 907      7075745F 
 907      6368616E 
 907      6E656C00 
 908              		.section	.rodata.__func__.9873,"a",%progbits
 909              		.align	2
 910              		.type	__func__.9873, %object
 911              		.size	__func__.9873, 25
 912              	__func__.9873:
 913 0000 6461635F 		.ascii	"dac_lld_start_conversion\000"
 913      6C6C645F 
 913      73746172 
 913      745F636F 
 913      6E766572 
 914              		.ident	"GCC: (GNU Tools for Arm Embedded Processors 7-2017-q4-major) 7.2.1 20170904 (release) [ARM
ARM GAS  /var/folders/d2/nstgp4h54kz7g1l847x_b8wc0000gn/T//ccIMXX74.s 			page 18


DEFINED SYMBOLS
                            *ABS*:0000000000000000 dac_lld.c
/var/folders/d2/nstgp4h54kz7g1l847x_b8wc0000gn/T//ccIMXX74.s:15     .text.port_lock:0000000000000000 $t
/var/folders/d2/nstgp4h54kz7g1l847x_b8wc0000gn/T//ccIMXX74.s:21     .text.port_lock:0000000000000000 port_lock
/var/folders/d2/nstgp4h54kz7g1l847x_b8wc0000gn/T//ccIMXX74.s:45     .text.port_unlock:0000000000000000 $t
/var/folders/d2/nstgp4h54kz7g1l847x_b8wc0000gn/T//ccIMXX74.s:51     .text.port_unlock:0000000000000000 port_unlock
/var/folders/d2/nstgp4h54kz7g1l847x_b8wc0000gn/T//ccIMXX74.s:75     .text.port_lock_from_isr:0000000000000000 $t
/var/folders/d2/nstgp4h54kz7g1l847x_b8wc0000gn/T//ccIMXX74.s:81     .text.port_lock_from_isr:0000000000000000 port_lock_from_isr
/var/folders/d2/nstgp4h54kz7g1l847x_b8wc0000gn/T//ccIMXX74.s:91     .text.port_unlock_from_isr:0000000000000000 $t
/var/folders/d2/nstgp4h54kz7g1l847x_b8wc0000gn/T//ccIMXX74.s:97     .text.port_unlock_from_isr:0000000000000000 port_unlock_from_isr
/var/folders/d2/nstgp4h54kz7g1l847x_b8wc0000gn/T//ccIMXX74.s:107    .text.chSysLockFromISR:0000000000000000 $t
/var/folders/d2/nstgp4h54kz7g1l847x_b8wc0000gn/T//ccIMXX74.s:113    .text.chSysLockFromISR:0000000000000000 chSysLockFromISR
/var/folders/d2/nstgp4h54kz7g1l847x_b8wc0000gn/T//ccIMXX74.s:125    .text.chSysUnlockFromISR:0000000000000000 $t
/var/folders/d2/nstgp4h54kz7g1l847x_b8wc0000gn/T//ccIMXX74.s:131    .text.chSysUnlockFromISR:0000000000000000 chSysUnlockFromISR
/var/folders/d2/nstgp4h54kz7g1l847x_b8wc0000gn/T//ccIMXX74.s:143    .text.osalSysLockFromISR:0000000000000000 $t
/var/folders/d2/nstgp4h54kz7g1l847x_b8wc0000gn/T//ccIMXX74.s:149    .text.osalSysLockFromISR:0000000000000000 osalSysLockFromISR
/var/folders/d2/nstgp4h54kz7g1l847x_b8wc0000gn/T//ccIMXX74.s:159    .text.osalSysUnlockFromISR:0000000000000000 $t
/var/folders/d2/nstgp4h54kz7g1l847x_b8wc0000gn/T//ccIMXX74.s:165    .text.osalSysUnlockFromISR:0000000000000000 osalSysUnlockFromISR
/var/folders/d2/nstgp4h54kz7g1l847x_b8wc0000gn/T//ccIMXX74.s:175    .text.osalThreadResumeI:0000000000000000 $t
/var/folders/d2/nstgp4h54kz7g1l847x_b8wc0000gn/T//ccIMXX74.s:181    .text.osalThreadResumeI:0000000000000000 osalThreadResumeI
/var/folders/d2/nstgp4h54kz7g1l847x_b8wc0000gn/T//ccIMXX74.s:203    .bss.DACD2:0000000000000000 DACD2
/var/folders/d2/nstgp4h54kz7g1l847x_b8wc0000gn/T//ccIMXX74.s:200    .bss.DACD2:0000000000000000 $d
/var/folders/d2/nstgp4h54kz7g1l847x_b8wc0000gn/T//ccIMXX74.s:206    .rodata.dma1_ch2_params:0000000000000000 $d
/var/folders/d2/nstgp4h54kz7g1l847x_b8wc0000gn/T//ccIMXX74.s:209    .rodata.dma1_ch2_params:0000000000000000 dma1_ch2_params
/var/folders/d2/nstgp4h54kz7g1l847x_b8wc0000gn/T//ccIMXX74.s:218    .text.dac_lld_serve_tx_interrupt:0000000000000000 $t
/var/folders/d2/nstgp4h54kz7g1l847x_b8wc0000gn/T//ccIMXX74.s:224    .text.dac_lld_serve_tx_interrupt:0000000000000000 dac_lld_serve_tx_interrupt
/var/folders/d2/nstgp4h54kz7g1l847x_b8wc0000gn/T//ccIMXX74.s:825    .text.dac_lld_stop_conversion:0000000000000000 dac_lld_stop_conversion
/var/folders/d2/nstgp4h54kz7g1l847x_b8wc0000gn/T//ccIMXX74.s:347    .text.dac_lld_init:0000000000000000 $t
/var/folders/d2/nstgp4h54kz7g1l847x_b8wc0000gn/T//ccIMXX74.s:354    .text.dac_lld_init:0000000000000000 dac_lld_init
/var/folders/d2/nstgp4h54kz7g1l847x_b8wc0000gn/T//ccIMXX74.s:369    .text.dac_lld_init:0000000000000014 $d
/var/folders/d2/nstgp4h54kz7g1l847x_b8wc0000gn/T//ccIMXX74.s:373    .text.dac_lld_start:0000000000000000 $t
/var/folders/d2/nstgp4h54kz7g1l847x_b8wc0000gn/T//ccIMXX74.s:380    .text.dac_lld_start:0000000000000000 dac_lld_start
/var/folders/d2/nstgp4h54kz7g1l847x_b8wc0000gn/T//ccIMXX74.s:515    .text.dac_lld_put_channel:0000000000000000 dac_lld_put_channel
/var/folders/d2/nstgp4h54kz7g1l847x_b8wc0000gn/T//ccIMXX74.s:443    .text.dac_lld_start:0000000000000070 $d
/var/folders/d2/nstgp4h54kz7g1l847x_b8wc0000gn/T//ccIMXX74.s:447    .text.dac_lld_stop:0000000000000000 $t
/var/folders/d2/nstgp4h54kz7g1l847x_b8wc0000gn/T//ccIMXX74.s:454    .text.dac_lld_stop:0000000000000000 dac_lld_stop
/var/folders/d2/nstgp4h54kz7g1l847x_b8wc0000gn/T//ccIMXX74.s:504    .text.dac_lld_stop:0000000000000058 $d
/var/folders/d2/nstgp4h54kz7g1l847x_b8wc0000gn/T//ccIMXX74.s:508    .text.dac_lld_put_channel:0000000000000000 $t
/var/folders/d2/nstgp4h54kz7g1l847x_b8wc0000gn/T//ccIMXX74.s:597    .text.dac_lld_put_channel:000000000000008c $d
/var/folders/d2/nstgp4h54kz7g1l847x_b8wc0000gn/T//ccIMXX74.s:906    .rodata.__func__.9865:0000000000000000 __func__.9865
/var/folders/d2/nstgp4h54kz7g1l847x_b8wc0000gn/T//ccIMXX74.s:600    .text.dac_lld_start_conversion:0000000000000000 $t
/var/folders/d2/nstgp4h54kz7g1l847x_b8wc0000gn/T//ccIMXX74.s:607    .text.dac_lld_start_conversion:0000000000000000 dac_lld_start_conversion
/var/folders/d2/nstgp4h54kz7g1l847x_b8wc0000gn/T//ccIMXX74.s:814    .text.dac_lld_start_conversion:00000000000001a0 $d
/var/folders/d2/nstgp4h54kz7g1l847x_b8wc0000gn/T//ccIMXX74.s:912    .rodata.__func__.9873:0000000000000000 __func__.9873
/var/folders/d2/nstgp4h54kz7g1l847x_b8wc0000gn/T//ccIMXX74.s:818    .text.dac_lld_stop_conversion:0000000000000000 $t
/var/folders/d2/nstgp4h54kz7g1l847x_b8wc0000gn/T//ccIMXX74.s:903    .rodata.__func__.9865:0000000000000000 $d
/var/folders/d2/nstgp4h54kz7g1l847x_b8wc0000gn/T//ccIMXX74.s:909    .rodata.__func__.9873:0000000000000000 $d

UNDEFINED SYMBOLS
_stats_start_measure_crit_isr
_dbg_check_lock_from_isr
_dbg_check_unlock_from_isr
_stats_stop_measure_crit_isr
chThdResumeI
_stm32_dma_streams
dacObjectInit
chSysHalt
ARM GAS  /var/folders/d2/nstgp4h54kz7g1l847x_b8wc0000gn/T//ccIMXX74.s 			page 19


dmaStreamAllocate
dmaStreamRelease
