ARM GAS  /var/folders/d2/nstgp4h54kz7g1l847x_b8wc0000gn/T//ccTv0YW8.s 			page 1


   1              		.cpu cortex-m4
   2              		.eabi_attribute 27, 1
   3              		.eabi_attribute 28, 1
   4              		.eabi_attribute 20, 1
   5              		.eabi_attribute 21, 1
   6              		.eabi_attribute 23, 3
   7              		.eabi_attribute 24, 1
   8              		.eabi_attribute 25, 1
   9              		.eabi_attribute 26, 1
  10              		.eabi_attribute 30, 2
  11              		.eabi_attribute 34, 1
  12              		.eabi_attribute 18, 4
  13              		.file	"DataEEPROM.c"
  14              		.text
  15              	.Ltext0:
  16              		.cfi_sections	.debug_frame
  17              		.section	.text.ReadEE,"ax",%progbits
  18              		.align	1
  19              		.p2align 4,,15
  20              		.global	ReadEE
  21              		.syntax unified
  22              		.thumb
  23              		.thumb_func
  24              		.fpu fpv4-sp-d16
  25              		.type	ReadEE, %function
  26              	ReadEE:
  27              	.LFB0:
  28              		.file 1 "../e-puck2_main-processor/src/epuck1x/DataEEPROM.c"
  29              		.loc 1 3 0
  30              		.cfi_startproc
  31              		@ args = 0, pretend = 0, frame = 8
  32              		@ frame_needed = 0, uses_anonymous_args = 0
  33              	.LVL0:
  34 0000 10B5     		push	{r4, lr}
  35              		.cfi_def_cfa_offset 8
  36              		.cfi_offset 4, -8
  37              		.cfi_offset 14, -4
  38 0002 0D4B     		ldr	r3, .L9
  39              	.LVL1:
  40 0004 82B0     		sub	sp, sp, #8
  41              		.cfi_def_cfa_offset 16
  42              		.loc 1 3 0
  43 0006 1C68     		ldr	r4, [r3]
  44 0008 0194     		str	r4, [sp, #4]
  45              		.loc 1 5 0
  46 000a 7F28     		cmp	r0, #127
  47 000c 09D0     		beq	.L7
  48              	.LVL2:
  49              	.L2:
  50              		.loc 1 9 0
  51 000e 0021     		movs	r1, #0
  52              	.LVL3:
  53 0010 1160     		str	r1, [r2]
  54              	.L3:
  55              		.loc 1 12 0
  56 0012 019A     		ldr	r2, [sp, #4]
  57              	.LVL4:
ARM GAS  /var/folders/d2/nstgp4h54kz7g1l847x_b8wc0000gn/T//ccTv0YW8.s 			page 2


  58 0014 1B68     		ldr	r3, [r3]
  59 0016 9A42     		cmp	r2, r3
  60 0018 4FF00000 		mov	r0, #0
  61 001c 09D1     		bne	.L8
  62 001e 02B0     		add	sp, sp, #8
  63              		.cfi_remember_state
  64              		.cfi_def_cfa_offset 8
  65              		@ sp needed
  66 0020 10BD     		pop	{r4, pc}
  67              	.LVL5:
  68              	.L7:
  69              		.cfi_restore_state
  70              		.loc 1 5 0 discriminator 1
  71 0022 4FF6FE70 		movw	r0, #65534
  72              	.LVL6:
  73 0026 8142     		cmp	r1, r0
  74 0028 F1D1     		bne	.L2
  75              		.loc 1 6 0
  76 002a 4FF6F771 		movw	r1, #65527
  77              	.LVL7:
  78 002e 1160     		str	r1, [r2]
  79 0030 EFE7     		b	.L3
  80              	.LVL8:
  81              	.L8:
  82              		.loc 1 12 0
  83 0032 FFF7FEFF 		bl	__stack_chk_fail
  84              	.LVL9:
  85              	.L10:
  86 0036 00BF     		.align	2
  87              	.L9:
  88 0038 00000000 		.word	__stack_chk_guard
  89              		.cfi_endproc
  90              	.LFE0:
  91              		.size	ReadEE, .-ReadEE
  92              		.section	.text.EraseEE,"ax",%progbits
  93              		.align	1
  94              		.p2align 4,,15
  95              		.global	EraseEE
  96              		.syntax unified
  97              		.thumb
  98              		.thumb_func
  99              		.fpu fpv4-sp-d16
 100              		.type	EraseEE, %function
 101              	EraseEE:
 102              	.LFB1:
 103              		.loc 1 14 0
 104              		.cfi_startproc
 105              		@ args = 0, pretend = 0, frame = 8
 106              		@ frame_needed = 0, uses_anonymous_args = 0
 107              	.LVL10:
 108 0000 00B5     		push	{lr}
 109              		.cfi_def_cfa_offset 4
 110              		.cfi_offset 14, -4
 111 0002 074B     		ldr	r3, .L15
 112 0004 83B0     		sub	sp, sp, #12
 113              		.cfi_def_cfa_offset 16
 114              		.loc 1 14 0
ARM GAS  /var/folders/d2/nstgp4h54kz7g1l847x_b8wc0000gn/T//ccTv0YW8.s 			page 3


 115 0006 1A68     		ldr	r2, [r3]
 116              	.LVL11:
 117 0008 0192     		str	r2, [sp, #4]
 118              		.loc 1 19 0
 119 000a 019A     		ldr	r2, [sp, #4]
 120 000c 1B68     		ldr	r3, [r3]
 121 000e 9A42     		cmp	r2, r3
 122 0010 03D1     		bne	.L14
 123 0012 0020     		movs	r0, #0
 124              	.LVL12:
 125 0014 03B0     		add	sp, sp, #12
 126              		.cfi_remember_state
 127              		.cfi_def_cfa_offset 4
 128              		@ sp needed
 129 0016 5DF804FB 		ldr	pc, [sp], #4
 130              	.LVL13:
 131              	.L14:
 132              		.cfi_restore_state
 133 001a FFF7FEFF 		bl	__stack_chk_fail
 134              	.LVL14:
 135              	.L16:
 136 001e 00BF     		.align	2
 137              	.L15:
 138 0020 00000000 		.word	__stack_chk_guard
 139              		.cfi_endproc
 140              	.LFE1:
 141              		.size	EraseEE, .-EraseEE
 142              		.section	.text.WriteEE,"ax",%progbits
 143              		.align	1
 144              		.p2align 4,,15
 145              		.global	WriteEE
 146              		.syntax unified
 147              		.thumb
 148              		.thumb_func
 149              		.fpu fpv4-sp-d16
 150              		.type	WriteEE, %function
 151              	WriteEE:
 152              	.LFB2:
 153              		.loc 1 21 0
 154              		.cfi_startproc
 155              		@ args = 0, pretend = 0, frame = 8
 156              		@ frame_needed = 0, uses_anonymous_args = 0
 157              	.LVL15:
 158 0000 00B5     		push	{lr}
 159              		.cfi_def_cfa_offset 4
 160              		.cfi_offset 14, -4
 161 0002 074B     		ldr	r3, .L21
 162              	.LVL16:
 163 0004 83B0     		sub	sp, sp, #12
 164              		.cfi_def_cfa_offset 16
 165              		.loc 1 21 0
 166 0006 1A68     		ldr	r2, [r3]
 167              	.LVL17:
 168 0008 0192     		str	r2, [sp, #4]
 169              		.loc 1 27 0
 170 000a 019A     		ldr	r2, [sp, #4]
 171 000c 1B68     		ldr	r3, [r3]
ARM GAS  /var/folders/d2/nstgp4h54kz7g1l847x_b8wc0000gn/T//ccTv0YW8.s 			page 4


 172 000e 9A42     		cmp	r2, r3
 173 0010 03D1     		bne	.L20
 174 0012 0020     		movs	r0, #0
 175              	.LVL18:
 176 0014 03B0     		add	sp, sp, #12
 177              		.cfi_remember_state
 178              		.cfi_def_cfa_offset 4
 179              		@ sp needed
 180 0016 5DF804FB 		ldr	pc, [sp], #4
 181              	.LVL19:
 182              	.L20:
 183              		.cfi_restore_state
 184 001a FFF7FEFF 		bl	__stack_chk_fail
 185              	.LVL20:
 186              	.L22:
 187 001e 00BF     		.align	2
 188              	.L21:
 189 0020 00000000 		.word	__stack_chk_guard
 190              		.cfi_endproc
 191              	.LFE2:
 192              		.size	WriteEE, .-WriteEE
 193              		.text
 194              	.Letext0:
 195              		.section	.debug_info,"",%progbits
 196              	.Ldebug_info0:
 197 0000 46010000 		.4byte	0x146
 198 0004 0400     		.2byte	0x4
 199 0006 00000000 		.4byte	.Ldebug_abbrev0
 200 000a 04       		.byte	0x4
 201 000b 01       		.uleb128 0x1
 202 000c 00000000 		.4byte	.LASF8
 203 0010 0C       		.byte	0xc
 204 0011 AC010000 		.4byte	.LASF9
 205 0015 44010000 		.4byte	.LASF10
 206 0019 00000000 		.4byte	.Ldebug_ranges0+0
 207 001d 00000000 		.4byte	0
 208 0021 00000000 		.4byte	.Ldebug_line0
 209 0025 02       		.uleb128 0x2
 210 0026 9C010000 		.4byte	.LASF4
 211 002a 01       		.byte	0x1
 212 002b 15       		.byte	0x15
 213 002c 84000000 		.4byte	0x84
 214 0030 00000000 		.4byte	.LFB2
 215 0034 24000000 		.4byte	.LFE2-.LFB2
 216 0038 01       		.uleb128 0x1
 217 0039 9C       		.byte	0x9c
 218 003a 84000000 		.4byte	0x84
 219 003e 03       		.uleb128 0x3
 220 003f E6010000 		.4byte	.LASF0
 221 0043 01       		.byte	0x1
 222 0044 15       		.byte	0x15
 223 0045 8B000000 		.4byte	0x8b
 224 0049 00000000 		.4byte	.LLST7
 225 004d 03       		.uleb128 0x3
 226 004e 12020000 		.4byte	.LASF1
 227 0052 01       		.byte	0x1
 228 0053 15       		.byte	0x15
ARM GAS  /var/folders/d2/nstgp4h54kz7g1l847x_b8wc0000gn/T//ccTv0YW8.s 			page 5


 229 0054 84000000 		.4byte	0x84
 230 0058 3A000000 		.4byte	.LLST8
 231 005c 03       		.uleb128 0x3
 232 005d DF010000 		.4byte	.LASF2
 233 0061 01       		.byte	0x1
 234 0062 15       		.byte	0x15
 235 0063 84000000 		.4byte	0x84
 236 0067 5B000000 		.4byte	.LLST9
 237 006b 03       		.uleb128 0x3
 238 006c ED010000 		.4byte	.LASF3
 239 0070 01       		.byte	0x1
 240 0071 15       		.byte	0x15
 241 0072 84000000 		.4byte	0x84
 242 0076 7C000000 		.4byte	.LLST10
 243 007a 04       		.uleb128 0x4
 244 007b 1E000000 		.4byte	.LVL20
 245 007f 40010000 		.4byte	0x140
 246 0083 00       		.byte	0
 247 0084 05       		.uleb128 0x5
 248 0085 04       		.byte	0x4
 249 0086 05       		.byte	0x5
 250 0087 696E7400 		.ascii	"int\000"
 251 008b 06       		.uleb128 0x6
 252 008c 04       		.byte	0x4
 253 008d 84000000 		.4byte	0x84
 254 0091 02       		.uleb128 0x2
 255 0092 A4010000 		.4byte	.LASF5
 256 0096 01       		.byte	0x1
 257 0097 0E       		.byte	0xe
 258 0098 84000000 		.4byte	0x84
 259 009c 00000000 		.4byte	.LFB1
 260 00a0 24000000 		.4byte	.LFE1-.LFB1
 261 00a4 01       		.uleb128 0x1
 262 00a5 9C       		.byte	0x9c
 263 00a6 E1000000 		.4byte	0xe1
 264 00aa 03       		.uleb128 0x3
 265 00ab 12020000 		.4byte	.LASF1
 266 00af 01       		.byte	0x1
 267 00b0 0E       		.byte	0xe
 268 00b1 84000000 		.4byte	0x84
 269 00b5 9D000000 		.4byte	.LLST4
 270 00b9 03       		.uleb128 0x3
 271 00ba DF010000 		.4byte	.LASF2
 272 00be 01       		.byte	0x1
 273 00bf 0E       		.byte	0xe
 274 00c0 84000000 		.4byte	0x84
 275 00c4 D7000000 		.4byte	.LLST5
 276 00c8 03       		.uleb128 0x3
 277 00c9 ED010000 		.4byte	.LASF3
 278 00cd 01       		.byte	0x1
 279 00ce 0E       		.byte	0xe
 280 00cf 84000000 		.4byte	0x84
 281 00d3 F8000000 		.4byte	.LLST6
 282 00d7 04       		.uleb128 0x4
 283 00d8 1E000000 		.4byte	.LVL14
 284 00dc 40010000 		.4byte	0x140
 285 00e0 00       		.byte	0
ARM GAS  /var/folders/d2/nstgp4h54kz7g1l847x_b8wc0000gn/T//ccTv0YW8.s 			page 6


 286 00e1 02       		.uleb128 0x2
 287 00e2 F2010000 		.4byte	.LASF6
 288 00e6 01       		.byte	0x1
 289 00e7 03       		.byte	0x3
 290 00e8 84000000 		.4byte	0x84
 291 00ec 00000000 		.4byte	.LFB0
 292 00f0 3C000000 		.4byte	.LFE0-.LFB0
 293 00f4 01       		.uleb128 0x1
 294 00f5 9C       		.byte	0x9c
 295 00f6 40010000 		.4byte	0x140
 296 00fa 03       		.uleb128 0x3
 297 00fb 12020000 		.4byte	.LASF1
 298 00ff 01       		.byte	0x1
 299 0100 03       		.byte	0x3
 300 0101 84000000 		.4byte	0x84
 301 0105 19010000 		.4byte	.LLST0
 302 0109 03       		.uleb128 0x3
 303 010a DF010000 		.4byte	.LASF2
 304 010e 01       		.byte	0x1
 305 010f 03       		.byte	0x3
 306 0110 84000000 		.4byte	0x84
 307 0114 53010000 		.4byte	.LLST1
 308 0118 03       		.uleb128 0x3
 309 0119 0A020000 		.4byte	.LASF7
 310 011d 01       		.byte	0x1
 311 011e 03       		.byte	0x3
 312 011f 8B000000 		.4byte	0x8b
 313 0123 8D010000 		.4byte	.LLST2
 314 0127 03       		.uleb128 0x3
 315 0128 ED010000 		.4byte	.LASF3
 316 012c 01       		.byte	0x1
 317 012d 03       		.byte	0x3
 318 012e 84000000 		.4byte	0x84
 319 0132 C7010000 		.4byte	.LLST3
 320 0136 04       		.uleb128 0x4
 321 0137 36000000 		.4byte	.LVL9
 322 013b 40010000 		.4byte	0x140
 323 013f 00       		.byte	0
 324 0140 07       		.uleb128 0x7
 325 0141 F9010000 		.4byte	.LASF11
 326 0145 F9010000 		.4byte	.LASF11
 327 0149 00       		.byte	0
 328              		.section	.debug_abbrev,"",%progbits
 329              	.Ldebug_abbrev0:
 330 0000 01       		.uleb128 0x1
 331 0001 11       		.uleb128 0x11
 332 0002 01       		.byte	0x1
 333 0003 25       		.uleb128 0x25
 334 0004 0E       		.uleb128 0xe
 335 0005 13       		.uleb128 0x13
 336 0006 0B       		.uleb128 0xb
 337 0007 03       		.uleb128 0x3
 338 0008 0E       		.uleb128 0xe
 339 0009 1B       		.uleb128 0x1b
 340 000a 0E       		.uleb128 0xe
 341 000b 55       		.uleb128 0x55
 342 000c 17       		.uleb128 0x17
ARM GAS  /var/folders/d2/nstgp4h54kz7g1l847x_b8wc0000gn/T//ccTv0YW8.s 			page 7


 343 000d 11       		.uleb128 0x11
 344 000e 01       		.uleb128 0x1
 345 000f 10       		.uleb128 0x10
 346 0010 17       		.uleb128 0x17
 347 0011 00       		.byte	0
 348 0012 00       		.byte	0
 349 0013 02       		.uleb128 0x2
 350 0014 2E       		.uleb128 0x2e
 351 0015 01       		.byte	0x1
 352 0016 3F       		.uleb128 0x3f
 353 0017 19       		.uleb128 0x19
 354 0018 03       		.uleb128 0x3
 355 0019 0E       		.uleb128 0xe
 356 001a 3A       		.uleb128 0x3a
 357 001b 0B       		.uleb128 0xb
 358 001c 3B       		.uleb128 0x3b
 359 001d 0B       		.uleb128 0xb
 360 001e 27       		.uleb128 0x27
 361 001f 19       		.uleb128 0x19
 362 0020 49       		.uleb128 0x49
 363 0021 13       		.uleb128 0x13
 364 0022 11       		.uleb128 0x11
 365 0023 01       		.uleb128 0x1
 366 0024 12       		.uleb128 0x12
 367 0025 06       		.uleb128 0x6
 368 0026 40       		.uleb128 0x40
 369 0027 18       		.uleb128 0x18
 370 0028 9742     		.uleb128 0x2117
 371 002a 19       		.uleb128 0x19
 372 002b 01       		.uleb128 0x1
 373 002c 13       		.uleb128 0x13
 374 002d 00       		.byte	0
 375 002e 00       		.byte	0
 376 002f 03       		.uleb128 0x3
 377 0030 05       		.uleb128 0x5
 378 0031 00       		.byte	0
 379 0032 03       		.uleb128 0x3
 380 0033 0E       		.uleb128 0xe
 381 0034 3A       		.uleb128 0x3a
 382 0035 0B       		.uleb128 0xb
 383 0036 3B       		.uleb128 0x3b
 384 0037 0B       		.uleb128 0xb
 385 0038 49       		.uleb128 0x49
 386 0039 13       		.uleb128 0x13
 387 003a 02       		.uleb128 0x2
 388 003b 17       		.uleb128 0x17
 389 003c 00       		.byte	0
 390 003d 00       		.byte	0
 391 003e 04       		.uleb128 0x4
 392 003f 898201   		.uleb128 0x4109
 393 0042 00       		.byte	0
 394 0043 11       		.uleb128 0x11
 395 0044 01       		.uleb128 0x1
 396 0045 31       		.uleb128 0x31
 397 0046 13       		.uleb128 0x13
 398 0047 00       		.byte	0
 399 0048 00       		.byte	0
ARM GAS  /var/folders/d2/nstgp4h54kz7g1l847x_b8wc0000gn/T//ccTv0YW8.s 			page 8


 400 0049 05       		.uleb128 0x5
 401 004a 24       		.uleb128 0x24
 402 004b 00       		.byte	0
 403 004c 0B       		.uleb128 0xb
 404 004d 0B       		.uleb128 0xb
 405 004e 3E       		.uleb128 0x3e
 406 004f 0B       		.uleb128 0xb
 407 0050 03       		.uleb128 0x3
 408 0051 08       		.uleb128 0x8
 409 0052 00       		.byte	0
 410 0053 00       		.byte	0
 411 0054 06       		.uleb128 0x6
 412 0055 0F       		.uleb128 0xf
 413 0056 00       		.byte	0
 414 0057 0B       		.uleb128 0xb
 415 0058 0B       		.uleb128 0xb
 416 0059 49       		.uleb128 0x49
 417 005a 13       		.uleb128 0x13
 418 005b 00       		.byte	0
 419 005c 00       		.byte	0
 420 005d 07       		.uleb128 0x7
 421 005e 2E       		.uleb128 0x2e
 422 005f 00       		.byte	0
 423 0060 3F       		.uleb128 0x3f
 424 0061 19       		.uleb128 0x19
 425 0062 3C       		.uleb128 0x3c
 426 0063 19       		.uleb128 0x19
 427 0064 6E       		.uleb128 0x6e
 428 0065 0E       		.uleb128 0xe
 429 0066 03       		.uleb128 0x3
 430 0067 0E       		.uleb128 0xe
 431 0068 00       		.byte	0
 432 0069 00       		.byte	0
 433 006a 00       		.byte	0
 434              		.section	.debug_loc,"",%progbits
 435              	.Ldebug_loc0:
 436              	.LLST7:
 437 0000 00000000 		.4byte	.LVL15
 438 0004 14000000 		.4byte	.LVL18
 439 0008 0100     		.2byte	0x1
 440 000a 50       		.byte	0x50
 441 000b 14000000 		.4byte	.LVL18
 442 000f 1A000000 		.4byte	.LVL19
 443 0013 0400     		.2byte	0x4
 444 0015 F3       		.byte	0xf3
 445 0016 01       		.uleb128 0x1
 446 0017 50       		.byte	0x50
 447 0018 9F       		.byte	0x9f
 448 0019 1A000000 		.4byte	.LVL19
 449 001d 1D000000 		.4byte	.LVL20-1
 450 0021 0100     		.2byte	0x1
 451 0023 50       		.byte	0x50
 452 0024 1D000000 		.4byte	.LVL20-1
 453 0028 24000000 		.4byte	.LFE2
 454 002c 0400     		.2byte	0x4
 455 002e F3       		.byte	0xf3
 456 002f 01       		.uleb128 0x1
ARM GAS  /var/folders/d2/nstgp4h54kz7g1l847x_b8wc0000gn/T//ccTv0YW8.s 			page 9


 457 0030 50       		.byte	0x50
 458 0031 9F       		.byte	0x9f
 459 0032 00000000 		.4byte	0
 460 0036 00000000 		.4byte	0
 461              	.LLST8:
 462 003a 00000000 		.4byte	.LVL15
 463 003e 1D000000 		.4byte	.LVL20-1
 464 0042 0100     		.2byte	0x1
 465 0044 51       		.byte	0x51
 466 0045 1D000000 		.4byte	.LVL20-1
 467 0049 24000000 		.4byte	.LFE2
 468 004d 0400     		.2byte	0x4
 469 004f F3       		.byte	0xf3
 470 0050 01       		.uleb128 0x1
 471 0051 51       		.byte	0x51
 472 0052 9F       		.byte	0x9f
 473 0053 00000000 		.4byte	0
 474 0057 00000000 		.4byte	0
 475              	.LLST9:
 476 005b 00000000 		.4byte	.LVL15
 477 005f 08000000 		.4byte	.LVL17
 478 0063 0100     		.2byte	0x1
 479 0065 52       		.byte	0x52
 480 0066 08000000 		.4byte	.LVL17
 481 006a 24000000 		.4byte	.LFE2
 482 006e 0400     		.2byte	0x4
 483 0070 F3       		.byte	0xf3
 484 0071 01       		.uleb128 0x1
 485 0072 52       		.byte	0x52
 486 0073 9F       		.byte	0x9f
 487 0074 00000000 		.4byte	0
 488 0078 00000000 		.4byte	0
 489              	.LLST10:
 490 007c 00000000 		.4byte	.LVL15
 491 0080 04000000 		.4byte	.LVL16
 492 0084 0100     		.2byte	0x1
 493 0086 53       		.byte	0x53
 494 0087 04000000 		.4byte	.LVL16
 495 008b 24000000 		.4byte	.LFE2
 496 008f 0400     		.2byte	0x4
 497 0091 F3       		.byte	0xf3
 498 0092 01       		.uleb128 0x1
 499 0093 53       		.byte	0x53
 500 0094 9F       		.byte	0x9f
 501 0095 00000000 		.4byte	0
 502 0099 00000000 		.4byte	0
 503              	.LLST4:
 504 009d 00000000 		.4byte	.LVL10
 505 00a1 14000000 		.4byte	.LVL12
 506 00a5 0100     		.2byte	0x1
 507 00a7 50       		.byte	0x50
 508 00a8 14000000 		.4byte	.LVL12
 509 00ac 1A000000 		.4byte	.LVL13
 510 00b0 0400     		.2byte	0x4
 511 00b2 F3       		.byte	0xf3
 512 00b3 01       		.uleb128 0x1
 513 00b4 50       		.byte	0x50
ARM GAS  /var/folders/d2/nstgp4h54kz7g1l847x_b8wc0000gn/T//ccTv0YW8.s 			page 10


 514 00b5 9F       		.byte	0x9f
 515 00b6 1A000000 		.4byte	.LVL13
 516 00ba 1D000000 		.4byte	.LVL14-1
 517 00be 0100     		.2byte	0x1
 518 00c0 50       		.byte	0x50
 519 00c1 1D000000 		.4byte	.LVL14-1
 520 00c5 24000000 		.4byte	.LFE1
 521 00c9 0400     		.2byte	0x4
 522 00cb F3       		.byte	0xf3
 523 00cc 01       		.uleb128 0x1
 524 00cd 50       		.byte	0x50
 525 00ce 9F       		.byte	0x9f
 526 00cf 00000000 		.4byte	0
 527 00d3 00000000 		.4byte	0
 528              	.LLST5:
 529 00d7 00000000 		.4byte	.LVL10
 530 00db 1D000000 		.4byte	.LVL14-1
 531 00df 0100     		.2byte	0x1
 532 00e1 51       		.byte	0x51
 533 00e2 1D000000 		.4byte	.LVL14-1
 534 00e6 24000000 		.4byte	.LFE1
 535 00ea 0400     		.2byte	0x4
 536 00ec F3       		.byte	0xf3
 537 00ed 01       		.uleb128 0x1
 538 00ee 51       		.byte	0x51
 539 00ef 9F       		.byte	0x9f
 540 00f0 00000000 		.4byte	0
 541 00f4 00000000 		.4byte	0
 542              	.LLST6:
 543 00f8 00000000 		.4byte	.LVL10
 544 00fc 08000000 		.4byte	.LVL11
 545 0100 0100     		.2byte	0x1
 546 0102 52       		.byte	0x52
 547 0103 08000000 		.4byte	.LVL11
 548 0107 24000000 		.4byte	.LFE1
 549 010b 0400     		.2byte	0x4
 550 010d F3       		.byte	0xf3
 551 010e 01       		.uleb128 0x1
 552 010f 52       		.byte	0x52
 553 0110 9F       		.byte	0x9f
 554 0111 00000000 		.4byte	0
 555 0115 00000000 		.4byte	0
 556              	.LLST0:
 557 0119 00000000 		.4byte	.LVL0
 558 011d 0E000000 		.4byte	.LVL2
 559 0121 0100     		.2byte	0x1
 560 0123 50       		.byte	0x50
 561 0124 0E000000 		.4byte	.LVL2
 562 0128 22000000 		.4byte	.LVL5
 563 012c 0400     		.2byte	0x4
 564 012e F3       		.byte	0xf3
 565 012f 01       		.uleb128 0x1
 566 0130 50       		.byte	0x50
 567 0131 9F       		.byte	0x9f
 568 0132 22000000 		.4byte	.LVL5
 569 0136 26000000 		.4byte	.LVL6
 570 013a 0100     		.2byte	0x1
ARM GAS  /var/folders/d2/nstgp4h54kz7g1l847x_b8wc0000gn/T//ccTv0YW8.s 			page 11


 571 013c 50       		.byte	0x50
 572 013d 26000000 		.4byte	.LVL6
 573 0141 3C000000 		.4byte	.LFE0
 574 0145 0400     		.2byte	0x4
 575 0147 F3       		.byte	0xf3
 576 0148 01       		.uleb128 0x1
 577 0149 50       		.byte	0x50
 578 014a 9F       		.byte	0x9f
 579 014b 00000000 		.4byte	0
 580 014f 00000000 		.4byte	0
 581              	.LLST1:
 582 0153 00000000 		.4byte	.LVL0
 583 0157 10000000 		.4byte	.LVL3
 584 015b 0100     		.2byte	0x1
 585 015d 51       		.byte	0x51
 586 015e 10000000 		.4byte	.LVL3
 587 0162 22000000 		.4byte	.LVL5
 588 0166 0400     		.2byte	0x4
 589 0168 F3       		.byte	0xf3
 590 0169 01       		.uleb128 0x1
 591 016a 51       		.byte	0x51
 592 016b 9F       		.byte	0x9f
 593 016c 22000000 		.4byte	.LVL5
 594 0170 2E000000 		.4byte	.LVL7
 595 0174 0100     		.2byte	0x1
 596 0176 51       		.byte	0x51
 597 0177 2E000000 		.4byte	.LVL7
 598 017b 3C000000 		.4byte	.LFE0
 599 017f 0400     		.2byte	0x4
 600 0181 F3       		.byte	0xf3
 601 0182 01       		.uleb128 0x1
 602 0183 51       		.byte	0x51
 603 0184 9F       		.byte	0x9f
 604 0185 00000000 		.4byte	0
 605 0189 00000000 		.4byte	0
 606              	.LLST2:
 607 018d 00000000 		.4byte	.LVL0
 608 0191 14000000 		.4byte	.LVL4
 609 0195 0100     		.2byte	0x1
 610 0197 52       		.byte	0x52
 611 0198 14000000 		.4byte	.LVL4
 612 019c 22000000 		.4byte	.LVL5
 613 01a0 0400     		.2byte	0x4
 614 01a2 F3       		.byte	0xf3
 615 01a3 01       		.uleb128 0x1
 616 01a4 52       		.byte	0x52
 617 01a5 9F       		.byte	0x9f
 618 01a6 22000000 		.4byte	.LVL5
 619 01aa 32000000 		.4byte	.LVL8
 620 01ae 0100     		.2byte	0x1
 621 01b0 52       		.byte	0x52
 622 01b1 32000000 		.4byte	.LVL8
 623 01b5 3C000000 		.4byte	.LFE0
 624 01b9 0400     		.2byte	0x4
 625 01bb F3       		.byte	0xf3
 626 01bc 01       		.uleb128 0x1
 627 01bd 52       		.byte	0x52
ARM GAS  /var/folders/d2/nstgp4h54kz7g1l847x_b8wc0000gn/T//ccTv0YW8.s 			page 12


 628 01be 9F       		.byte	0x9f
 629 01bf 00000000 		.4byte	0
 630 01c3 00000000 		.4byte	0
 631              	.LLST3:
 632 01c7 00000000 		.4byte	.LVL0
 633 01cb 04000000 		.4byte	.LVL1
 634 01cf 0100     		.2byte	0x1
 635 01d1 53       		.byte	0x53
 636 01d2 04000000 		.4byte	.LVL1
 637 01d6 3C000000 		.4byte	.LFE0
 638 01da 0400     		.2byte	0x4
 639 01dc F3       		.byte	0xf3
 640 01dd 01       		.uleb128 0x1
 641 01de 53       		.byte	0x53
 642 01df 9F       		.byte	0x9f
 643 01e0 00000000 		.4byte	0
 644 01e4 00000000 		.4byte	0
 645              		.section	.debug_aranges,"",%progbits
 646 0000 2C000000 		.4byte	0x2c
 647 0004 0200     		.2byte	0x2
 648 0006 00000000 		.4byte	.Ldebug_info0
 649 000a 04       		.byte	0x4
 650 000b 00       		.byte	0
 651 000c 0000     		.2byte	0
 652 000e 0000     		.2byte	0
 653 0010 00000000 		.4byte	.LFB0
 654 0014 3C000000 		.4byte	.LFE0-.LFB0
 655 0018 00000000 		.4byte	.LFB1
 656 001c 24000000 		.4byte	.LFE1-.LFB1
 657 0020 00000000 		.4byte	.LFB2
 658 0024 24000000 		.4byte	.LFE2-.LFB2
 659 0028 00000000 		.4byte	0
 660 002c 00000000 		.4byte	0
 661              		.section	.debug_ranges,"",%progbits
 662              	.Ldebug_ranges0:
 663 0000 00000000 		.4byte	.LFB0
 664 0004 3C000000 		.4byte	.LFE0
 665 0008 00000000 		.4byte	.LFB1
 666 000c 24000000 		.4byte	.LFE1
 667 0010 00000000 		.4byte	.LFB2
 668 0014 24000000 		.4byte	.LFE2
 669 0018 00000000 		.4byte	0
 670 001c 00000000 		.4byte	0
 671              		.section	.debug_line,"",%progbits
 672              	.Ldebug_line0:
 673 0000 8B000000 		.section	.debug_str,"MS",%progbits,1
 673      02004900 
 673      00000201 
 673      FB0E0D00 
 673      01010101 
 674              	.LASF8:
 675 0000 474E5520 		.ascii	"GNU C11 7.2.1 20170904 (release) [ARM/embedded-7-br"
 675      43313120 
 675      372E322E 
 675      31203230 
 675      31373039 
 676 0033 616E6368 		.ascii	"anch revision 255204] -mcpu=cortex-m4 -mfloat-abi=h"
ARM GAS  /var/folders/d2/nstgp4h54kz7g1l847x_b8wc0000gn/T//ccTv0YW8.s 			page 13


 676      20726576 
 676      6973696F 
 676      6E203235 
 676      35323034 
 677 0066 61726420 		.ascii	"ard -mfpu=fpv4-sp-d16 -mno-thumb-interwork -mthumb "
 677      2D6D6670 
 677      753D6670 
 677      76342D73 
 677      702D6431 
 678 0099 2D676764 		.ascii	"-ggdb -O2 -fomit-frame-pointer -falign-functions=16"
 678      62202D4F 
 678      32202D66 
 678      6F6D6974 
 678      2D667261 
 679 00cc 202D666E 		.ascii	" -fno-strict-aliasing -fstack-protector-all -ffunct"
 679      6F2D7374 
 679      72696374 
 679      2D616C69 
 679      6173696E 
 680 00ff 696F6E2D 		.ascii	"ion-sections -fdata-sections -fno-common -fsingle-p"
 680      73656374 
 680      696F6E73 
 680      202D6664 
 680      6174612D 
 681 0132 72656369 		.ascii	"recision-constant\000"
 681      73696F6E 
 681      2D636F6E 
 681      7374616E 
 681      7400
 682              	.LASF10:
 683 0144 2F557365 		.ascii	"/Users/bharathkeshavamurthy/Workspaces/Talos/src/ma"
 683      72732F62 
 683      68617261 
 683      74686B65 
 683      73686176 
 684 0177 696E2F63 		.ascii	"in/cpp/org/purdue/ece/talos/optimize\000"
 684      70702F6F 
 684      72672F70 
 684      75726475 
 684      652F6563 
 685              	.LASF4:
 686 019c 57726974 		.ascii	"WriteEE\000"
 686      65454500 
 687              	.LASF5:
 688 01a4 45726173 		.ascii	"EraseEE\000"
 688      65454500 
 689              	.LASF9:
 690 01ac 2E2E2F65 		.ascii	"../e-puck2_main-processor/src/epuck1x/DataEEPROM.c\000"
 690      2D707563 
 690      6B325F6D 
 690      61696E2D 
 690      70726F63 
 691              	.LASF2:
 692 01df 4F666673 		.ascii	"Offset\000"
 692      657400
 693              	.LASF0:
 694 01e6 44617461 		.ascii	"DataIn\000"
ARM GAS  /var/folders/d2/nstgp4h54kz7g1l847x_b8wc0000gn/T//ccTv0YW8.s 			page 14


 694      496E00
 695              	.LASF3:
 696 01ed 53697A65 		.ascii	"Size\000"
 696      00
 697              	.LASF6:
 698 01f2 52656164 		.ascii	"ReadEE\000"
 698      454500
 699              	.LASF11:
 700 01f9 5F5F7374 		.ascii	"__stack_chk_fail\000"
 700      61636B5F 
 700      63686B5F 
 700      6661696C 
 700      00
 701              	.LASF7:
 702 020a 44617461 		.ascii	"DataOut\000"
 702      4F757400 
 703              	.LASF1:
 704 0212 50616765 		.ascii	"Page\000"
 704      00
 705              		.ident	"GCC: (GNU Tools for Arm Embedded Processors 7-2017-q4-major) 7.2.1 20170904 (release) [ARM
ARM GAS  /var/folders/d2/nstgp4h54kz7g1l847x_b8wc0000gn/T//ccTv0YW8.s 			page 15


DEFINED SYMBOLS
                            *ABS*:0000000000000000 DataEEPROM.c
/var/folders/d2/nstgp4h54kz7g1l847x_b8wc0000gn/T//ccTv0YW8.s:18     .text.ReadEE:0000000000000000 $t
/var/folders/d2/nstgp4h54kz7g1l847x_b8wc0000gn/T//ccTv0YW8.s:26     .text.ReadEE:0000000000000000 ReadEE
/var/folders/d2/nstgp4h54kz7g1l847x_b8wc0000gn/T//ccTv0YW8.s:88     .text.ReadEE:0000000000000038 $d
/var/folders/d2/nstgp4h54kz7g1l847x_b8wc0000gn/T//ccTv0YW8.s:93     .text.EraseEE:0000000000000000 $t
/var/folders/d2/nstgp4h54kz7g1l847x_b8wc0000gn/T//ccTv0YW8.s:101    .text.EraseEE:0000000000000000 EraseEE
/var/folders/d2/nstgp4h54kz7g1l847x_b8wc0000gn/T//ccTv0YW8.s:138    .text.EraseEE:0000000000000020 $d
/var/folders/d2/nstgp4h54kz7g1l847x_b8wc0000gn/T//ccTv0YW8.s:143    .text.WriteEE:0000000000000000 $t
/var/folders/d2/nstgp4h54kz7g1l847x_b8wc0000gn/T//ccTv0YW8.s:151    .text.WriteEE:0000000000000000 WriteEE
/var/folders/d2/nstgp4h54kz7g1l847x_b8wc0000gn/T//ccTv0YW8.s:189    .text.WriteEE:0000000000000020 $d

UNDEFINED SYMBOLS
__stack_chk_fail
__stack_chk_guard
