ARM GAS  /var/folders/d2/nstgp4h54kz7g1l847x_b8wc0000gn/T//cc6SFhOn.s 			page 1


   1              		.cpu cortex-m4
   2              		.eabi_attribute 27, 1
   3              		.eabi_attribute 28, 1
   4              		.eabi_attribute 20, 1
   5              		.eabi_attribute 21, 1
   6              		.eabi_attribute 23, 3
   7              		.eabi_attribute 24, 1
   8              		.eabi_attribute 25, 1
   9              		.eabi_attribute 26, 1
  10              		.eabi_attribute 30, 6
  11              		.eabi_attribute 34, 1
  12              		.eabi_attribute 18, 4
  13              		.file	"dcmi.c"
  14              		.section	.text.port_lock,"ax",%progbits
  15              		.align	1
  16              		.syntax unified
  17              		.thumb
  18              		.thumb_func
  19              		.fpu fpv4-sp-d16
  20              		.type	port_lock, %function
  21              	port_lock:
  22              		@ args = 0, pretend = 0, frame = 8
  23              		@ frame_needed = 1, uses_anonymous_args = 0
  24              		@ link register save eliminated.
  25 0000 80B4     		push	{r7}
  26 0002 83B0     		sub	sp, sp, #12
  27 0004 00AF     		add	r7, sp, #0
  28 0006 2023     		movs	r3, #32
  29 0008 7B60     		str	r3, [r7, #4]
  30 000a 7B68     		ldr	r3, [r7, #4]
  31              		.syntax unified
  32              	@ 546 "../e-puck2_main-processor/ChibiOS//os/ext/CMSIS/include/core_cmFunc.h" 1
  33 000c 83F31188 		MSR basepri, r3
  34              	@ 0 "" 2
  35              		.thumb
  36              		.syntax unified
  37 0010 00BF     		nop
  38 0012 0C37     		adds	r7, r7, #12
  39 0014 BD46     		mov	sp, r7
  40              		@ sp needed
  41 0016 5DF8047B 		ldr	r7, [sp], #4
  42 001a 7047     		bx	lr
  43              		.size	port_lock, .-port_lock
  44              		.section	.text.port_unlock,"ax",%progbits
  45              		.align	1
  46              		.syntax unified
  47              		.thumb
  48              		.thumb_func
  49              		.fpu fpv4-sp-d16
  50              		.type	port_unlock, %function
  51              	port_unlock:
  52              		@ args = 0, pretend = 0, frame = 8
  53              		@ frame_needed = 1, uses_anonymous_args = 0
  54              		@ link register save eliminated.
  55 0000 80B4     		push	{r7}
  56 0002 83B0     		sub	sp, sp, #12
  57 0004 00AF     		add	r7, sp, #0
ARM GAS  /var/folders/d2/nstgp4h54kz7g1l847x_b8wc0000gn/T//cc6SFhOn.s 			page 2


  58 0006 0023     		movs	r3, #0
  59 0008 7B60     		str	r3, [r7, #4]
  60 000a 7B68     		ldr	r3, [r7, #4]
  61              		.syntax unified
  62              	@ 546 "../e-puck2_main-processor/ChibiOS//os/ext/CMSIS/include/core_cmFunc.h" 1
  63 000c 83F31188 		MSR basepri, r3
  64              	@ 0 "" 2
  65              		.thumb
  66              		.syntax unified
  67 0010 00BF     		nop
  68 0012 0C37     		adds	r7, r7, #12
  69 0014 BD46     		mov	sp, r7
  70              		@ sp needed
  71 0016 5DF8047B 		ldr	r7, [sp], #4
  72 001a 7047     		bx	lr
  73              		.size	port_unlock, .-port_unlock
  74              		.section	.text.chSysLock,"ax",%progbits
  75              		.align	1
  76              		.syntax unified
  77              		.thumb
  78              		.thumb_func
  79              		.fpu fpv4-sp-d16
  80              		.type	chSysLock, %function
  81              	chSysLock:
  82              		@ args = 0, pretend = 0, frame = 0
  83              		@ frame_needed = 1, uses_anonymous_args = 0
  84 0000 80B5     		push	{r7, lr}
  85 0002 00AF     		add	r7, sp, #0
  86 0004 FFF7FEFF 		bl	port_lock
  87 0008 FFF7FEFF 		bl	_stats_start_measure_crit_thd
  88 000c FFF7FEFF 		bl	_dbg_check_lock
  89 0010 00BF     		nop
  90 0012 80BD     		pop	{r7, pc}
  91              		.size	chSysLock, .-chSysLock
  92              		.section	.text.chSysUnlock,"ax",%progbits
  93              		.align	1
  94              		.syntax unified
  95              		.thumb
  96              		.thumb_func
  97              		.fpu fpv4-sp-d16
  98              		.type	chSysUnlock, %function
  99              	chSysUnlock:
 100              		@ args = 0, pretend = 0, frame = 0
 101              		@ frame_needed = 1, uses_anonymous_args = 0
 102 0000 80B5     		push	{r7, lr}
 103 0002 00AF     		add	r7, sp, #0
 104 0004 FFF7FEFF 		bl	_dbg_check_unlock
 105 0008 FFF7FEFF 		bl	_stats_stop_measure_crit_thd
 106 000c 094B     		ldr	r3, .L6
 107 000e 1B68     		ldr	r3, [r3]
 108 0010 084A     		ldr	r2, .L6
 109 0012 9342     		cmp	r3, r2
 110 0014 0AD0     		beq	.L5
 111 0016 074B     		ldr	r3, .L6
 112 0018 9B69     		ldr	r3, [r3, #24]
 113 001a 9A68     		ldr	r2, [r3, #8]
 114 001c 054B     		ldr	r3, .L6
ARM GAS  /var/folders/d2/nstgp4h54kz7g1l847x_b8wc0000gn/T//cc6SFhOn.s 			page 3


 115 001e 1B68     		ldr	r3, [r3]
 116 0020 9B68     		ldr	r3, [r3, #8]
 117 0022 9A42     		cmp	r2, r3
 118 0024 02D2     		bcs	.L5
 119 0026 0448     		ldr	r0, .L6+4
 120 0028 FFF7FEFF 		bl	chSysHalt
 121              	.L5:
 122 002c FFF7FEFF 		bl	port_unlock
 123 0030 00BF     		nop
 124 0032 80BD     		pop	{r7, pc}
 125              	.L7:
 126              		.align	2
 127              	.L6:
 128 0034 00000000 		.word	ch
 129 0038 00000000 		.word	__func__.7153
 130              		.size	chSysUnlock, .-chSysUnlock
 131              		.section	.text.osalSysLock,"ax",%progbits
 132              		.align	1
 133              		.syntax unified
 134              		.thumb
 135              		.thumb_func
 136              		.fpu fpv4-sp-d16
 137              		.type	osalSysLock, %function
 138              	osalSysLock:
 139              		@ args = 0, pretend = 0, frame = 0
 140              		@ frame_needed = 1, uses_anonymous_args = 0
 141 0000 80B5     		push	{r7, lr}
 142 0002 00AF     		add	r7, sp, #0
 143 0004 FFF7FEFF 		bl	chSysLock
 144 0008 00BF     		nop
 145 000a 80BD     		pop	{r7, pc}
 146              		.size	osalSysLock, .-osalSysLock
 147              		.section	.text.osalSysUnlock,"ax",%progbits
 148              		.align	1
 149              		.syntax unified
 150              		.thumb
 151              		.thumb_func
 152              		.fpu fpv4-sp-d16
 153              		.type	osalSysUnlock, %function
 154              	osalSysUnlock:
 155              		@ args = 0, pretend = 0, frame = 0
 156              		@ frame_needed = 1, uses_anonymous_args = 0
 157 0000 80B5     		push	{r7, lr}
 158 0002 00AF     		add	r7, sp, #0
 159 0004 FFF7FEFF 		bl	chSysUnlock
 160 0008 00BF     		nop
 161 000a 80BD     		pop	{r7, pc}
 162              		.size	osalSysUnlock, .-osalSysUnlock
 163              		.section	.text.dcmiInit,"ax",%progbits
 164              		.align	1
 165              		.global	dcmiInit
 166              		.syntax unified
 167              		.thumb
 168              		.thumb_func
 169              		.fpu fpv4-sp-d16
 170              		.type	dcmiInit, %function
 171              	dcmiInit:
ARM GAS  /var/folders/d2/nstgp4h54kz7g1l847x_b8wc0000gn/T//cc6SFhOn.s 			page 4


 172              		@ args = 0, pretend = 0, frame = 0
 173              		@ frame_needed = 1, uses_anonymous_args = 0
 174 0000 80B5     		push	{r7, lr}
 175 0002 00AF     		add	r7, sp, #0
 176 0004 FFF7FEFF 		bl	dcmi_lld_init
 177 0008 00BF     		nop
 178 000a 80BD     		pop	{r7, pc}
 179              		.size	dcmiInit, .-dcmiInit
 180              		.section	.text.dcmiObjectInit,"ax",%progbits
 181              		.align	1
 182              		.global	dcmiObjectInit
 183              		.syntax unified
 184              		.thumb
 185              		.thumb_func
 186              		.fpu fpv4-sp-d16
 187              		.type	dcmiObjectInit, %function
 188              	dcmiObjectInit:
 189              		@ args = 0, pretend = 0, frame = 8
 190              		@ frame_needed = 1, uses_anonymous_args = 0
 191              		@ link register save eliminated.
 192 0000 80B4     		push	{r7}
 193 0002 83B0     		sub	sp, sp, #12
 194 0004 00AF     		add	r7, sp, #0
 195 0006 7860     		str	r0, [r7, #4]
 196 0008 7B68     		ldr	r3, [r7, #4]
 197 000a 0122     		movs	r2, #1
 198 000c 1A70     		strb	r2, [r3]
 199 000e 7B68     		ldr	r3, [r7, #4]
 200 0010 0022     		movs	r2, #0
 201 0012 5A60     		str	r2, [r3, #4]
 202 0014 00BF     		nop
 203 0016 0C37     		adds	r7, r7, #12
 204 0018 BD46     		mov	sp, r7
 205              		@ sp needed
 206 001a 5DF8047B 		ldr	r7, [sp], #4
 207 001e 7047     		bx	lr
 208              		.size	dcmiObjectInit, .-dcmiObjectInit
 209              		.section	.text.dcmiPrepare,"ax",%progbits
 210              		.align	1
 211              		.global	dcmiPrepare
 212              		.syntax unified
 213              		.thumb
 214              		.thumb_func
 215              		.fpu fpv4-sp-d16
 216              		.type	dcmiPrepare, %function
 217              	dcmiPrepare:
 218              		@ args = 4, pretend = 0, frame = 16
 219              		@ frame_needed = 1, uses_anonymous_args = 0
 220 0000 80B5     		push	{r7, lr}
 221 0002 84B0     		sub	sp, sp, #16
 222 0004 00AF     		add	r7, sp, #0
 223 0006 F860     		str	r0, [r7, #12]
 224 0008 B960     		str	r1, [r7, #8]
 225 000a 7A60     		str	r2, [r7, #4]
 226 000c 3B60     		str	r3, [r7]
 227 000e FB68     		ldr	r3, [r7, #12]
 228 0010 002B     		cmp	r3, #0
ARM GAS  /var/folders/d2/nstgp4h54kz7g1l847x_b8wc0000gn/T//cc6SFhOn.s 			page 5


 229 0012 0ED0     		beq	.L13
 230 0014 BB68     		ldr	r3, [r7, #8]
 231 0016 002B     		cmp	r3, #0
 232 0018 0BD0     		beq	.L13
 233 001a 7B68     		ldr	r3, [r7, #4]
 234 001c 144A     		ldr	r2, .L16
 235 001e 9342     		cmp	r3, r2
 236 0020 07D8     		bhi	.L13
 237 0022 7B68     		ldr	r3, [r7, #4]
 238 0024 03F00303 		and	r3, r3, #3
 239 0028 002B     		cmp	r3, #0
 240 002a 02D1     		bne	.L13
 241 002c 3B68     		ldr	r3, [r7]
 242 002e 002B     		cmp	r3, #0
 243 0030 02D1     		bne	.L14
 244              	.L13:
 245 0032 1048     		ldr	r0, .L16+4
 246 0034 FFF7FEFF 		bl	chSysHalt
 247              	.L14:
 248 0038 FFF7FEFF 		bl	osalSysLock
 249 003c FB68     		ldr	r3, [r7, #12]
 250 003e 1B78     		ldrb	r3, [r3]	@ zero_extendqisi2
 251 0040 012B     		cmp	r3, #1
 252 0042 02D0     		beq	.L15
 253 0044 0B48     		ldr	r0, .L16+4
 254 0046 FFF7FEFF 		bl	chSysHalt
 255              	.L15:
 256 004a FB68     		ldr	r3, [r7, #12]
 257 004c BA68     		ldr	r2, [r7, #8]
 258 004e 5A60     		str	r2, [r3, #4]
 259 0050 BB69     		ldr	r3, [r7, #24]
 260 0052 3A68     		ldr	r2, [r7]
 261 0054 7968     		ldr	r1, [r7, #4]
 262 0056 F868     		ldr	r0, [r7, #12]
 263 0058 FFF7FEFF 		bl	dcmi_lld_prepare
 264 005c FB68     		ldr	r3, [r7, #12]
 265 005e 0222     		movs	r2, #2
 266 0060 1A70     		strb	r2, [r3]
 267 0062 FFF7FEFF 		bl	osalSysUnlock
 268 0066 00BF     		nop
 269 0068 1037     		adds	r7, r7, #16
 270 006a BD46     		mov	sp, r7
 271              		@ sp needed
 272 006c 80BD     		pop	{r7, pc}
 273              	.L17:
 274 006e 00BF     		.align	2
 275              	.L16:
 276 0070 FCFF0300 		.word	262140
 277 0074 00000000 		.word	__func__.9920
 278              		.size	dcmiPrepare, .-dcmiPrepare
 279              		.section	.text.dcmiUnprepare,"ax",%progbits
 280              		.align	1
 281              		.global	dcmiUnprepare
 282              		.syntax unified
 283              		.thumb
 284              		.thumb_func
 285              		.fpu fpv4-sp-d16
ARM GAS  /var/folders/d2/nstgp4h54kz7g1l847x_b8wc0000gn/T//cc6SFhOn.s 			page 6


 286              		.type	dcmiUnprepare, %function
 287              	dcmiUnprepare:
 288              		@ args = 0, pretend = 0, frame = 8
 289              		@ frame_needed = 1, uses_anonymous_args = 0
 290 0000 80B5     		push	{r7, lr}
 291 0002 82B0     		sub	sp, sp, #8
 292 0004 00AF     		add	r7, sp, #0
 293 0006 7860     		str	r0, [r7, #4]
 294 0008 7B68     		ldr	r3, [r7, #4]
 295 000a 002B     		cmp	r3, #0
 296 000c 02D1     		bne	.L19
 297 000e 0C48     		ldr	r0, .L21
 298 0010 FFF7FEFF 		bl	chSysHalt
 299              	.L19:
 300 0014 FFF7FEFF 		bl	osalSysLock
 301 0018 7B68     		ldr	r3, [r7, #4]
 302 001a 1B78     		ldrb	r3, [r3]	@ zero_extendqisi2
 303 001c 022B     		cmp	r3, #2
 304 001e 02D0     		beq	.L20
 305 0020 0748     		ldr	r0, .L21
 306 0022 FFF7FEFF 		bl	chSysHalt
 307              	.L20:
 308 0026 7868     		ldr	r0, [r7, #4]
 309 0028 FFF7FEFF 		bl	dcmi_lld_unprepare
 310 002c 7B68     		ldr	r3, [r7, #4]
 311 002e 0122     		movs	r2, #1
 312 0030 1A70     		strb	r2, [r3]
 313 0032 FFF7FEFF 		bl	osalSysUnlock
 314 0036 00BF     		nop
 315 0038 0837     		adds	r7, r7, #8
 316 003a BD46     		mov	sp, r7
 317              		@ sp needed
 318 003c 80BD     		pop	{r7, pc}
 319              	.L22:
 320 003e 00BF     		.align	2
 321              	.L21:
 322 0040 00000000 		.word	__func__.9924
 323              		.size	dcmiUnprepare, .-dcmiUnprepare
 324              		.section	.text.dcmiStartOneShot,"ax",%progbits
 325              		.align	1
 326              		.global	dcmiStartOneShot
 327              		.syntax unified
 328              		.thumb
 329              		.thumb_func
 330              		.fpu fpv4-sp-d16
 331              		.type	dcmiStartOneShot, %function
 332              	dcmiStartOneShot:
 333              		@ args = 0, pretend = 0, frame = 8
 334              		@ frame_needed = 1, uses_anonymous_args = 0
 335 0000 80B5     		push	{r7, lr}
 336 0002 82B0     		sub	sp, sp, #8
 337 0004 00AF     		add	r7, sp, #0
 338 0006 7860     		str	r0, [r7, #4]
 339 0008 7B68     		ldr	r3, [r7, #4]
 340 000a 002B     		cmp	r3, #0
 341 000c 02D1     		bne	.L24
 342 000e 0C48     		ldr	r0, .L26
ARM GAS  /var/folders/d2/nstgp4h54kz7g1l847x_b8wc0000gn/T//cc6SFhOn.s 			page 7


 343 0010 FFF7FEFF 		bl	chSysHalt
 344              	.L24:
 345 0014 FFF7FEFF 		bl	osalSysLock
 346 0018 7B68     		ldr	r3, [r7, #4]
 347 001a 1B78     		ldrb	r3, [r3]	@ zero_extendqisi2
 348 001c 022B     		cmp	r3, #2
 349 001e 02D0     		beq	.L25
 350 0020 0748     		ldr	r0, .L26
 351 0022 FFF7FEFF 		bl	chSysHalt
 352              	.L25:
 353 0026 7868     		ldr	r0, [r7, #4]
 354 0028 FFF7FEFF 		bl	dcmi_lld_start_oneshot
 355 002c 7B68     		ldr	r3, [r7, #4]
 356 002e 0422     		movs	r2, #4
 357 0030 1A70     		strb	r2, [r3]
 358 0032 FFF7FEFF 		bl	osalSysUnlock
 359 0036 00BF     		nop
 360 0038 0837     		adds	r7, r7, #8
 361 003a BD46     		mov	sp, r7
 362              		@ sp needed
 363 003c 80BD     		pop	{r7, pc}
 364              	.L27:
 365 003e 00BF     		.align	2
 366              	.L26:
 367 0040 00000000 		.word	__func__.9928
 368              		.size	dcmiStartOneShot, .-dcmiStartOneShot
 369              		.section	.text.dcmiStartStream,"ax",%progbits
 370              		.align	1
 371              		.global	dcmiStartStream
 372              		.syntax unified
 373              		.thumb
 374              		.thumb_func
 375              		.fpu fpv4-sp-d16
 376              		.type	dcmiStartStream, %function
 377              	dcmiStartStream:
 378              		@ args = 0, pretend = 0, frame = 8
 379              		@ frame_needed = 1, uses_anonymous_args = 0
 380 0000 80B5     		push	{r7, lr}
 381 0002 82B0     		sub	sp, sp, #8
 382 0004 00AF     		add	r7, sp, #0
 383 0006 7860     		str	r0, [r7, #4]
 384 0008 7B68     		ldr	r3, [r7, #4]
 385 000a 002B     		cmp	r3, #0
 386 000c 02D1     		bne	.L29
 387 000e 0C48     		ldr	r0, .L31
 388 0010 FFF7FEFF 		bl	chSysHalt
 389              	.L29:
 390 0014 FFF7FEFF 		bl	osalSysLock
 391 0018 7B68     		ldr	r3, [r7, #4]
 392 001a 1B78     		ldrb	r3, [r3]	@ zero_extendqisi2
 393 001c 022B     		cmp	r3, #2
 394 001e 02D0     		beq	.L30
 395 0020 0748     		ldr	r0, .L31
 396 0022 FFF7FEFF 		bl	chSysHalt
 397              	.L30:
 398 0026 7868     		ldr	r0, [r7, #4]
 399 0028 FFF7FEFF 		bl	dcmi_lld_start_stream
ARM GAS  /var/folders/d2/nstgp4h54kz7g1l847x_b8wc0000gn/T//cc6SFhOn.s 			page 8


 400 002c 7B68     		ldr	r3, [r7, #4]
 401 002e 0322     		movs	r2, #3
 402 0030 1A70     		strb	r2, [r3]
 403 0032 FFF7FEFF 		bl	osalSysUnlock
 404 0036 00BF     		nop
 405 0038 0837     		adds	r7, r7, #8
 406 003a BD46     		mov	sp, r7
 407              		@ sp needed
 408 003c 80BD     		pop	{r7, pc}
 409              	.L32:
 410 003e 00BF     		.align	2
 411              	.L31:
 412 0040 00000000 		.word	__func__.9932
 413              		.size	dcmiStartStream, .-dcmiStartStream
 414              		.section	.text.dcmiStopStream,"ax",%progbits
 415              		.align	1
 416              		.global	dcmiStopStream
 417              		.syntax unified
 418              		.thumb
 419              		.thumb_func
 420              		.fpu fpv4-sp-d16
 421              		.type	dcmiStopStream, %function
 422              	dcmiStopStream:
 423              		@ args = 0, pretend = 0, frame = 16
 424              		@ frame_needed = 1, uses_anonymous_args = 0
 425 0000 80B5     		push	{r7, lr}
 426 0002 84B0     		sub	sp, sp, #16
 427 0004 00AF     		add	r7, sp, #0
 428 0006 7860     		str	r0, [r7, #4]
 429 0008 7B68     		ldr	r3, [r7, #4]
 430 000a 002B     		cmp	r3, #0
 431 000c 02D1     		bne	.L34
 432 000e 1048     		ldr	r0, .L39
 433 0010 FFF7FEFF 		bl	chSysHalt
 434              	.L34:
 435 0014 FFF7FEFF 		bl	osalSysLock
 436 0018 7B68     		ldr	r3, [r7, #4]
 437 001a 1B78     		ldrb	r3, [r3]	@ zero_extendqisi2
 438 001c 032B     		cmp	r3, #3
 439 001e 02D0     		beq	.L35
 440 0020 0B48     		ldr	r0, .L39
 441 0022 FFF7FEFF 		bl	chSysHalt
 442              	.L35:
 443 0026 7868     		ldr	r0, [r7, #4]
 444 0028 FFF7FEFF 		bl	dcmi_lld_stop_stream
 445 002c F860     		str	r0, [r7, #12]
 446 002e FB68     		ldr	r3, [r7, #12]
 447 0030 002B     		cmp	r3, #0
 448 0032 03D1     		bne	.L36
 449 0034 7B68     		ldr	r3, [r7, #4]
 450 0036 0222     		movs	r2, #2
 451 0038 1A70     		strb	r2, [r3]
 452 003a 02E0     		b	.L37
 453              	.L36:
 454 003c 7B68     		ldr	r3, [r7, #4]
 455 003e 0722     		movs	r2, #7
 456 0040 1A70     		strb	r2, [r3]
ARM GAS  /var/folders/d2/nstgp4h54kz7g1l847x_b8wc0000gn/T//cc6SFhOn.s 			page 9


 457              	.L37:
 458 0042 FFF7FEFF 		bl	osalSysUnlock
 459 0046 FB68     		ldr	r3, [r7, #12]
 460 0048 1846     		mov	r0, r3
 461 004a 1037     		adds	r7, r7, #16
 462 004c BD46     		mov	sp, r7
 463              		@ sp needed
 464 004e 80BD     		pop	{r7, pc}
 465              	.L40:
 466              		.align	2
 467              	.L39:
 468 0050 00000000 		.word	__func__.9936
 469              		.size	dcmiStopStream, .-dcmiStopStream
 470              		.section	.text.dcmiRelease,"ax",%progbits
 471              		.align	1
 472              		.global	dcmiRelease
 473              		.syntax unified
 474              		.thumb
 475              		.thumb_func
 476              		.fpu fpv4-sp-d16
 477              		.type	dcmiRelease, %function
 478              	dcmiRelease:
 479              		@ args = 0, pretend = 0, frame = 8
 480              		@ frame_needed = 1, uses_anonymous_args = 0
 481 0000 80B5     		push	{r7, lr}
 482 0002 82B0     		sub	sp, sp, #8
 483 0004 00AF     		add	r7, sp, #0
 484 0006 7860     		str	r0, [r7, #4]
 485 0008 7B68     		ldr	r3, [r7, #4]
 486 000a 002B     		cmp	r3, #0
 487 000c 02D1     		bne	.L42
 488 000e 0A48     		ldr	r0, .L43
 489 0010 FFF7FEFF 		bl	chSysHalt
 490              	.L42:
 491 0014 FFF7FEFF 		bl	osalSysLock
 492 0018 7B68     		ldr	r3, [r7, #4]
 493 001a 0222     		movs	r2, #2
 494 001c 1A70     		strb	r2, [r3]
 495 001e 7868     		ldr	r0, [r7, #4]
 496 0020 FFF7FEFF 		bl	dcmi_lld_unprepare
 497 0024 7B68     		ldr	r3, [r7, #4]
 498 0026 0122     		movs	r2, #1
 499 0028 1A70     		strb	r2, [r3]
 500 002a FFF7FEFF 		bl	osalSysUnlock
 501 002e 00BF     		nop
 502 0030 0837     		adds	r7, r7, #8
 503 0032 BD46     		mov	sp, r7
 504              		@ sp needed
 505 0034 80BD     		pop	{r7, pc}
 506              	.L44:
 507 0036 00BF     		.align	2
 508              	.L43:
 509 0038 00000000 		.word	__func__.9941
 510              		.size	dcmiRelease, .-dcmiRelease
 511              		.section	.rodata.__func__.9920,"a",%progbits
 512              		.align	2
 513              		.type	__func__.9920, %object
ARM GAS  /var/folders/d2/nstgp4h54kz7g1l847x_b8wc0000gn/T//cc6SFhOn.s 			page 10


 514              		.size	__func__.9920, 12
 515              	__func__.9920:
 516 0000 64636D69 		.ascii	"dcmiPrepare\000"
 516      50726570 
 516      61726500 
 517              		.section	.rodata.__func__.7153,"a",%progbits
 518              		.align	2
 519              		.type	__func__.7153, %object
 520              		.size	__func__.7153, 12
 521              	__func__.7153:
 522 0000 63685379 		.ascii	"chSysUnlock\000"
 522      73556E6C 
 522      6F636B00 
 523              		.section	.rodata.__func__.9924,"a",%progbits
 524              		.align	2
 525              		.type	__func__.9924, %object
 526              		.size	__func__.9924, 14
 527              	__func__.9924:
 528 0000 64636D69 		.ascii	"dcmiUnprepare\000"
 528      556E7072 
 528      65706172 
 528      6500
 529              		.section	.rodata.__func__.9928,"a",%progbits
 530              		.align	2
 531              		.type	__func__.9928, %object
 532              		.size	__func__.9928, 17
 533              	__func__.9928:
 534 0000 64636D69 		.ascii	"dcmiStartOneShot\000"
 534      53746172 
 534      744F6E65 
 534      53686F74 
 534      00
 535              		.section	.rodata.__func__.9932,"a",%progbits
 536              		.align	2
 537              		.type	__func__.9932, %object
 538              		.size	__func__.9932, 16
 539              	__func__.9932:
 540 0000 64636D69 		.ascii	"dcmiStartStream\000"
 540      53746172 
 540      74537472 
 540      65616D00 
 541              		.section	.rodata.__func__.9936,"a",%progbits
 542              		.align	2
 543              		.type	__func__.9936, %object
 544              		.size	__func__.9936, 15
 545              	__func__.9936:
 546 0000 64636D69 		.ascii	"dcmiStopStream\000"
 546      53746F70 
 546      53747265 
 546      616D00
 547              		.section	.rodata.__func__.9941,"a",%progbits
 548              		.align	2
 549              		.type	__func__.9941, %object
 550              		.size	__func__.9941, 12
 551              	__func__.9941:
 552 0000 64636D69 		.ascii	"dcmiRelease\000"
 552      52656C65 
ARM GAS  /var/folders/d2/nstgp4h54kz7g1l847x_b8wc0000gn/T//cc6SFhOn.s 			page 11


 552      61736500 
 553              		.ident	"GCC: (GNU Tools for Arm Embedded Processors 7-2017-q4-major) 7.2.1 20170904 (release) [ARM
ARM GAS  /var/folders/d2/nstgp4h54kz7g1l847x_b8wc0000gn/T//cc6SFhOn.s 			page 12


DEFINED SYMBOLS
                            *ABS*:0000000000000000 dcmi.c
/var/folders/d2/nstgp4h54kz7g1l847x_b8wc0000gn/T//cc6SFhOn.s:15     .text.port_lock:0000000000000000 $t
/var/folders/d2/nstgp4h54kz7g1l847x_b8wc0000gn/T//cc6SFhOn.s:21     .text.port_lock:0000000000000000 port_lock
/var/folders/d2/nstgp4h54kz7g1l847x_b8wc0000gn/T//cc6SFhOn.s:45     .text.port_unlock:0000000000000000 $t
/var/folders/d2/nstgp4h54kz7g1l847x_b8wc0000gn/T//cc6SFhOn.s:51     .text.port_unlock:0000000000000000 port_unlock
/var/folders/d2/nstgp4h54kz7g1l847x_b8wc0000gn/T//cc6SFhOn.s:75     .text.chSysLock:0000000000000000 $t
/var/folders/d2/nstgp4h54kz7g1l847x_b8wc0000gn/T//cc6SFhOn.s:81     .text.chSysLock:0000000000000000 chSysLock
/var/folders/d2/nstgp4h54kz7g1l847x_b8wc0000gn/T//cc6SFhOn.s:93     .text.chSysUnlock:0000000000000000 $t
/var/folders/d2/nstgp4h54kz7g1l847x_b8wc0000gn/T//cc6SFhOn.s:99     .text.chSysUnlock:0000000000000000 chSysUnlock
/var/folders/d2/nstgp4h54kz7g1l847x_b8wc0000gn/T//cc6SFhOn.s:128    .text.chSysUnlock:0000000000000034 $d
/var/folders/d2/nstgp4h54kz7g1l847x_b8wc0000gn/T//cc6SFhOn.s:521    .rodata.__func__.7153:0000000000000000 __func__.7153
/var/folders/d2/nstgp4h54kz7g1l847x_b8wc0000gn/T//cc6SFhOn.s:132    .text.osalSysLock:0000000000000000 $t
/var/folders/d2/nstgp4h54kz7g1l847x_b8wc0000gn/T//cc6SFhOn.s:138    .text.osalSysLock:0000000000000000 osalSysLock
/var/folders/d2/nstgp4h54kz7g1l847x_b8wc0000gn/T//cc6SFhOn.s:148    .text.osalSysUnlock:0000000000000000 $t
/var/folders/d2/nstgp4h54kz7g1l847x_b8wc0000gn/T//cc6SFhOn.s:154    .text.osalSysUnlock:0000000000000000 osalSysUnlock
/var/folders/d2/nstgp4h54kz7g1l847x_b8wc0000gn/T//cc6SFhOn.s:164    .text.dcmiInit:0000000000000000 $t
/var/folders/d2/nstgp4h54kz7g1l847x_b8wc0000gn/T//cc6SFhOn.s:171    .text.dcmiInit:0000000000000000 dcmiInit
/var/folders/d2/nstgp4h54kz7g1l847x_b8wc0000gn/T//cc6SFhOn.s:181    .text.dcmiObjectInit:0000000000000000 $t
/var/folders/d2/nstgp4h54kz7g1l847x_b8wc0000gn/T//cc6SFhOn.s:188    .text.dcmiObjectInit:0000000000000000 dcmiObjectInit
/var/folders/d2/nstgp4h54kz7g1l847x_b8wc0000gn/T//cc6SFhOn.s:210    .text.dcmiPrepare:0000000000000000 $t
/var/folders/d2/nstgp4h54kz7g1l847x_b8wc0000gn/T//cc6SFhOn.s:217    .text.dcmiPrepare:0000000000000000 dcmiPrepare
/var/folders/d2/nstgp4h54kz7g1l847x_b8wc0000gn/T//cc6SFhOn.s:276    .text.dcmiPrepare:0000000000000070 $d
/var/folders/d2/nstgp4h54kz7g1l847x_b8wc0000gn/T//cc6SFhOn.s:515    .rodata.__func__.9920:0000000000000000 __func__.9920
/var/folders/d2/nstgp4h54kz7g1l847x_b8wc0000gn/T//cc6SFhOn.s:280    .text.dcmiUnprepare:0000000000000000 $t
/var/folders/d2/nstgp4h54kz7g1l847x_b8wc0000gn/T//cc6SFhOn.s:287    .text.dcmiUnprepare:0000000000000000 dcmiUnprepare
/var/folders/d2/nstgp4h54kz7g1l847x_b8wc0000gn/T//cc6SFhOn.s:322    .text.dcmiUnprepare:0000000000000040 $d
/var/folders/d2/nstgp4h54kz7g1l847x_b8wc0000gn/T//cc6SFhOn.s:527    .rodata.__func__.9924:0000000000000000 __func__.9924
/var/folders/d2/nstgp4h54kz7g1l847x_b8wc0000gn/T//cc6SFhOn.s:325    .text.dcmiStartOneShot:0000000000000000 $t
/var/folders/d2/nstgp4h54kz7g1l847x_b8wc0000gn/T//cc6SFhOn.s:332    .text.dcmiStartOneShot:0000000000000000 dcmiStartOneShot
/var/folders/d2/nstgp4h54kz7g1l847x_b8wc0000gn/T//cc6SFhOn.s:367    .text.dcmiStartOneShot:0000000000000040 $d
/var/folders/d2/nstgp4h54kz7g1l847x_b8wc0000gn/T//cc6SFhOn.s:533    .rodata.__func__.9928:0000000000000000 __func__.9928
/var/folders/d2/nstgp4h54kz7g1l847x_b8wc0000gn/T//cc6SFhOn.s:370    .text.dcmiStartStream:0000000000000000 $t
/var/folders/d2/nstgp4h54kz7g1l847x_b8wc0000gn/T//cc6SFhOn.s:377    .text.dcmiStartStream:0000000000000000 dcmiStartStream
/var/folders/d2/nstgp4h54kz7g1l847x_b8wc0000gn/T//cc6SFhOn.s:412    .text.dcmiStartStream:0000000000000040 $d
/var/folders/d2/nstgp4h54kz7g1l847x_b8wc0000gn/T//cc6SFhOn.s:539    .rodata.__func__.9932:0000000000000000 __func__.9932
/var/folders/d2/nstgp4h54kz7g1l847x_b8wc0000gn/T//cc6SFhOn.s:415    .text.dcmiStopStream:0000000000000000 $t
/var/folders/d2/nstgp4h54kz7g1l847x_b8wc0000gn/T//cc6SFhOn.s:422    .text.dcmiStopStream:0000000000000000 dcmiStopStream
/var/folders/d2/nstgp4h54kz7g1l847x_b8wc0000gn/T//cc6SFhOn.s:468    .text.dcmiStopStream:0000000000000050 $d
/var/folders/d2/nstgp4h54kz7g1l847x_b8wc0000gn/T//cc6SFhOn.s:545    .rodata.__func__.9936:0000000000000000 __func__.9936
/var/folders/d2/nstgp4h54kz7g1l847x_b8wc0000gn/T//cc6SFhOn.s:471    .text.dcmiRelease:0000000000000000 $t
/var/folders/d2/nstgp4h54kz7g1l847x_b8wc0000gn/T//cc6SFhOn.s:478    .text.dcmiRelease:0000000000000000 dcmiRelease
/var/folders/d2/nstgp4h54kz7g1l847x_b8wc0000gn/T//cc6SFhOn.s:509    .text.dcmiRelease:0000000000000038 $d
/var/folders/d2/nstgp4h54kz7g1l847x_b8wc0000gn/T//cc6SFhOn.s:551    .rodata.__func__.9941:0000000000000000 __func__.9941
/var/folders/d2/nstgp4h54kz7g1l847x_b8wc0000gn/T//cc6SFhOn.s:512    .rodata.__func__.9920:0000000000000000 $d
/var/folders/d2/nstgp4h54kz7g1l847x_b8wc0000gn/T//cc6SFhOn.s:518    .rodata.__func__.7153:0000000000000000 $d
/var/folders/d2/nstgp4h54kz7g1l847x_b8wc0000gn/T//cc6SFhOn.s:524    .rodata.__func__.9924:0000000000000000 $d
/var/folders/d2/nstgp4h54kz7g1l847x_b8wc0000gn/T//cc6SFhOn.s:530    .rodata.__func__.9928:0000000000000000 $d
/var/folders/d2/nstgp4h54kz7g1l847x_b8wc0000gn/T//cc6SFhOn.s:536    .rodata.__func__.9932:0000000000000000 $d
/var/folders/d2/nstgp4h54kz7g1l847x_b8wc0000gn/T//cc6SFhOn.s:542    .rodata.__func__.9936:0000000000000000 $d
/var/folders/d2/nstgp4h54kz7g1l847x_b8wc0000gn/T//cc6SFhOn.s:548    .rodata.__func__.9941:0000000000000000 $d

UNDEFINED SYMBOLS
_stats_start_measure_crit_thd
_dbg_check_lock
_dbg_check_unlock
_stats_stop_measure_crit_thd
ARM GAS  /var/folders/d2/nstgp4h54kz7g1l847x_b8wc0000gn/T//cc6SFhOn.s 			page 13


chSysHalt
ch
dcmi_lld_init
dcmi_lld_prepare
dcmi_lld_unprepare
dcmi_lld_start_oneshot
dcmi_lld_start_stream
dcmi_lld_stop_stream
