ARM GAS  /var/folders/d2/nstgp4h54kz7g1l847x_b8wc0000gn/T//ccfzTYnE.s 			page 1


   1              		.cpu cortex-m4
   2              		.eabi_attribute 27, 1
   3              		.eabi_attribute 28, 1
   4              		.eabi_attribute 20, 1
   5              		.eabi_attribute 21, 1
   6              		.eabi_attribute 23, 3
   7              		.eabi_attribute 24, 1
   8              		.eabi_attribute 25, 1
   9              		.eabi_attribute 26, 1
  10              		.eabi_attribute 30, 6
  11              		.eabi_attribute 34, 1
  12              		.eabi_attribute 18, 4
  13              		.file	"e_common.c"
  14              		.section	.text.e_poxxxx_config_cam,"ax",%progbits
  15              		.align	1
  16              		.global	e_poxxxx_config_cam
  17              		.syntax unified
  18              		.thumb
  19              		.thumb_func
  20              		.fpu fpv4-sp-d16
  21              		.type	e_poxxxx_config_cam, %function
  22              	e_poxxxx_config_cam:
  23              		@ args = 12, pretend = 0, frame = 24
  24              		@ frame_needed = 1, uses_anonymous_args = 0
  25 0000 80B5     		push	{r7, lr}
  26 0002 8AB0     		sub	sp, sp, #40
  27 0004 04AF     		add	r7, sp, #16
  28 0006 F860     		str	r0, [r7, #12]
  29 0008 B960     		str	r1, [r7, #8]
  30 000a 7A60     		str	r2, [r7, #4]
  31 000c 3B60     		str	r3, [r7]
  32 000e 7A68     		ldr	r2, [r7, #4]
  33 0010 3B6A     		ldr	r3, [r7, #32]
  34 0012 B2FBF3F3 		udiv	r3, r2, r3
  35 0016 7B60     		str	r3, [r7, #4]
  36 0018 3A68     		ldr	r2, [r7]
  37 001a 7B6A     		ldr	r3, [r7, #36]
  38 001c B2FBF3F3 		udiv	r3, r2, r3
  39 0020 3B60     		str	r3, [r7]
  40 0022 BB6A     		ldr	r3, [r7, #40]
  41 0024 002B     		cmp	r3, #0
  42 0026 02D1     		bne	.L2
  43 0028 0023     		movs	r3, #0
  44 002a FB75     		strb	r3, [r7, #23]
  45 002c 07E0     		b	.L3
  46              	.L2:
  47 002e BB6A     		ldr	r3, [r7, #40]
  48 0030 012B     		cmp	r3, #1
  49 0032 02D1     		bne	.L4
  50 0034 0123     		movs	r3, #1
  51 0036 FB75     		strb	r3, [r7, #23]
  52 0038 01E0     		b	.L3
  53              	.L4:
  54 003a 0123     		movs	r3, #1
  55 003c FB75     		strb	r3, [r7, #23]
  56              	.L3:
  57 003e 3B6A     		ldr	r3, [r7, #32]
ARM GAS  /var/folders/d2/nstgp4h54kz7g1l847x_b8wc0000gn/T//ccfzTYnE.s 			page 2


  58 0040 022B     		cmp	r3, #2
  59 0042 06D0     		beq	.L6
  60 0044 042B     		cmp	r3, #4
  61 0046 07D0     		beq	.L7
  62 0048 012B     		cmp	r3, #1
  63 004a 08D1     		bne	.L16
  64 004c 2023     		movs	r3, #32
  65 004e BB75     		strb	r3, [r7, #22]
  66 0050 12E0     		b	.L9
  67              	.L6:
  68 0052 4023     		movs	r3, #64
  69 0054 BB75     		strb	r3, [r7, #22]
  70 0056 0FE0     		b	.L9
  71              	.L7:
  72 0058 8023     		movs	r3, #128
  73 005a BB75     		strb	r3, [r7, #22]
  74 005c 0CE0     		b	.L9
  75              	.L16:
  76 005e 8023     		movs	r3, #128
  77 0060 BB75     		strb	r3, [r7, #22]
  78 0062 0423     		movs	r3, #4
  79 0064 3B62     		str	r3, [r7, #32]
  80 0066 7B68     		ldr	r3, [r7, #4]
  81 0068 3A6A     		ldr	r2, [r7, #32]
  82 006a 02FB03F3 		mul	r3, r2, r3
  83 006e C3F52073 		rsb	r3, r3, #640
  84 0072 5B08     		lsrs	r3, r3, #1
  85 0074 FB60     		str	r3, [r7, #12]
  86 0076 00BF     		nop
  87              	.L9:
  88 0078 7B6A     		ldr	r3, [r7, #36]
  89 007a 022B     		cmp	r3, #2
  90 007c 06D0     		beq	.L11
  91 007e 042B     		cmp	r3, #4
  92 0080 07D0     		beq	.L12
  93 0082 012B     		cmp	r3, #1
  94 0084 08D1     		bne	.L17
  95 0086 2023     		movs	r3, #32
  96 0088 7B75     		strb	r3, [r7, #21]
  97 008a 12E0     		b	.L14
  98              	.L11:
  99 008c 4023     		movs	r3, #64
 100 008e 7B75     		strb	r3, [r7, #21]
 101 0090 0FE0     		b	.L14
 102              	.L12:
 103 0092 8023     		movs	r3, #128
 104 0094 7B75     		strb	r3, [r7, #21]
 105 0096 0CE0     		b	.L14
 106              	.L17:
 107 0098 8023     		movs	r3, #128
 108 009a 7B75     		strb	r3, [r7, #21]
 109 009c 0423     		movs	r3, #4
 110 009e 7B62     		str	r3, [r7, #36]
 111 00a0 3B68     		ldr	r3, [r7]
 112 00a2 7A6A     		ldr	r2, [r7, #36]
 113 00a4 02FB03F3 		mul	r3, r2, r3
 114 00a8 C3F5F073 		rsb	r3, r3, #480
ARM GAS  /var/folders/d2/nstgp4h54kz7g1l847x_b8wc0000gn/T//ccfzTYnE.s 			page 3


 115 00ac 5B08     		lsrs	r3, r3, #1
 116 00ae BB60     		str	r3, [r7, #8]
 117 00b0 00BF     		nop
 118              	.L14:
 119 00b2 7B68     		ldr	r3, [r7, #4]
 120 00b4 3A6A     		ldr	r2, [r7, #32]
 121 00b6 02FB03F1 		mul	r1, r2, r3
 122 00ba 3B68     		ldr	r3, [r7]
 123 00bc 7A6A     		ldr	r2, [r7, #36]
 124 00be 02FB03F3 		mul	r3, r2, r3
 125 00c2 F87D     		ldrb	r0, [r7, #23]	@ zero_extendqisi2
 126 00c4 7A7D     		ldrb	r2, [r7, #21]	@ zero_extendqisi2
 127 00c6 0292     		str	r2, [sp, #8]
 128 00c8 BA7D     		ldrb	r2, [r7, #22]	@ zero_extendqisi2
 129 00ca 0192     		str	r2, [sp, #4]
 130 00cc 0093     		str	r3, [sp]
 131 00ce 0B46     		mov	r3, r1
 132 00d0 BA68     		ldr	r2, [r7, #8]
 133 00d2 F968     		ldr	r1, [r7, #12]
 134 00d4 FFF7FEFF 		bl	cam_advanced_config
 135 00d8 FFF7FEFF 		bl	dcmi_disable_double_buffering
 136 00dc 0020     		movs	r0, #0
 137 00de FFF7FEFF 		bl	dcmi_set_capture_mode
 138 00e2 FFF7FEFF 		bl	dcmi_prepare
 139 00e6 0023     		movs	r3, #0
 140 00e8 1846     		mov	r0, r3
 141 00ea 1837     		adds	r7, r7, #24
 142 00ec BD46     		mov	sp, r7
 143              		@ sp needed
 144 00ee 80BD     		pop	{r7, pc}
 145              		.size	e_poxxxx_config_cam, .-e_poxxxx_config_cam
 146              		.section	.text.e_poxxxx_set_mirror,"ax",%progbits
 147              		.align	1
 148              		.global	e_poxxxx_set_mirror
 149              		.syntax unified
 150              		.thumb
 151              		.thumb_func
 152              		.fpu fpv4-sp-d16
 153              		.type	e_poxxxx_set_mirror, %function
 154              	e_poxxxx_set_mirror:
 155              		@ args = 0, pretend = 0, frame = 8
 156              		@ frame_needed = 1, uses_anonymous_args = 0
 157 0000 80B5     		push	{r7, lr}
 158 0002 82B0     		sub	sp, sp, #8
 159 0004 00AF     		add	r7, sp, #0
 160 0006 7860     		str	r0, [r7, #4]
 161 0008 3960     		str	r1, [r7]
 162 000a 7B68     		ldr	r3, [r7, #4]
 163 000c DBB2     		uxtb	r3, r3
 164 000e 3A68     		ldr	r2, [r7]
 165 0010 D2B2     		uxtb	r2, r2
 166 0012 1146     		mov	r1, r2
 167 0014 1846     		mov	r0, r3
 168 0016 FFF7FEFF 		bl	cam_set_mirror
 169 001a 00BF     		nop
 170 001c 0837     		adds	r7, r7, #8
 171 001e BD46     		mov	sp, r7
ARM GAS  /var/folders/d2/nstgp4h54kz7g1l847x_b8wc0000gn/T//ccfzTYnE.s 			page 4


 172              		@ sp needed
 173 0020 80BD     		pop	{r7, pc}
 174              		.size	e_poxxxx_set_mirror, .-e_poxxxx_set_mirror
 175              		.section	.text.e_poxxxx_write_cam_registers,"ax",%progbits
 176              		.align	1
 177              		.global	e_poxxxx_write_cam_registers
 178              		.syntax unified
 179              		.thumb
 180              		.thumb_func
 181              		.fpu fpv4-sp-d16
 182              		.type	e_poxxxx_write_cam_registers, %function
 183              	e_poxxxx_write_cam_registers:
 184              		@ args = 0, pretend = 0, frame = 0
 185              		@ frame_needed = 1, uses_anonymous_args = 0
 186              		@ link register save eliminated.
 187 0000 80B4     		push	{r7}
 188 0002 00AF     		add	r7, sp, #0
 189 0004 00BF     		nop
 190 0006 BD46     		mov	sp, r7
 191              		@ sp needed
 192 0008 5DF8047B 		ldr	r7, [sp], #4
 193 000c 7047     		bx	lr
 194              		.size	e_poxxxx_write_cam_registers, .-e_poxxxx_write_cam_registers
 195              		.section	.text.e_poxxxx_init_cam,"ax",%progbits
 196              		.align	1
 197              		.global	e_poxxxx_init_cam
 198              		.syntax unified
 199              		.thumb
 200              		.thumb_func
 201              		.fpu fpv4-sp-d16
 202              		.type	e_poxxxx_init_cam, %function
 203              	e_poxxxx_init_cam:
 204              		@ args = 0, pretend = 0, frame = 0
 205              		@ frame_needed = 1, uses_anonymous_args = 0
 206 0000 80B5     		push	{r7, lr}
 207 0002 00AF     		add	r7, sp, #0
 208 0004 FFF7FEFF 		bl	cam_get_id
 209 0008 0346     		mov	r3, r0
 210 000a 1846     		mov	r0, r3
 211 000c 80BD     		pop	{r7, pc}
 212              		.size	e_poxxxx_init_cam, .-e_poxxxx_init_cam
 213              		.section	.text.e_poxxxx_get_orientation,"ax",%progbits
 214              		.align	1
 215              		.global	e_poxxxx_get_orientation
 216              		.syntax unified
 217              		.thumb
 218              		.thumb_func
 219              		.fpu fpv4-sp-d16
 220              		.type	e_poxxxx_get_orientation, %function
 221              	e_poxxxx_get_orientation:
 222              		@ args = 0, pretend = 0, frame = 0
 223              		@ frame_needed = 1, uses_anonymous_args = 0
 224              		@ link register save eliminated.
 225 0000 80B4     		push	{r7}
 226 0002 00AF     		add	r7, sp, #0
 227 0004 0123     		movs	r3, #1
 228 0006 1846     		mov	r0, r3
ARM GAS  /var/folders/d2/nstgp4h54kz7g1l847x_b8wc0000gn/T//ccfzTYnE.s 			page 5


 229 0008 BD46     		mov	sp, r7
 230              		@ sp needed
 231 000a 5DF8047B 		ldr	r7, [sp], #4
 232 000e 7047     		bx	lr
 233              		.size	e_poxxxx_get_orientation, .-e_poxxxx_get_orientation
 234              		.section	.text.e_poxxxx_set_awb_ae,"ax",%progbits
 235              		.align	1
 236              		.global	e_poxxxx_set_awb_ae
 237              		.syntax unified
 238              		.thumb
 239              		.thumb_func
 240              		.fpu fpv4-sp-d16
 241              		.type	e_poxxxx_set_awb_ae, %function
 242              	e_poxxxx_set_awb_ae:
 243              		@ args = 0, pretend = 0, frame = 8
 244              		@ frame_needed = 1, uses_anonymous_args = 0
 245 0000 80B5     		push	{r7, lr}
 246 0002 82B0     		sub	sp, sp, #8
 247 0004 00AF     		add	r7, sp, #0
 248 0006 7860     		str	r0, [r7, #4]
 249 0008 3960     		str	r1, [r7]
 250 000a 7B68     		ldr	r3, [r7, #4]
 251 000c DBB2     		uxtb	r3, r3
 252 000e 1846     		mov	r0, r3
 253 0010 FFF7FEFF 		bl	cam_set_awb
 254 0014 3B68     		ldr	r3, [r7]
 255 0016 DBB2     		uxtb	r3, r3
 256 0018 1846     		mov	r0, r3
 257 001a FFF7FEFF 		bl	cam_set_ae
 258 001e 00BF     		nop
 259 0020 0837     		adds	r7, r7, #8
 260 0022 BD46     		mov	sp, r7
 261              		@ sp needed
 262 0024 80BD     		pop	{r7, pc}
 263              		.size	e_poxxxx_set_awb_ae, .-e_poxxxx_set_awb_ae
 264              		.section	.text.e_poxxxx_set_rgb_gain,"ax",%progbits
 265              		.align	1
 266              		.global	e_poxxxx_set_rgb_gain
 267              		.syntax unified
 268              		.thumb
 269              		.thumb_func
 270              		.fpu fpv4-sp-d16
 271              		.type	e_poxxxx_set_rgb_gain, %function
 272              	e_poxxxx_set_rgb_gain:
 273              		@ args = 0, pretend = 0, frame = 8
 274              		@ frame_needed = 1, uses_anonymous_args = 0
 275 0000 80B5     		push	{r7, lr}
 276 0002 82B0     		sub	sp, sp, #8
 277 0004 00AF     		add	r7, sp, #0
 278 0006 0346     		mov	r3, r0
 279 0008 FB71     		strb	r3, [r7, #7]
 280 000a 0B46     		mov	r3, r1
 281 000c BB71     		strb	r3, [r7, #6]
 282 000e 1346     		mov	r3, r2
 283 0010 7B71     		strb	r3, [r7, #5]
 284 0012 7A79     		ldrb	r2, [r7, #5]	@ zero_extendqisi2
 285 0014 B979     		ldrb	r1, [r7, #6]	@ zero_extendqisi2
ARM GAS  /var/folders/d2/nstgp4h54kz7g1l847x_b8wc0000gn/T//ccfzTYnE.s 			page 6


 286 0016 FB79     		ldrb	r3, [r7, #7]	@ zero_extendqisi2
 287 0018 1846     		mov	r0, r3
 288 001a FFF7FEFF 		bl	cam_set_rgb_gain
 289 001e 00BF     		nop
 290 0020 0837     		adds	r7, r7, #8
 291 0022 BD46     		mov	sp, r7
 292              		@ sp needed
 293 0024 80BD     		pop	{r7, pc}
 294              		.size	e_poxxxx_set_rgb_gain, .-e_poxxxx_set_rgb_gain
 295              		.section	.text.e_poxxxx_set_exposure,"ax",%progbits
 296              		.align	1
 297              		.global	e_poxxxx_set_exposure
 298              		.syntax unified
 299              		.thumb
 300              		.thumb_func
 301              		.fpu fpv4-sp-d16
 302              		.type	e_poxxxx_set_exposure, %function
 303              	e_poxxxx_set_exposure:
 304              		@ args = 0, pretend = 0, frame = 8
 305              		@ frame_needed = 1, uses_anonymous_args = 0
 306 0000 80B5     		push	{r7, lr}
 307 0002 82B0     		sub	sp, sp, #8
 308 0004 00AF     		add	r7, sp, #0
 309 0006 7860     		str	r0, [r7, #4]
 310 0008 7B68     		ldr	r3, [r7, #4]
 311 000a 1B0A     		lsrs	r3, r3, #8
 312 000c 9BB2     		uxth	r3, r3
 313 000e 7A68     		ldr	r2, [r7, #4]
 314 0010 D2B2     		uxtb	r2, r2
 315 0012 1146     		mov	r1, r2
 316 0014 1846     		mov	r0, r3
 317 0016 FFF7FEFF 		bl	cam_set_exposure
 318 001a 00BF     		nop
 319 001c 0837     		adds	r7, r7, #8
 320 001e BD46     		mov	sp, r7
 321              		@ sp needed
 322 0020 80BD     		pop	{r7, pc}
 323              		.size	e_poxxxx_set_exposure, .-e_poxxxx_set_exposure
 324              		.section	.text.getCameraVersion,"ax",%progbits
 325              		.align	1
 326              		.global	getCameraVersion
 327              		.syntax unified
 328              		.thumb
 329              		.thumb_func
 330              		.fpu fpv4-sp-d16
 331              		.type	getCameraVersion, %function
 332              	getCameraVersion:
 333              		@ args = 0, pretend = 0, frame = 0
 334              		@ frame_needed = 1, uses_anonymous_args = 0
 335 0000 80B5     		push	{r7, lr}
 336 0002 00AF     		add	r7, sp, #0
 337 0004 FFF7FEFF 		bl	cam_get_id
 338 0008 0346     		mov	r3, r0
 339 000a 1846     		mov	r0, r3
 340 000c 80BD     		pop	{r7, pc}
 341              		.size	getCameraVersion, .-getCameraVersion
 342              		.section	.text.e_poxxxx_launch_capture,"ax",%progbits
ARM GAS  /var/folders/d2/nstgp4h54kz7g1l847x_b8wc0000gn/T//ccfzTYnE.s 			page 7


 343              		.align	1
 344              		.global	e_poxxxx_launch_capture
 345              		.syntax unified
 346              		.thumb
 347              		.thumb_func
 348              		.fpu fpv4-sp-d16
 349              		.type	e_poxxxx_launch_capture, %function
 350              	e_poxxxx_launch_capture:
 351              		@ args = 0, pretend = 0, frame = 8
 352              		@ frame_needed = 1, uses_anonymous_args = 0
 353 0000 80B5     		push	{r7, lr}
 354 0002 82B0     		sub	sp, sp, #8
 355 0004 00AF     		add	r7, sp, #0
 356 0006 7860     		str	r0, [r7, #4]
 357 0008 FFF7FEFF 		bl	spi_comm_suspend
 358 000c FFF7FEFF 		bl	dcmi_capture_start
 359 0010 00BF     		nop
 360 0012 0837     		adds	r7, r7, #8
 361 0014 BD46     		mov	sp, r7
 362              		@ sp needed
 363 0016 80BD     		pop	{r7, pc}
 364              		.size	e_poxxxx_launch_capture, .-e_poxxxx_launch_capture
 365              		.section	.text.e_poxxxx_is_img_ready,"ax",%progbits
 366              		.align	1
 367              		.global	e_poxxxx_is_img_ready
 368              		.syntax unified
 369              		.thumb
 370              		.thumb_func
 371              		.fpu fpv4-sp-d16
 372              		.type	e_poxxxx_is_img_ready, %function
 373              	e_poxxxx_is_img_ready:
 374              		@ args = 0, pretend = 0, frame = 0
 375              		@ frame_needed = 1, uses_anonymous_args = 0
 376 0000 80B5     		push	{r7, lr}
 377 0002 00AF     		add	r7, sp, #0
 378 0004 FFF7FEFF 		bl	image_is_ready
 379 0008 0346     		mov	r3, r0
 380 000a 1846     		mov	r0, r3
 381 000c 80BD     		pop	{r7, pc}
 382              		.size	e_poxxxx_is_img_ready, .-e_poxxxx_is_img_ready
 383              		.section	.text.e_poxxxx_wait_img_ready,"ax",%progbits
 384              		.align	1
 385              		.global	e_poxxxx_wait_img_ready
 386              		.syntax unified
 387              		.thumb
 388              		.thumb_func
 389              		.fpu fpv4-sp-d16
 390              		.type	e_poxxxx_wait_img_ready, %function
 391              	e_poxxxx_wait_img_ready:
 392              		@ args = 0, pretend = 0, frame = 0
 393              		@ frame_needed = 1, uses_anonymous_args = 0
 394 0000 80B5     		push	{r7, lr}
 395 0002 00AF     		add	r7, sp, #0
 396 0004 FFF7FEFF 		bl	wait_image_ready
 397 0008 FFF7FEFF 		bl	spi_comm_resume
 398 000c 00BF     		nop
 399 000e 80BD     		pop	{r7, pc}
ARM GAS  /var/folders/d2/nstgp4h54kz7g1l847x_b8wc0000gn/T//ccfzTYnE.s 			page 8


 400              		.size	e_poxxxx_wait_img_ready, .-e_poxxxx_wait_img_ready
 401              		.ident	"GCC: (GNU Tools for Arm Embedded Processors 7-2017-q4-major) 7.2.1 20170904 (release) [ARM
ARM GAS  /var/folders/d2/nstgp4h54kz7g1l847x_b8wc0000gn/T//ccfzTYnE.s 			page 9


DEFINED SYMBOLS
                            *ABS*:0000000000000000 e_common.c
/var/folders/d2/nstgp4h54kz7g1l847x_b8wc0000gn/T//ccfzTYnE.s:15     .text.e_poxxxx_config_cam:0000000000000000 $t
/var/folders/d2/nstgp4h54kz7g1l847x_b8wc0000gn/T//ccfzTYnE.s:22     .text.e_poxxxx_config_cam:0000000000000000 e_poxxxx_config_cam
/var/folders/d2/nstgp4h54kz7g1l847x_b8wc0000gn/T//ccfzTYnE.s:147    .text.e_poxxxx_set_mirror:0000000000000000 $t
/var/folders/d2/nstgp4h54kz7g1l847x_b8wc0000gn/T//ccfzTYnE.s:154    .text.e_poxxxx_set_mirror:0000000000000000 e_poxxxx_set_mirror
/var/folders/d2/nstgp4h54kz7g1l847x_b8wc0000gn/T//ccfzTYnE.s:176    .text.e_poxxxx_write_cam_registers:0000000000000000 $t
/var/folders/d2/nstgp4h54kz7g1l847x_b8wc0000gn/T//ccfzTYnE.s:183    .text.e_poxxxx_write_cam_registers:0000000000000000 e_poxxxx_write_cam_registers
/var/folders/d2/nstgp4h54kz7g1l847x_b8wc0000gn/T//ccfzTYnE.s:196    .text.e_poxxxx_init_cam:0000000000000000 $t
/var/folders/d2/nstgp4h54kz7g1l847x_b8wc0000gn/T//ccfzTYnE.s:203    .text.e_poxxxx_init_cam:0000000000000000 e_poxxxx_init_cam
/var/folders/d2/nstgp4h54kz7g1l847x_b8wc0000gn/T//ccfzTYnE.s:214    .text.e_poxxxx_get_orientation:0000000000000000 $t
/var/folders/d2/nstgp4h54kz7g1l847x_b8wc0000gn/T//ccfzTYnE.s:221    .text.e_poxxxx_get_orientation:0000000000000000 e_poxxxx_get_orientation
/var/folders/d2/nstgp4h54kz7g1l847x_b8wc0000gn/T//ccfzTYnE.s:235    .text.e_poxxxx_set_awb_ae:0000000000000000 $t
/var/folders/d2/nstgp4h54kz7g1l847x_b8wc0000gn/T//ccfzTYnE.s:242    .text.e_poxxxx_set_awb_ae:0000000000000000 e_poxxxx_set_awb_ae
/var/folders/d2/nstgp4h54kz7g1l847x_b8wc0000gn/T//ccfzTYnE.s:265    .text.e_poxxxx_set_rgb_gain:0000000000000000 $t
/var/folders/d2/nstgp4h54kz7g1l847x_b8wc0000gn/T//ccfzTYnE.s:272    .text.e_poxxxx_set_rgb_gain:0000000000000000 e_poxxxx_set_rgb_gain
/var/folders/d2/nstgp4h54kz7g1l847x_b8wc0000gn/T//ccfzTYnE.s:296    .text.e_poxxxx_set_exposure:0000000000000000 $t
/var/folders/d2/nstgp4h54kz7g1l847x_b8wc0000gn/T//ccfzTYnE.s:303    .text.e_poxxxx_set_exposure:0000000000000000 e_poxxxx_set_exposure
/var/folders/d2/nstgp4h54kz7g1l847x_b8wc0000gn/T//ccfzTYnE.s:325    .text.getCameraVersion:0000000000000000 $t
/var/folders/d2/nstgp4h54kz7g1l847x_b8wc0000gn/T//ccfzTYnE.s:332    .text.getCameraVersion:0000000000000000 getCameraVersion
/var/folders/d2/nstgp4h54kz7g1l847x_b8wc0000gn/T//ccfzTYnE.s:343    .text.e_poxxxx_launch_capture:0000000000000000 $t
/var/folders/d2/nstgp4h54kz7g1l847x_b8wc0000gn/T//ccfzTYnE.s:350    .text.e_poxxxx_launch_capture:0000000000000000 e_poxxxx_launch_capture
/var/folders/d2/nstgp4h54kz7g1l847x_b8wc0000gn/T//ccfzTYnE.s:366    .text.e_poxxxx_is_img_ready:0000000000000000 $t
/var/folders/d2/nstgp4h54kz7g1l847x_b8wc0000gn/T//ccfzTYnE.s:373    .text.e_poxxxx_is_img_ready:0000000000000000 e_poxxxx_is_img_ready
/var/folders/d2/nstgp4h54kz7g1l847x_b8wc0000gn/T//ccfzTYnE.s:384    .text.e_poxxxx_wait_img_ready:0000000000000000 $t
/var/folders/d2/nstgp4h54kz7g1l847x_b8wc0000gn/T//ccfzTYnE.s:391    .text.e_poxxxx_wait_img_ready:0000000000000000 e_poxxxx_wait_img_ready

UNDEFINED SYMBOLS
cam_advanced_config
dcmi_disable_double_buffering
dcmi_set_capture_mode
dcmi_prepare
cam_set_mirror
cam_get_id
cam_set_awb
cam_set_ae
cam_set_rgb_gain
cam_set_exposure
spi_comm_suspend
dcmi_capture_start
image_is_ready
wait_image_ready
spi_comm_resume
