ARM GAS  /var/folders/d2/nstgp4h54kz7g1l847x_b8wc0000gn/T//ccuBUdxl.s 			page 1


   1              		.cpu cortex-m4
   2              		.eabi_attribute 27, 1
   3              		.eabi_attribute 28, 1
   4              		.eabi_attribute 20, 1
   5              		.eabi_attribute 21, 1
   6              		.eabi_attribute 23, 3
   7              		.eabi_attribute 24, 1
   8              		.eabi_attribute 25, 1
   9              		.eabi_attribute 26, 1
  10              		.eabi_attribute 30, 6
  11              		.eabi_attribute 34, 1
  12              		.eabi_attribute 18, 4
  13              		.file	"e_I2C_protocol.c"
  14              		.section	.text.e_i2cp_init,"ax",%progbits
  15              		.align	1
  16              		.global	e_i2cp_init
  17              		.syntax unified
  18              		.thumb
  19              		.thumb_func
  20              		.fpu fpv4-sp-d16
  21              		.type	e_i2cp_init, %function
  22              	e_i2cp_init:
  23              		@ args = 0, pretend = 0, frame = 0
  24              		@ frame_needed = 1, uses_anonymous_args = 0
  25              		@ link register save eliminated.
  26 0000 80B4     		push	{r7}
  27 0002 00AF     		add	r7, sp, #0
  28 0004 00BF     		nop
  29 0006 BD46     		mov	sp, r7
  30              		@ sp needed
  31 0008 5DF8047B 		ldr	r7, [sp], #4
  32 000c 7047     		bx	lr
  33              		.size	e_i2cp_init, .-e_i2cp_init
  34              		.section	.text.e_i2cp_deinit,"ax",%progbits
  35              		.align	1
  36              		.global	e_i2cp_deinit
  37              		.syntax unified
  38              		.thumb
  39              		.thumb_func
  40              		.fpu fpv4-sp-d16
  41              		.type	e_i2cp_deinit, %function
  42              	e_i2cp_deinit:
  43              		@ args = 0, pretend = 0, frame = 0
  44              		@ frame_needed = 1, uses_anonymous_args = 0
  45              		@ link register save eliminated.
  46 0000 80B4     		push	{r7}
  47 0002 00AF     		add	r7, sp, #0
  48 0004 00BF     		nop
  49 0006 BD46     		mov	sp, r7
  50              		@ sp needed
  51 0008 5DF8047B 		ldr	r7, [sp], #4
  52 000c 7047     		bx	lr
  53              		.size	e_i2cp_deinit, .-e_i2cp_deinit
  54              		.section	.text.e_i2cp_enable,"ax",%progbits
  55              		.align	1
  56              		.global	e_i2cp_enable
  57              		.syntax unified
ARM GAS  /var/folders/d2/nstgp4h54kz7g1l847x_b8wc0000gn/T//ccuBUdxl.s 			page 2


  58              		.thumb
  59              		.thumb_func
  60              		.fpu fpv4-sp-d16
  61              		.type	e_i2cp_enable, %function
  62              	e_i2cp_enable:
  63              		@ args = 0, pretend = 0, frame = 0
  64              		@ frame_needed = 1, uses_anonymous_args = 0
  65              		@ link register save eliminated.
  66 0000 80B4     		push	{r7}
  67 0002 00AF     		add	r7, sp, #0
  68 0004 00BF     		nop
  69 0006 BD46     		mov	sp, r7
  70              		@ sp needed
  71 0008 5DF8047B 		ldr	r7, [sp], #4
  72 000c 7047     		bx	lr
  73              		.size	e_i2cp_enable, .-e_i2cp_enable
  74              		.section	.text.e_i2cp_disable,"ax",%progbits
  75              		.align	1
  76              		.global	e_i2cp_disable
  77              		.syntax unified
  78              		.thumb
  79              		.thumb_func
  80              		.fpu fpv4-sp-d16
  81              		.type	e_i2cp_disable, %function
  82              	e_i2cp_disable:
  83              		@ args = 0, pretend = 0, frame = 0
  84              		@ frame_needed = 1, uses_anonymous_args = 0
  85              		@ link register save eliminated.
  86 0000 80B4     		push	{r7}
  87 0002 00AF     		add	r7, sp, #0
  88 0004 00BF     		nop
  89 0006 BD46     		mov	sp, r7
  90              		@ sp needed
  91 0008 5DF8047B 		ldr	r7, [sp], #4
  92 000c 7047     		bx	lr
  93              		.size	e_i2cp_disable, .-e_i2cp_disable
  94              		.section	.text.e_i2cp_read,"ax",%progbits
  95              		.align	1
  96              		.global	e_i2cp_read
  97              		.syntax unified
  98              		.thumb
  99              		.thumb_func
 100              		.fpu fpv4-sp-d16
 101              		.type	e_i2cp_read, %function
 102              	e_i2cp_read:
 103              		@ args = 0, pretend = 0, frame = 16
 104              		@ frame_needed = 1, uses_anonymous_args = 0
 105 0000 80B5     		push	{r7, lr}
 106 0002 84B0     		sub	sp, sp, #16
 107 0004 00AF     		add	r7, sp, #0
 108 0006 0346     		mov	r3, r0
 109 0008 0A46     		mov	r2, r1
 110 000a FB71     		strb	r3, [r7, #7]
 111 000c 1346     		mov	r3, r2
 112 000e BB71     		strb	r3, [r7, #6]
 113 0010 0023     		movs	r3, #0
 114 0012 FB73     		strb	r3, [r7, #15]
ARM GAS  /var/folders/d2/nstgp4h54kz7g1l847x_b8wc0000gn/T//ccuBUdxl.s 			page 3


 115 0014 FB79     		ldrb	r3, [r7, #7]	@ zero_extendqisi2
 116 0016 5B08     		lsrs	r3, r3, #1
 117 0018 DBB2     		uxtb	r3, r3
 118 001a 07F10F02 		add	r2, r7, #15
 119 001e B979     		ldrb	r1, [r7, #6]	@ zero_extendqisi2
 120 0020 1846     		mov	r0, r3
 121 0022 FFF7FEFF 		bl	read_reg
 122 0026 FB7B     		ldrb	r3, [r7, #15]	@ zero_extendqisi2
 123 0028 1846     		mov	r0, r3
 124 002a 1037     		adds	r7, r7, #16
 125 002c BD46     		mov	sp, r7
 126              		@ sp needed
 127 002e 80BD     		pop	{r7, pc}
 128              		.size	e_i2cp_read, .-e_i2cp_read
 129              		.section	.text.e_i2cp_write,"ax",%progbits
 130              		.align	1
 131              		.global	e_i2cp_write
 132              		.syntax unified
 133              		.thumb
 134              		.thumb_func
 135              		.fpu fpv4-sp-d16
 136              		.type	e_i2cp_write, %function
 137              	e_i2cp_write:
 138              		@ args = 0, pretend = 0, frame = 16
 139              		@ frame_needed = 1, uses_anonymous_args = 0
 140 0000 80B5     		push	{r7, lr}
 141 0002 84B0     		sub	sp, sp, #16
 142 0004 00AF     		add	r7, sp, #0
 143 0006 0346     		mov	r3, r0
 144 0008 FB71     		strb	r3, [r7, #7]
 145 000a 0B46     		mov	r3, r1
 146 000c BB71     		strb	r3, [r7, #6]
 147 000e 1346     		mov	r3, r2
 148 0010 7B71     		strb	r3, [r7, #5]
 149 0012 0023     		movs	r3, #0
 150 0014 FB73     		strb	r3, [r7, #15]
 151 0016 FB79     		ldrb	r3, [r7, #7]	@ zero_extendqisi2
 152 0018 5B08     		lsrs	r3, r3, #1
 153 001a DBB2     		uxtb	r3, r3
 154 001c 7A79     		ldrb	r2, [r7, #5]	@ zero_extendqisi2
 155 001e B979     		ldrb	r1, [r7, #6]	@ zero_extendqisi2
 156 0020 1846     		mov	r0, r3
 157 0022 FFF7FEFF 		bl	write_reg
 158 0026 0346     		mov	r3, r0
 159 0028 FB73     		strb	r3, [r7, #15]
 160 002a 97F90F30 		ldrsb	r3, [r7, #15]
 161 002e 002B     		cmp	r3, #0
 162 0030 01D0     		beq	.L12
 163 0032 0023     		movs	r3, #0
 164 0034 00E0     		b	.L13
 165              	.L12:
 166 0036 0123     		movs	r3, #1
 167              	.L13:
 168 0038 1846     		mov	r0, r3
 169 003a 1037     		adds	r7, r7, #16
 170 003c BD46     		mov	sp, r7
 171              		@ sp needed
ARM GAS  /var/folders/d2/nstgp4h54kz7g1l847x_b8wc0000gn/T//ccuBUdxl.s 			page 4


 172 003e 80BD     		pop	{r7, pc}
 173              		.size	e_i2cp_write, .-e_i2cp_write
 174              		.ident	"GCC: (GNU Tools for Arm Embedded Processors 7-2017-q4-major) 7.2.1 20170904 (release) [ARM
ARM GAS  /var/folders/d2/nstgp4h54kz7g1l847x_b8wc0000gn/T//ccuBUdxl.s 			page 5


DEFINED SYMBOLS
                            *ABS*:0000000000000000 e_I2C_protocol.c
/var/folders/d2/nstgp4h54kz7g1l847x_b8wc0000gn/T//ccuBUdxl.s:15     .text.e_i2cp_init:0000000000000000 $t
/var/folders/d2/nstgp4h54kz7g1l847x_b8wc0000gn/T//ccuBUdxl.s:22     .text.e_i2cp_init:0000000000000000 e_i2cp_init
/var/folders/d2/nstgp4h54kz7g1l847x_b8wc0000gn/T//ccuBUdxl.s:35     .text.e_i2cp_deinit:0000000000000000 $t
/var/folders/d2/nstgp4h54kz7g1l847x_b8wc0000gn/T//ccuBUdxl.s:42     .text.e_i2cp_deinit:0000000000000000 e_i2cp_deinit
/var/folders/d2/nstgp4h54kz7g1l847x_b8wc0000gn/T//ccuBUdxl.s:55     .text.e_i2cp_enable:0000000000000000 $t
/var/folders/d2/nstgp4h54kz7g1l847x_b8wc0000gn/T//ccuBUdxl.s:62     .text.e_i2cp_enable:0000000000000000 e_i2cp_enable
/var/folders/d2/nstgp4h54kz7g1l847x_b8wc0000gn/T//ccuBUdxl.s:75     .text.e_i2cp_disable:0000000000000000 $t
/var/folders/d2/nstgp4h54kz7g1l847x_b8wc0000gn/T//ccuBUdxl.s:82     .text.e_i2cp_disable:0000000000000000 e_i2cp_disable
/var/folders/d2/nstgp4h54kz7g1l847x_b8wc0000gn/T//ccuBUdxl.s:95     .text.e_i2cp_read:0000000000000000 $t
/var/folders/d2/nstgp4h54kz7g1l847x_b8wc0000gn/T//ccuBUdxl.s:102    .text.e_i2cp_read:0000000000000000 e_i2cp_read
/var/folders/d2/nstgp4h54kz7g1l847x_b8wc0000gn/T//ccuBUdxl.s:130    .text.e_i2cp_write:0000000000000000 $t
/var/folders/d2/nstgp4h54kz7g1l847x_b8wc0000gn/T//ccuBUdxl.s:137    .text.e_i2cp_write:0000000000000000 e_i2cp_write

UNDEFINED SYMBOLS
read_reg
write_reg
