ARM GAS  /var/folders/d2/nstgp4h54kz7g1l847x_b8wc0000gn/T//ccqdhkZS.s 			page 1


   1              		.cpu cortex-m4
   2              		.eabi_attribute 27, 1
   3              		.eabi_attribute 28, 1
   4              		.eabi_attribute 20, 1
   5              		.eabi_attribute 21, 1
   6              		.eabi_attribute 23, 3
   7              		.eabi_attribute 24, 1
   8              		.eabi_attribute 25, 1
   9              		.eabi_attribute 26, 1
  10              		.eabi_attribute 30, 6
  11              		.eabi_attribute 34, 1
  12              		.eabi_attribute 18, 4
  13              		.file	"i2s.c"
  14              		.section	.text.port_lock,"ax",%progbits
  15              		.align	1
  16              		.syntax unified
  17              		.thumb
  18              		.thumb_func
  19              		.fpu fpv4-sp-d16
  20              		.type	port_lock, %function
  21              	port_lock:
  22              		@ args = 0, pretend = 0, frame = 8
  23              		@ frame_needed = 1, uses_anonymous_args = 0
  24              		@ link register save eliminated.
  25 0000 80B4     		push	{r7}
  26 0002 83B0     		sub	sp, sp, #12
  27 0004 00AF     		add	r7, sp, #0
  28 0006 2023     		movs	r3, #32
  29 0008 7B60     		str	r3, [r7, #4]
  30 000a 7B68     		ldr	r3, [r7, #4]
  31              		.syntax unified
  32              	@ 546 "../e-puck2_main-processor/ChibiOS//os/ext/CMSIS/include/core_cmFunc.h" 1
  33 000c 83F31188 		MSR basepri, r3
  34              	@ 0 "" 2
  35              		.thumb
  36              		.syntax unified
  37 0010 00BF     		nop
  38 0012 0C37     		adds	r7, r7, #12
  39 0014 BD46     		mov	sp, r7
  40              		@ sp needed
  41 0016 5DF8047B 		ldr	r7, [sp], #4
  42 001a 7047     		bx	lr
  43              		.size	port_lock, .-port_lock
  44              		.section	.text.port_unlock,"ax",%progbits
  45              		.align	1
  46              		.syntax unified
  47              		.thumb
  48              		.thumb_func
  49              		.fpu fpv4-sp-d16
  50              		.type	port_unlock, %function
  51              	port_unlock:
  52              		@ args = 0, pretend = 0, frame = 8
  53              		@ frame_needed = 1, uses_anonymous_args = 0
  54              		@ link register save eliminated.
  55 0000 80B4     		push	{r7}
  56 0002 83B0     		sub	sp, sp, #12
  57 0004 00AF     		add	r7, sp, #0
ARM GAS  /var/folders/d2/nstgp4h54kz7g1l847x_b8wc0000gn/T//ccqdhkZS.s 			page 2


  58 0006 0023     		movs	r3, #0
  59 0008 7B60     		str	r3, [r7, #4]
  60 000a 7B68     		ldr	r3, [r7, #4]
  61              		.syntax unified
  62              	@ 546 "../e-puck2_main-processor/ChibiOS//os/ext/CMSIS/include/core_cmFunc.h" 1
  63 000c 83F31188 		MSR basepri, r3
  64              	@ 0 "" 2
  65              		.thumb
  66              		.syntax unified
  67 0010 00BF     		nop
  68 0012 0C37     		adds	r7, r7, #12
  69 0014 BD46     		mov	sp, r7
  70              		@ sp needed
  71 0016 5DF8047B 		ldr	r7, [sp], #4
  72 001a 7047     		bx	lr
  73              		.size	port_unlock, .-port_unlock
  74              		.section	.text.chSysLock,"ax",%progbits
  75              		.align	1
  76              		.syntax unified
  77              		.thumb
  78              		.thumb_func
  79              		.fpu fpv4-sp-d16
  80              		.type	chSysLock, %function
  81              	chSysLock:
  82              		@ args = 0, pretend = 0, frame = 0
  83              		@ frame_needed = 1, uses_anonymous_args = 0
  84 0000 80B5     		push	{r7, lr}
  85 0002 00AF     		add	r7, sp, #0
  86 0004 FFF7FEFF 		bl	port_lock
  87 0008 FFF7FEFF 		bl	_stats_start_measure_crit_thd
  88 000c FFF7FEFF 		bl	_dbg_check_lock
  89 0010 00BF     		nop
  90 0012 80BD     		pop	{r7, pc}
  91              		.size	chSysLock, .-chSysLock
  92              		.section	.text.chSysUnlock,"ax",%progbits
  93              		.align	1
  94              		.syntax unified
  95              		.thumb
  96              		.thumb_func
  97              		.fpu fpv4-sp-d16
  98              		.type	chSysUnlock, %function
  99              	chSysUnlock:
 100              		@ args = 0, pretend = 0, frame = 0
 101              		@ frame_needed = 1, uses_anonymous_args = 0
 102 0000 80B5     		push	{r7, lr}
 103 0002 00AF     		add	r7, sp, #0
 104 0004 FFF7FEFF 		bl	_dbg_check_unlock
 105 0008 FFF7FEFF 		bl	_stats_stop_measure_crit_thd
 106 000c 094B     		ldr	r3, .L6
 107 000e 1B68     		ldr	r3, [r3]
 108 0010 084A     		ldr	r2, .L6
 109 0012 9342     		cmp	r3, r2
 110 0014 0AD0     		beq	.L5
 111 0016 074B     		ldr	r3, .L6
 112 0018 9B69     		ldr	r3, [r3, #24]
 113 001a 9A68     		ldr	r2, [r3, #8]
 114 001c 054B     		ldr	r3, .L6
ARM GAS  /var/folders/d2/nstgp4h54kz7g1l847x_b8wc0000gn/T//ccqdhkZS.s 			page 3


 115 001e 1B68     		ldr	r3, [r3]
 116 0020 9B68     		ldr	r3, [r3, #8]
 117 0022 9A42     		cmp	r2, r3
 118 0024 02D2     		bcs	.L5
 119 0026 0448     		ldr	r0, .L6+4
 120 0028 FFF7FEFF 		bl	chSysHalt
 121              	.L5:
 122 002c FFF7FEFF 		bl	port_unlock
 123 0030 00BF     		nop
 124 0032 80BD     		pop	{r7, pc}
 125              	.L7:
 126              		.align	2
 127              	.L6:
 128 0034 00000000 		.word	ch
 129 0038 00000000 		.word	__func__.7153
 130              		.size	chSysUnlock, .-chSysUnlock
 131              		.section	.text.osalSysLock,"ax",%progbits
 132              		.align	1
 133              		.syntax unified
 134              		.thumb
 135              		.thumb_func
 136              		.fpu fpv4-sp-d16
 137              		.type	osalSysLock, %function
 138              	osalSysLock:
 139              		@ args = 0, pretend = 0, frame = 0
 140              		@ frame_needed = 1, uses_anonymous_args = 0
 141 0000 80B5     		push	{r7, lr}
 142 0002 00AF     		add	r7, sp, #0
 143 0004 FFF7FEFF 		bl	chSysLock
 144 0008 00BF     		nop
 145 000a 80BD     		pop	{r7, pc}
 146              		.size	osalSysLock, .-osalSysLock
 147              		.section	.text.osalSysUnlock,"ax",%progbits
 148              		.align	1
 149              		.syntax unified
 150              		.thumb
 151              		.thumb_func
 152              		.fpu fpv4-sp-d16
 153              		.type	osalSysUnlock, %function
 154              	osalSysUnlock:
 155              		@ args = 0, pretend = 0, frame = 0
 156              		@ frame_needed = 1, uses_anonymous_args = 0
 157 0000 80B5     		push	{r7, lr}
 158 0002 00AF     		add	r7, sp, #0
 159 0004 FFF7FEFF 		bl	chSysUnlock
 160 0008 00BF     		nop
 161 000a 80BD     		pop	{r7, pc}
 162              		.size	osalSysUnlock, .-osalSysUnlock
 163              		.section	.text.i2sInit,"ax",%progbits
 164              		.align	1
 165              		.global	i2sInit
 166              		.syntax unified
 167              		.thumb
 168              		.thumb_func
 169              		.fpu fpv4-sp-d16
 170              		.type	i2sInit, %function
 171              	i2sInit:
ARM GAS  /var/folders/d2/nstgp4h54kz7g1l847x_b8wc0000gn/T//ccqdhkZS.s 			page 4


 172              		@ args = 0, pretend = 0, frame = 0
 173              		@ frame_needed = 1, uses_anonymous_args = 0
 174 0000 80B5     		push	{r7, lr}
 175 0002 00AF     		add	r7, sp, #0
 176 0004 FFF7FEFF 		bl	i2s_lld_init
 177 0008 00BF     		nop
 178 000a 80BD     		pop	{r7, pc}
 179              		.size	i2sInit, .-i2sInit
 180              		.section	.text.i2sObjectInit,"ax",%progbits
 181              		.align	1
 182              		.global	i2sObjectInit
 183              		.syntax unified
 184              		.thumb
 185              		.thumb_func
 186              		.fpu fpv4-sp-d16
 187              		.type	i2sObjectInit, %function
 188              	i2sObjectInit:
 189              		@ args = 0, pretend = 0, frame = 8
 190              		@ frame_needed = 1, uses_anonymous_args = 0
 191              		@ link register save eliminated.
 192 0000 80B4     		push	{r7}
 193 0002 83B0     		sub	sp, sp, #12
 194 0004 00AF     		add	r7, sp, #0
 195 0006 7860     		str	r0, [r7, #4]
 196 0008 7B68     		ldr	r3, [r7, #4]
 197 000a 0122     		movs	r2, #1
 198 000c 1A70     		strb	r2, [r3]
 199 000e 7B68     		ldr	r3, [r7, #4]
 200 0010 0022     		movs	r2, #0
 201 0012 5A60     		str	r2, [r3, #4]
 202 0014 00BF     		nop
 203 0016 0C37     		adds	r7, r7, #12
 204 0018 BD46     		mov	sp, r7
 205              		@ sp needed
 206 001a 5DF8047B 		ldr	r7, [sp], #4
 207 001e 7047     		bx	lr
 208              		.size	i2sObjectInit, .-i2sObjectInit
 209              		.section	.text.i2sStart,"ax",%progbits
 210              		.align	1
 211              		.global	i2sStart
 212              		.syntax unified
 213              		.thumb
 214              		.thumb_func
 215              		.fpu fpv4-sp-d16
 216              		.type	i2sStart, %function
 217              	i2sStart:
 218              		@ args = 0, pretend = 0, frame = 8
 219              		@ frame_needed = 1, uses_anonymous_args = 0
 220 0000 80B5     		push	{r7, lr}
 221 0002 82B0     		sub	sp, sp, #8
 222 0004 00AF     		add	r7, sp, #0
 223 0006 7860     		str	r0, [r7, #4]
 224 0008 3960     		str	r1, [r7]
 225 000a 7B68     		ldr	r3, [r7, #4]
 226 000c 002B     		cmp	r3, #0
 227 000e 02D0     		beq	.L13
 228 0010 3B68     		ldr	r3, [r7]
ARM GAS  /var/folders/d2/nstgp4h54kz7g1l847x_b8wc0000gn/T//ccqdhkZS.s 			page 5


 229 0012 002B     		cmp	r3, #0
 230 0014 02D1     		bne	.L14
 231              	.L13:
 232 0016 0F48     		ldr	r0, .L16
 233 0018 FFF7FEFF 		bl	chSysHalt
 234              	.L14:
 235 001c FFF7FEFF 		bl	osalSysLock
 236 0020 7B68     		ldr	r3, [r7, #4]
 237 0022 1B78     		ldrb	r3, [r3]	@ zero_extendqisi2
 238 0024 012B     		cmp	r3, #1
 239 0026 06D0     		beq	.L15
 240 0028 7B68     		ldr	r3, [r7, #4]
 241 002a 1B78     		ldrb	r3, [r3]	@ zero_extendqisi2
 242 002c 022B     		cmp	r3, #2
 243 002e 02D0     		beq	.L15
 244 0030 0848     		ldr	r0, .L16
 245 0032 FFF7FEFF 		bl	chSysHalt
 246              	.L15:
 247 0036 7B68     		ldr	r3, [r7, #4]
 248 0038 3A68     		ldr	r2, [r7]
 249 003a 5A60     		str	r2, [r3, #4]
 250 003c 7868     		ldr	r0, [r7, #4]
 251 003e FFF7FEFF 		bl	i2s_lld_start
 252 0042 7B68     		ldr	r3, [r7, #4]
 253 0044 0222     		movs	r2, #2
 254 0046 1A70     		strb	r2, [r3]
 255 0048 FFF7FEFF 		bl	osalSysUnlock
 256 004c 00BF     		nop
 257 004e 0837     		adds	r7, r7, #8
 258 0050 BD46     		mov	sp, r7
 259              		@ sp needed
 260 0052 80BD     		pop	{r7, pc}
 261              	.L17:
 262              		.align	2
 263              	.L16:
 264 0054 00000000 		.word	__func__.9848
 265              		.size	i2sStart, .-i2sStart
 266              		.section	.text.i2sStop,"ax",%progbits
 267              		.align	1
 268              		.global	i2sStop
 269              		.syntax unified
 270              		.thumb
 271              		.thumb_func
 272              		.fpu fpv4-sp-d16
 273              		.type	i2sStop, %function
 274              	i2sStop:
 275              		@ args = 0, pretend = 0, frame = 8
 276              		@ frame_needed = 1, uses_anonymous_args = 0
 277 0000 80B5     		push	{r7, lr}
 278 0002 82B0     		sub	sp, sp, #8
 279 0004 00AF     		add	r7, sp, #0
 280 0006 7860     		str	r0, [r7, #4]
 281 0008 7B68     		ldr	r3, [r7, #4]
 282 000a 002B     		cmp	r3, #0
 283 000c 02D1     		bne	.L19
 284 000e 0E48     		ldr	r0, .L21
 285 0010 FFF7FEFF 		bl	chSysHalt
ARM GAS  /var/folders/d2/nstgp4h54kz7g1l847x_b8wc0000gn/T//ccqdhkZS.s 			page 6


 286              	.L19:
 287 0014 FFF7FEFF 		bl	osalSysLock
 288 0018 7B68     		ldr	r3, [r7, #4]
 289 001a 1B78     		ldrb	r3, [r3]	@ zero_extendqisi2
 290 001c 012B     		cmp	r3, #1
 291 001e 06D0     		beq	.L20
 292 0020 7B68     		ldr	r3, [r7, #4]
 293 0022 1B78     		ldrb	r3, [r3]	@ zero_extendqisi2
 294 0024 022B     		cmp	r3, #2
 295 0026 02D0     		beq	.L20
 296 0028 0748     		ldr	r0, .L21
 297 002a FFF7FEFF 		bl	chSysHalt
 298              	.L20:
 299 002e 7868     		ldr	r0, [r7, #4]
 300 0030 FFF7FEFF 		bl	i2s_lld_stop
 301 0034 7B68     		ldr	r3, [r7, #4]
 302 0036 0122     		movs	r2, #1
 303 0038 1A70     		strb	r2, [r3]
 304 003a FFF7FEFF 		bl	osalSysUnlock
 305 003e 00BF     		nop
 306 0040 0837     		adds	r7, r7, #8
 307 0042 BD46     		mov	sp, r7
 308              		@ sp needed
 309 0044 80BD     		pop	{r7, pc}
 310              	.L22:
 311 0046 00BF     		.align	2
 312              	.L21:
 313 0048 00000000 		.word	__func__.9852
 314              		.size	i2sStop, .-i2sStop
 315              		.section	.text.i2sStartExchange,"ax",%progbits
 316              		.align	1
 317              		.global	i2sStartExchange
 318              		.syntax unified
 319              		.thumb
 320              		.thumb_func
 321              		.fpu fpv4-sp-d16
 322              		.type	i2sStartExchange, %function
 323              	i2sStartExchange:
 324              		@ args = 0, pretend = 0, frame = 8
 325              		@ frame_needed = 1, uses_anonymous_args = 0
 326 0000 80B5     		push	{r7, lr}
 327 0002 82B0     		sub	sp, sp, #8
 328 0004 00AF     		add	r7, sp, #0
 329 0006 7860     		str	r0, [r7, #4]
 330 0008 7B68     		ldr	r3, [r7, #4]
 331 000a 002B     		cmp	r3, #0
 332 000c 02D1     		bne	.L24
 333 000e 0C48     		ldr	r0, .L26
 334 0010 FFF7FEFF 		bl	chSysHalt
 335              	.L24:
 336 0014 FFF7FEFF 		bl	osalSysLock
 337 0018 7B68     		ldr	r3, [r7, #4]
 338 001a 1B78     		ldrb	r3, [r3]	@ zero_extendqisi2
 339 001c 022B     		cmp	r3, #2
 340 001e 02D0     		beq	.L25
 341 0020 0748     		ldr	r0, .L26
 342 0022 FFF7FEFF 		bl	chSysHalt
ARM GAS  /var/folders/d2/nstgp4h54kz7g1l847x_b8wc0000gn/T//ccqdhkZS.s 			page 7


 343              	.L25:
 344 0026 7868     		ldr	r0, [r7, #4]
 345 0028 FFF7FEFF 		bl	i2s_lld_start_exchange
 346 002c 7B68     		ldr	r3, [r7, #4]
 347 002e 0322     		movs	r2, #3
 348 0030 1A70     		strb	r2, [r3]
 349 0032 FFF7FEFF 		bl	osalSysUnlock
 350 0036 00BF     		nop
 351 0038 0837     		adds	r7, r7, #8
 352 003a BD46     		mov	sp, r7
 353              		@ sp needed
 354 003c 80BD     		pop	{r7, pc}
 355              	.L27:
 356 003e 00BF     		.align	2
 357              	.L26:
 358 0040 00000000 		.word	__func__.9856
 359              		.size	i2sStartExchange, .-i2sStartExchange
 360              		.section	.text.i2sStopExchange,"ax",%progbits
 361              		.align	1
 362              		.global	i2sStopExchange
 363              		.syntax unified
 364              		.thumb
 365              		.thumb_func
 366              		.fpu fpv4-sp-d16
 367              		.type	i2sStopExchange, %function
 368              	i2sStopExchange:
 369              		@ args = 0, pretend = 0, frame = 8
 370              		@ frame_needed = 1, uses_anonymous_args = 0
 371 0000 80B5     		push	{r7, lr}
 372 0002 82B0     		sub	sp, sp, #8
 373 0004 00AF     		add	r7, sp, #0
 374 0006 7860     		str	r0, [r7, #4]
 375 0008 7B68     		ldr	r3, [r7, #4]
 376 000a 002B     		cmp	r3, #0
 377 000c 02D1     		bne	.L29
 378 000e 1048     		ldr	r0, .L31
 379 0010 FFF7FEFF 		bl	chSysHalt
 380              	.L29:
 381 0014 FFF7FEFF 		bl	osalSysLock
 382 0018 7B68     		ldr	r3, [r7, #4]
 383 001a 1B78     		ldrb	r3, [r3]	@ zero_extendqisi2
 384 001c 022B     		cmp	r3, #2
 385 001e 0AD0     		beq	.L30
 386 0020 7B68     		ldr	r3, [r7, #4]
 387 0022 1B78     		ldrb	r3, [r3]	@ zero_extendqisi2
 388 0024 032B     		cmp	r3, #3
 389 0026 06D0     		beq	.L30
 390 0028 7B68     		ldr	r3, [r7, #4]
 391 002a 1B78     		ldrb	r3, [r3]	@ zero_extendqisi2
 392 002c 042B     		cmp	r3, #4
 393 002e 02D0     		beq	.L30
 394 0030 0748     		ldr	r0, .L31
 395 0032 FFF7FEFF 		bl	chSysHalt
 396              	.L30:
 397 0036 7868     		ldr	r0, [r7, #4]
 398 0038 FFF7FEFF 		bl	i2s_lld_stop_exchange
 399 003c 7B68     		ldr	r3, [r7, #4]
ARM GAS  /var/folders/d2/nstgp4h54kz7g1l847x_b8wc0000gn/T//ccqdhkZS.s 			page 8


 400 003e 0222     		movs	r2, #2
 401 0040 1A70     		strb	r2, [r3]
 402 0042 FFF7FEFF 		bl	osalSysUnlock
 403 0046 00BF     		nop
 404 0048 0837     		adds	r7, r7, #8
 405 004a BD46     		mov	sp, r7
 406              		@ sp needed
 407 004c 80BD     		pop	{r7, pc}
 408              	.L32:
 409 004e 00BF     		.align	2
 410              	.L31:
 411 0050 00000000 		.word	__func__.9860
 412              		.size	i2sStopExchange, .-i2sStopExchange
 413              		.section	.rodata.__func__.9848,"a",%progbits
 414              		.align	2
 415              		.type	__func__.9848, %object
 416              		.size	__func__.9848, 9
 417              	__func__.9848:
 418 0000 69327353 		.ascii	"i2sStart\000"
 418      74617274 
 418      00
 419              		.section	.rodata.__func__.7153,"a",%progbits
 420              		.align	2
 421              		.type	__func__.7153, %object
 422              		.size	__func__.7153, 12
 423              	__func__.7153:
 424 0000 63685379 		.ascii	"chSysUnlock\000"
 424      73556E6C 
 424      6F636B00 
 425              		.section	.rodata.__func__.9852,"a",%progbits
 426              		.align	2
 427              		.type	__func__.9852, %object
 428              		.size	__func__.9852, 8
 429              	__func__.9852:
 430 0000 69327353 		.ascii	"i2sStop\000"
 430      746F7000 
 431              		.section	.rodata.__func__.9856,"a",%progbits
 432              		.align	2
 433              		.type	__func__.9856, %object
 434              		.size	__func__.9856, 17
 435              	__func__.9856:
 436 0000 69327353 		.ascii	"i2sStartExchange\000"
 436      74617274 
 436      45786368 
 436      616E6765 
 436      00
 437              		.section	.rodata.__func__.9860,"a",%progbits
 438              		.align	2
 439              		.type	__func__.9860, %object
 440              		.size	__func__.9860, 16
 441              	__func__.9860:
 442 0000 69327353 		.ascii	"i2sStopExchange\000"
 442      746F7045 
 442      78636861 
 442      6E676500 
 443              		.ident	"GCC: (GNU Tools for Arm Embedded Processors 7-2017-q4-major) 7.2.1 20170904 (release) [ARM
ARM GAS  /var/folders/d2/nstgp4h54kz7g1l847x_b8wc0000gn/T//ccqdhkZS.s 			page 9


DEFINED SYMBOLS
                            *ABS*:0000000000000000 i2s.c
/var/folders/d2/nstgp4h54kz7g1l847x_b8wc0000gn/T//ccqdhkZS.s:15     .text.port_lock:0000000000000000 $t
/var/folders/d2/nstgp4h54kz7g1l847x_b8wc0000gn/T//ccqdhkZS.s:21     .text.port_lock:0000000000000000 port_lock
/var/folders/d2/nstgp4h54kz7g1l847x_b8wc0000gn/T//ccqdhkZS.s:45     .text.port_unlock:0000000000000000 $t
/var/folders/d2/nstgp4h54kz7g1l847x_b8wc0000gn/T//ccqdhkZS.s:51     .text.port_unlock:0000000000000000 port_unlock
/var/folders/d2/nstgp4h54kz7g1l847x_b8wc0000gn/T//ccqdhkZS.s:75     .text.chSysLock:0000000000000000 $t
/var/folders/d2/nstgp4h54kz7g1l847x_b8wc0000gn/T//ccqdhkZS.s:81     .text.chSysLock:0000000000000000 chSysLock
/var/folders/d2/nstgp4h54kz7g1l847x_b8wc0000gn/T//ccqdhkZS.s:93     .text.chSysUnlock:0000000000000000 $t
/var/folders/d2/nstgp4h54kz7g1l847x_b8wc0000gn/T//ccqdhkZS.s:99     .text.chSysUnlock:0000000000000000 chSysUnlock
/var/folders/d2/nstgp4h54kz7g1l847x_b8wc0000gn/T//ccqdhkZS.s:128    .text.chSysUnlock:0000000000000034 $d
/var/folders/d2/nstgp4h54kz7g1l847x_b8wc0000gn/T//ccqdhkZS.s:423    .rodata.__func__.7153:0000000000000000 __func__.7153
/var/folders/d2/nstgp4h54kz7g1l847x_b8wc0000gn/T//ccqdhkZS.s:132    .text.osalSysLock:0000000000000000 $t
/var/folders/d2/nstgp4h54kz7g1l847x_b8wc0000gn/T//ccqdhkZS.s:138    .text.osalSysLock:0000000000000000 osalSysLock
/var/folders/d2/nstgp4h54kz7g1l847x_b8wc0000gn/T//ccqdhkZS.s:148    .text.osalSysUnlock:0000000000000000 $t
/var/folders/d2/nstgp4h54kz7g1l847x_b8wc0000gn/T//ccqdhkZS.s:154    .text.osalSysUnlock:0000000000000000 osalSysUnlock
/var/folders/d2/nstgp4h54kz7g1l847x_b8wc0000gn/T//ccqdhkZS.s:164    .text.i2sInit:0000000000000000 $t
/var/folders/d2/nstgp4h54kz7g1l847x_b8wc0000gn/T//ccqdhkZS.s:171    .text.i2sInit:0000000000000000 i2sInit
/var/folders/d2/nstgp4h54kz7g1l847x_b8wc0000gn/T//ccqdhkZS.s:181    .text.i2sObjectInit:0000000000000000 $t
/var/folders/d2/nstgp4h54kz7g1l847x_b8wc0000gn/T//ccqdhkZS.s:188    .text.i2sObjectInit:0000000000000000 i2sObjectInit
/var/folders/d2/nstgp4h54kz7g1l847x_b8wc0000gn/T//ccqdhkZS.s:210    .text.i2sStart:0000000000000000 $t
/var/folders/d2/nstgp4h54kz7g1l847x_b8wc0000gn/T//ccqdhkZS.s:217    .text.i2sStart:0000000000000000 i2sStart
/var/folders/d2/nstgp4h54kz7g1l847x_b8wc0000gn/T//ccqdhkZS.s:264    .text.i2sStart:0000000000000054 $d
/var/folders/d2/nstgp4h54kz7g1l847x_b8wc0000gn/T//ccqdhkZS.s:417    .rodata.__func__.9848:0000000000000000 __func__.9848
/var/folders/d2/nstgp4h54kz7g1l847x_b8wc0000gn/T//ccqdhkZS.s:267    .text.i2sStop:0000000000000000 $t
/var/folders/d2/nstgp4h54kz7g1l847x_b8wc0000gn/T//ccqdhkZS.s:274    .text.i2sStop:0000000000000000 i2sStop
/var/folders/d2/nstgp4h54kz7g1l847x_b8wc0000gn/T//ccqdhkZS.s:313    .text.i2sStop:0000000000000048 $d
/var/folders/d2/nstgp4h54kz7g1l847x_b8wc0000gn/T//ccqdhkZS.s:429    .rodata.__func__.9852:0000000000000000 __func__.9852
/var/folders/d2/nstgp4h54kz7g1l847x_b8wc0000gn/T//ccqdhkZS.s:316    .text.i2sStartExchange:0000000000000000 $t
/var/folders/d2/nstgp4h54kz7g1l847x_b8wc0000gn/T//ccqdhkZS.s:323    .text.i2sStartExchange:0000000000000000 i2sStartExchange
/var/folders/d2/nstgp4h54kz7g1l847x_b8wc0000gn/T//ccqdhkZS.s:358    .text.i2sStartExchange:0000000000000040 $d
/var/folders/d2/nstgp4h54kz7g1l847x_b8wc0000gn/T//ccqdhkZS.s:435    .rodata.__func__.9856:0000000000000000 __func__.9856
/var/folders/d2/nstgp4h54kz7g1l847x_b8wc0000gn/T//ccqdhkZS.s:361    .text.i2sStopExchange:0000000000000000 $t
/var/folders/d2/nstgp4h54kz7g1l847x_b8wc0000gn/T//ccqdhkZS.s:368    .text.i2sStopExchange:0000000000000000 i2sStopExchange
/var/folders/d2/nstgp4h54kz7g1l847x_b8wc0000gn/T//ccqdhkZS.s:411    .text.i2sStopExchange:0000000000000050 $d
/var/folders/d2/nstgp4h54kz7g1l847x_b8wc0000gn/T//ccqdhkZS.s:441    .rodata.__func__.9860:0000000000000000 __func__.9860
/var/folders/d2/nstgp4h54kz7g1l847x_b8wc0000gn/T//ccqdhkZS.s:414    .rodata.__func__.9848:0000000000000000 $d
/var/folders/d2/nstgp4h54kz7g1l847x_b8wc0000gn/T//ccqdhkZS.s:420    .rodata.__func__.7153:0000000000000000 $d
/var/folders/d2/nstgp4h54kz7g1l847x_b8wc0000gn/T//ccqdhkZS.s:426    .rodata.__func__.9852:0000000000000000 $d
/var/folders/d2/nstgp4h54kz7g1l847x_b8wc0000gn/T//ccqdhkZS.s:432    .rodata.__func__.9856:0000000000000000 $d
/var/folders/d2/nstgp4h54kz7g1l847x_b8wc0000gn/T//ccqdhkZS.s:438    .rodata.__func__.9860:0000000000000000 $d

UNDEFINED SYMBOLS
_stats_start_measure_crit_thd
_dbg_check_lock
_dbg_check_unlock
_stats_stop_measure_crit_thd
chSysHalt
ch
i2s_lld_init
i2s_lld_start
i2s_lld_stop
i2s_lld_start_exchange
i2s_lld_stop_exchange
