ARM GAS  /var/folders/d2/nstgp4h54kz7g1l847x_b8wc0000gn/T//cc42AaK3.s 			page 1


   1              		.cpu cortex-m4
   2              		.eabi_attribute 27, 1
   3              		.eabi_attribute 28, 1
   4              		.eabi_attribute 20, 1
   5              		.eabi_attribute 21, 1
   6              		.eabi_attribute 23, 3
   7              		.eabi_attribute 24, 1
   8              		.eabi_attribute 25, 1
   9              		.eabi_attribute 26, 1
  10              		.eabi_attribute 30, 6
  11              		.eabi_attribute 34, 1
  12              		.eabi_attribute 18, 4
  13              		.file	"malloc_lock.c"
  14              		.section	.data.lock,"aw",%progbits
  15              		.align	2
  16              		.type	lock, %object
  17              		.size	lock, 20
  18              	lock:
  19 0000 00000000 		.word	lock
  20 0004 00000000 		.word	lock
  21 0008 00000000 		.word	0
  22 000c 00000000 		.word	0
  23 0010 00000000 		.word	0
  24              		.section	.text.__malloc_lock,"ax",%progbits
  25              		.align	1
  26              		.global	__malloc_lock
  27              		.syntax unified
  28              		.thumb
  29              		.thumb_func
  30              		.fpu fpv4-sp-d16
  31              		.type	__malloc_lock, %function
  32              	__malloc_lock:
  33              		@ args = 0, pretend = 0, frame = 8
  34              		@ frame_needed = 1, uses_anonymous_args = 0
  35 0000 80B5     		push	{r7, lr}
  36 0002 82B0     		sub	sp, sp, #8
  37 0004 00AF     		add	r7, sp, #0
  38 0006 7860     		str	r0, [r7, #4]
  39 0008 0348     		ldr	r0, .L2
  40 000a FFF7FEFF 		bl	chMtxLock
  41 000e 00BF     		nop
  42 0010 0837     		adds	r7, r7, #8
  43 0012 BD46     		mov	sp, r7
  44              		@ sp needed
  45 0014 80BD     		pop	{r7, pc}
  46              	.L3:
  47 0016 00BF     		.align	2
  48              	.L2:
  49 0018 00000000 		.word	lock
  50              		.size	__malloc_lock, .-__malloc_lock
  51              		.section	.text.__malloc_unlock,"ax",%progbits
  52              		.align	1
  53              		.global	__malloc_unlock
  54              		.syntax unified
  55              		.thumb
  56              		.thumb_func
  57              		.fpu fpv4-sp-d16
ARM GAS  /var/folders/d2/nstgp4h54kz7g1l847x_b8wc0000gn/T//cc42AaK3.s 			page 2


  58              		.type	__malloc_unlock, %function
  59              	__malloc_unlock:
  60              		@ args = 0, pretend = 0, frame = 8
  61              		@ frame_needed = 1, uses_anonymous_args = 0
  62 0000 80B5     		push	{r7, lr}
  63 0002 82B0     		sub	sp, sp, #8
  64 0004 00AF     		add	r7, sp, #0
  65 0006 7860     		str	r0, [r7, #4]
  66 0008 0348     		ldr	r0, .L5
  67 000a FFF7FEFF 		bl	chMtxUnlock
  68 000e 00BF     		nop
  69 0010 0837     		adds	r7, r7, #8
  70 0012 BD46     		mov	sp, r7
  71              		@ sp needed
  72 0014 80BD     		pop	{r7, pc}
  73              	.L6:
  74 0016 00BF     		.align	2
  75              	.L5:
  76 0018 00000000 		.word	lock
  77              		.size	__malloc_unlock, .-__malloc_unlock
  78              		.ident	"GCC: (GNU Tools for Arm Embedded Processors 7-2017-q4-major) 7.2.1 20170904 (release) [ARM
ARM GAS  /var/folders/d2/nstgp4h54kz7g1l847x_b8wc0000gn/T//cc42AaK3.s 			page 3


DEFINED SYMBOLS
                            *ABS*:0000000000000000 malloc_lock.c
/var/folders/d2/nstgp4h54kz7g1l847x_b8wc0000gn/T//cc42AaK3.s:15     .data.lock:0000000000000000 $d
/var/folders/d2/nstgp4h54kz7g1l847x_b8wc0000gn/T//cc42AaK3.s:18     .data.lock:0000000000000000 lock
/var/folders/d2/nstgp4h54kz7g1l847x_b8wc0000gn/T//cc42AaK3.s:25     .text.__malloc_lock:0000000000000000 $t
/var/folders/d2/nstgp4h54kz7g1l847x_b8wc0000gn/T//cc42AaK3.s:32     .text.__malloc_lock:0000000000000000 __malloc_lock
/var/folders/d2/nstgp4h54kz7g1l847x_b8wc0000gn/T//cc42AaK3.s:49     .text.__malloc_lock:0000000000000018 $d
/var/folders/d2/nstgp4h54kz7g1l847x_b8wc0000gn/T//cc42AaK3.s:52     .text.__malloc_unlock:0000000000000000 $t
/var/folders/d2/nstgp4h54kz7g1l847x_b8wc0000gn/T//cc42AaK3.s:59     .text.__malloc_unlock:0000000000000000 __malloc_unlock
/var/folders/d2/nstgp4h54kz7g1l847x_b8wc0000gn/T//cc42AaK3.s:76     .text.__malloc_unlock:0000000000000018 $d

UNDEFINED SYMBOLS
chMtxLock
chMtxUnlock
