ARM GAS  /var/folders/d2/nstgp4h54kz7g1l847x_b8wc0000gn/T//ccDdJJ9P.s 			page 1


   1              		.cpu cortex-m4
   2              		.eabi_attribute 27, 1
   3              		.eabi_attribute 28, 1
   4              		.eabi_attribute 20, 1
   5              		.eabi_attribute 21, 1
   6              		.eabi_attribute 23, 3
   7              		.eabi_attribute 24, 1
   8              		.eabi_attribute 25, 1
   9              		.eabi_attribute 26, 1
  10              		.eabi_attribute 30, 2
  11              		.eabi_attribute 34, 1
  12              		.eabi_attribute 18, 4
  13              		.file	"osal.c"
  14              		.text
  15              	.Ltext0:
  16              		.cfi_sections	.debug_frame
  17              	.Letext0:
  18              		.file 1 "/Applications/Eclipse_e-puck2.app/Contents/Eclipse_e-puck2/Tools/gcc-arm-none-eabi-7-2017
  19              		.file 2 "/Applications/Eclipse_e-puck2.app/Contents/Eclipse_e-puck2/Tools/gcc-arm-none-eabi-7-2017
  20              		.file 3 "../e-puck2_main-processor/ChibiOS//os/rt/ports/ARMCMx/compilers/GCC/chtypes.h"
  21              		.file 4 "../e-puck2_main-processor/ChibiOS//os/rt/include/chsystypes.h"
  22              		.file 5 "../e-puck2_main-processor/ChibiOS//os/rt/include/chschd.h"
  23              		.file 6 "../e-puck2_main-processor/ChibiOS//os/ext/CMSIS/include/core_cm4.h"
  24              		.file 7 "../e-puck2_main-processor/ChibiOS//os/ext/CMSIS/ST/system_stm32f4xx.h"
  25              		.file 8 "../e-puck2_main-processor/ChibiOS//os/rt/ports/ARMCMx/chcore.h"
  26              		.file 9 "../e-puck2_main-processor/ChibiOS//os/rt/ports/ARMCMx/chcore_v7m.h"
  27              		.file 10 "../e-puck2_main-processor/ChibiOS//os/rt/include/chdebug.h"
  28              		.file 11 "../e-puck2_main-processor/ChibiOS//os/rt/include/chtm.h"
  29              		.file 12 "../e-puck2_main-processor/ChibiOS//os/rt/include/chstats.h"
  30              		.file 13 "../e-puck2_main-processor/ChibiOS//os/rt/include/chsem.h"
  31              		.file 14 "../e-puck2_main-processor/ChibiOS//os/rt/include/chmtx.h"
  32              		.file 15 "../e-puck2_main-processor/ChibiOS//os/rt/include/chregistry.h"
  33              		.section	.debug_info,"",%progbits
  34              	.Ldebug_info0:
  35 0000 E1090000 		.4byte	0x9e1
  36 0004 0400     		.2byte	0x4
  37 0006 00000000 		.4byte	.Ldebug_abbrev0
  38 000a 04       		.byte	0x4
  39 000b 01       		.uleb128 0x1
  40 000c 89020000 		.4byte	.LASF156
  41 0010 0C       		.byte	0xc
  42 0011 E0070000 		.4byte	.LASF157
  43 0015 0D000000 		.4byte	.LASF158
  44 0019 00000000 		.4byte	.Ldebug_line0
  45 001d 02       		.uleb128 0x2
  46 001e 04       		.byte	0x4
  47 001f 05       		.byte	0x5
  48 0020 696E7400 		.ascii	"int\000"
  49 0024 03       		.uleb128 0x3
  50 0025 04       		.byte	0x4
  51 0026 07       		.byte	0x7
  52 0027 7C020000 		.4byte	.LASF0
  53 002b 03       		.uleb128 0x3
  54 002c 08       		.byte	0x8
  55 002d 05       		.byte	0x5
  56 002e 80010000 		.4byte	.LASF1
  57 0032 03       		.uleb128 0x3
ARM GAS  /var/folders/d2/nstgp4h54kz7g1l847x_b8wc0000gn/T//ccDdJJ9P.s 			page 2


  58 0033 08       		.byte	0x8
  59 0034 04       		.byte	0x4
  60 0035 03050000 		.4byte	.LASF2
  61 0039 03       		.uleb128 0x3
  62 003a 01       		.byte	0x1
  63 003b 06       		.byte	0x6
  64 003c 8E010000 		.4byte	.LASF3
  65 0040 04       		.uleb128 0x4
  66 0041 9E000000 		.4byte	.LASF6
  67 0045 01       		.byte	0x1
  68 0046 2B       		.byte	0x2b
  69 0047 4B000000 		.4byte	0x4b
  70 004b 03       		.uleb128 0x3
  71 004c 01       		.byte	0x1
  72 004d 08       		.byte	0x8
  73 004e D7050000 		.4byte	.LASF4
  74 0052 03       		.uleb128 0x3
  75 0053 02       		.byte	0x2
  76 0054 05       		.byte	0x5
  77 0055 EF050000 		.4byte	.LASF5
  78 0059 04       		.uleb128 0x4
  79 005a E0060000 		.4byte	.LASF7
  80 005e 01       		.byte	0x1
  81 005f 39       		.byte	0x39
  82 0060 64000000 		.4byte	0x64
  83 0064 03       		.uleb128 0x3
  84 0065 02       		.byte	0x2
  85 0066 07       		.byte	0x7
  86 0067 27040000 		.4byte	.LASF8
  87 006b 04       		.uleb128 0x4
  88 006c A2040000 		.4byte	.LASF9
  89 0070 01       		.byte	0x1
  90 0071 4D       		.byte	0x4d
  91 0072 76000000 		.4byte	0x76
  92 0076 03       		.uleb128 0x3
  93 0077 04       		.byte	0x4
  94 0078 05       		.byte	0x5
  95 0079 E2010000 		.4byte	.LASF10
  96 007d 04       		.uleb128 0x4
  97 007e 1E070000 		.4byte	.LASF11
  98 0082 01       		.byte	0x1
  99 0083 4F       		.byte	0x4f
 100 0084 88000000 		.4byte	0x88
 101 0088 03       		.uleb128 0x3
 102 0089 04       		.byte	0x4
 103 008a 07       		.byte	0x7
 104 008b C2060000 		.4byte	.LASF12
 105 008f 04       		.uleb128 0x4
 106 0090 74050000 		.4byte	.LASF13
 107 0094 01       		.byte	0x1
 108 0095 69       		.byte	0x69
 109 0096 9A000000 		.4byte	0x9a
 110 009a 03       		.uleb128 0x3
 111 009b 08       		.byte	0x8
 112 009c 07       		.byte	0x7
 113 009d ED000000 		.4byte	.LASF14
 114 00a1 04       		.uleb128 0x4
ARM GAS  /var/folders/d2/nstgp4h54kz7g1l847x_b8wc0000gn/T//ccDdJJ9P.s 			page 3


 115 00a2 81070000 		.4byte	.LASF15
 116 00a6 02       		.byte	0x2
 117 00a7 18       		.byte	0x18
 118 00a8 40000000 		.4byte	0x40
 119 00ac 04       		.uleb128 0x4
 120 00ad CD030000 		.4byte	.LASF16
 121 00b1 02       		.byte	0x2
 122 00b2 24       		.byte	0x24
 123 00b3 59000000 		.4byte	0x59
 124 00b7 04       		.uleb128 0x4
 125 00b8 CF050000 		.4byte	.LASF17
 126 00bc 02       		.byte	0x2
 127 00bd 2C       		.byte	0x2c
 128 00be 6B000000 		.4byte	0x6b
 129 00c2 05       		.uleb128 0x5
 130 00c3 B7000000 		.4byte	0xb7
 131 00c7 04       		.uleb128 0x4
 132 00c8 8D060000 		.4byte	.LASF18
 133 00cc 02       		.byte	0x2
 134 00cd 30       		.byte	0x30
 135 00ce 7D000000 		.4byte	0x7d
 136 00d2 04       		.uleb128 0x4
 137 00d3 88000000 		.4byte	.LASF19
 138 00d7 02       		.byte	0x2
 139 00d8 3C       		.byte	0x3c
 140 00d9 8F000000 		.4byte	0x8f
 141 00dd 04       		.uleb128 0x4
 142 00de E4040000 		.4byte	.LASF20
 143 00e2 03       		.byte	0x3
 144 00e3 45       		.byte	0x45
 145 00e4 C7000000 		.4byte	0xc7
 146 00e8 04       		.uleb128 0x4
 147 00e9 5B010000 		.4byte	.LASF21
 148 00ed 03       		.byte	0x3
 149 00ee 46       		.byte	0x46
 150 00ef D2000000 		.4byte	0xd2
 151 00f3 04       		.uleb128 0x4
 152 00f4 20060000 		.4byte	.LASF22
 153 00f8 03       		.byte	0x3
 154 00f9 48       		.byte	0x48
 155 00fa A1000000 		.4byte	0xa1
 156 00fe 04       		.uleb128 0x4
 157 00ff EB010000 		.4byte	.LASF23
 158 0103 03       		.byte	0x3
 159 0104 49       		.byte	0x49
 160 0105 A1000000 		.4byte	0xa1
 161 0109 04       		.uleb128 0x4
 162 010a 8A050000 		.4byte	.LASF24
 163 010e 03       		.byte	0x3
 164 010f 4A       		.byte	0x4a
 165 0110 A1000000 		.4byte	0xa1
 166 0114 04       		.uleb128 0x4
 167 0115 CE010000 		.4byte	.LASF25
 168 0119 03       		.byte	0x3
 169 011a 4B       		.byte	0x4b
 170 011b A1000000 		.4byte	0xa1
 171 011f 04       		.uleb128 0x4
ARM GAS  /var/folders/d2/nstgp4h54kz7g1l847x_b8wc0000gn/T//ccDdJJ9P.s 			page 4


 172 0120 BE050000 		.4byte	.LASF26
 173 0124 03       		.byte	0x3
 174 0125 4C       		.byte	0x4c
 175 0126 C7000000 		.4byte	0xc7
 176 012a 04       		.uleb128 0x4
 177 012b 53040000 		.4byte	.LASF27
 178 012f 03       		.byte	0x3
 179 0130 4D       		.byte	0x4d
 180 0131 B7000000 		.4byte	0xb7
 181 0135 04       		.uleb128 0x4
 182 0136 96040000 		.4byte	.LASF28
 183 013a 03       		.byte	0x3
 184 013b 4F       		.byte	0x4f
 185 013c C7000000 		.4byte	0xc7
 186 0140 04       		.uleb128 0x4
 187 0141 6B020000 		.4byte	.LASF29
 188 0145 03       		.byte	0x3
 189 0146 51       		.byte	0x51
 190 0147 B7000000 		.4byte	0xb7
 191 014b 04       		.uleb128 0x4
 192 014c 5E040000 		.4byte	.LASF30
 193 0150 03       		.byte	0x3
 194 0151 52       		.byte	0x52
 195 0152 C7000000 		.4byte	0xc7
 196 0156 04       		.uleb128 0x4
 197 0157 00070000 		.4byte	.LASF31
 198 015b 04       		.byte	0x4
 199 015c 33       		.byte	0x33
 200 015d C7000000 		.4byte	0xc7
 201 0161 05       		.uleb128 0x5
 202 0162 56010000 		.4byte	0x156
 203 0166 04       		.uleb128 0x4
 204 0167 EB060000 		.4byte	.LASF32
 205 016b 04       		.byte	0x4
 206 016c 3F       		.byte	0x3f
 207 016d 71010000 		.4byte	0x171
 208 0171 06       		.uleb128 0x6
 209 0172 49040000 		.4byte	.LASF56
 210 0176 68       		.byte	0x68
 211 0177 05       		.byte	0x5
 212 0178 C2       		.byte	0xc2
 213 0179 8F020000 		.4byte	0x28f
 214 017d 07       		.uleb128 0x7
 215 017e 19060000 		.4byte	.LASF33
 216 0182 05       		.byte	0x5
 217 0183 C3       		.byte	0xc3
 218 0184 9A020000 		.4byte	0x29a
 219 0188 00       		.byte	0
 220 0189 07       		.uleb128 0x7
 221 018a B7050000 		.4byte	.LASF34
 222 018e 05       		.byte	0x5
 223 018f C5       		.byte	0xc5
 224 0190 9A020000 		.4byte	0x29a
 225 0194 04       		.byte	0x4
 226 0195 07       		.uleb128 0x7
 227 0196 64010000 		.4byte	.LASF35
 228 019a 05       		.byte	0x5
ARM GAS  /var/folders/d2/nstgp4h54kz7g1l847x_b8wc0000gn/T//ccDdJJ9P.s 			page 5


 229 019b C7       		.byte	0xc7
 230 019c 1F010000 		.4byte	0x11f
 231 01a0 08       		.byte	0x8
 232 01a1 07       		.uleb128 0x7
 233 01a2 4B050000 		.4byte	.LASF36
 234 01a6 05       		.byte	0x5
 235 01a7 C8       		.byte	0xc8
 236 01a8 13050000 		.4byte	0x513
 237 01ac 0C       		.byte	0xc
 238 01ad 07       		.uleb128 0x7
 239 01ae 04020000 		.4byte	.LASF37
 240 01b2 05       		.byte	0x5
 241 01b3 CA       		.byte	0xca
 242 01b4 9A020000 		.4byte	0x29a
 243 01b8 10       		.byte	0x10
 244 01b9 07       		.uleb128 0x7
 245 01ba 3D050000 		.4byte	.LASF38
 246 01be 05       		.byte	0x5
 247 01bf CB       		.byte	0xcb
 248 01c0 9A020000 		.4byte	0x29a
 249 01c4 14       		.byte	0x14
 250 01c5 07       		.uleb128 0x7
 251 01c6 A3070000 		.4byte	.LASF39
 252 01ca 05       		.byte	0x5
 253 01cb D2       		.byte	0xd2
 254 01cc 89080000 		.4byte	0x889
 255 01d0 18       		.byte	0x18
 256 01d1 07       		.uleb128 0x7
 257 01d2 71020000 		.4byte	.LASF40
 258 01d6 05       		.byte	0x5
 259 01d7 D8       		.byte	0xd8
 260 01d8 A0080000 		.4byte	0x8a0
 261 01dc 1C       		.byte	0x1c
 262 01dd 07       		.uleb128 0x7
 263 01de F9050000 		.4byte	.LASF41
 264 01e2 05       		.byte	0x5
 265 01e3 DD       		.byte	0xdd
 266 01e4 FE000000 		.4byte	0xfe
 267 01e8 20       		.byte	0x20
 268 01e9 07       		.uleb128 0x7
 269 01ea 37060000 		.4byte	.LASF42
 270 01ee 05       		.byte	0x5
 271 01ef E1       		.byte	0xe1
 272 01f0 F3000000 		.4byte	0xf3
 273 01f4 21       		.byte	0x21
 274 01f5 07       		.uleb128 0x7
 275 01f6 63070000 		.4byte	.LASF43
 276 01fa 05       		.byte	0x5
 277 01fb E6       		.byte	0xe6
 278 01fc 09010000 		.4byte	0x109
 279 0200 22       		.byte	0x22
 280 0201 07       		.uleb128 0x7
 281 0202 01060000 		.4byte	.LASF44
 282 0206 05       		.byte	0x5
 283 0207 EC       		.byte	0xec
 284 0208 14010000 		.4byte	0x114
 285 020c 23       		.byte	0x23
ARM GAS  /var/folders/d2/nstgp4h54kz7g1l847x_b8wc0000gn/T//ccDdJJ9P.s 			page 6


 286 020d 07       		.uleb128 0x7
 287 020e E6030000 		.4byte	.LASF45
 288 0212 05       		.byte	0x5
 289 0213 F3       		.byte	0xf3
 290 0214 61010000 		.4byte	0x161
 291 0218 24       		.byte	0x24
 292 0219 08       		.uleb128 0x8
 293 021a 705F7500 		.ascii	"p_u\000"
 294 021e 05       		.byte	0x5
 295 021f 3101     		.2byte	0x131
 296 0221 B8070000 		.4byte	0x7b8
 297 0225 28       		.byte	0x28
 298 0226 09       		.uleb128 0x9
 299 0227 DA040000 		.4byte	.LASF46
 300 022b 05       		.byte	0x5
 301 022c 3601     		.2byte	0x136
 302 022e A0020000 		.4byte	0x2a0
 303 0232 2C       		.byte	0x2c
 304 0233 09       		.uleb128 0x9
 305 0234 FD030000 		.4byte	.LASF47
 306 0238 05       		.byte	0x5
 307 0239 3C01     		.2byte	0x13c
 308 023b C4020000 		.4byte	0x2c4
 309 023f 30       		.byte	0x30
 310 0240 09       		.uleb128 0x9
 311 0241 42070000 		.4byte	.LASF48
 312 0245 05       		.byte	0x5
 313 0246 4001     		.2byte	0x140
 314 0248 2A010000 		.4byte	0x12a
 315 024c 38       		.byte	0x38
 316 024d 09       		.uleb128 0x9
 317 024e 82060000 		.4byte	.LASF49
 318 0252 05       		.byte	0x5
 319 0253 4601     		.2byte	0x146
 320 0255 35010000 		.4byte	0x135
 321 0259 3C       		.byte	0x3c
 322 025a 09       		.uleb128 0x9
 323 025b E5050000 		.4byte	.LASF50
 324 025f 05       		.byte	0x5
 325 0260 4D01     		.2byte	0x14d
 326 0262 83080000 		.4byte	0x883
 327 0266 40       		.byte	0x40
 328 0267 09       		.uleb128 0x9
 329 0268 0A070000 		.4byte	.LASF51
 330 026c 05       		.byte	0x5
 331 026d 5101     		.2byte	0x151
 332 026f 1F010000 		.4byte	0x11f
 333 0273 44       		.byte	0x44
 334 0274 09       		.uleb128 0x9
 335 0275 B7010000 		.4byte	.LASF52
 336 0279 05       		.byte	0x5
 337 027a 5801     		.2byte	0x158
 338 027c 77030000 		.4byte	0x377
 339 0280 48       		.byte	0x48
 340 0281 09       		.uleb128 0x9
 341 0282 3F060000 		.4byte	.LASF53
 342 0286 05       		.byte	0x5
ARM GAS  /var/folders/d2/nstgp4h54kz7g1l847x_b8wc0000gn/T//ccDdJJ9P.s 			page 7


 343 0287 5E01     		.2byte	0x15e
 344 0289 69070000 		.4byte	0x769
 345 028d 50       		.byte	0x50
 346 028e 00       		.byte	0
 347 028f 04       		.uleb128 0x4
 348 0290 89070000 		.4byte	.LASF54
 349 0294 04       		.byte	0x4
 350 0295 44       		.byte	0x44
 351 0296 9A020000 		.4byte	0x29a
 352 029a 0A       		.uleb128 0xa
 353 029b 04       		.byte	0x4
 354 029c 66010000 		.4byte	0x166
 355 02a0 04       		.uleb128 0x4
 356 02a1 B7040000 		.4byte	.LASF55
 357 02a5 04       		.byte	0x4
 358 02a6 49       		.byte	0x49
 359 02a7 AB020000 		.4byte	0x2ab
 360 02ab 06       		.uleb128 0x6
 361 02ac AA060000 		.4byte	.LASF57
 362 02b0 04       		.byte	0x4
 363 02b1 05       		.byte	0x5
 364 02b2 B0       		.byte	0xb0
 365 02b3 C4020000 		.4byte	0x2c4
 366 02b7 07       		.uleb128 0x7
 367 02b8 19060000 		.4byte	.LASF33
 368 02bc 05       		.byte	0x5
 369 02bd B1       		.byte	0xb1
 370 02be 9A020000 		.4byte	0x29a
 371 02c2 00       		.byte	0
 372 02c3 00       		.byte	0
 373 02c4 04       		.uleb128 0x4
 374 02c5 47060000 		.4byte	.LASF58
 375 02c9 04       		.byte	0x4
 376 02ca 50       		.byte	0x50
 377 02cb CF020000 		.4byte	0x2cf
 378 02cf 06       		.uleb128 0x6
 379 02d0 B4000000 		.4byte	.LASF59
 380 02d4 08       		.byte	0x8
 381 02d5 05       		.byte	0x5
 382 02d6 B7       		.byte	0xb7
 383 02d7 F4020000 		.4byte	0x2f4
 384 02db 07       		.uleb128 0x7
 385 02dc 19060000 		.4byte	.LASF33
 386 02e0 05       		.byte	0x5
 387 02e1 B8       		.byte	0xb8
 388 02e2 9A020000 		.4byte	0x29a
 389 02e6 00       		.byte	0
 390 02e7 07       		.uleb128 0x7
 391 02e8 B7050000 		.4byte	.LASF34
 392 02ec 05       		.byte	0x5
 393 02ed B9       		.byte	0xb9
 394 02ee 9A020000 		.4byte	0x29a
 395 02f2 04       		.byte	0x4
 396 02f3 00       		.byte	0
 397 02f4 04       		.uleb128 0x4
 398 02f5 66000000 		.4byte	.LASF60
 399 02f9 04       		.byte	0x4
ARM GAS  /var/folders/d2/nstgp4h54kz7g1l847x_b8wc0000gn/T//ccDdJJ9P.s 			page 8


 400 02fa 57       		.byte	0x57
 401 02fb FF020000 		.4byte	0x2ff
 402 02ff 0B       		.uleb128 0xb
 403 0300 88040000 		.4byte	.LASF61
 404 0304 1C       		.byte	0x1c
 405 0305 05       		.byte	0x5
 406 0306 9001     		.2byte	0x190
 407 0308 5B030000 		.4byte	0x35b
 408 030c 09       		.uleb128 0x9
 409 030d A2060000 		.4byte	.LASF62
 410 0311 05       		.byte	0x5
 411 0312 9101     		.2byte	0x191
 412 0314 C4020000 		.4byte	0x2c4
 413 0318 00       		.byte	0
 414 0319 09       		.uleb128 0x9
 415 031a 0B060000 		.4byte	.LASF63
 416 031e 05       		.byte	0x5
 417 031f 9201     		.2byte	0x192
 418 0321 1F010000 		.4byte	0x11f
 419 0325 08       		.byte	0x8
 420 0326 09       		.uleb128 0x9
 421 0327 45050000 		.4byte	.LASF64
 422 032b 05       		.byte	0x5
 423 032c 9401     		.2byte	0x194
 424 032e 13050000 		.4byte	0x513
 425 0332 0C       		.byte	0xc
 426 0333 09       		.uleb128 0x9
 427 0334 1C020000 		.4byte	.LASF65
 428 0338 05       		.byte	0x5
 429 0339 9701     		.2byte	0x197
 430 033b 9A020000 		.4byte	0x29a
 431 033f 10       		.byte	0x10
 432 0340 09       		.uleb128 0x9
 433 0341 6C050000 		.4byte	.LASF66
 434 0345 05       		.byte	0x5
 435 0346 9801     		.2byte	0x198
 436 0348 9A020000 		.4byte	0x29a
 437 034c 14       		.byte	0x14
 438 034d 09       		.uleb128 0x9
 439 034e 62050000 		.4byte	.LASF67
 440 0352 05       		.byte	0x5
 441 0353 9B01     		.2byte	0x19b
 442 0355 9A020000 		.4byte	0x29a
 443 0359 18       		.byte	0x18
 444 035a 00       		.byte	0
 445 035b 04       		.uleb128 0x4
 446 035c 15070000 		.4byte	.LASF68
 447 0360 04       		.byte	0x4
 448 0361 5C       		.byte	0x5c
 449 0362 66030000 		.4byte	0x366
 450 0366 0A       		.uleb128 0xa
 451 0367 04       		.byte	0x4
 452 0368 6C030000 		.4byte	0x36c
 453 036c 0C       		.uleb128 0xc
 454 036d 77030000 		.4byte	0x377
 455 0371 0D       		.uleb128 0xd
 456 0372 77030000 		.4byte	0x377
ARM GAS  /var/folders/d2/nstgp4h54kz7g1l847x_b8wc0000gn/T//ccDdJJ9P.s 			page 9


 457 0376 00       		.byte	0
 458 0377 0E       		.uleb128 0xe
 459 0378 04       		.byte	0x4
 460 0379 04       		.uleb128 0x4
 461 037a A7050000 		.4byte	.LASF69
 462 037e 04       		.byte	0x4
 463 037f 61       		.byte	0x61
 464 0380 84030000 		.4byte	0x384
 465 0384 0B       		.uleb128 0xb
 466 0385 57060000 		.4byte	.LASF70
 467 0389 14       		.byte	0x14
 468 038a 05       		.byte	0x5
 469 038b 6B01     		.2byte	0x16b
 470 038d D3030000 		.4byte	0x3d3
 471 0391 09       		.uleb128 0x9
 472 0392 4B020000 		.4byte	.LASF71
 473 0396 05       		.byte	0x5
 474 0397 6C01     		.2byte	0x16c
 475 0399 A6080000 		.4byte	0x8a6
 476 039d 00       		.byte	0
 477 039e 09       		.uleb128 0x9
 478 039f 2D020000 		.4byte	.LASF72
 479 03a3 05       		.byte	0x5
 480 03a4 6D01     		.2byte	0x16d
 481 03a6 A6080000 		.4byte	0x8a6
 482 03aa 04       		.byte	0x4
 483 03ab 09       		.uleb128 0x9
 484 03ac F4030000 		.4byte	.LASF73
 485 03b0 05       		.byte	0x5
 486 03b1 6E01     		.2byte	0x16e
 487 03b3 56010000 		.4byte	0x156
 488 03b7 08       		.byte	0x8
 489 03b8 09       		.uleb128 0x9
 490 03b9 27080000 		.4byte	.LASF74
 491 03bd 05       		.byte	0x5
 492 03be 6F01     		.2byte	0x16f
 493 03c0 5B030000 		.4byte	0x35b
 494 03c4 0C       		.byte	0xc
 495 03c5 09       		.uleb128 0x9
 496 03c6 48070000 		.4byte	.LASF75
 497 03ca 05       		.byte	0x5
 498 03cb 7101     		.2byte	0x171
 499 03cd 77030000 		.4byte	0x377
 500 03d1 10       		.byte	0x10
 501 03d2 00       		.byte	0
 502 03d3 04       		.uleb128 0x4
 503 03d4 38010000 		.4byte	.LASF76
 504 03d8 04       		.byte	0x4
 505 03d9 66       		.byte	0x66
 506 03da DE030000 		.4byte	0x3de
 507 03de 0B       		.uleb128 0xb
 508 03df EC040000 		.4byte	.LASF77
 509 03e3 10       		.byte	0x10
 510 03e4 05       		.byte	0x5
 511 03e5 7B01     		.2byte	0x17b
 512 03e7 20040000 		.4byte	0x420
 513 03eb 09       		.uleb128 0x9
ARM GAS  /var/folders/d2/nstgp4h54kz7g1l847x_b8wc0000gn/T//ccDdJJ9P.s 			page 10


 514 03ec 4B020000 		.4byte	.LASF71
 515 03f0 05       		.byte	0x5
 516 03f1 7C01     		.2byte	0x17c
 517 03f3 A6080000 		.4byte	0x8a6
 518 03f7 00       		.byte	0
 519 03f8 09       		.uleb128 0x9
 520 03f9 2D020000 		.4byte	.LASF72
 521 03fd 05       		.byte	0x5
 522 03fe 7E01     		.2byte	0x17e
 523 0400 A6080000 		.4byte	0x8a6
 524 0404 04       		.byte	0x4
 525 0405 09       		.uleb128 0x9
 526 0406 F4030000 		.4byte	.LASF73
 527 040a 05       		.byte	0x5
 528 040b 8001     		.2byte	0x180
 529 040d 56010000 		.4byte	0x156
 530 0411 08       		.byte	0x8
 531 0412 09       		.uleb128 0x9
 532 0413 AA070000 		.4byte	.LASF78
 533 0417 05       		.byte	0x5
 534 0418 8201     		.2byte	0x182
 535 041a 61010000 		.4byte	0x161
 536 041e 0C       		.byte	0xc
 537 041f 00       		.byte	0
 538 0420 04       		.uleb128 0x4
 539 0421 C5000000 		.4byte	.LASF79
 540 0425 04       		.byte	0x4
 541 0426 6B       		.byte	0x6b
 542 0427 2B040000 		.4byte	0x42b
 543 042b 0F       		.uleb128 0xf
 544 042c 35020000 		.4byte	.LASF80
 545 0430 1404     		.2byte	0x414
 546 0432 05       		.byte	0x5
 547 0433 A201     		.2byte	0x1a2
 548 0435 6E040000 		.4byte	0x46e
 549 0439 09       		.uleb128 0x9
 550 043a 29070000 		.4byte	.LASF81
 551 043e 05       		.byte	0x5
 552 043f AA01     		.2byte	0x1aa
 553 0441 8F080000 		.4byte	0x88f
 554 0445 00       		.byte	0
 555 0446 09       		.uleb128 0x9
 556 0447 6A070000 		.4byte	.LASF82
 557 044b 05       		.byte	0x5
 558 044c AF01     		.2byte	0x1af
 559 044e 40010000 		.4byte	0x140
 560 0452 04       		.byte	0x4
 561 0453 09       		.uleb128 0x9
 562 0454 53020000 		.4byte	.LASF83
 563 0458 05       		.byte	0x5
 564 0459 B301     		.2byte	0x1b3
 565 045b 40010000 		.4byte	0x140
 566 045f 08       		.byte	0x8
 567 0460 09       		.uleb128 0x9
 568 0461 B5070000 		.4byte	.LASF84
 569 0465 05       		.byte	0x5
 570 0466 B901     		.2byte	0x1b9
ARM GAS  /var/folders/d2/nstgp4h54kz7g1l847x_b8wc0000gn/T//ccDdJJ9P.s 			page 11


 571 0468 FB060000 		.4byte	0x6fb
 572 046c 0C       		.byte	0xc
 573 046d 00       		.byte	0
 574 046e 04       		.uleb128 0x4
 575 046f 65040000 		.4byte	.LASF85
 576 0473 04       		.byte	0x4
 577 0474 70       		.byte	0x70
 578 0475 79040000 		.4byte	0x479
 579 0479 0F       		.uleb128 0xf
 580 047a D8010000 		.4byte	.LASF86
 581 047e 7006     		.2byte	0x670
 582 0480 05       		.byte	0x5
 583 0481 C201     		.2byte	0x1c2
 584 0483 E6040000 		.4byte	0x4e6
 585 0487 09       		.uleb128 0x9
 586 0488 7B070000 		.4byte	.LASF87
 587 048c 05       		.byte	0x5
 588 048d C601     		.2byte	0x1c6
 589 048f F4020000 		.4byte	0x2f4
 590 0493 00       		.byte	0
 591 0494 09       		.uleb128 0x9
 592 0495 C7010000 		.4byte	.LASF88
 593 0499 05       		.byte	0x5
 594 049a CA01     		.2byte	0x1ca
 595 049c D3030000 		.4byte	0x3d3
 596 04a0 1C       		.byte	0x1c
 597 04a1 08       		.uleb128 0x8
 598 04a2 64626700 		.ascii	"dbg\000"
 599 04a6 05       		.byte	0x5
 600 04a7 CE01     		.2byte	0x1ce
 601 04a9 20040000 		.4byte	0x420
 602 04ad 2C       		.byte	0x2c
 603 04ae 10       		.uleb128 0x10
 604 04af 2D010000 		.4byte	.LASF89
 605 04b3 05       		.byte	0x5
 606 04b4 D201     		.2byte	0x1d2
 607 04b6 66010000 		.4byte	0x166
 608 04ba 4004     		.2byte	0x440
 609 04bc 11       		.uleb128 0x11
 610 04bd 746D00   		.ascii	"tm\000"
 611 04c0 05       		.byte	0x5
 612 04c1 D701     		.2byte	0x1d7
 613 04c3 1B070000 		.4byte	0x71b
 614 04c7 A804     		.2byte	0x4a8
 615 04c9 10       		.uleb128 0x10
 616 04ca 91000000 		.4byte	.LASF90
 617 04ce 05       		.byte	0x5
 618 04cf DD01     		.2byte	0x1dd
 619 04d1 AD070000 		.4byte	0x7ad
 620 04d5 B004     		.2byte	0x4b0
 621 04d7 10       		.uleb128 0x10
 622 04d8 5C020000 		.4byte	.LASF91
 623 04dc 05       		.byte	0x5
 624 04dd E301     		.2byte	0x1e3
 625 04df AC080000 		.4byte	0x8ac
 626 04e3 E804     		.2byte	0x4e8
 627 04e5 00       		.byte	0
ARM GAS  /var/folders/d2/nstgp4h54kz7g1l847x_b8wc0000gn/T//ccDdJJ9P.s 			page 12


 628 04e6 12       		.uleb128 0x12
 629 04e7 4E010000 		.4byte	.LASF92
 630 04eb 06       		.byte	0x6
 631 04ec A706     		.2byte	0x6a7
 632 04ee C2000000 		.4byte	0xc2
 633 04f2 13       		.uleb128 0x13
 634 04f3 D6030000 		.4byte	.LASF93
 635 04f7 07       		.byte	0x7
 636 04f8 4C       		.byte	0x4c
 637 04f9 C7000000 		.4byte	0xc7
 638 04fd 04       		.uleb128 0x4
 639 04fe 24020000 		.4byte	.LASF94
 640 0502 08       		.byte	0x8
 641 0503 65       		.byte	0x65
 642 0504 77030000 		.4byte	0x377
 643 0508 04       		.uleb128 0x4
 644 0509 AC040000 		.4byte	.LASF95
 645 050d 08       		.byte	0x8
 646 050e 6D       		.byte	0x6d
 647 050f D2000000 		.4byte	0xd2
 648 0513 06       		.uleb128 0x6
 649 0514 3A070000 		.4byte	.LASF96
 650 0518 04       		.byte	0x4
 651 0519 08       		.byte	0x8
 652 051a 89       		.byte	0x89
 653 051b 2C050000 		.4byte	0x52c
 654 051f 14       		.uleb128 0x14
 655 0520 72313300 		.ascii	"r13\000"
 656 0524 08       		.byte	0x8
 657 0525 8A       		.byte	0x8a
 658 0526 6D060000 		.4byte	0x66d
 659 052a 00       		.byte	0
 660 052b 00       		.byte	0
 661 052c 06       		.uleb128 0x6
 662 052d A8000000 		.4byte	.LASF97
 663 0531 64       		.byte	0x64
 664 0532 09       		.byte	0x9
 665 0533 F4       		.byte	0xf4
 666 0534 6D060000 		.4byte	0x66d
 667 0538 14       		.uleb128 0x14
 668 0539 73313600 		.ascii	"s16\000"
 669 053d 09       		.byte	0x9
 670 053e F6       		.byte	0xf6
 671 053f FD040000 		.4byte	0x4fd
 672 0543 00       		.byte	0
 673 0544 14       		.uleb128 0x14
 674 0545 73313700 		.ascii	"s17\000"
 675 0549 09       		.byte	0x9
 676 054a F7       		.byte	0xf7
 677 054b FD040000 		.4byte	0x4fd
 678 054f 04       		.byte	0x4
 679 0550 14       		.uleb128 0x14
 680 0551 73313800 		.ascii	"s18\000"
 681 0555 09       		.byte	0x9
 682 0556 F8       		.byte	0xf8
 683 0557 FD040000 		.4byte	0x4fd
 684 055b 08       		.byte	0x8
ARM GAS  /var/folders/d2/nstgp4h54kz7g1l847x_b8wc0000gn/T//ccDdJJ9P.s 			page 13


 685 055c 14       		.uleb128 0x14
 686 055d 73313900 		.ascii	"s19\000"
 687 0561 09       		.byte	0x9
 688 0562 F9       		.byte	0xf9
 689 0563 FD040000 		.4byte	0x4fd
 690 0567 0C       		.byte	0xc
 691 0568 14       		.uleb128 0x14
 692 0569 73323000 		.ascii	"s20\000"
 693 056d 09       		.byte	0x9
 694 056e FA       		.byte	0xfa
 695 056f FD040000 		.4byte	0x4fd
 696 0573 10       		.byte	0x10
 697 0574 14       		.uleb128 0x14
 698 0575 73323100 		.ascii	"s21\000"
 699 0579 09       		.byte	0x9
 700 057a FB       		.byte	0xfb
 701 057b FD040000 		.4byte	0x4fd
 702 057f 14       		.byte	0x14
 703 0580 14       		.uleb128 0x14
 704 0581 73323200 		.ascii	"s22\000"
 705 0585 09       		.byte	0x9
 706 0586 FC       		.byte	0xfc
 707 0587 FD040000 		.4byte	0x4fd
 708 058b 18       		.byte	0x18
 709 058c 14       		.uleb128 0x14
 710 058d 73323300 		.ascii	"s23\000"
 711 0591 09       		.byte	0x9
 712 0592 FD       		.byte	0xfd
 713 0593 FD040000 		.4byte	0x4fd
 714 0597 1C       		.byte	0x1c
 715 0598 14       		.uleb128 0x14
 716 0599 73323400 		.ascii	"s24\000"
 717 059d 09       		.byte	0x9
 718 059e FE       		.byte	0xfe
 719 059f FD040000 		.4byte	0x4fd
 720 05a3 20       		.byte	0x20
 721 05a4 14       		.uleb128 0x14
 722 05a5 73323500 		.ascii	"s25\000"
 723 05a9 09       		.byte	0x9
 724 05aa FF       		.byte	0xff
 725 05ab FD040000 		.4byte	0x4fd
 726 05af 24       		.byte	0x24
 727 05b0 08       		.uleb128 0x8
 728 05b1 73323600 		.ascii	"s26\000"
 729 05b5 09       		.byte	0x9
 730 05b6 0001     		.2byte	0x100
 731 05b8 FD040000 		.4byte	0x4fd
 732 05bc 28       		.byte	0x28
 733 05bd 08       		.uleb128 0x8
 734 05be 73323700 		.ascii	"s27\000"
 735 05c2 09       		.byte	0x9
 736 05c3 0101     		.2byte	0x101
 737 05c5 FD040000 		.4byte	0x4fd
 738 05c9 2C       		.byte	0x2c
 739 05ca 08       		.uleb128 0x8
 740 05cb 73323800 		.ascii	"s28\000"
 741 05cf 09       		.byte	0x9
ARM GAS  /var/folders/d2/nstgp4h54kz7g1l847x_b8wc0000gn/T//ccDdJJ9P.s 			page 14


 742 05d0 0201     		.2byte	0x102
 743 05d2 FD040000 		.4byte	0x4fd
 744 05d6 30       		.byte	0x30
 745 05d7 08       		.uleb128 0x8
 746 05d8 73323900 		.ascii	"s29\000"
 747 05dc 09       		.byte	0x9
 748 05dd 0301     		.2byte	0x103
 749 05df FD040000 		.4byte	0x4fd
 750 05e3 34       		.byte	0x34
 751 05e4 08       		.uleb128 0x8
 752 05e5 73333000 		.ascii	"s30\000"
 753 05e9 09       		.byte	0x9
 754 05ea 0401     		.2byte	0x104
 755 05ec FD040000 		.4byte	0x4fd
 756 05f0 38       		.byte	0x38
 757 05f1 08       		.uleb128 0x8
 758 05f2 73333100 		.ascii	"s31\000"
 759 05f6 09       		.byte	0x9
 760 05f7 0501     		.2byte	0x105
 761 05f9 FD040000 		.4byte	0x4fd
 762 05fd 3C       		.byte	0x3c
 763 05fe 08       		.uleb128 0x8
 764 05ff 723400   		.ascii	"r4\000"
 765 0602 09       		.byte	0x9
 766 0603 0701     		.2byte	0x107
 767 0605 FD040000 		.4byte	0x4fd
 768 0609 40       		.byte	0x40
 769 060a 08       		.uleb128 0x8
 770 060b 723500   		.ascii	"r5\000"
 771 060e 09       		.byte	0x9
 772 060f 0801     		.2byte	0x108
 773 0611 FD040000 		.4byte	0x4fd
 774 0615 44       		.byte	0x44
 775 0616 08       		.uleb128 0x8
 776 0617 723600   		.ascii	"r6\000"
 777 061a 09       		.byte	0x9
 778 061b 0901     		.2byte	0x109
 779 061d FD040000 		.4byte	0x4fd
 780 0621 48       		.byte	0x48
 781 0622 08       		.uleb128 0x8
 782 0623 723700   		.ascii	"r7\000"
 783 0626 09       		.byte	0x9
 784 0627 0A01     		.2byte	0x10a
 785 0629 FD040000 		.4byte	0x4fd
 786 062d 4C       		.byte	0x4c
 787 062e 08       		.uleb128 0x8
 788 062f 723800   		.ascii	"r8\000"
 789 0632 09       		.byte	0x9
 790 0633 0B01     		.2byte	0x10b
 791 0635 FD040000 		.4byte	0x4fd
 792 0639 50       		.byte	0x50
 793 063a 08       		.uleb128 0x8
 794 063b 723900   		.ascii	"r9\000"
 795 063e 09       		.byte	0x9
 796 063f 0C01     		.2byte	0x10c
 797 0641 FD040000 		.4byte	0x4fd
 798 0645 54       		.byte	0x54
ARM GAS  /var/folders/d2/nstgp4h54kz7g1l847x_b8wc0000gn/T//ccDdJJ9P.s 			page 15


 799 0646 08       		.uleb128 0x8
 800 0647 72313000 		.ascii	"r10\000"
 801 064b 09       		.byte	0x9
 802 064c 0D01     		.2byte	0x10d
 803 064e FD040000 		.4byte	0x4fd
 804 0652 58       		.byte	0x58
 805 0653 08       		.uleb128 0x8
 806 0654 72313100 		.ascii	"r11\000"
 807 0658 09       		.byte	0x9
 808 0659 0E01     		.2byte	0x10e
 809 065b FD040000 		.4byte	0x4fd
 810 065f 5C       		.byte	0x5c
 811 0660 08       		.uleb128 0x8
 812 0661 6C7200   		.ascii	"lr\000"
 813 0664 09       		.byte	0x9
 814 0665 0F01     		.2byte	0x10f
 815 0667 FD040000 		.4byte	0x4fd
 816 066b 60       		.byte	0x60
 817 066c 00       		.byte	0
 818 066d 0A       		.uleb128 0xa
 819 066e 04       		.byte	0x4
 820 066f 2C050000 		.4byte	0x52c
 821 0673 15       		.uleb128 0x15
 822 0674 10       		.byte	0x10
 823 0675 0A       		.byte	0xa
 824 0676 51       		.byte	0x51
 825 0677 AC060000 		.4byte	0x6ac
 826 067b 07       		.uleb128 0x7
 827 067c 73000000 		.4byte	.LASF98
 828 0680 0A       		.byte	0xa
 829 0681 55       		.byte	0x55
 830 0682 56010000 		.4byte	0x156
 831 0686 00       		.byte	0
 832 0687 07       		.uleb128 0x7
 833 0688 F4010000 		.4byte	.LASF99
 834 068c 0A       		.byte	0xa
 835 068d 59       		.byte	0x59
 836 068e 9A020000 		.4byte	0x29a
 837 0692 04       		.byte	0x4
 838 0693 07       		.uleb128 0x7
 839 0694 17040000 		.4byte	.LASF100
 840 0698 0A       		.byte	0xa
 841 0699 5D       		.byte	0x5d
 842 069a 77030000 		.4byte	0x377
 843 069e 08       		.byte	0x8
 844 069f 07       		.uleb128 0x7
 845 06a0 72070000 		.4byte	.LASF101
 846 06a4 0A       		.byte	0xa
 847 06a5 61       		.byte	0x61
 848 06a6 A1000000 		.4byte	0xa1
 849 06aa 0C       		.byte	0xc
 850 06ab 00       		.byte	0
 851 06ac 04       		.uleb128 0x4
 852 06ad 22050000 		.4byte	.LASF102
 853 06b1 0A       		.byte	0xa
 854 06b2 62       		.byte	0x62
 855 06b3 73060000 		.4byte	0x673
ARM GAS  /var/folders/d2/nstgp4h54kz7g1l847x_b8wc0000gn/T//ccDdJJ9P.s 			page 16


 856 06b7 16       		.uleb128 0x16
 857 06b8 0804     		.2byte	0x408
 858 06ba 0A       		.byte	0xa
 859 06bb 67       		.byte	0x67
 860 06bc E5060000 		.4byte	0x6e5
 861 06c0 07       		.uleb128 0x7
 862 06c1 14020000 		.4byte	.LASF103
 863 06c5 0A       		.byte	0xa
 864 06c6 6B       		.byte	0x6b
 865 06c7 24000000 		.4byte	0x24
 866 06cb 00       		.byte	0
 867 06cc 07       		.uleb128 0x7
 868 06cd 1B050000 		.4byte	.LASF104
 869 06d1 0A       		.byte	0xa
 870 06d2 6F       		.byte	0x6f
 871 06d3 E5060000 		.4byte	0x6e5
 872 06d7 04       		.byte	0x4
 873 06d8 07       		.uleb128 0x7
 874 06d9 92050000 		.4byte	.LASF105
 875 06dd 0A       		.byte	0xa
 876 06de 73       		.byte	0x73
 877 06df EB060000 		.4byte	0x6eb
 878 06e3 08       		.byte	0x8
 879 06e4 00       		.byte	0
 880 06e5 0A       		.uleb128 0xa
 881 06e6 04       		.byte	0x4
 882 06e7 AC060000 		.4byte	0x6ac
 883 06eb 17       		.uleb128 0x17
 884 06ec AC060000 		.4byte	0x6ac
 885 06f0 FB060000 		.4byte	0x6fb
 886 06f4 18       		.uleb128 0x18
 887 06f5 24000000 		.4byte	0x24
 888 06f9 3F       		.byte	0x3f
 889 06fa 00       		.byte	0
 890 06fb 04       		.uleb128 0x4
 891 06fc 04010000 		.4byte	.LASF106
 892 0700 0A       		.byte	0xa
 893 0701 74       		.byte	0x74
 894 0702 B7060000 		.4byte	0x6b7
 895 0706 15       		.uleb128 0x15
 896 0707 04       		.byte	0x4
 897 0708 0B       		.byte	0xb
 898 0709 38       		.byte	0x38
 899 070a 1B070000 		.4byte	0x71b
 900 070e 07       		.uleb128 0x7
 901 070f 33070000 		.4byte	.LASF107
 902 0713 0B       		.byte	0xb
 903 0714 3C       		.byte	0x3c
 904 0715 DD000000 		.4byte	0xdd
 905 0719 00       		.byte	0
 906 071a 00       		.byte	0
 907 071b 04       		.uleb128 0x4
 908 071c 51050000 		.4byte	.LASF108
 909 0720 0B       		.byte	0xb
 910 0721 3D       		.byte	0x3d
 911 0722 06070000 		.4byte	0x706
 912 0726 15       		.uleb128 0x15
ARM GAS  /var/folders/d2/nstgp4h54kz7g1l847x_b8wc0000gn/T//ccDdJJ9P.s 			page 17


 913 0727 18       		.byte	0x18
 914 0728 0B       		.byte	0xb
 915 0729 48       		.byte	0x48
 916 072a 69070000 		.4byte	0x769
 917 072e 07       		.uleb128 0x7
 918 072f F4060000 		.4byte	.LASF109
 919 0733 0B       		.byte	0xb
 920 0734 49       		.byte	0x49
 921 0735 DD000000 		.4byte	0xdd
 922 0739 00       		.byte	0
 923 073a 07       		.uleb128 0x7
 924 073b D4000000 		.4byte	.LASF110
 925 073f 0B       		.byte	0xb
 926 0740 4A       		.byte	0x4a
 927 0741 DD000000 		.4byte	0xdd
 928 0745 04       		.byte	0x4
 929 0746 07       		.uleb128 0x7
 930 0747 59040000 		.4byte	.LASF111
 931 074b 0B       		.byte	0xb
 932 074c 4B       		.byte	0x4b
 933 074d DD000000 		.4byte	0xdd
 934 0751 08       		.byte	0x8
 935 0752 14       		.uleb128 0x14
 936 0753 6E00     		.ascii	"n\000"
 937 0755 0B       		.byte	0xb
 938 0756 4C       		.byte	0x4c
 939 0757 4B010000 		.4byte	0x14b
 940 075b 0C       		.byte	0xc
 941 075c 07       		.uleb128 0x7
 942 075d 7F050000 		.4byte	.LASF112
 943 0761 0B       		.byte	0xb
 944 0762 4D       		.byte	0x4d
 945 0763 E8000000 		.4byte	0xe8
 946 0767 10       		.byte	0x10
 947 0768 00       		.byte	0
 948 0769 04       		.uleb128 0x4
 949 076a DA000000 		.4byte	.LASF113
 950 076e 0B       		.byte	0xb
 951 076f 4E       		.byte	0x4e
 952 0770 26070000 		.4byte	0x726
 953 0774 15       		.uleb128 0x15
 954 0775 38       		.byte	0x38
 955 0776 0C       		.byte	0xc
 956 0777 38       		.byte	0x38
 957 0778 AD070000 		.4byte	0x7ad
 958 077c 07       		.uleb128 0x7
 959 077d 11040000 		.4byte	.LASF114
 960 0781 0C       		.byte	0xc
 961 0782 39       		.byte	0x39
 962 0783 4B010000 		.4byte	0x14b
 963 0787 00       		.byte	0
 964 0788 07       		.uleb128 0x7
 965 0789 C6050000 		.4byte	.LASF115
 966 078d 0C       		.byte	0xc
 967 078e 3A       		.byte	0x3a
 968 078f 4B010000 		.4byte	0x14b
 969 0793 04       		.byte	0x4
ARM GAS  /var/folders/d2/nstgp4h54kz7g1l847x_b8wc0000gn/T//ccDdJJ9P.s 			page 18


 970 0794 07       		.uleb128 0x7
 971 0795 CD070000 		.4byte	.LASF116
 972 0799 0C       		.byte	0xc
 973 079a 3B       		.byte	0x3b
 974 079b 69070000 		.4byte	0x769
 975 079f 08       		.byte	0x8
 976 07a0 07       		.uleb128 0x7
 977 07a1 7D040000 		.4byte	.LASF117
 978 07a5 0C       		.byte	0xc
 979 07a6 3D       		.byte	0x3d
 980 07a7 69070000 		.4byte	0x769
 981 07ab 20       		.byte	0x20
 982 07ac 00       		.byte	0
 983 07ad 04       		.uleb128 0x4
 984 07ae 3A040000 		.4byte	.LASF118
 985 07b2 0C       		.byte	0xc
 986 07b3 3F       		.byte	0x3f
 987 07b4 74070000 		.4byte	0x774
 988 07b8 19       		.uleb128 0x19
 989 07b9 04       		.byte	0x4
 990 07ba 05       		.byte	0x5
 991 07bb FA       		.byte	0xfa
 992 07bc 15080000 		.4byte	0x815
 993 07c0 1A       		.uleb128 0x1a
 994 07c1 81000000 		.4byte	.LASF119
 995 07c5 05       		.byte	0x5
 996 07c6 0101     		.2byte	0x101
 997 07c8 2A010000 		.4byte	0x12a
 998 07cc 1A       		.uleb128 0x1a
 999 07cd 24010000 		.4byte	.LASF120
 1000 07d1 05       		.byte	0x5
 1001 07d2 0801     		.2byte	0x108
 1002 07d4 2A010000 		.4byte	0x12a
 1003 07d8 1A       		.uleb128 0x1a
 1004 07d9 9C070000 		.4byte	.LASF121
 1005 07dd 05       		.byte	0x5
 1006 07de 0F01     		.2byte	0x10f
 1007 07e0 77030000 		.4byte	0x377
 1008 07e4 1A       		.uleb128 0x1a
 1009 07e5 7B000000 		.4byte	.LASF122
 1010 07e9 05       		.byte	0x5
 1011 07ea 1601     		.2byte	0x116
 1012 07ec 15080000 		.4byte	0x815
 1013 07f0 1A       		.uleb128 0x1a
 1014 07f1 ED030000 		.4byte	.LASF123
 1015 07f5 05       		.byte	0x5
 1016 07f6 1E01     		.2byte	0x11e
 1017 07f8 40080000 		.4byte	0x840
 1018 07fc 1A       		.uleb128 0x1a
 1019 07fd D9060000 		.4byte	.LASF124
 1020 0801 05       		.byte	0x5
 1021 0802 2701     		.2byte	0x127
 1022 0804 83080000 		.4byte	0x883
 1023 0808 1A       		.uleb128 0x1a
 1024 0809 12060000 		.4byte	.LASF125
 1025 080d 05       		.byte	0x5
 1026 080e 2F01     		.2byte	0x12f
ARM GAS  /var/folders/d2/nstgp4h54kz7g1l847x_b8wc0000gn/T//ccDdJJ9P.s 			page 19


 1027 0810 35010000 		.4byte	0x135
 1028 0814 00       		.byte	0
 1029 0815 0A       		.uleb128 0xa
 1030 0816 04       		.byte	0x4
 1031 0817 8F020000 		.4byte	0x28f
 1032 081b 06       		.uleb128 0x6
 1033 081c 75060000 		.4byte	.LASF126
 1034 0820 0C       		.byte	0xc
 1035 0821 0D       		.byte	0xd
 1036 0822 34       		.byte	0x34
 1037 0823 40080000 		.4byte	0x840
 1038 0827 07       		.uleb128 0x7
 1039 0828 0C020000 		.4byte	.LASF127
 1040 082c 0D       		.byte	0xd
 1041 082d 35       		.byte	0x35
 1042 082e C4020000 		.4byte	0x2c4
 1043 0832 00       		.byte	0
 1044 0833 07       		.uleb128 0x7
 1045 0834 21040000 		.4byte	.LASF128
 1046 0838 0D       		.byte	0xd
 1047 0839 37       		.byte	0x37
 1048 083a 40010000 		.4byte	0x140
 1049 083e 08       		.byte	0x8
 1050 083f 00       		.byte	0
 1051 0840 0A       		.uleb128 0xa
 1052 0841 04       		.byte	0x4
 1053 0842 1B080000 		.4byte	0x81b
 1054 0846 06       		.uleb128 0x6
 1055 0847 5A070000 		.4byte	.LASF129
 1056 084b 14       		.byte	0x14
 1057 084c 0E       		.byte	0xe
 1058 084d 39       		.byte	0x39
 1059 084e 83080000 		.4byte	0x883
 1060 0852 07       		.uleb128 0x7
 1061 0853 BF010000 		.4byte	.LASF130
 1062 0857 0E       		.byte	0xe
 1063 0858 3A       		.byte	0x3a
 1064 0859 C4020000 		.4byte	0x2c4
 1065 085d 00       		.byte	0
 1066 085e 07       		.uleb128 0x7
 1067 085f D8070000 		.4byte	.LASF131
 1068 0863 0E       		.byte	0xe
 1069 0864 3C       		.byte	0x3c
 1070 0865 9A020000 		.4byte	0x29a
 1071 0869 08       		.byte	0x8
 1072 086a 07       		.uleb128 0x7
 1073 086b F9060000 		.4byte	.LASF132
 1074 086f 0E       		.byte	0xe
 1075 0870 3E       		.byte	0x3e
 1076 0871 DE090000 		.4byte	0x9de
 1077 0875 0C       		.byte	0xc
 1078 0876 07       		.uleb128 0x7
 1079 0877 45020000 		.4byte	.LASF133
 1080 087b 0E       		.byte	0xe
 1081 087c 41       		.byte	0x41
 1082 087d 40010000 		.4byte	0x140
 1083 0881 10       		.byte	0x10
ARM GAS  /var/folders/d2/nstgp4h54kz7g1l847x_b8wc0000gn/T//ccDdJJ9P.s 			page 20


 1084 0882 00       		.byte	0
 1085 0883 0A       		.uleb128 0xa
 1086 0884 04       		.byte	0x4
 1087 0885 46080000 		.4byte	0x846
 1088 0889 0A       		.uleb128 0xa
 1089 088a 04       		.byte	0x4
 1090 088b 9B080000 		.4byte	0x89b
 1091 088f 05       		.uleb128 0x5
 1092 0890 89080000 		.4byte	0x889
 1093 0894 03       		.uleb128 0x3
 1094 0895 01       		.byte	0x1
 1095 0896 08       		.byte	0x8
 1096 0897 D4060000 		.4byte	.LASF134
 1097 089b 1B       		.uleb128 0x1b
 1098 089c 94080000 		.4byte	0x894
 1099 08a0 0A       		.uleb128 0xa
 1100 08a1 04       		.byte	0x4
 1101 08a2 08050000 		.4byte	0x508
 1102 08a6 0A       		.uleb128 0xa
 1103 08a7 04       		.byte	0x4
 1104 08a8 79030000 		.4byte	0x379
 1105 08ac 17       		.uleb128 0x17
 1106 08ad 08050000 		.4byte	0x508
 1107 08b1 BC080000 		.4byte	0x8bc
 1108 08b5 18       		.uleb128 0x18
 1109 08b6 24000000 		.4byte	0x24
 1110 08ba 30       		.byte	0x30
 1111 08bb 00       		.byte	0
 1112 08bc 1C       		.uleb128 0x1c
 1113 08bd 636800   		.ascii	"ch\000"
 1114 08c0 05       		.byte	0x5
 1115 08c1 0902     		.2byte	0x209
 1116 08c3 6E040000 		.4byte	0x46e
 1117 08c7 15       		.uleb128 0x15
 1118 08c8 16       		.byte	0x16
 1119 08c9 0F       		.byte	0xf
 1120 08ca 34       		.byte	0x34
 1121 08cb A8090000 		.4byte	0x9a8
 1122 08cf 07       		.uleb128 0x7
 1123 08d0 19080000 		.4byte	.LASF135
 1124 08d4 0F       		.byte	0xf
 1125 08d5 35       		.byte	0x35
 1126 08d6 A8090000 		.4byte	0x9a8
 1127 08da 00       		.byte	0
 1128 08db 07       		.uleb128 0x7
 1129 08dc C6040000 		.4byte	.LASF136
 1130 08e0 0F       		.byte	0xf
 1131 08e1 36       		.byte	0x36
 1132 08e2 A1000000 		.4byte	0xa1
 1133 08e6 04       		.byte	0x4
 1134 08e7 07       		.uleb128 0x7
 1135 08e8 BA060000 		.4byte	.LASF137
 1136 08ec 0F       		.byte	0xf
 1137 08ed 37       		.byte	0x37
 1138 08ee A1000000 		.4byte	0xa1
 1139 08f2 05       		.byte	0x5
 1140 08f3 07       		.uleb128 0x7
ARM GAS  /var/folders/d2/nstgp4h54kz7g1l847x_b8wc0000gn/T//ccDdJJ9P.s 			page 21


 1141 08f4 C2070000 		.4byte	.LASF138
 1142 08f8 0F       		.byte	0xf
 1143 08f9 38       		.byte	0x38
 1144 08fa AC000000 		.4byte	0xac
 1145 08fe 06       		.byte	0x6
 1146 08ff 07       		.uleb128 0x7
 1147 0900 9C050000 		.4byte	.LASF139
 1148 0904 0F       		.byte	0xf
 1149 0905 39       		.byte	0x39
 1150 0906 A1000000 		.4byte	0xa1
 1151 090a 08       		.byte	0x8
 1152 090b 07       		.uleb128 0x7
 1153 090c 0F050000 		.4byte	.LASF140
 1154 0910 0F       		.byte	0xf
 1155 0911 3A       		.byte	0x3a
 1156 0912 A1000000 		.4byte	0xa1
 1157 0916 09       		.byte	0x9
 1158 0917 07       		.uleb128 0x7
 1159 0918 16010000 		.4byte	.LASF141
 1160 091c 0F       		.byte	0xf
 1161 091d 3B       		.byte	0x3b
 1162 091e A1000000 		.4byte	0xa1
 1163 0922 0A       		.byte	0xa
 1164 0923 07       		.uleb128 0x7
 1165 0924 96060000 		.4byte	.LASF142
 1166 0928 0F       		.byte	0xf
 1167 0929 3C       		.byte	0x3c
 1168 092a A1000000 		.4byte	0xa1
 1169 092e 0B       		.byte	0xb
 1170 092f 07       		.uleb128 0x7
 1171 0930 4F070000 		.4byte	.LASF143
 1172 0934 0F       		.byte	0xf
 1173 0935 3D       		.byte	0x3d
 1174 0936 A1000000 		.4byte	0xa1
 1175 093a 0C       		.byte	0xc
 1176 093b 07       		.uleb128 0x7
 1177 093c 68060000 		.4byte	.LASF144
 1178 0940 0F       		.byte	0xf
 1179 0941 3E       		.byte	0x3e
 1180 0942 A1000000 		.4byte	0xa1
 1181 0946 0D       		.byte	0xd
 1182 0947 07       		.uleb128 0x7
 1183 0948 00000000 		.4byte	.LASF145
 1184 094c 0F       		.byte	0xf
 1185 094d 3F       		.byte	0x3f
 1186 094e A1000000 		.4byte	0xa1
 1187 0952 0E       		.byte	0xe
 1188 0953 07       		.uleb128 0x7
 1189 0954 31050000 		.4byte	.LASF146
 1190 0958 0F       		.byte	0xf
 1191 0959 40       		.byte	0x40
 1192 095a A1000000 		.4byte	0xa1
 1193 095e 0F       		.byte	0xf
 1194 095f 07       		.uleb128 0x7
 1195 0960 9A010000 		.4byte	.LASF147
 1196 0964 0F       		.byte	0xf
 1197 0965 41       		.byte	0x41
ARM GAS  /var/folders/d2/nstgp4h54kz7g1l847x_b8wc0000gn/T//ccDdJJ9P.s 			page 22


 1198 0966 A1000000 		.4byte	0xa1
 1199 096a 10       		.byte	0x10
 1200 096b 07       		.uleb128 0x7
 1201 096c 6B010000 		.4byte	.LASF148
 1202 0970 0F       		.byte	0xf
 1203 0971 43       		.byte	0x43
 1204 0972 A1000000 		.4byte	0xa1
 1205 0976 11       		.byte	0x11
 1206 0977 07       		.uleb128 0x7
 1207 0978 AA010000 		.4byte	.LASF149
 1208 097c 0F       		.byte	0xf
 1209 097d 44       		.byte	0x44
 1210 097e A1000000 		.4byte	0xa1
 1211 0982 12       		.byte	0x12
 1212 0983 07       		.uleb128 0x7
 1213 0984 CE040000 		.4byte	.LASF150
 1214 0988 0F       		.byte	0xf
 1215 0989 45       		.byte	0x45
 1216 098a A1000000 		.4byte	0xa1
 1217 098e 13       		.byte	0x13
 1218 098f 07       		.uleb128 0x7
 1219 0990 28060000 		.4byte	.LASF151
 1220 0994 0F       		.byte	0xf
 1221 0995 46       		.byte	0x46
 1222 0996 A1000000 		.4byte	0xa1
 1223 099a 14       		.byte	0x14
 1224 099b 07       		.uleb128 0x7
 1225 099c 71040000 		.4byte	.LASF152
 1226 09a0 0F       		.byte	0xf
 1227 09a1 48       		.byte	0x48
 1228 09a2 A1000000 		.4byte	0xa1
 1229 09a6 15       		.byte	0x15
 1230 09a7 00       		.byte	0
 1231 09a8 17       		.uleb128 0x17
 1232 09a9 94080000 		.4byte	0x894
 1233 09ad B8090000 		.4byte	0x9b8
 1234 09b1 18       		.uleb128 0x18
 1235 09b2 24000000 		.4byte	0x24
 1236 09b6 03       		.byte	0x3
 1237 09b7 00       		.byte	0
 1238 09b8 04       		.uleb128 0x4
 1239 09b9 FA010000 		.4byte	.LASF153
 1240 09bd 0F       		.byte	0xf
 1241 09be 49       		.byte	0x49
 1242 09bf C7080000 		.4byte	0x8c7
 1243 09c3 1B       		.uleb128 0x1b
 1244 09c4 B8090000 		.4byte	0x9b8
 1245 09c8 13       		.uleb128 0x13
 1246 09c9 08040000 		.4byte	.LASF154
 1247 09cd 0F       		.byte	0xf
 1248 09ce 6E       		.byte	0x6e
 1249 09cf C3090000 		.4byte	0x9c3
 1250 09d3 04       		.uleb128 0x4
 1251 09d4 78010000 		.4byte	.LASF155
 1252 09d8 0E       		.byte	0xe
 1253 09d9 34       		.byte	0x34
 1254 09da 46080000 		.4byte	0x846
ARM GAS  /var/folders/d2/nstgp4h54kz7g1l847x_b8wc0000gn/T//ccDdJJ9P.s 			page 23


 1255 09de 0A       		.uleb128 0xa
 1256 09df 04       		.byte	0x4
 1257 09e0 D3090000 		.4byte	0x9d3
 1258 09e4 00       		.byte	0
 1259              		.section	.debug_abbrev,"",%progbits
 1260              	.Ldebug_abbrev0:
 1261 0000 01       		.uleb128 0x1
 1262 0001 11       		.uleb128 0x11
 1263 0002 01       		.byte	0x1
 1264 0003 25       		.uleb128 0x25
 1265 0004 0E       		.uleb128 0xe
 1266 0005 13       		.uleb128 0x13
 1267 0006 0B       		.uleb128 0xb
 1268 0007 03       		.uleb128 0x3
 1269 0008 0E       		.uleb128 0xe
 1270 0009 1B       		.uleb128 0x1b
 1271 000a 0E       		.uleb128 0xe
 1272 000b 10       		.uleb128 0x10
 1273 000c 17       		.uleb128 0x17
 1274 000d 00       		.byte	0
 1275 000e 00       		.byte	0
 1276 000f 02       		.uleb128 0x2
 1277 0010 24       		.uleb128 0x24
 1278 0011 00       		.byte	0
 1279 0012 0B       		.uleb128 0xb
 1280 0013 0B       		.uleb128 0xb
 1281 0014 3E       		.uleb128 0x3e
 1282 0015 0B       		.uleb128 0xb
 1283 0016 03       		.uleb128 0x3
 1284 0017 08       		.uleb128 0x8
 1285 0018 00       		.byte	0
 1286 0019 00       		.byte	0
 1287 001a 03       		.uleb128 0x3
 1288 001b 24       		.uleb128 0x24
 1289 001c 00       		.byte	0
 1290 001d 0B       		.uleb128 0xb
 1291 001e 0B       		.uleb128 0xb
 1292 001f 3E       		.uleb128 0x3e
 1293 0020 0B       		.uleb128 0xb
 1294 0021 03       		.uleb128 0x3
 1295 0022 0E       		.uleb128 0xe
 1296 0023 00       		.byte	0
 1297 0024 00       		.byte	0
 1298 0025 04       		.uleb128 0x4
 1299 0026 16       		.uleb128 0x16
 1300 0027 00       		.byte	0
 1301 0028 03       		.uleb128 0x3
 1302 0029 0E       		.uleb128 0xe
 1303 002a 3A       		.uleb128 0x3a
 1304 002b 0B       		.uleb128 0xb
 1305 002c 3B       		.uleb128 0x3b
 1306 002d 0B       		.uleb128 0xb
 1307 002e 49       		.uleb128 0x49
 1308 002f 13       		.uleb128 0x13
 1309 0030 00       		.byte	0
 1310 0031 00       		.byte	0
 1311 0032 05       		.uleb128 0x5
ARM GAS  /var/folders/d2/nstgp4h54kz7g1l847x_b8wc0000gn/T//ccDdJJ9P.s 			page 24


 1312 0033 35       		.uleb128 0x35
 1313 0034 00       		.byte	0
 1314 0035 49       		.uleb128 0x49
 1315 0036 13       		.uleb128 0x13
 1316 0037 00       		.byte	0
 1317 0038 00       		.byte	0
 1318 0039 06       		.uleb128 0x6
 1319 003a 13       		.uleb128 0x13
 1320 003b 01       		.byte	0x1
 1321 003c 03       		.uleb128 0x3
 1322 003d 0E       		.uleb128 0xe
 1323 003e 0B       		.uleb128 0xb
 1324 003f 0B       		.uleb128 0xb
 1325 0040 3A       		.uleb128 0x3a
 1326 0041 0B       		.uleb128 0xb
 1327 0042 3B       		.uleb128 0x3b
 1328 0043 0B       		.uleb128 0xb
 1329 0044 01       		.uleb128 0x1
 1330 0045 13       		.uleb128 0x13
 1331 0046 00       		.byte	0
 1332 0047 00       		.byte	0
 1333 0048 07       		.uleb128 0x7
 1334 0049 0D       		.uleb128 0xd
 1335 004a 00       		.byte	0
 1336 004b 03       		.uleb128 0x3
 1337 004c 0E       		.uleb128 0xe
 1338 004d 3A       		.uleb128 0x3a
 1339 004e 0B       		.uleb128 0xb
 1340 004f 3B       		.uleb128 0x3b
 1341 0050 0B       		.uleb128 0xb
 1342 0051 49       		.uleb128 0x49
 1343 0052 13       		.uleb128 0x13
 1344 0053 38       		.uleb128 0x38
 1345 0054 0B       		.uleb128 0xb
 1346 0055 00       		.byte	0
 1347 0056 00       		.byte	0
 1348 0057 08       		.uleb128 0x8
 1349 0058 0D       		.uleb128 0xd
 1350 0059 00       		.byte	0
 1351 005a 03       		.uleb128 0x3
 1352 005b 08       		.uleb128 0x8
 1353 005c 3A       		.uleb128 0x3a
 1354 005d 0B       		.uleb128 0xb
 1355 005e 3B       		.uleb128 0x3b
 1356 005f 05       		.uleb128 0x5
 1357 0060 49       		.uleb128 0x49
 1358 0061 13       		.uleb128 0x13
 1359 0062 38       		.uleb128 0x38
 1360 0063 0B       		.uleb128 0xb
 1361 0064 00       		.byte	0
 1362 0065 00       		.byte	0
 1363 0066 09       		.uleb128 0x9
 1364 0067 0D       		.uleb128 0xd
 1365 0068 00       		.byte	0
 1366 0069 03       		.uleb128 0x3
 1367 006a 0E       		.uleb128 0xe
 1368 006b 3A       		.uleb128 0x3a
ARM GAS  /var/folders/d2/nstgp4h54kz7g1l847x_b8wc0000gn/T//ccDdJJ9P.s 			page 25


 1369 006c 0B       		.uleb128 0xb
 1370 006d 3B       		.uleb128 0x3b
 1371 006e 05       		.uleb128 0x5
 1372 006f 49       		.uleb128 0x49
 1373 0070 13       		.uleb128 0x13
 1374 0071 38       		.uleb128 0x38
 1375 0072 0B       		.uleb128 0xb
 1376 0073 00       		.byte	0
 1377 0074 00       		.byte	0
 1378 0075 0A       		.uleb128 0xa
 1379 0076 0F       		.uleb128 0xf
 1380 0077 00       		.byte	0
 1381 0078 0B       		.uleb128 0xb
 1382 0079 0B       		.uleb128 0xb
 1383 007a 49       		.uleb128 0x49
 1384 007b 13       		.uleb128 0x13
 1385 007c 00       		.byte	0
 1386 007d 00       		.byte	0
 1387 007e 0B       		.uleb128 0xb
 1388 007f 13       		.uleb128 0x13
 1389 0080 01       		.byte	0x1
 1390 0081 03       		.uleb128 0x3
 1391 0082 0E       		.uleb128 0xe
 1392 0083 0B       		.uleb128 0xb
 1393 0084 0B       		.uleb128 0xb
 1394 0085 3A       		.uleb128 0x3a
 1395 0086 0B       		.uleb128 0xb
 1396 0087 3B       		.uleb128 0x3b
 1397 0088 05       		.uleb128 0x5
 1398 0089 01       		.uleb128 0x1
 1399 008a 13       		.uleb128 0x13
 1400 008b 00       		.byte	0
 1401 008c 00       		.byte	0
 1402 008d 0C       		.uleb128 0xc
 1403 008e 15       		.uleb128 0x15
 1404 008f 01       		.byte	0x1
 1405 0090 27       		.uleb128 0x27
 1406 0091 19       		.uleb128 0x19
 1407 0092 01       		.uleb128 0x1
 1408 0093 13       		.uleb128 0x13
 1409 0094 00       		.byte	0
 1410 0095 00       		.byte	0
 1411 0096 0D       		.uleb128 0xd
 1412 0097 05       		.uleb128 0x5
 1413 0098 00       		.byte	0
 1414 0099 49       		.uleb128 0x49
 1415 009a 13       		.uleb128 0x13
 1416 009b 00       		.byte	0
 1417 009c 00       		.byte	0
 1418 009d 0E       		.uleb128 0xe
 1419 009e 0F       		.uleb128 0xf
 1420 009f 00       		.byte	0
 1421 00a0 0B       		.uleb128 0xb
 1422 00a1 0B       		.uleb128 0xb
 1423 00a2 00       		.byte	0
 1424 00a3 00       		.byte	0
 1425 00a4 0F       		.uleb128 0xf
ARM GAS  /var/folders/d2/nstgp4h54kz7g1l847x_b8wc0000gn/T//ccDdJJ9P.s 			page 26


 1426 00a5 13       		.uleb128 0x13
 1427 00a6 01       		.byte	0x1
 1428 00a7 03       		.uleb128 0x3
 1429 00a8 0E       		.uleb128 0xe
 1430 00a9 0B       		.uleb128 0xb
 1431 00aa 05       		.uleb128 0x5
 1432 00ab 3A       		.uleb128 0x3a
 1433 00ac 0B       		.uleb128 0xb
 1434 00ad 3B       		.uleb128 0x3b
 1435 00ae 05       		.uleb128 0x5
 1436 00af 01       		.uleb128 0x1
 1437 00b0 13       		.uleb128 0x13
 1438 00b1 00       		.byte	0
 1439 00b2 00       		.byte	0
 1440 00b3 10       		.uleb128 0x10
 1441 00b4 0D       		.uleb128 0xd
 1442 00b5 00       		.byte	0
 1443 00b6 03       		.uleb128 0x3
 1444 00b7 0E       		.uleb128 0xe
 1445 00b8 3A       		.uleb128 0x3a
 1446 00b9 0B       		.uleb128 0xb
 1447 00ba 3B       		.uleb128 0x3b
 1448 00bb 05       		.uleb128 0x5
 1449 00bc 49       		.uleb128 0x49
 1450 00bd 13       		.uleb128 0x13
 1451 00be 38       		.uleb128 0x38
 1452 00bf 05       		.uleb128 0x5
 1453 00c0 00       		.byte	0
 1454 00c1 00       		.byte	0
 1455 00c2 11       		.uleb128 0x11
 1456 00c3 0D       		.uleb128 0xd
 1457 00c4 00       		.byte	0
 1458 00c5 03       		.uleb128 0x3
 1459 00c6 08       		.uleb128 0x8
 1460 00c7 3A       		.uleb128 0x3a
 1461 00c8 0B       		.uleb128 0xb
 1462 00c9 3B       		.uleb128 0x3b
 1463 00ca 05       		.uleb128 0x5
 1464 00cb 49       		.uleb128 0x49
 1465 00cc 13       		.uleb128 0x13
 1466 00cd 38       		.uleb128 0x38
 1467 00ce 05       		.uleb128 0x5
 1468 00cf 00       		.byte	0
 1469 00d0 00       		.byte	0
 1470 00d1 12       		.uleb128 0x12
 1471 00d2 34       		.uleb128 0x34
 1472 00d3 00       		.byte	0
 1473 00d4 03       		.uleb128 0x3
 1474 00d5 0E       		.uleb128 0xe
 1475 00d6 3A       		.uleb128 0x3a
 1476 00d7 0B       		.uleb128 0xb
 1477 00d8 3B       		.uleb128 0x3b
 1478 00d9 05       		.uleb128 0x5
 1479 00da 49       		.uleb128 0x49
 1480 00db 13       		.uleb128 0x13
 1481 00dc 3F       		.uleb128 0x3f
 1482 00dd 19       		.uleb128 0x19
ARM GAS  /var/folders/d2/nstgp4h54kz7g1l847x_b8wc0000gn/T//ccDdJJ9P.s 			page 27


 1483 00de 3C       		.uleb128 0x3c
 1484 00df 19       		.uleb128 0x19
 1485 00e0 00       		.byte	0
 1486 00e1 00       		.byte	0
 1487 00e2 13       		.uleb128 0x13
 1488 00e3 34       		.uleb128 0x34
 1489 00e4 00       		.byte	0
 1490 00e5 03       		.uleb128 0x3
 1491 00e6 0E       		.uleb128 0xe
 1492 00e7 3A       		.uleb128 0x3a
 1493 00e8 0B       		.uleb128 0xb
 1494 00e9 3B       		.uleb128 0x3b
 1495 00ea 0B       		.uleb128 0xb
 1496 00eb 49       		.uleb128 0x49
 1497 00ec 13       		.uleb128 0x13
 1498 00ed 3F       		.uleb128 0x3f
 1499 00ee 19       		.uleb128 0x19
 1500 00ef 3C       		.uleb128 0x3c
 1501 00f0 19       		.uleb128 0x19
 1502 00f1 00       		.byte	0
 1503 00f2 00       		.byte	0
 1504 00f3 14       		.uleb128 0x14
 1505 00f4 0D       		.uleb128 0xd
 1506 00f5 00       		.byte	0
 1507 00f6 03       		.uleb128 0x3
 1508 00f7 08       		.uleb128 0x8
 1509 00f8 3A       		.uleb128 0x3a
 1510 00f9 0B       		.uleb128 0xb
 1511 00fa 3B       		.uleb128 0x3b
 1512 00fb 0B       		.uleb128 0xb
 1513 00fc 49       		.uleb128 0x49
 1514 00fd 13       		.uleb128 0x13
 1515 00fe 38       		.uleb128 0x38
 1516 00ff 0B       		.uleb128 0xb
 1517 0100 00       		.byte	0
 1518 0101 00       		.byte	0
 1519 0102 15       		.uleb128 0x15
 1520 0103 13       		.uleb128 0x13
 1521 0104 01       		.byte	0x1
 1522 0105 0B       		.uleb128 0xb
 1523 0106 0B       		.uleb128 0xb
 1524 0107 3A       		.uleb128 0x3a
 1525 0108 0B       		.uleb128 0xb
 1526 0109 3B       		.uleb128 0x3b
 1527 010a 0B       		.uleb128 0xb
 1528 010b 01       		.uleb128 0x1
 1529 010c 13       		.uleb128 0x13
 1530 010d 00       		.byte	0
 1531 010e 00       		.byte	0
 1532 010f 16       		.uleb128 0x16
 1533 0110 13       		.uleb128 0x13
 1534 0111 01       		.byte	0x1
 1535 0112 0B       		.uleb128 0xb
 1536 0113 05       		.uleb128 0x5
 1537 0114 3A       		.uleb128 0x3a
 1538 0115 0B       		.uleb128 0xb
 1539 0116 3B       		.uleb128 0x3b
ARM GAS  /var/folders/d2/nstgp4h54kz7g1l847x_b8wc0000gn/T//ccDdJJ9P.s 			page 28


 1540 0117 0B       		.uleb128 0xb
 1541 0118 01       		.uleb128 0x1
 1542 0119 13       		.uleb128 0x13
 1543 011a 00       		.byte	0
 1544 011b 00       		.byte	0
 1545 011c 17       		.uleb128 0x17
 1546 011d 01       		.uleb128 0x1
 1547 011e 01       		.byte	0x1
 1548 011f 49       		.uleb128 0x49
 1549 0120 13       		.uleb128 0x13
 1550 0121 01       		.uleb128 0x1
 1551 0122 13       		.uleb128 0x13
 1552 0123 00       		.byte	0
 1553 0124 00       		.byte	0
 1554 0125 18       		.uleb128 0x18
 1555 0126 21       		.uleb128 0x21
 1556 0127 00       		.byte	0
 1557 0128 49       		.uleb128 0x49
 1558 0129 13       		.uleb128 0x13
 1559 012a 2F       		.uleb128 0x2f
 1560 012b 0B       		.uleb128 0xb
 1561 012c 00       		.byte	0
 1562 012d 00       		.byte	0
 1563 012e 19       		.uleb128 0x19
 1564 012f 17       		.uleb128 0x17
 1565 0130 01       		.byte	0x1
 1566 0131 0B       		.uleb128 0xb
 1567 0132 0B       		.uleb128 0xb
 1568 0133 3A       		.uleb128 0x3a
 1569 0134 0B       		.uleb128 0xb
 1570 0135 3B       		.uleb128 0x3b
 1571 0136 0B       		.uleb128 0xb
 1572 0137 01       		.uleb128 0x1
 1573 0138 13       		.uleb128 0x13
 1574 0139 00       		.byte	0
 1575 013a 00       		.byte	0
 1576 013b 1A       		.uleb128 0x1a
 1577 013c 0D       		.uleb128 0xd
 1578 013d 00       		.byte	0
 1579 013e 03       		.uleb128 0x3
 1580 013f 0E       		.uleb128 0xe
 1581 0140 3A       		.uleb128 0x3a
 1582 0141 0B       		.uleb128 0xb
 1583 0142 3B       		.uleb128 0x3b
 1584 0143 05       		.uleb128 0x5
 1585 0144 49       		.uleb128 0x49
 1586 0145 13       		.uleb128 0x13
 1587 0146 00       		.byte	0
 1588 0147 00       		.byte	0
 1589 0148 1B       		.uleb128 0x1b
 1590 0149 26       		.uleb128 0x26
 1591 014a 00       		.byte	0
 1592 014b 49       		.uleb128 0x49
 1593 014c 13       		.uleb128 0x13
 1594 014d 00       		.byte	0
 1595 014e 00       		.byte	0
 1596 014f 1C       		.uleb128 0x1c
ARM GAS  /var/folders/d2/nstgp4h54kz7g1l847x_b8wc0000gn/T//ccDdJJ9P.s 			page 29


 1597 0150 34       		.uleb128 0x34
 1598 0151 00       		.byte	0
 1599 0152 03       		.uleb128 0x3
 1600 0153 08       		.uleb128 0x8
 1601 0154 3A       		.uleb128 0x3a
 1602 0155 0B       		.uleb128 0xb
 1603 0156 3B       		.uleb128 0x3b
 1604 0157 05       		.uleb128 0x5
 1605 0158 49       		.uleb128 0x49
 1606 0159 13       		.uleb128 0x13
 1607 015a 3F       		.uleb128 0x3f
 1608 015b 19       		.uleb128 0x19
 1609 015c 3C       		.uleb128 0x3c
 1610 015d 19       		.uleb128 0x19
 1611 015e 00       		.byte	0
 1612 015f 00       		.byte	0
 1613 0160 00       		.byte	0
 1614              		.section	.debug_aranges,"",%progbits
 1615 0000 14000000 		.4byte	0x14
 1616 0004 0200     		.2byte	0x2
 1617 0006 00000000 		.4byte	.Ldebug_info0
 1618 000a 04       		.byte	0x4
 1619 000b 00       		.byte	0
 1620 000c 0000     		.2byte	0
 1621 000e 0000     		.2byte	0
 1622 0010 00000000 		.4byte	0
 1623 0014 00000000 		.4byte	0
 1624              		.section	.debug_line,"",%progbits
 1625              	.Ldebug_line0:
 1626 0000 01030000 		.section	.debug_str,"MS",%progbits,1
 1626      0200FB02 
 1626      00000201 
 1626      FB0E0D00 
 1626      01010101 
 1627              	.LASF145:
 1628 0000 63665F6F 		.ascii	"cf_off_older\000"
 1628      66665F6F 
 1628      6C646572 
 1628      00
 1629              	.LASF158:
 1630 000d 2F557365 		.ascii	"/Users/bharathkeshavamurthy/Workspaces/Talos/src/ma"
 1630      72732F62 
 1630      68617261 
 1630      74686B65 
 1630      73686176 
 1631 0040 696E2F63 		.ascii	"in/cpp/org/purdue/ece/talos/optimize/\000"
 1631      70702F6F 
 1631      72672F70 
 1631      75726475 
 1631      652F6563 
 1632              	.LASF60:
 1633 0066 72656164 		.ascii	"ready_list_t\000"
 1633      795F6C69 
 1633      73745F74 
 1633      00
 1634              	.LASF98:
 1635 0073 73655F74 		.ascii	"se_time\000"
ARM GAS  /var/folders/d2/nstgp4h54kz7g1l847x_b8wc0000gn/T//ccDdJJ9P.s 			page 30


 1635      696D6500 
 1636              	.LASF122:
 1637 007b 77747472 		.ascii	"wttrp\000"
 1637      7000
 1638              	.LASF119:
 1639 0081 7264796D 		.ascii	"rdymsg\000"
 1639      736700
 1640              	.LASF19:
 1641 0088 75696E74 		.ascii	"uint64_t\000"
 1641      36345F74 
 1641      00
 1642              	.LASF90:
 1643 0091 6B65726E 		.ascii	"kernel_stats\000"
 1643      656C5F73 
 1643      74617473 
 1643      00
 1644              	.LASF6:
 1645 009e 5F5F7569 		.ascii	"__uint8_t\000"
 1645      6E74385F 
 1645      7400
 1646              	.LASF97:
 1647 00a8 706F7274 		.ascii	"port_intctx\000"
 1647      5F696E74 
 1647      63747800 
 1648              	.LASF59:
 1649 00b4 63685F74 		.ascii	"ch_threads_queue\000"
 1649      68726561 
 1649      64735F71 
 1649      75657565 
 1649      00
 1650              	.LASF79:
 1651 00c5 73797374 		.ascii	"system_debug_t\000"
 1651      656D5F64 
 1651      65627567 
 1651      5F7400
 1652              	.LASF110:
 1653 00d4 776F7273 		.ascii	"worst\000"
 1653      7400
 1654              	.LASF113:
 1655 00da 74696D65 		.ascii	"time_measurement_t\000"
 1655      5F6D6561 
 1655      73757265 
 1655      6D656E74 
 1655      5F7400
 1656              	.LASF14:
 1657 00ed 6C6F6E67 		.ascii	"long long unsigned int\000"
 1657      206C6F6E 
 1657      6720756E 
 1657      7369676E 
 1657      65642069 
 1658              	.LASF106:
 1659 0104 63685F74 		.ascii	"ch_trace_buffer_t\000"
 1659      72616365 
 1659      5F627566 
 1659      6665725F 
 1659      7400
 1660              	.LASF141:
ARM GAS  /var/folders/d2/nstgp4h54kz7g1l847x_b8wc0000gn/T//ccDdJJ9P.s 			page 31


 1661 0116 63685F74 		.ascii	"ch_threadsize\000"
 1661      68726561 
 1661      6473697A 
 1661      6500
 1662              	.LASF120:
 1663 0124 65786974 		.ascii	"exitcode\000"
 1663      636F6465 
 1663      00
 1664              	.LASF89:
 1665 012d 6D61696E 		.ascii	"mainthread\000"
 1665      74687265 
 1665      616400
 1666              	.LASF76:
 1667 0138 76697274 		.ascii	"virtual_timers_list_t\000"
 1667      75616C5F 
 1667      74696D65 
 1667      72735F6C 
 1667      6973745F 
 1668              	.LASF92:
 1669 014e 49544D5F 		.ascii	"ITM_RxBuffer\000"
 1669      52784275 
 1669      66666572 
 1669      00
 1670              	.LASF21:
 1671 015b 72747469 		.ascii	"rttime_t\000"
 1671      6D655F74 
 1671      00
 1672              	.LASF35:
 1673 0164 705F7072 		.ascii	"p_prio\000"
 1673      696F00
 1674              	.LASF148:
 1675 016b 63665F6F 		.ascii	"cf_off_state\000"
 1675      66665F73 
 1675      74617465 
 1675      00
 1676              	.LASF155:
 1677 0178 6D757465 		.ascii	"mutex_t\000"
 1677      785F7400 
 1678              	.LASF1:
 1679 0180 6C6F6E67 		.ascii	"long long int\000"
 1679      206C6F6E 
 1679      6720696E 
 1679      7400
 1680              	.LASF3:
 1681 018e 7369676E 		.ascii	"signed char\000"
 1681      65642063 
 1681      68617200 
 1682              	.LASF147:
 1683 019a 63665F6F 		.ascii	"cf_off_stklimit\000"
 1683      66665F73 
 1683      746B6C69 
 1683      6D697400 
 1684              	.LASF149:
 1685 01aa 63665F6F 		.ascii	"cf_off_flags\000"
 1685      66665F66 
 1685      6C616773 
 1685      00
ARM GAS  /var/folders/d2/nstgp4h54kz7g1l847x_b8wc0000gn/T//ccDdJJ9P.s 			page 32


 1686              	.LASF52:
 1687 01b7 705F6D70 		.ascii	"p_mpool\000"
 1687      6F6F6C00 
 1688              	.LASF130:
 1689 01bf 6D5F7175 		.ascii	"m_queue\000"
 1689      65756500 
 1690              	.LASF88:
 1691 01c7 76746C69 		.ascii	"vtlist\000"
 1691      737400
 1692              	.LASF25:
 1693 01ce 74736C69 		.ascii	"tslices_t\000"
 1693      6365735F 
 1693      7400
 1694              	.LASF86:
 1695 01d8 63685F73 		.ascii	"ch_system\000"
 1695      79737465 
 1695      6D00
 1696              	.LASF10:
 1697 01e2 6C6F6E67 		.ascii	"long int\000"
 1697      20696E74 
 1697      00
 1698              	.LASF23:
 1699 01eb 74737461 		.ascii	"tstate_t\000"
 1699      74655F74 
 1699      00
 1700              	.LASF99:
 1701 01f4 73655F74 		.ascii	"se_tp\000"
 1701      7000
 1702              	.LASF153:
 1703 01fa 63686465 		.ascii	"chdebug_t\000"
 1703      6275675F 
 1703      7400
 1704              	.LASF37:
 1705 0204 705F6E65 		.ascii	"p_newer\000"
 1705      77657200 
 1706              	.LASF127:
 1707 020c 735F7175 		.ascii	"s_queue\000"
 1707      65756500 
 1708              	.LASF103:
 1709 0214 74625F73 		.ascii	"tb_size\000"
 1709      697A6500 
 1710              	.LASF65:
 1711 021c 725F6E65 		.ascii	"r_newer\000"
 1711      77657200 
 1712              	.LASF94:
 1713 0224 72656761 		.ascii	"regarm_t\000"
 1713      726D5F74 
 1713      00
 1714              	.LASF72:
 1715 022d 76745F70 		.ascii	"vt_prev\000"
 1715      72657600 
 1716              	.LASF80:
 1717 0235 63685F73 		.ascii	"ch_system_debug\000"
 1717      79737465 
 1717      6D5F6465 
 1717      62756700 
 1718              	.LASF133:
ARM GAS  /var/folders/d2/nstgp4h54kz7g1l847x_b8wc0000gn/T//ccDdJJ9P.s 			page 33


 1719 0245 6D5F636E 		.ascii	"m_cnt\000"
 1719      7400
 1720              	.LASF71:
 1721 024b 76745F6E 		.ascii	"vt_next\000"
 1721      65787400 
 1722              	.LASF83:
 1723 0253 6C6F636B 		.ascii	"lock_cnt\000"
 1723      5F636E74 
 1723      00
 1724              	.LASF91:
 1725 025c 69646C65 		.ascii	"idle_thread_wa\000"
 1725      5F746872 
 1725      6561645F 
 1725      776100
 1726              	.LASF29:
 1727 026b 636E745F 		.ascii	"cnt_t\000"
 1727      7400
 1728              	.LASF40:
 1729 0271 705F7374 		.ascii	"p_stklimit\000"
 1729      6B6C696D 
 1729      697400
 1730              	.LASF0:
 1731 027c 756E7369 		.ascii	"unsigned int\000"
 1731      676E6564 
 1731      20696E74 
 1731      00
 1732              	.LASF156:
 1733 0289 474E5520 		.ascii	"GNU C11 7.2.1 20170904 (release) [ARM/embedded-7-br"
 1733      43313120 
 1733      372E322E 
 1733      31203230 
 1733      31373039 
 1734 02bc 616E6368 		.ascii	"anch revision 255204] -mcpu=cortex-m4 -mfloat-abi=h"
 1734      20726576 
 1734      6973696F 
 1734      6E203235 
 1734      35323034 
 1735 02ef 61726420 		.ascii	"ard -mfpu=fpv4-sp-d16 -mno-thumb-interwork -mthumb "
 1735      2D6D6670 
 1735      753D6670 
 1735      76342D73 
 1735      702D6431 
 1736 0322 2D676764 		.ascii	"-ggdb -O2 -fomit-frame-pointer -falign-functions=16"
 1736      62202D4F 
 1736      32202D66 
 1736      6F6D6974 
 1736      2D667261 
 1737 0355 202D666E 		.ascii	" -fno-strict-aliasing -fstack-protector-all -ffunct"
 1737      6F2D7374 
 1737      72696374 
 1737      2D616C69 
 1737      6173696E 
 1738 0388 696F6E2D 		.ascii	"ion-sections -fdata-sections -fno-common -fsingle-p"
 1738      73656374 
 1738      696F6E73 
 1738      202D6664 
 1738      6174612D 
ARM GAS  /var/folders/d2/nstgp4h54kz7g1l847x_b8wc0000gn/T//ccDdJJ9P.s 			page 34


 1739 03bb 72656369 		.ascii	"recision-constant\000"
 1739      73696F6E 
 1739      2D636F6E 
 1739      7374616E 
 1739      7400
 1740              	.LASF16:
 1741 03cd 75696E74 		.ascii	"uint16_t\000"
 1741      31365F74 
 1741      00
 1742              	.LASF93:
 1743 03d6 53797374 		.ascii	"SystemCoreClock\000"
 1743      656D436F 
 1743      7265436C 
 1743      6F636B00 
 1744              	.LASF45:
 1745 03e6 705F7469 		.ascii	"p_time\000"
 1745      6D6500
 1746              	.LASF123:
 1747 03ed 77747365 		.ascii	"wtsemp\000"
 1747      6D7000
 1748              	.LASF73:
 1749 03f4 76745F64 		.ascii	"vt_delta\000"
 1749      656C7461 
 1749      00
 1750              	.LASF47:
 1751 03fd 705F6D73 		.ascii	"p_msgqueue\000"
 1751      67717565 
 1751      756500
 1752              	.LASF154:
 1753 0408 63685F64 		.ascii	"ch_debug\000"
 1753      65627567 
 1753      00
 1754              	.LASF114:
 1755 0411 6E5F6972 		.ascii	"n_irq\000"
 1755      7100
 1756              	.LASF100:
 1757 0417 73655F77 		.ascii	"se_wtobjp\000"
 1757      746F626A 
 1757      7000
 1758              	.LASF128:
 1759 0421 735F636E 		.ascii	"s_cnt\000"
 1759      7400
 1760              	.LASF8:
 1761 0427 73686F72 		.ascii	"short unsigned int\000"
 1761      7420756E 
 1761      7369676E 
 1761      65642069 
 1761      6E7400
 1762              	.LASF118:
 1763 043a 6B65726E 		.ascii	"kernel_stats_t\000"
 1763      656C5F73 
 1763      74617473 
 1763      5F7400
 1764              	.LASF56:
 1765 0449 63685F74 		.ascii	"ch_thread\000"
 1765      68726561 
 1765      6400
ARM GAS  /var/folders/d2/nstgp4h54kz7g1l847x_b8wc0000gn/T//ccDdJJ9P.s 			page 35


 1766              	.LASF27:
 1767 0453 6D73675F 		.ascii	"msg_t\000"
 1767      7400
 1768              	.LASF111:
 1769 0459 6C617374 		.ascii	"last\000"
 1769      00
 1770              	.LASF30:
 1771 045e 75636E74 		.ascii	"ucnt_t\000"
 1771      5F7400
 1772              	.LASF85:
 1773 0465 63685F73 		.ascii	"ch_system_t\000"
 1773      79737465 
 1773      6D5F7400 
 1774              	.LASF152:
 1775 0471 63665F6F 		.ascii	"cf_off_time\000"
 1775      66665F74 
 1775      696D6500 
 1776              	.LASF117:
 1777 047d 6D5F6372 		.ascii	"m_crit_isr\000"
 1777      69745F69 
 1777      737200
 1778              	.LASF61:
 1779 0488 63685F72 		.ascii	"ch_ready_list\000"
 1779      65616479 
 1779      5F6C6973 
 1779      7400
 1780              	.LASF28:
 1781 0496 6576656E 		.ascii	"eventmask_t\000"
 1781      746D6173 
 1781      6B5F7400 
 1782              	.LASF9:
 1783 04a2 5F5F696E 		.ascii	"__int32_t\000"
 1783      7433325F 
 1783      7400
 1784              	.LASF95:
 1785 04ac 73746B61 		.ascii	"stkalign_t\000"
 1785      6C69676E 
 1785      5F7400
 1786              	.LASF55:
 1787 04b7 74687265 		.ascii	"threads_list_t\000"
 1787      6164735F 
 1787      6C697374 
 1787      5F7400
 1788              	.LASF136:
 1789 04c6 63685F7A 		.ascii	"ch_zero\000"
 1789      65726F00 
 1790              	.LASF150:
 1791 04ce 63665F6F 		.ascii	"cf_off_refs\000"
 1791      66665F72 
 1791      65667300 
 1792              	.LASF46:
 1793 04da 705F7761 		.ascii	"p_waiting\000"
 1793      6974696E 
 1793      6700
 1794              	.LASF20:
 1795 04e4 7274636E 		.ascii	"rtcnt_t\000"
 1795      745F7400 
ARM GAS  /var/folders/d2/nstgp4h54kz7g1l847x_b8wc0000gn/T//ccDdJJ9P.s 			page 36


 1796              	.LASF77:
 1797 04ec 63685F76 		.ascii	"ch_virtual_timers_list\000"
 1797      69727475 
 1797      616C5F74 
 1797      696D6572 
 1797      735F6C69 
 1798              	.LASF2:
 1799 0503 6C6F6E67 		.ascii	"long double\000"
 1799      20646F75 
 1799      626C6500 
 1800              	.LASF140:
 1801 050f 63685F74 		.ascii	"ch_timesize\000"
 1801      696D6573 
 1801      697A6500 
 1802              	.LASF104:
 1803 051b 74625F70 		.ascii	"tb_ptr\000"
 1803      747200
 1804              	.LASF102:
 1805 0522 63685F73 		.ascii	"ch_swc_event_t\000"
 1805      77635F65 
 1805      76656E74 
 1805      5F7400
 1806              	.LASF146:
 1807 0531 63665F6F 		.ascii	"cf_off_name\000"
 1807      66665F6E 
 1807      616D6500 
 1808              	.LASF38:
 1809 053d 705F6F6C 		.ascii	"p_older\000"
 1809      64657200 
 1810              	.LASF64:
 1811 0545 725F6374 		.ascii	"r_ctx\000"
 1811      7800
 1812              	.LASF36:
 1813 054b 705F6374 		.ascii	"p_ctx\000"
 1813      7800
 1814              	.LASF108:
 1815 0551 746D5F63 		.ascii	"tm_calibration_t\000"
 1815      616C6962 
 1815      72617469 
 1815      6F6E5F74 
 1815      00
 1816              	.LASF67:
 1817 0562 725F6375 		.ascii	"r_current\000"
 1817      7272656E 
 1817      7400
 1818              	.LASF66:
 1819 056c 725F6F6C 		.ascii	"r_older\000"
 1819      64657200 
 1820              	.LASF13:
 1821 0574 5F5F7569 		.ascii	"__uint64_t\000"
 1821      6E743634 
 1821      5F7400
 1822              	.LASF112:
 1823 057f 63756D75 		.ascii	"cumulative\000"
 1823      6C617469 
 1823      766500
 1824              	.LASF24:
ARM GAS  /var/folders/d2/nstgp4h54kz7g1l847x_b8wc0000gn/T//ccDdJJ9P.s 			page 37


 1825 058a 74726566 		.ascii	"trefs_t\000"
 1825      735F7400 
 1826              	.LASF105:
 1827 0592 74625F62 		.ascii	"tb_buffer\000"
 1827      75666665 
 1827      7200
 1828              	.LASF139:
 1829 059c 63685F70 		.ascii	"ch_ptrsize\000"
 1829      74727369 
 1829      7A6500
 1830              	.LASF69:
 1831 05a7 76697274 		.ascii	"virtual_timer_t\000"
 1831      75616C5F 
 1831      74696D65 
 1831      725F7400 
 1832              	.LASF34:
 1833 05b7 705F7072 		.ascii	"p_prev\000"
 1833      657600
 1834              	.LASF26:
 1835 05be 74707269 		.ascii	"tprio_t\000"
 1835      6F5F7400 
 1836              	.LASF115:
 1837 05c6 6E5F6374 		.ascii	"n_ctxswc\000"
 1837      78737763 
 1837      00
 1838              	.LASF17:
 1839 05cf 696E7433 		.ascii	"int32_t\000"
 1839      325F7400 
 1840              	.LASF4:
 1841 05d7 756E7369 		.ascii	"unsigned char\000"
 1841      676E6564 
 1841      20636861 
 1841      7200
 1842              	.LASF50:
 1843 05e5 705F6D74 		.ascii	"p_mtxlist\000"
 1843      786C6973 
 1843      7400
 1844              	.LASF5:
 1845 05ef 73686F72 		.ascii	"short int\000"
 1845      7420696E 
 1845      7400
 1846              	.LASF41:
 1847 05f9 705F7374 		.ascii	"p_state\000"
 1847      61746500 
 1848              	.LASF44:
 1849 0601 705F7072 		.ascii	"p_preempt\000"
 1849      65656D70 
 1849      7400
 1850              	.LASF63:
 1851 060b 725F7072 		.ascii	"r_prio\000"
 1851      696F00
 1852              	.LASF125:
 1853 0612 65776D61 		.ascii	"ewmask\000"
 1853      736B00
 1854              	.LASF33:
 1855 0619 705F6E65 		.ascii	"p_next\000"
 1855      787400
ARM GAS  /var/folders/d2/nstgp4h54kz7g1l847x_b8wc0000gn/T//ccDdJJ9P.s 			page 38


 1856              	.LASF22:
 1857 0620 746D6F64 		.ascii	"tmode_t\000"
 1857      655F7400 
 1858              	.LASF151:
 1859 0628 63665F6F 		.ascii	"cf_off_preempt\000"
 1859      66665F70 
 1859      7265656D 
 1859      707400
 1860              	.LASF42:
 1861 0637 705F666C 		.ascii	"p_flags\000"
 1861      61677300 
 1862              	.LASF53:
 1863 063f 705F7374 		.ascii	"p_stats\000"
 1863      61747300 
 1864              	.LASF58:
 1865 0647 74687265 		.ascii	"threads_queue_t\000"
 1865      6164735F 
 1865      71756575 
 1865      655F7400 
 1866              	.LASF70:
 1867 0657 63685F76 		.ascii	"ch_virtual_timer\000"
 1867      69727475 
 1867      616C5F74 
 1867      696D6572 
 1867      00
 1868              	.LASF144:
 1869 0668 63665F6F 		.ascii	"cf_off_newer\000"
 1869      66665F6E 
 1869      65776572 
 1869      00
 1870              	.LASF126:
 1871 0675 63685F73 		.ascii	"ch_semaphore\000"
 1871      656D6170 
 1871      686F7265 
 1871      00
 1872              	.LASF49:
 1873 0682 705F6570 		.ascii	"p_epending\000"
 1873      656E6469 
 1873      6E6700
 1874              	.LASF18:
 1875 068d 75696E74 		.ascii	"uint32_t\000"
 1875      33325F74 
 1875      00
 1876              	.LASF142:
 1877 0696 63665F6F 		.ascii	"cf_off_prio\000"
 1877      66665F70 
 1877      72696F00 
 1878              	.LASF62:
 1879 06a2 725F7175 		.ascii	"r_queue\000"
 1879      65756500 
 1880              	.LASF57:
 1881 06aa 63685F74 		.ascii	"ch_threads_list\000"
 1881      68726561 
 1881      64735F6C 
 1881      69737400 
 1882              	.LASF137:
 1883 06ba 63685F73 		.ascii	"ch_size\000"
ARM GAS  /var/folders/d2/nstgp4h54kz7g1l847x_b8wc0000gn/T//ccDdJJ9P.s 			page 39


 1883      697A6500 
 1884              	.LASF12:
 1885 06c2 6C6F6E67 		.ascii	"long unsigned int\000"
 1885      20756E73 
 1885      69676E65 
 1885      6420696E 
 1885      7400
 1886              	.LASF134:
 1887 06d4 63686172 		.ascii	"char\000"
 1887      00
 1888              	.LASF124:
 1889 06d9 77746D74 		.ascii	"wtmtxp\000"
 1889      787000
 1890              	.LASF7:
 1891 06e0 5F5F7569 		.ascii	"__uint16_t\000"
 1891      6E743136 
 1891      5F7400
 1892              	.LASF32:
 1893 06eb 74687265 		.ascii	"thread_t\000"
 1893      61645F74 
 1893      00
 1894              	.LASF109:
 1895 06f4 62657374 		.ascii	"best\000"
 1895      00
 1896              	.LASF132:
 1897 06f9 6D5F6E65 		.ascii	"m_next\000"
 1897      787400
 1898              	.LASF31:
 1899 0700 73797374 		.ascii	"systime_t\000"
 1899      696D655F 
 1899      7400
 1900              	.LASF51:
 1901 070a 705F7265 		.ascii	"p_realprio\000"
 1901      616C7072 
 1901      696F00
 1902              	.LASF68:
 1903 0715 76746675 		.ascii	"vtfunc_t\000"
 1903      6E635F74 
 1903      00
 1904              	.LASF11:
 1905 071e 5F5F7569 		.ascii	"__uint32_t\000"
 1905      6E743332 
 1905      5F7400
 1906              	.LASF81:
 1907 0729 70616E69 		.ascii	"panic_msg\000"
 1907      635F6D73 
 1907      6700
 1908              	.LASF107:
 1909 0733 6F666673 		.ascii	"offset\000"
 1909      657400
 1910              	.LASF96:
 1911 073a 636F6E74 		.ascii	"context\000"
 1911      65787400 
 1912              	.LASF48:
 1913 0742 705F6D73 		.ascii	"p_msg\000"
 1913      6700
 1914              	.LASF75:
ARM GAS  /var/folders/d2/nstgp4h54kz7g1l847x_b8wc0000gn/T//ccDdJJ9P.s 			page 40


 1915 0748 76745F70 		.ascii	"vt_par\000"
 1915      617200
 1916              	.LASF143:
 1917 074f 63665F6F 		.ascii	"cf_off_ctx\000"
 1917      66665F63 
 1917      747800
 1918              	.LASF129:
 1919 075a 63685F6D 		.ascii	"ch_mutex\000"
 1919      75746578 
 1919      00
 1920              	.LASF43:
 1921 0763 705F7265 		.ascii	"p_refs\000"
 1921      667300
 1922              	.LASF82:
 1923 076a 6973725F 		.ascii	"isr_cnt\000"
 1923      636E7400 
 1924              	.LASF101:
 1925 0772 73655F73 		.ascii	"se_state\000"
 1925      74617465 
 1925      00
 1926              	.LASF87:
 1927 077b 726C6973 		.ascii	"rlist\000"
 1927      7400
 1928              	.LASF15:
 1929 0781 75696E74 		.ascii	"uint8_t\000"
 1929      385F7400 
 1930              	.LASF54:
 1931 0789 74687265 		.ascii	"thread_reference_t\000"
 1931      61645F72 
 1931      65666572 
 1931      656E6365 
 1931      5F7400
 1932              	.LASF121:
 1933 079c 77746F62 		.ascii	"wtobjp\000"
 1933      6A7000
 1934              	.LASF39:
 1935 07a3 705F6E61 		.ascii	"p_name\000"
 1935      6D6500
 1936              	.LASF78:
 1937 07aa 76745F73 		.ascii	"vt_systime\000"
 1937      79737469 
 1937      6D6500
 1938              	.LASF84:
 1939 07b5 74726163 		.ascii	"trace_buffer\000"
 1939      655F6275 
 1939      66666572 
 1939      00
 1940              	.LASF138:
 1941 07c2 63685F76 		.ascii	"ch_version\000"
 1941      65727369 
 1941      6F6E00
 1942              	.LASF116:
 1943 07cd 6D5F6372 		.ascii	"m_crit_thd\000"
 1943      69745F74 
 1943      686400
 1944              	.LASF131:
 1945 07d8 6D5F6F77 		.ascii	"m_owner\000"
ARM GAS  /var/folders/d2/nstgp4h54kz7g1l847x_b8wc0000gn/T//ccDdJJ9P.s 			page 41


 1945      6E657200 
 1946              	.LASF157:
 1947 07e0 2E2E2F65 		.ascii	"../e-puck2_main-processor/ChibiOS//os/hal/osal/rt/o"
 1947      2D707563 
 1947      6B325F6D 
 1947      61696E2D 
 1947      70726F63 
 1948 0813 73616C2E 		.ascii	"sal.c\000"
 1948      6300
 1949              	.LASF135:
 1950 0819 63685F69 		.ascii	"ch_identifier\000"
 1950      64656E74 
 1950      69666965 
 1950      7200
 1951              	.LASF74:
 1952 0827 76745F66 		.ascii	"vt_func\000"
 1952      756E6300 
 1953              		.ident	"GCC: (GNU Tools for Arm Embedded Processors 7-2017-q4-major) 7.2.1 20170904 (release) [ARM
ARM GAS  /var/folders/d2/nstgp4h54kz7g1l847x_b8wc0000gn/T//ccDdJJ9P.s 			page 42


DEFINED SYMBOLS
                            *ABS*:0000000000000000 osal.c

NO UNDEFINED SYMBOLS
