ARM GAS  /var/folders/d2/nstgp4h54kz7g1l847x_b8wc0000gn/T//cccJ2mo3.s 			page 1


   1              		.cpu cortex-m4
   2              		.eabi_attribute 27, 1
   3              		.eabi_attribute 28, 1
   4              		.eabi_attribute 20, 1
   5              		.eabi_attribute 21, 1
   6              		.eabi_attribute 23, 3
   7              		.eabi_attribute 24, 1
   8              		.eabi_attribute 25, 1
   9              		.eabi_attribute 26, 1
  10              		.eabi_attribute 30, 6
  11              		.eabi_attribute 34, 1
  12              		.eabi_attribute 18, 4
  13              		.file	"panic.c"
  14              		.section	.text.panic_handler,"ax",%progbits
  15              		.align	1
  16              		.global	panic_handler
  17              		.syntax unified
  18              		.thumb
  19              		.thumb_func
  20              		.fpu fpv4-sp-d16
  21              		.type	panic_handler, %function
  22              	panic_handler:
  23              		@ args = 0, pretend = 0, frame = 8
  24              		@ frame_needed = 1, uses_anonymous_args = 0
  25              		@ link register save eliminated.
  26 0000 80B4     		push	{r7}
  27 0002 83B0     		sub	sp, sp, #12
  28 0004 00AF     		add	r7, sp, #0
  29 0006 7860     		str	r0, [r7, #4]
  30 0008 0A4B     		ldr	r3, .L3
  31 000a 2022     		movs	r2, #32
  32 000c 5A83     		strh	r2, [r3, #26]	@ movhi
  33 000e 094B     		ldr	r3, .L3
  34 0010 4022     		movs	r2, #64
  35 0012 5A83     		strh	r2, [r3, #26]	@ movhi
  36 0014 074B     		ldr	r3, .L3
  37 0016 4FF48062 		mov	r2, #1024
  38 001a 5A83     		strh	r2, [r3, #26]	@ movhi
  39 001c 054B     		ldr	r3, .L3
  40 001e 4FF40062 		mov	r2, #2048
  41 0022 5A83     		strh	r2, [r3, #26]	@ movhi
  42 0024 034B     		ldr	r3, .L3
  43 0026 4FF48042 		mov	r2, #16384
  44 002a 5A83     		strh	r2, [r3, #26]	@ movhi
  45 002c 024B     		ldr	r3, .L3+4
  46 002e 0422     		movs	r2, #4
  47 0030 5A83     		strh	r2, [r3, #26]	@ movhi
  48              	.L2:
  49 0032 FEE7     		b	.L2
  50              	.L4:
  51              		.align	2
  52              	.L3:
  53 0034 000C0240 		.word	1073875968
  54 0038 00040240 		.word	1073873920
  55              		.size	panic_handler, .-panic_handler
  56              		.ident	"GCC: (GNU Tools for Arm Embedded Processors 7-2017-q4-major) 7.2.1 20170904 (release) [ARM
ARM GAS  /var/folders/d2/nstgp4h54kz7g1l847x_b8wc0000gn/T//cccJ2mo3.s 			page 2


DEFINED SYMBOLS
                            *ABS*:0000000000000000 panic.c
/var/folders/d2/nstgp4h54kz7g1l847x_b8wc0000gn/T//cccJ2mo3.s:15     .text.panic_handler:0000000000000000 $t
/var/folders/d2/nstgp4h54kz7g1l847x_b8wc0000gn/T//cccJ2mo3.s:22     .text.panic_handler:0000000000000000 panic_handler
/var/folders/d2/nstgp4h54kz7g1l847x_b8wc0000gn/T//cccJ2mo3.s:53     .text.panic_handler:0000000000000034 $d

NO UNDEFINED SYMBOLS
