ARM GAS  /var/folders/d2/nstgp4h54kz7g1l847x_b8wc0000gn/T//cchmoyTS.s 			page 1


   1              		.cpu cortex-m4
   2              		.eabi_attribute 27, 1
   3              		.eabi_attribute 28, 1
   4              		.eabi_attribute 20, 1
   5              		.eabi_attribute 21, 1
   6              		.eabi_attribute 23, 3
   7              		.eabi_attribute 24, 1
   8              		.eabi_attribute 25, 1
   9              		.eabi_attribute 26, 1
  10              		.eabi_attribute 30, 6
  11              		.eabi_attribute 34, 1
  12              		.eabi_attribute 18, 4
  13              		.file	"spi_comm.c"
  14              		.section	.text.port_lock,"ax",%progbits
  15              		.align	1
  16              		.syntax unified
  17              		.thumb
  18              		.thumb_func
  19              		.fpu fpv4-sp-d16
  20              		.type	port_lock, %function
  21              	port_lock:
  22              		@ args = 0, pretend = 0, frame = 8
  23              		@ frame_needed = 1, uses_anonymous_args = 0
  24              		@ link register save eliminated.
  25 0000 80B4     		push	{r7}
  26 0002 83B0     		sub	sp, sp, #12
  27 0004 00AF     		add	r7, sp, #0
  28 0006 2023     		movs	r3, #32
  29 0008 7B60     		str	r3, [r7, #4]
  30 000a 7B68     		ldr	r3, [r7, #4]
  31              		.syntax unified
  32              	@ 546 "../e-puck2_main-processor/ChibiOS//os/ext/CMSIS/include/core_cmFunc.h" 1
  33 000c 83F31188 		MSR basepri, r3
  34              	@ 0 "" 2
  35              		.thumb
  36              		.syntax unified
  37 0010 00BF     		nop
  38 0012 0C37     		adds	r7, r7, #12
  39 0014 BD46     		mov	sp, r7
  40              		@ sp needed
  41 0016 5DF8047B 		ldr	r7, [sp], #4
  42 001a 7047     		bx	lr
  43              		.size	port_lock, .-port_lock
  44              		.section	.text.port_unlock,"ax",%progbits
  45              		.align	1
  46              		.syntax unified
  47              		.thumb
  48              		.thumb_func
  49              		.fpu fpv4-sp-d16
  50              		.type	port_unlock, %function
  51              	port_unlock:
  52              		@ args = 0, pretend = 0, frame = 8
  53              		@ frame_needed = 1, uses_anonymous_args = 0
  54              		@ link register save eliminated.
  55 0000 80B4     		push	{r7}
  56 0002 83B0     		sub	sp, sp, #12
  57 0004 00AF     		add	r7, sp, #0
ARM GAS  /var/folders/d2/nstgp4h54kz7g1l847x_b8wc0000gn/T//cchmoyTS.s 			page 2


  58 0006 0023     		movs	r3, #0
  59 0008 7B60     		str	r3, [r7, #4]
  60 000a 7B68     		ldr	r3, [r7, #4]
  61              		.syntax unified
  62              	@ 546 "../e-puck2_main-processor/ChibiOS//os/ext/CMSIS/include/core_cmFunc.h" 1
  63 000c 83F31188 		MSR basepri, r3
  64              	@ 0 "" 2
  65              		.thumb
  66              		.syntax unified
  67 0010 00BF     		nop
  68 0012 0C37     		adds	r7, r7, #12
  69 0014 BD46     		mov	sp, r7
  70              		@ sp needed
  71 0016 5DF8047B 		ldr	r7, [sp], #4
  72 001a 7047     		bx	lr
  73              		.size	port_unlock, .-port_unlock
  74              		.section	.text.chSysLock,"ax",%progbits
  75              		.align	1
  76              		.syntax unified
  77              		.thumb
  78              		.thumb_func
  79              		.fpu fpv4-sp-d16
  80              		.type	chSysLock, %function
  81              	chSysLock:
  82              		@ args = 0, pretend = 0, frame = 0
  83              		@ frame_needed = 1, uses_anonymous_args = 0
  84 0000 80B5     		push	{r7, lr}
  85 0002 00AF     		add	r7, sp, #0
  86 0004 FFF7FEFF 		bl	port_lock
  87 0008 FFF7FEFF 		bl	_stats_start_measure_crit_thd
  88 000c FFF7FEFF 		bl	_dbg_check_lock
  89 0010 00BF     		nop
  90 0012 80BD     		pop	{r7, pc}
  91              		.size	chSysLock, .-chSysLock
  92              		.section	.text.chSysUnlock,"ax",%progbits
  93              		.align	1
  94              		.syntax unified
  95              		.thumb
  96              		.thumb_func
  97              		.fpu fpv4-sp-d16
  98              		.type	chSysUnlock, %function
  99              	chSysUnlock:
 100              		@ args = 0, pretend = 0, frame = 0
 101              		@ frame_needed = 1, uses_anonymous_args = 0
 102 0000 80B5     		push	{r7, lr}
 103 0002 00AF     		add	r7, sp, #0
 104 0004 FFF7FEFF 		bl	_dbg_check_unlock
 105 0008 FFF7FEFF 		bl	_stats_stop_measure_crit_thd
 106 000c 094B     		ldr	r3, .L6
 107 000e 1B68     		ldr	r3, [r3]
 108 0010 084A     		ldr	r2, .L6
 109 0012 9342     		cmp	r3, r2
 110 0014 0AD0     		beq	.L5
 111 0016 074B     		ldr	r3, .L6
 112 0018 9B69     		ldr	r3, [r3, #24]
 113 001a 9A68     		ldr	r2, [r3, #8]
 114 001c 054B     		ldr	r3, .L6
ARM GAS  /var/folders/d2/nstgp4h54kz7g1l847x_b8wc0000gn/T//cchmoyTS.s 			page 3


 115 001e 1B68     		ldr	r3, [r3]
 116 0020 9B68     		ldr	r3, [r3, #8]
 117 0022 9A42     		cmp	r2, r3
 118 0024 02D2     		bcs	.L5
 119 0026 0448     		ldr	r0, .L6+4
 120 0028 FFF7FEFF 		bl	chSysHalt
 121              	.L5:
 122 002c FFF7FEFF 		bl	port_unlock
 123 0030 00BF     		nop
 124 0032 80BD     		pop	{r7, pc}
 125              	.L7:
 126              		.align	2
 127              	.L6:
 128 0034 00000000 		.word	ch
 129 0038 00000000 		.word	__func__.7968
 130              		.size	chSysUnlock, .-chSysUnlock
 131              		.section	.text.chVTGetSystemTimeX,"ax",%progbits
 132              		.align	1
 133              		.syntax unified
 134              		.thumb
 135              		.thumb_func
 136              		.fpu fpv4-sp-d16
 137              		.type	chVTGetSystemTimeX, %function
 138              	chVTGetSystemTimeX:
 139              		@ args = 0, pretend = 0, frame = 0
 140              		@ frame_needed = 1, uses_anonymous_args = 0
 141              		@ link register save eliminated.
 142 0000 80B4     		push	{r7}
 143 0002 00AF     		add	r7, sp, #0
 144 0004 034B     		ldr	r3, .L10
 145 0006 9B6A     		ldr	r3, [r3, #40]
 146 0008 1846     		mov	r0, r3
 147 000a BD46     		mov	sp, r7
 148              		@ sp needed
 149 000c 5DF8047B 		ldr	r7, [sp], #4
 150 0010 7047     		bx	lr
 151              	.L11:
 152 0012 00BF     		.align	2
 153              	.L10:
 154 0014 00000000 		.word	ch
 155              		.size	chVTGetSystemTimeX, .-chVTGetSystemTimeX
 156              		.section	.text.chVTGetSystemTime,"ax",%progbits
 157              		.align	1
 158              		.syntax unified
 159              		.thumb
 160              		.thumb_func
 161              		.fpu fpv4-sp-d16
 162              		.type	chVTGetSystemTime, %function
 163              	chVTGetSystemTime:
 164              		@ args = 0, pretend = 0, frame = 8
 165              		@ frame_needed = 1, uses_anonymous_args = 0
 166 0000 80B5     		push	{r7, lr}
 167 0002 82B0     		sub	sp, sp, #8
 168 0004 00AF     		add	r7, sp, #0
 169 0006 FFF7FEFF 		bl	chSysLock
 170 000a FFF7FEFF 		bl	chVTGetSystemTimeX
 171 000e 7860     		str	r0, [r7, #4]
ARM GAS  /var/folders/d2/nstgp4h54kz7g1l847x_b8wc0000gn/T//cchmoyTS.s 			page 4


 172 0010 FFF7FEFF 		bl	chSysUnlock
 173 0014 7B68     		ldr	r3, [r7, #4]
 174 0016 1846     		mov	r0, r3
 175 0018 0837     		adds	r7, r7, #8
 176 001a BD46     		mov	sp, r7
 177              		@ sp needed
 178 001c 80BD     		pop	{r7, pc}
 179              		.size	chVTGetSystemTime, .-chVTGetSystemTime
 180              		.section	.text.chRegSetThreadName,"ax",%progbits
 181              		.align	1
 182              		.syntax unified
 183              		.thumb
 184              		.thumb_func
 185              		.fpu fpv4-sp-d16
 186              		.type	chRegSetThreadName, %function
 187              	chRegSetThreadName:
 188              		@ args = 0, pretend = 0, frame = 8
 189              		@ frame_needed = 1, uses_anonymous_args = 0
 190              		@ link register save eliminated.
 191 0000 80B4     		push	{r7}
 192 0002 83B0     		sub	sp, sp, #12
 193 0004 00AF     		add	r7, sp, #0
 194 0006 7860     		str	r0, [r7, #4]
 195 0008 044B     		ldr	r3, .L15
 196 000a 9B69     		ldr	r3, [r3, #24]
 197 000c 7A68     		ldr	r2, [r7, #4]
 198 000e 9A61     		str	r2, [r3, #24]
 199 0010 00BF     		nop
 200 0012 0C37     		adds	r7, r7, #12
 201 0014 BD46     		mov	sp, r7
 202              		@ sp needed
 203 0016 5DF8047B 		ldr	r7, [sp], #4
 204 001a 7047     		bx	lr
 205              	.L16:
 206              		.align	2
 207              	.L15:
 208 001c 00000000 		.word	ch
 209              		.size	chRegSetThreadName, .-chRegSetThreadName
 210              		.global	spi_rx_buff
 211              		.section	.bss.spi_rx_buff,"aw",%nobits
 212              		.align	2
 213              		.type	spi_rx_buff, %object
 214              		.size	spi_rx_buff, 4092
 215              	spi_rx_buff:
 216 0000 00000000 		.space	4092
 216      00000000 
 216      00000000 
 216      00000000 
 216      00000000 
 217              		.global	spi_tx_buff
 218              		.section	.bss.spi_tx_buff,"aw",%nobits
 219              		.align	2
 220              		.type	spi_tx_buff, %object
 221              		.size	spi_tx_buff, 4092
 222              	spi_tx_buff:
 223 0000 00000000 		.space	4092
 223      00000000 
ARM GAS  /var/folders/d2/nstgp4h54kz7g1l847x_b8wc0000gn/T//cchmoyTS.s 			page 5


 223      00000000 
 223      00000000 
 223      00000000 
 224              		.global	last_img_ptr
 225              		.section	.bss.last_img_ptr,"aw",%nobits
 226              		.align	2
 227              		.type	last_img_ptr, %object
 228              		.size	last_img_ptr, 4
 229              	last_img_ptr:
 230 0000 00000000 		.space	4
 231              		.global	image_transfer_enabled
 232              		.section	.bss.image_transfer_enabled,"aw",%nobits
 233              		.type	image_transfer_enabled, %object
 234              		.size	image_transfer_enabled, 1
 235              	image_transfer_enabled:
 236 0000 00       		.space	1
 237              		.global	rgb_setting_enabled
 238              		.section	.bss.rgb_setting_enabled,"aw",%nobits
 239              		.type	rgb_setting_enabled, %object
 240              		.size	rgb_setting_enabled, 1
 241              	rgb_setting_enabled:
 242 0000 00       		.space	1
 243              		.global	spi_suspend_flag
 244              		.section	.bss.spi_suspend_flag,"aw",%nobits
 245              		.type	spi_suspend_flag, %object
 246              		.size	spi_suspend_flag, 1
 247              	spi_suspend_flag:
 248 0000 00       		.space	1
 249              		.section	.bss.spi_thd_ptr,"aw",%nobits
 250              		.align	2
 251              		.type	spi_thd_ptr, %object
 252              		.size	spi_thd_ptr, 4
 253              	spi_thd_ptr:
 254 0000 00000000 		.space	4
 255              		.section	.bss.spi_thread_wa,"aw",%nobits
 256              		.align	3
 257              		.type	spi_thread_wa, %object
 258              		.size	spi_thread_wa, 1400
 259              	spi_thread_wa:
 260 0000 00000000 		.space	1400
 260      00000000 
 260      00000000 
 260      00000000 
 260      00000000 
 261              		.section	.rodata
 262              		.align	2
 263              	.LC0:
 264 0000 53504920 		.ascii	"SPI thread\000"
 264      74687265 
 264      616400
 265              		.section	.text.spi_thread,"ax",%progbits
 266              		.align	1
 267              		.syntax unified
 268              		.thumb
 269              		.thumb_func
 270              		.fpu fpv4-sp-d16
 271              		.type	spi_thread, %function
ARM GAS  /var/folders/d2/nstgp4h54kz7g1l847x_b8wc0000gn/T//cchmoyTS.s 			page 6


 272              	spi_thread:
 273              		@ args = 0, pretend = 0, frame = 32
 274              		@ frame_needed = 1, uses_anonymous_args = 0
 275 0000 80B5     		push	{r7, lr}
 276 0002 88B0     		sub	sp, sp, #32
 277 0004 00AF     		add	r7, sp, #0
 278 0006 7860     		str	r0, [r7, #4]
 279 0008 7548     		ldr	r0, .L40
 280 000a FFF7FEFF 		bl	chRegSetThreadName
 281 000e 0023     		movs	r3, #0
 282 0010 7B77     		strb	r3, [r7, #29]
 283 0012 0023     		movs	r3, #0
 284 0014 FB60     		str	r3, [r7, #12]
 285 0016 0023     		movs	r3, #0
 286 0018 FB83     		strh	r3, [r7, #30]	@ movhi
 287 001a 0023     		movs	r3, #0
 288 001c 7B83     		strh	r3, [r7, #26]	@ movhi
 289 001e 0023     		movs	r3, #0
 290 0020 7B61     		str	r3, [r7, #20]
 291 0022 3220     		movs	r0, #50
 292 0024 FFF7FEFF 		bl	chThdSleep
 293              	.L38:
 294 0028 FFF7FEFF 		bl	chVTGetSystemTime
 295 002c 3861     		str	r0, [r7, #16]
 296 002e FFF7FEFF 		bl	chSysLock
 297 0032 6C4B     		ldr	r3, .L40+4
 298 0034 1B78     		ldrb	r3, [r3]	@ zero_extendqisi2
 299 0036 012B     		cmp	r3, #1
 300 0038 02D1     		bne	.L18
 301 003a 0320     		movs	r0, #3
 302 003c FFF7FEFF 		bl	chSchGoSleepS
 303              	.L18:
 304 0040 FFF7FEFF 		bl	chSysUnlock
 305 0044 684B     		ldr	r3, .L40+8
 306 0046 1B78     		ldrb	r3, [r3]	@ zero_extendqisi2
 307 0048 012B     		cmp	r3, #1
 308 004a 09D1     		bne	.L19
 309 004c FFF7FEFF 		bl	dcmi_capture_start
 310 0050 FFF7FEFF 		bl	wait_image_ready
 311 0054 0346     		mov	r3, r0
 312 0056 002B     		cmp	r3, #0
 313 0058 02D0     		beq	.L19
 314 005a FFF7FEFF 		bl	dcmi_restart
 315 005e BEE0     		b	.L20
 316              	.L19:
 317 0060 40F6FC72 		movw	r2, #4092
 318 0064 FF21     		movs	r1, #255
 319 0066 6148     		ldr	r0, .L40+12
 320 0068 FFF7FEFF 		bl	memset
 321 006c 604B     		ldr	r3, .L40+16
 322 006e 1B78     		ldrb	r3, [r3]	@ zero_extendqisi2
 323 0070 012B     		cmp	r3, #1
 324 0072 03D1     		bne	.L21
 325 0074 5F48     		ldr	r0, .L40+20
 326 0076 FFF7FEFF 		bl	get_all_rgb_state
 327 007a 04E0     		b	.L22
 328              	.L21:
ARM GAS  /var/folders/d2/nstgp4h54kz7g1l847x_b8wc0000gn/T//cchmoyTS.s 			page 7


 329 007c 0C22     		movs	r2, #12
 330 007e 6521     		movs	r1, #101
 331 0080 5C48     		ldr	r0, .L40+20
 332 0082 FFF7FEFF 		bl	memset
 333              	.L22:
 334 0086 5C48     		ldr	r0, .L40+24
 335 0088 FFF7FEFF 		bl	spiSelect
 336 008c 574B     		ldr	r3, .L40+12
 337 008e 594A     		ldr	r2, .L40+20
 338 0090 0C21     		movs	r1, #12
 339 0092 5948     		ldr	r0, .L40+24
 340 0094 FFF7FEFF 		bl	spiExchange
 341 0098 5748     		ldr	r0, .L40+24
 342 009a FFF7FEFF 		bl	spiUnselect
 343 009e 0023     		movs	r3, #0
 344 00a0 FB60     		str	r3, [r7, #12]
 345 00a2 03E0     		b	.L23
 346              	.L24:
 347              		.syntax unified
 348              	@ 327 "../e-puck2_main-processor/ChibiOS//os/ext/CMSIS/include/core_cmInstr.h" 1
 349 00a4 00BF     		nop
 350              	@ 0 "" 2
 351              		.thumb
 352              		.syntax unified
 353 00a6 FB68     		ldr	r3, [r7, #12]
 354 00a8 0133     		adds	r3, r3, #1
 355 00aa FB60     		str	r3, [r7, #12]
 356              	.L23:
 357 00ac FB68     		ldr	r3, [r7, #12]
 358 00ae 42F20F72 		movw	r2, #9999
 359 00b2 9342     		cmp	r3, r2
 360 00b4 F6D9     		bls	.L24
 361 00b6 4D4B     		ldr	r3, .L40+12
 362 00b8 1B78     		ldrb	r3, [r3]	@ zero_extendqisi2
 363 00ba 1846     		mov	r0, r3
 364 00bc FFF7FEFF 		bl	button_set_state
 365 00c0 494B     		ldr	r3, .L40+8
 366 00c2 1B78     		ldrb	r3, [r3]	@ zero_extendqisi2
 367 00c4 012B     		cmp	r3, #1
 368 00c6 40F08480 		bne	.L25
 369 00ca 484B     		ldr	r3, .L40+12
 370 00cc 5B78     		ldrb	r3, [r3, #1]	@ zero_extendqisi2
 371 00ce B72B     		cmp	r3, #183
 372 00d0 AAD1     		bne	.L38
 373 00d2 FFF7FEFF 		bl	cam_get_image_size
 374 00d6 0346     		mov	r3, r0
 375 00d8 9B08     		lsrs	r3, r3, #2
 376 00da 484A     		ldr	r2, .L40+28
 377 00dc A2FB0323 		umull	r2, r3, r2, r3
 378 00e0 DB09     		lsrs	r3, r3, #7
 379 00e2 7B83     		strh	r3, [r7, #26]	@ movhi
 380 00e4 FFF7FEFF 		bl	cam_get_image_size
 381 00e8 0246     		mov	r2, r0
 382 00ea 9308     		lsrs	r3, r2, #2
 383 00ec 4349     		ldr	r1, .L40+28
 384 00ee A1FB0313 		umull	r1, r3, r1, r3
 385 00f2 D909     		lsrs	r1, r3, #7
ARM GAS  /var/folders/d2/nstgp4h54kz7g1l847x_b8wc0000gn/T//cchmoyTS.s 			page 8


 386 00f4 0B46     		mov	r3, r1
 387 00f6 9B02     		lsls	r3, r3, #10
 388 00f8 5B1A     		subs	r3, r3, r1
 389 00fa 9B00     		lsls	r3, r3, #2
 390 00fc D31A     		subs	r3, r2, r3
 391 00fe 7B61     		str	r3, [r7, #20]
 392 0100 0023     		movs	r3, #0
 393 0102 7B77     		strb	r3, [r7, #29]
 394 0104 FFF7FEFF 		bl	cam_get_last_image_ptr
 395 0108 0246     		mov	r2, r0
 396 010a 3D4B     		ldr	r3, .L40+32
 397 010c 1A60     		str	r2, [r3]
 398 010e 0023     		movs	r3, #0
 399 0110 FB83     		strh	r3, [r7, #30]	@ movhi
 400 0112 32E0     		b	.L27
 401              	.L34:
 402 0114 3848     		ldr	r0, .L40+24
 403 0116 FFF7FEFF 		bl	spiSelect
 404 011a 394B     		ldr	r3, .L40+32
 405 011c 1968     		ldr	r1, [r3]
 406 011e FA8B     		ldrh	r2, [r7, #30]
 407 0120 1346     		mov	r3, r2
 408 0122 9B02     		lsls	r3, r3, #10
 409 0124 9B1A     		subs	r3, r3, r2
 410 0126 9B00     		lsls	r3, r3, #2
 411 0128 CA18     		adds	r2, r1, r3
 412 012a 304B     		ldr	r3, .L40+12
 413 012c 40F6FC71 		movw	r1, #4092
 414 0130 3148     		ldr	r0, .L40+24
 415 0132 FFF7FEFF 		bl	spiExchange
 416 0136 3048     		ldr	r0, .L40+24
 417 0138 FFF7FEFF 		bl	spiUnselect
 418 013c FB8B     		ldrh	r3, [r7, #30]
 419 013e 062B     		cmp	r3, #6
 420 0140 0CD9     		bls	.L28
 421 0142 0023     		movs	r3, #0
 422 0144 FB60     		str	r3, [r7, #12]
 423 0146 03E0     		b	.L29
 424              	.L30:
 425              		.syntax unified
 426              	@ 327 "../e-puck2_main-processor/ChibiOS//os/ext/CMSIS/include/core_cmInstr.h" 1
 427 0148 00BF     		nop
 428              	@ 0 "" 2
 429              		.thumb
 430              		.syntax unified
 431 014a FB68     		ldr	r3, [r7, #12]
 432 014c 0133     		adds	r3, r3, #1
 433 014e FB60     		str	r3, [r7, #12]
 434              	.L29:
 435 0150 FB68     		ldr	r3, [r7, #12]
 436 0152 43F69722 		movw	r2, #14999
 437 0156 9342     		cmp	r3, r2
 438 0158 F6D9     		bls	.L30
 439 015a 0BE0     		b	.L39
 440              	.L28:
 441 015c 0023     		movs	r3, #0
 442 015e FB60     		str	r3, [r7, #12]
ARM GAS  /var/folders/d2/nstgp4h54kz7g1l847x_b8wc0000gn/T//cchmoyTS.s 			page 9


 443 0160 03E0     		b	.L32
 444              	.L33:
 445              		.syntax unified
 446              	@ 327 "../e-puck2_main-processor/ChibiOS//os/ext/CMSIS/include/core_cmInstr.h" 1
 447 0162 00BF     		nop
 448              	@ 0 "" 2
 449              		.thumb
 450              		.syntax unified
 451 0164 FB68     		ldr	r3, [r7, #12]
 452 0166 0133     		adds	r3, r3, #1
 453 0168 FB60     		str	r3, [r7, #12]
 454              	.L32:
 455 016a FB68     		ldr	r3, [r7, #12]
 456 016c 41F28732 		movw	r2, #4999
 457 0170 9342     		cmp	r3, r2
 458 0172 F6D9     		bls	.L33
 459              	.L39:
 460 0174 FB8B     		ldrh	r3, [r7, #30]
 461 0176 0133     		adds	r3, r3, #1
 462 0178 FB83     		strh	r3, [r7, #30]	@ movhi
 463              	.L27:
 464 017a FA8B     		ldrh	r2, [r7, #30]
 465 017c 7B8B     		ldrh	r3, [r7, #26]
 466 017e 9A42     		cmp	r2, r3
 467 0180 C8D3     		bcc	.L34
 468 0182 7B69     		ldr	r3, [r7, #20]
 469 0184 002B     		cmp	r3, #0
 470 0186 21D0     		beq	.L35
 471 0188 7B7F     		ldrb	r3, [r7, #29]	@ zero_extendqisi2
 472 018a 002B     		cmp	r3, #0
 473 018c 1ED1     		bne	.L35
 474 018e 1A48     		ldr	r0, .L40+24
 475 0190 FFF7FEFF 		bl	spiSelect
 476 0194 1A4B     		ldr	r3, .L40+32
 477 0196 1968     		ldr	r1, [r3]
 478 0198 FA8B     		ldrh	r2, [r7, #30]
 479 019a 1346     		mov	r3, r2
 480 019c 9B02     		lsls	r3, r3, #10
 481 019e 9B1A     		subs	r3, r3, r2
 482 01a0 9B00     		lsls	r3, r3, #2
 483 01a2 CA18     		adds	r2, r1, r3
 484 01a4 114B     		ldr	r3, .L40+12
 485 01a6 7969     		ldr	r1, [r7, #20]
 486 01a8 1348     		ldr	r0, .L40+24
 487 01aa FFF7FEFF 		bl	spiExchange
 488 01ae 1248     		ldr	r0, .L40+24
 489 01b0 FFF7FEFF 		bl	spiUnselect
 490 01b4 0023     		movs	r3, #0
 491 01b6 FB60     		str	r3, [r7, #12]
 492 01b8 03E0     		b	.L36
 493              	.L37:
 494              		.syntax unified
 495              	@ 327 "../e-puck2_main-processor/ChibiOS//os/ext/CMSIS/include/core_cmInstr.h" 1
 496 01ba 00BF     		nop
 497              	@ 0 "" 2
 498              		.thumb
 499              		.syntax unified
ARM GAS  /var/folders/d2/nstgp4h54kz7g1l847x_b8wc0000gn/T//cchmoyTS.s 			page 10


 500 01bc FB68     		ldr	r3, [r7, #12]
 501 01be 0133     		adds	r3, r3, #1
 502 01c0 FB60     		str	r3, [r7, #12]
 503              	.L36:
 504 01c2 FB68     		ldr	r3, [r7, #12]
 505 01c4 43F69722 		movw	r2, #14999
 506 01c8 9342     		cmp	r3, r2
 507 01ca F6D9     		bls	.L37
 508              	.L35:
 509 01cc FFF7FEFF 		bl	dcmi_release_last_image_ptr
 510 01d0 2AE7     		b	.L38
 511              	.L25:
 512 01d2 3B69     		ldr	r3, [r7, #16]
 513 01d4 3233     		adds	r3, r3, #50
 514 01d6 1946     		mov	r1, r3
 515 01d8 3869     		ldr	r0, [r7, #16]
 516 01da FFF7FEFF 		bl	chThdSleepUntilWindowed
 517              	.L20:
 518 01de 23E7     		b	.L38
 519              	.L41:
 520              		.align	2
 521              	.L40:
 522 01e0 00000000 		.word	.LC0
 523 01e4 00000000 		.word	spi_suspend_flag
 524 01e8 00000000 		.word	image_transfer_enabled
 525 01ec 00000000 		.word	spi_rx_buff
 526 01f0 00000000 		.word	rgb_setting_enabled
 527 01f4 00000000 		.word	spi_tx_buff
 528 01f8 00000000 		.word	SPID1
 529 01fc 01020820 		.word	537395713
 530 0200 00000000 		.word	last_img_ptr
 531              		.size	spi_thread, .-spi_thread
 532              		.section	.text.spi_comm_start,"ax",%progbits
 533              		.align	1
 534              		.global	spi_comm_start
 535              		.syntax unified
 536              		.thumb
 537              		.thumb_func
 538              		.fpu fpv4-sp-d16
 539              		.type	spi_comm_start, %function
 540              	spi_comm_start:
 541              		@ args = 0, pretend = 0, frame = 0
 542              		@ frame_needed = 1, uses_anonymous_args = 0
 543 0000 80B5     		push	{r7, lr}
 544 0002 82B0     		sub	sp, sp, #8
 545 0004 02AF     		add	r7, sp, #8
 546 0006 0949     		ldr	r1, .L43
 547 0008 0948     		ldr	r0, .L43+4
 548 000a FFF7FEFF 		bl	spiStart
 549 000e 0023     		movs	r3, #0
 550 0010 0093     		str	r3, [sp]
 551 0012 084B     		ldr	r3, .L43+8
 552 0014 4022     		movs	r2, #64
 553 0016 4FF4AF61 		mov	r1, #1400
 554 001a 0748     		ldr	r0, .L43+12
 555 001c FFF7FEFF 		bl	chThdCreateStatic
 556 0020 0246     		mov	r2, r0
ARM GAS  /var/folders/d2/nstgp4h54kz7g1l847x_b8wc0000gn/T//cchmoyTS.s 			page 11


 557 0022 064B     		ldr	r3, .L43+16
 558 0024 1A60     		str	r2, [r3]
 559 0026 00BF     		nop
 560 0028 BD46     		mov	sp, r7
 561              		@ sp needed
 562 002a 80BD     		pop	{r7, pc}
 563              	.L44:
 564              		.align	2
 565              	.L43:
 566 002c 00000000 		.word	hs_spicfg.10951
 567 0030 00000000 		.word	SPID1
 568 0034 00000000 		.word	spi_thread
 569 0038 00000000 		.word	spi_thread_wa
 570 003c 00000000 		.word	spi_thd_ptr
 571              		.size	spi_comm_start, .-spi_comm_start
 572              		.section	.text.spi_image_transfer_enable,"ax",%progbits
 573              		.align	1
 574              		.global	spi_image_transfer_enable
 575              		.syntax unified
 576              		.thumb
 577              		.thumb_func
 578              		.fpu fpv4-sp-d16
 579              		.type	spi_image_transfer_enable, %function
 580              	spi_image_transfer_enable:
 581              		@ args = 0, pretend = 0, frame = 0
 582              		@ frame_needed = 1, uses_anonymous_args = 0
 583              		@ link register save eliminated.
 584 0000 80B4     		push	{r7}
 585 0002 00AF     		add	r7, sp, #0
 586 0004 034B     		ldr	r3, .L46
 587 0006 0122     		movs	r2, #1
 588 0008 1A70     		strb	r2, [r3]
 589 000a 00BF     		nop
 590 000c BD46     		mov	sp, r7
 591              		@ sp needed
 592 000e 5DF8047B 		ldr	r7, [sp], #4
 593 0012 7047     		bx	lr
 594              	.L47:
 595              		.align	2
 596              	.L46:
 597 0014 00000000 		.word	image_transfer_enabled
 598              		.size	spi_image_transfer_enable, .-spi_image_transfer_enable
 599              		.section	.text.spi_image_transfer_disable,"ax",%progbits
 600              		.align	1
 601              		.global	spi_image_transfer_disable
 602              		.syntax unified
 603              		.thumb
 604              		.thumb_func
 605              		.fpu fpv4-sp-d16
 606              		.type	spi_image_transfer_disable, %function
 607              	spi_image_transfer_disable:
 608              		@ args = 0, pretend = 0, frame = 0
 609              		@ frame_needed = 1, uses_anonymous_args = 0
 610              		@ link register save eliminated.
 611 0000 80B4     		push	{r7}
 612 0002 00AF     		add	r7, sp, #0
 613 0004 034B     		ldr	r3, .L49
ARM GAS  /var/folders/d2/nstgp4h54kz7g1l847x_b8wc0000gn/T//cchmoyTS.s 			page 12


 614 0006 0022     		movs	r2, #0
 615 0008 1A70     		strb	r2, [r3]
 616 000a 00BF     		nop
 617 000c BD46     		mov	sp, r7
 618              		@ sp needed
 619 000e 5DF8047B 		ldr	r7, [sp], #4
 620 0012 7047     		bx	lr
 621              	.L50:
 622              		.align	2
 623              	.L49:
 624 0014 00000000 		.word	image_transfer_enabled
 625              		.size	spi_image_transfer_disable, .-spi_image_transfer_disable
 626              		.section	.text.spi_rgb_setting_enable,"ax",%progbits
 627              		.align	1
 628              		.global	spi_rgb_setting_enable
 629              		.syntax unified
 630              		.thumb
 631              		.thumb_func
 632              		.fpu fpv4-sp-d16
 633              		.type	spi_rgb_setting_enable, %function
 634              	spi_rgb_setting_enable:
 635              		@ args = 0, pretend = 0, frame = 0
 636              		@ frame_needed = 1, uses_anonymous_args = 0
 637              		@ link register save eliminated.
 638 0000 80B4     		push	{r7}
 639 0002 00AF     		add	r7, sp, #0
 640 0004 034B     		ldr	r3, .L52
 641 0006 0122     		movs	r2, #1
 642 0008 1A70     		strb	r2, [r3]
 643 000a 00BF     		nop
 644 000c BD46     		mov	sp, r7
 645              		@ sp needed
 646 000e 5DF8047B 		ldr	r7, [sp], #4
 647 0012 7047     		bx	lr
 648              	.L53:
 649              		.align	2
 650              	.L52:
 651 0014 00000000 		.word	rgb_setting_enabled
 652              		.size	spi_rgb_setting_enable, .-spi_rgb_setting_enable
 653              		.section	.text.spi_rgb_setting_disable,"ax",%progbits
 654              		.align	1
 655              		.global	spi_rgb_setting_disable
 656              		.syntax unified
 657              		.thumb
 658              		.thumb_func
 659              		.fpu fpv4-sp-d16
 660              		.type	spi_rgb_setting_disable, %function
 661              	spi_rgb_setting_disable:
 662              		@ args = 0, pretend = 0, frame = 0
 663              		@ frame_needed = 1, uses_anonymous_args = 0
 664              		@ link register save eliminated.
 665 0000 80B4     		push	{r7}
 666 0002 00AF     		add	r7, sp, #0
 667 0004 034B     		ldr	r3, .L55
 668 0006 0022     		movs	r2, #0
 669 0008 1A70     		strb	r2, [r3]
 670 000a 00BF     		nop
ARM GAS  /var/folders/d2/nstgp4h54kz7g1l847x_b8wc0000gn/T//cchmoyTS.s 			page 13


 671 000c BD46     		mov	sp, r7
 672              		@ sp needed
 673 000e 5DF8047B 		ldr	r7, [sp], #4
 674 0012 7047     		bx	lr
 675              	.L56:
 676              		.align	2
 677              	.L55:
 678 0014 00000000 		.word	rgb_setting_enabled
 679              		.size	spi_rgb_setting_disable, .-spi_rgb_setting_disable
 680              		.section	.text.spi_rgb_setting_is_enabled,"ax",%progbits
 681              		.align	1
 682              		.global	spi_rgb_setting_is_enabled
 683              		.syntax unified
 684              		.thumb
 685              		.thumb_func
 686              		.fpu fpv4-sp-d16
 687              		.type	spi_rgb_setting_is_enabled, %function
 688              	spi_rgb_setting_is_enabled:
 689              		@ args = 0, pretend = 0, frame = 0
 690              		@ frame_needed = 1, uses_anonymous_args = 0
 691              		@ link register save eliminated.
 692 0000 80B4     		push	{r7}
 693 0002 00AF     		add	r7, sp, #0
 694 0004 034B     		ldr	r3, .L59
 695 0006 1B78     		ldrb	r3, [r3]	@ zero_extendqisi2
 696 0008 1846     		mov	r0, r3
 697 000a BD46     		mov	sp, r7
 698              		@ sp needed
 699 000c 5DF8047B 		ldr	r7, [sp], #4
 700 0010 7047     		bx	lr
 701              	.L60:
 702 0012 00BF     		.align	2
 703              	.L59:
 704 0014 00000000 		.word	rgb_setting_enabled
 705              		.size	spi_rgb_setting_is_enabled, .-spi_rgb_setting_is_enabled
 706              		.section	.text.spi_comm_suspend,"ax",%progbits
 707              		.align	1
 708              		.global	spi_comm_suspend
 709              		.syntax unified
 710              		.thumb
 711              		.thumb_func
 712              		.fpu fpv4-sp-d16
 713              		.type	spi_comm_suspend, %function
 714              	spi_comm_suspend:
 715              		@ args = 0, pretend = 0, frame = 0
 716              		@ frame_needed = 1, uses_anonymous_args = 0
 717 0000 80B5     		push	{r7, lr}
 718 0002 00AF     		add	r7, sp, #0
 719 0004 094B     		ldr	r3, .L66
 720 0006 1B78     		ldrb	r3, [r3]	@ zero_extendqisi2
 721 0008 002B     		cmp	r3, #0
 722 000a 0CD1     		bne	.L65
 723 000c 074B     		ldr	r3, .L66
 724 000e 0122     		movs	r2, #1
 725 0010 1A70     		strb	r2, [r3]
 726 0012 02E0     		b	.L63
 727              	.L64:
ARM GAS  /var/folders/d2/nstgp4h54kz7g1l847x_b8wc0000gn/T//cchmoyTS.s 			page 14


 728 0014 0220     		movs	r0, #2
 729 0016 FFF7FEFF 		bl	chThdSleep
 730              	.L63:
 731 001a 054B     		ldr	r3, .L66+4
 732 001c 1B68     		ldr	r3, [r3]
 733 001e 93F82030 		ldrb	r3, [r3, #32]	@ zero_extendqisi2
 734 0022 032B     		cmp	r3, #3
 735 0024 F6D1     		bne	.L64
 736              	.L65:
 737 0026 00BF     		nop
 738 0028 80BD     		pop	{r7, pc}
 739              	.L67:
 740 002a 00BF     		.align	2
 741              	.L66:
 742 002c 00000000 		.word	spi_suspend_flag
 743 0030 00000000 		.word	spi_thd_ptr
 744              		.size	spi_comm_suspend, .-spi_comm_suspend
 745              		.section	.text.spi_comm_resume,"ax",%progbits
 746              		.align	1
 747              		.global	spi_comm_resume
 748              		.syntax unified
 749              		.thumb
 750              		.thumb_func
 751              		.fpu fpv4-sp-d16
 752              		.type	spi_comm_resume, %function
 753              	spi_comm_resume:
 754              		@ args = 0, pretend = 0, frame = 0
 755              		@ frame_needed = 1, uses_anonymous_args = 0
 756 0000 80B5     		push	{r7, lr}
 757 0002 00AF     		add	r7, sp, #0
 758 0004 094B     		ldr	r3, .L71
 759 0006 1B78     		ldrb	r3, [r3]	@ zero_extendqisi2
 760 0008 012B     		cmp	r3, #1
 761 000a 0CD1     		bne	.L70
 762 000c FFF7FEFF 		bl	chSysLock
 763 0010 074B     		ldr	r3, .L71+4
 764 0012 1B68     		ldr	r3, [r3]
 765 0014 0021     		movs	r1, #0
 766 0016 1846     		mov	r0, r3
 767 0018 FFF7FEFF 		bl	chSchWakeupS
 768 001c 034B     		ldr	r3, .L71
 769 001e 0022     		movs	r2, #0
 770 0020 1A70     		strb	r2, [r3]
 771 0022 FFF7FEFF 		bl	chSysUnlock
 772              	.L70:
 773 0026 00BF     		nop
 774 0028 80BD     		pop	{r7, pc}
 775              	.L72:
 776 002a 00BF     		.align	2
 777              	.L71:
 778 002c 00000000 		.word	spi_suspend_flag
 779 0030 00000000 		.word	spi_thd_ptr
 780              		.size	spi_comm_resume, .-spi_comm_resume
 781              		.section	.rodata.__func__.7968,"a",%progbits
 782              		.align	2
 783              		.type	__func__.7968, %object
 784              		.size	__func__.7968, 12
ARM GAS  /var/folders/d2/nstgp4h54kz7g1l847x_b8wc0000gn/T//cchmoyTS.s 			page 15


 785              	__func__.7968:
 786 0000 63685379 		.ascii	"chSysUnlock\000"
 786      73556E6C 
 786      6F636B00 
 787              		.section	.rodata.hs_spicfg.10951,"a",%progbits
 788              		.align	2
 789              		.type	hs_spicfg.10951, %object
 790              		.size	hs_spicfg.10951, 12
 791              	hs_spicfg.10951:
 792 0000 00000000 		.word	0
 793 0004 00000240 		.word	1073872896
 794 0008 0F00     		.short	15
 795 000a 1000     		.short	16
 796              		.ident	"GCC: (GNU Tools for Arm Embedded Processors 7-2017-q4-major) 7.2.1 20170904 (release) [ARM
ARM GAS  /var/folders/d2/nstgp4h54kz7g1l847x_b8wc0000gn/T//cchmoyTS.s 			page 16


DEFINED SYMBOLS
                            *ABS*:0000000000000000 spi_comm.c
/var/folders/d2/nstgp4h54kz7g1l847x_b8wc0000gn/T//cchmoyTS.s:15     .text.port_lock:0000000000000000 $t
/var/folders/d2/nstgp4h54kz7g1l847x_b8wc0000gn/T//cchmoyTS.s:21     .text.port_lock:0000000000000000 port_lock
/var/folders/d2/nstgp4h54kz7g1l847x_b8wc0000gn/T//cchmoyTS.s:45     .text.port_unlock:0000000000000000 $t
/var/folders/d2/nstgp4h54kz7g1l847x_b8wc0000gn/T//cchmoyTS.s:51     .text.port_unlock:0000000000000000 port_unlock
/var/folders/d2/nstgp4h54kz7g1l847x_b8wc0000gn/T//cchmoyTS.s:75     .text.chSysLock:0000000000000000 $t
/var/folders/d2/nstgp4h54kz7g1l847x_b8wc0000gn/T//cchmoyTS.s:81     .text.chSysLock:0000000000000000 chSysLock
/var/folders/d2/nstgp4h54kz7g1l847x_b8wc0000gn/T//cchmoyTS.s:93     .text.chSysUnlock:0000000000000000 $t
/var/folders/d2/nstgp4h54kz7g1l847x_b8wc0000gn/T//cchmoyTS.s:99     .text.chSysUnlock:0000000000000000 chSysUnlock
/var/folders/d2/nstgp4h54kz7g1l847x_b8wc0000gn/T//cchmoyTS.s:128    .text.chSysUnlock:0000000000000034 $d
/var/folders/d2/nstgp4h54kz7g1l847x_b8wc0000gn/T//cchmoyTS.s:785    .rodata.__func__.7968:0000000000000000 __func__.7968
/var/folders/d2/nstgp4h54kz7g1l847x_b8wc0000gn/T//cchmoyTS.s:132    .text.chVTGetSystemTimeX:0000000000000000 $t
/var/folders/d2/nstgp4h54kz7g1l847x_b8wc0000gn/T//cchmoyTS.s:138    .text.chVTGetSystemTimeX:0000000000000000 chVTGetSystemTimeX
/var/folders/d2/nstgp4h54kz7g1l847x_b8wc0000gn/T//cchmoyTS.s:154    .text.chVTGetSystemTimeX:0000000000000014 $d
/var/folders/d2/nstgp4h54kz7g1l847x_b8wc0000gn/T//cchmoyTS.s:157    .text.chVTGetSystemTime:0000000000000000 $t
/var/folders/d2/nstgp4h54kz7g1l847x_b8wc0000gn/T//cchmoyTS.s:163    .text.chVTGetSystemTime:0000000000000000 chVTGetSystemTime
/var/folders/d2/nstgp4h54kz7g1l847x_b8wc0000gn/T//cchmoyTS.s:181    .text.chRegSetThreadName:0000000000000000 $t
/var/folders/d2/nstgp4h54kz7g1l847x_b8wc0000gn/T//cchmoyTS.s:187    .text.chRegSetThreadName:0000000000000000 chRegSetThreadName
/var/folders/d2/nstgp4h54kz7g1l847x_b8wc0000gn/T//cchmoyTS.s:208    .text.chRegSetThreadName:000000000000001c $d
/var/folders/d2/nstgp4h54kz7g1l847x_b8wc0000gn/T//cchmoyTS.s:215    .bss.spi_rx_buff:0000000000000000 spi_rx_buff
/var/folders/d2/nstgp4h54kz7g1l847x_b8wc0000gn/T//cchmoyTS.s:212    .bss.spi_rx_buff:0000000000000000 $d
/var/folders/d2/nstgp4h54kz7g1l847x_b8wc0000gn/T//cchmoyTS.s:222    .bss.spi_tx_buff:0000000000000000 spi_tx_buff
/var/folders/d2/nstgp4h54kz7g1l847x_b8wc0000gn/T//cchmoyTS.s:219    .bss.spi_tx_buff:0000000000000000 $d
/var/folders/d2/nstgp4h54kz7g1l847x_b8wc0000gn/T//cchmoyTS.s:229    .bss.last_img_ptr:0000000000000000 last_img_ptr
/var/folders/d2/nstgp4h54kz7g1l847x_b8wc0000gn/T//cchmoyTS.s:226    .bss.last_img_ptr:0000000000000000 $d
/var/folders/d2/nstgp4h54kz7g1l847x_b8wc0000gn/T//cchmoyTS.s:235    .bss.image_transfer_enabled:0000000000000000 image_transfer_enabled
/var/folders/d2/nstgp4h54kz7g1l847x_b8wc0000gn/T//cchmoyTS.s:236    .bss.image_transfer_enabled:0000000000000000 $d
/var/folders/d2/nstgp4h54kz7g1l847x_b8wc0000gn/T//cchmoyTS.s:241    .bss.rgb_setting_enabled:0000000000000000 rgb_setting_enabled
/var/folders/d2/nstgp4h54kz7g1l847x_b8wc0000gn/T//cchmoyTS.s:242    .bss.rgb_setting_enabled:0000000000000000 $d
/var/folders/d2/nstgp4h54kz7g1l847x_b8wc0000gn/T//cchmoyTS.s:247    .bss.spi_suspend_flag:0000000000000000 spi_suspend_flag
/var/folders/d2/nstgp4h54kz7g1l847x_b8wc0000gn/T//cchmoyTS.s:248    .bss.spi_suspend_flag:0000000000000000 $d
/var/folders/d2/nstgp4h54kz7g1l847x_b8wc0000gn/T//cchmoyTS.s:250    .bss.spi_thd_ptr:0000000000000000 $d
/var/folders/d2/nstgp4h54kz7g1l847x_b8wc0000gn/T//cchmoyTS.s:253    .bss.spi_thd_ptr:0000000000000000 spi_thd_ptr
/var/folders/d2/nstgp4h54kz7g1l847x_b8wc0000gn/T//cchmoyTS.s:256    .bss.spi_thread_wa:0000000000000000 $d
/var/folders/d2/nstgp4h54kz7g1l847x_b8wc0000gn/T//cchmoyTS.s:259    .bss.spi_thread_wa:0000000000000000 spi_thread_wa
/var/folders/d2/nstgp4h54kz7g1l847x_b8wc0000gn/T//cchmoyTS.s:262    .rodata:0000000000000000 $d
/var/folders/d2/nstgp4h54kz7g1l847x_b8wc0000gn/T//cchmoyTS.s:266    .text.spi_thread:0000000000000000 $t
/var/folders/d2/nstgp4h54kz7g1l847x_b8wc0000gn/T//cchmoyTS.s:272    .text.spi_thread:0000000000000000 spi_thread
/var/folders/d2/nstgp4h54kz7g1l847x_b8wc0000gn/T//cchmoyTS.s:522    .text.spi_thread:00000000000001e0 $d
/var/folders/d2/nstgp4h54kz7g1l847x_b8wc0000gn/T//cchmoyTS.s:533    .text.spi_comm_start:0000000000000000 $t
/var/folders/d2/nstgp4h54kz7g1l847x_b8wc0000gn/T//cchmoyTS.s:540    .text.spi_comm_start:0000000000000000 spi_comm_start
/var/folders/d2/nstgp4h54kz7g1l847x_b8wc0000gn/T//cchmoyTS.s:566    .text.spi_comm_start:000000000000002c $d
/var/folders/d2/nstgp4h54kz7g1l847x_b8wc0000gn/T//cchmoyTS.s:791    .rodata.hs_spicfg.10951:0000000000000000 hs_spicfg.10951
/var/folders/d2/nstgp4h54kz7g1l847x_b8wc0000gn/T//cchmoyTS.s:573    .text.spi_image_transfer_enable:0000000000000000 $t
/var/folders/d2/nstgp4h54kz7g1l847x_b8wc0000gn/T//cchmoyTS.s:580    .text.spi_image_transfer_enable:0000000000000000 spi_image_transfer_enable
/var/folders/d2/nstgp4h54kz7g1l847x_b8wc0000gn/T//cchmoyTS.s:597    .text.spi_image_transfer_enable:0000000000000014 $d
/var/folders/d2/nstgp4h54kz7g1l847x_b8wc0000gn/T//cchmoyTS.s:600    .text.spi_image_transfer_disable:0000000000000000 $t
/var/folders/d2/nstgp4h54kz7g1l847x_b8wc0000gn/T//cchmoyTS.s:607    .text.spi_image_transfer_disable:0000000000000000 spi_image_transfer_disable
/var/folders/d2/nstgp4h54kz7g1l847x_b8wc0000gn/T//cchmoyTS.s:624    .text.spi_image_transfer_disable:0000000000000014 $d
/var/folders/d2/nstgp4h54kz7g1l847x_b8wc0000gn/T//cchmoyTS.s:627    .text.spi_rgb_setting_enable:0000000000000000 $t
/var/folders/d2/nstgp4h54kz7g1l847x_b8wc0000gn/T//cchmoyTS.s:634    .text.spi_rgb_setting_enable:0000000000000000 spi_rgb_setting_enable
/var/folders/d2/nstgp4h54kz7g1l847x_b8wc0000gn/T//cchmoyTS.s:651    .text.spi_rgb_setting_enable:0000000000000014 $d
/var/folders/d2/nstgp4h54kz7g1l847x_b8wc0000gn/T//cchmoyTS.s:654    .text.spi_rgb_setting_disable:0000000000000000 $t
/var/folders/d2/nstgp4h54kz7g1l847x_b8wc0000gn/T//cchmoyTS.s:661    .text.spi_rgb_setting_disable:0000000000000000 spi_rgb_setting_disable
/var/folders/d2/nstgp4h54kz7g1l847x_b8wc0000gn/T//cchmoyTS.s:678    .text.spi_rgb_setting_disable:0000000000000014 $d
/var/folders/d2/nstgp4h54kz7g1l847x_b8wc0000gn/T//cchmoyTS.s:681    .text.spi_rgb_setting_is_enabled:0000000000000000 $t
ARM GAS  /var/folders/d2/nstgp4h54kz7g1l847x_b8wc0000gn/T//cchmoyTS.s 			page 17


/var/folders/d2/nstgp4h54kz7g1l847x_b8wc0000gn/T//cchmoyTS.s:688    .text.spi_rgb_setting_is_enabled:0000000000000000 spi_rgb_setting_is_enabled
/var/folders/d2/nstgp4h54kz7g1l847x_b8wc0000gn/T//cchmoyTS.s:704    .text.spi_rgb_setting_is_enabled:0000000000000014 $d
/var/folders/d2/nstgp4h54kz7g1l847x_b8wc0000gn/T//cchmoyTS.s:707    .text.spi_comm_suspend:0000000000000000 $t
/var/folders/d2/nstgp4h54kz7g1l847x_b8wc0000gn/T//cchmoyTS.s:714    .text.spi_comm_suspend:0000000000000000 spi_comm_suspend
/var/folders/d2/nstgp4h54kz7g1l847x_b8wc0000gn/T//cchmoyTS.s:742    .text.spi_comm_suspend:000000000000002c $d
/var/folders/d2/nstgp4h54kz7g1l847x_b8wc0000gn/T//cchmoyTS.s:746    .text.spi_comm_resume:0000000000000000 $t
/var/folders/d2/nstgp4h54kz7g1l847x_b8wc0000gn/T//cchmoyTS.s:753    .text.spi_comm_resume:0000000000000000 spi_comm_resume
/var/folders/d2/nstgp4h54kz7g1l847x_b8wc0000gn/T//cchmoyTS.s:778    .text.spi_comm_resume:000000000000002c $d
/var/folders/d2/nstgp4h54kz7g1l847x_b8wc0000gn/T//cchmoyTS.s:782    .rodata.__func__.7968:0000000000000000 $d
/var/folders/d2/nstgp4h54kz7g1l847x_b8wc0000gn/T//cchmoyTS.s:788    .rodata.hs_spicfg.10951:0000000000000000 $d

UNDEFINED SYMBOLS
_stats_start_measure_crit_thd
_dbg_check_lock
_dbg_check_unlock
_stats_stop_measure_crit_thd
chSysHalt
ch
chThdSleep
chSchGoSleepS
dcmi_capture_start
wait_image_ready
dcmi_restart
memset
get_all_rgb_state
spiSelect
spiExchange
spiUnselect
button_set_state
cam_get_image_size
cam_get_last_image_ptr
dcmi_release_last_image_ptr
chThdSleepUntilWindowed
SPID1
spiStart
chThdCreateStatic
chSchWakeupS
