ARM GAS  /var/folders/d2/nstgp4h54kz7g1l847x_b8wc0000gn/T//ccFS0Y40.s 			page 1


   1              		.cpu cortex-m4
   2              		.eabi_attribute 27, 1
   3              		.eabi_attribute 28, 1
   4              		.eabi_attribute 20, 1
   5              		.eabi_attribute 21, 1
   6              		.eabi_attribute 23, 3
   7              		.eabi_attribute 24, 1
   8              		.eabi_attribute 25, 1
   9              		.eabi_attribute 26, 1
  10              		.eabi_attribute 30, 2
  11              		.eabi_attribute 34, 1
  12              		.eabi_attribute 18, 4
  13              		.file	"vl53l0x_api_ranging.c"
  14              		.text
  15              	.Ltext0:
  16              		.cfi_sections	.debug_frame
  17              	.Letext0:
  18              		.file 1 "/Applications/Eclipse_e-puck2.app/Contents/Eclipse_e-puck2/Tools/gcc-arm-none-eabi-7-2017
  19              		.file 2 "/Applications/Eclipse_e-puck2.app/Contents/Eclipse_e-puck2/Tools/gcc-arm-none-eabi-7-2017
  20              		.file 3 "/Applications/Eclipse_e-puck2.app/Contents/Eclipse_e-puck2/Tools/gcc-arm-none-eabi-7-2017
  21              		.file 4 "/Applications/Eclipse_e-puck2.app/Contents/Eclipse_e-puck2/Tools/gcc-arm-none-eabi-7-2017
  22              		.file 5 "/Applications/Eclipse_e-puck2.app/Contents/Eclipse_e-puck2/Tools/gcc-arm-none-eabi-7-2017
  23              		.section	.debug_info,"",%progbits
  24              	.Ldebug_info0:
  25 0000 94080000 		.4byte	0x894
  26 0004 0400     		.2byte	0x4
  27 0006 00000000 		.4byte	.Ldebug_abbrev0
  28 000a 04       		.byte	0x4
  29 000b 01       		.uleb128 0x1
  30 000c B3030000 		.4byte	.LASF122
  31 0010 0C       		.byte	0xc
  32 0011 9D020000 		.4byte	.LASF123
  33 0015 D7050000 		.4byte	.LASF124
  34 0019 00000000 		.4byte	.Ldebug_line0
  35 001d 02       		.uleb128 0x2
  36 001e 01       		.byte	0x1
  37 001f 06       		.byte	0x6
  38 0020 5F050000 		.4byte	.LASF0
  39 0024 02       		.uleb128 0x2
  40 0025 01       		.byte	0x1
  41 0026 08       		.byte	0x8
  42 0027 FF040000 		.4byte	.LASF1
  43 002b 02       		.uleb128 0x2
  44 002c 02       		.byte	0x2
  45 002d 05       		.byte	0x5
  46 002e EE020000 		.4byte	.LASF2
  47 0032 02       		.uleb128 0x2
  48 0033 02       		.byte	0x2
  49 0034 07       		.byte	0x7
  50 0035 72050000 		.4byte	.LASF3
  51 0039 02       		.uleb128 0x2
  52 003a 04       		.byte	0x4
  53 003b 05       		.byte	0x5
  54 003c F8020000 		.4byte	.LASF4
  55 0040 02       		.uleb128 0x2
  56 0041 04       		.byte	0x4
  57 0042 07       		.byte	0x7
ARM GAS  /var/folders/d2/nstgp4h54kz7g1l847x_b8wc0000gn/T//ccFS0Y40.s 			page 2


  58 0043 80030000 		.4byte	.LASF5
  59 0047 02       		.uleb128 0x2
  60 0048 08       		.byte	0x8
  61 0049 05       		.byte	0x5
  62 004a 07020000 		.4byte	.LASF6
  63 004e 02       		.uleb128 0x2
  64 004f 08       		.byte	0x8
  65 0050 07       		.byte	0x7
  66 0051 E5000000 		.4byte	.LASF7
  67 0055 03       		.uleb128 0x3
  68 0056 04       		.byte	0x4
  69 0057 05       		.byte	0x5
  70 0058 696E7400 		.ascii	"int\000"
  71 005c 02       		.uleb128 0x2
  72 005d 04       		.byte	0x4
  73 005e 07       		.byte	0x7
  74 005f 2D000000 		.4byte	.LASF8
  75 0063 02       		.uleb128 0x2
  76 0064 08       		.byte	0x8
  77 0065 04       		.byte	0x4
  78 0066 7A020000 		.4byte	.LASF9
  79 006a 02       		.uleb128 0x2
  80 006b 01       		.byte	0x1
  81 006c 08       		.byte	0x8
  82 006d 99010000 		.4byte	.LASF10
  83 0071 04       		.uleb128 0x4
  84 0072 6A000000 		.4byte	0x6a
  85 0076 05       		.uleb128 0x5
  86 0077 04       		.byte	0x4
  87 0078 06       		.uleb128 0x6
  88 0079 86020000 		.4byte	.LASF11
  89 007d 01       		.byte	0x1
  90 007e 22       		.byte	0x22
  91 007f 83000000 		.4byte	0x83
  92 0083 07       		.uleb128 0x7
  93 0084 04       		.byte	0x4
  94 0085 89000000 		.4byte	0x89
  95 0089 08       		.uleb128 0x8
  96 008a AC030000 		.4byte	.LASF117
  97 008e 06       		.uleb128 0x6
  98 008f 94050000 		.4byte	.LASF12
  99 0093 02       		.byte	0x2
 100 0094 2C       		.byte	0x2c
 101 0095 39000000 		.4byte	0x39
 102 0099 06       		.uleb128 0x6
 103 009a 76000000 		.4byte	.LASF13
 104 009e 02       		.byte	0x2
 105 009f 72       		.byte	0x72
 106 00a0 39000000 		.4byte	0x39
 107 00a4 09       		.uleb128 0x9
 108 00a5 99030000 		.4byte	.LASF14
 109 00a9 03       		.byte	0x3
 110 00aa 6501     		.2byte	0x165
 111 00ac 5C000000 		.4byte	0x5c
 112 00b0 0A       		.uleb128 0xa
 113 00b1 04       		.byte	0x4
 114 00b2 02       		.byte	0x2
ARM GAS  /var/folders/d2/nstgp4h54kz7g1l847x_b8wc0000gn/T//ccFS0Y40.s 			page 3


 115 00b3 A6       		.byte	0xa6
 116 00b4 CF000000 		.4byte	0xcf
 117 00b8 0B       		.uleb128 0xb
 118 00b9 D3010000 		.4byte	.LASF15
 119 00bd 02       		.byte	0x2
 120 00be A8       		.byte	0xa8
 121 00bf A4000000 		.4byte	0xa4
 122 00c3 0B       		.uleb128 0xb
 123 00c4 12030000 		.4byte	.LASF16
 124 00c8 02       		.byte	0x2
 125 00c9 A9       		.byte	0xa9
 126 00ca CF000000 		.4byte	0xcf
 127 00ce 00       		.byte	0
 128 00cf 0C       		.uleb128 0xc
 129 00d0 24000000 		.4byte	0x24
 130 00d4 DF000000 		.4byte	0xdf
 131 00d8 0D       		.uleb128 0xd
 132 00d9 5C000000 		.4byte	0x5c
 133 00dd 03       		.byte	0x3
 134 00de 00       		.byte	0
 135 00df 0E       		.uleb128 0xe
 136 00e0 08       		.byte	0x8
 137 00e1 02       		.byte	0x2
 138 00e2 A3       		.byte	0xa3
 139 00e3 00010000 		.4byte	0x100
 140 00e7 0F       		.uleb128 0xf
 141 00e8 AF000000 		.4byte	.LASF17
 142 00ec 02       		.byte	0x2
 143 00ed A5       		.byte	0xa5
 144 00ee 55000000 		.4byte	0x55
 145 00f2 00       		.byte	0
 146 00f3 0F       		.uleb128 0xf
 147 00f4 6E010000 		.4byte	.LASF18
 148 00f8 02       		.byte	0x2
 149 00f9 AA       		.byte	0xaa
 150 00fa B0000000 		.4byte	0xb0
 151 00fe 04       		.byte	0x4
 152 00ff 00       		.byte	0
 153 0100 06       		.uleb128 0x6
 154 0101 52020000 		.4byte	.LASF19
 155 0105 02       		.byte	0x2
 156 0106 AB       		.byte	0xab
 157 0107 DF000000 		.4byte	0xdf
 158 010b 06       		.uleb128 0x6
 159 010c CA010000 		.4byte	.LASF20
 160 0110 02       		.byte	0x2
 161 0111 AF       		.byte	0xaf
 162 0112 78000000 		.4byte	0x78
 163 0116 06       		.uleb128 0x6
 164 0117 2B020000 		.4byte	.LASF21
 165 011b 04       		.byte	0x4
 166 011c 16       		.byte	0x16
 167 011d 40000000 		.4byte	0x40
 168 0121 10       		.uleb128 0x10
 169 0122 8B000000 		.4byte	.LASF26
 170 0126 18       		.byte	0x18
 171 0127 04       		.byte	0x4
ARM GAS  /var/folders/d2/nstgp4h54kz7g1l847x_b8wc0000gn/T//ccFS0Y40.s 			page 4


 172 0128 2F       		.byte	0x2f
 173 0129 74010000 		.4byte	0x174
 174 012d 0F       		.uleb128 0xf
 175 012e 57010000 		.4byte	.LASF22
 176 0132 04       		.byte	0x4
 177 0133 31       		.byte	0x31
 178 0134 74010000 		.4byte	0x174
 179 0138 00       		.byte	0
 180 0139 11       		.uleb128 0x11
 181 013a 5F6B00   		.ascii	"_k\000"
 182 013d 04       		.byte	0x4
 183 013e 32       		.byte	0x32
 184 013f 55000000 		.4byte	0x55
 185 0143 04       		.byte	0x4
 186 0144 0F       		.uleb128 0xf
 187 0145 5A030000 		.4byte	.LASF23
 188 0149 04       		.byte	0x4
 189 014a 32       		.byte	0x32
 190 014b 55000000 		.4byte	0x55
 191 014f 08       		.byte	0x8
 192 0150 0F       		.uleb128 0xf
 193 0151 06030000 		.4byte	.LASF24
 194 0155 04       		.byte	0x4
 195 0156 32       		.byte	0x32
 196 0157 55000000 		.4byte	0x55
 197 015b 0C       		.byte	0xc
 198 015c 0F       		.uleb128 0xf
 199 015d 11010000 		.4byte	.LASF25
 200 0161 04       		.byte	0x4
 201 0162 32       		.byte	0x32
 202 0163 55000000 		.4byte	0x55
 203 0167 10       		.byte	0x10
 204 0168 11       		.uleb128 0x11
 205 0169 5F7800   		.ascii	"_x\000"
 206 016c 04       		.byte	0x4
 207 016d 33       		.byte	0x33
 208 016e 7A010000 		.4byte	0x17a
 209 0172 14       		.byte	0x14
 210 0173 00       		.byte	0
 211 0174 07       		.uleb128 0x7
 212 0175 04       		.byte	0x4
 213 0176 21010000 		.4byte	0x121
 214 017a 0C       		.uleb128 0xc
 215 017b 16010000 		.4byte	0x116
 216 017f 8A010000 		.4byte	0x18a
 217 0183 0D       		.uleb128 0xd
 218 0184 5C000000 		.4byte	0x5c
 219 0188 00       		.byte	0
 220 0189 00       		.byte	0
 221 018a 10       		.uleb128 0x10
 222 018b 75030000 		.4byte	.LASF27
 223 018f 24       		.byte	0x24
 224 0190 04       		.byte	0x4
 225 0191 37       		.byte	0x37
 226 0192 03020000 		.4byte	0x203
 227 0196 0F       		.uleb128 0xf
 228 0197 30010000 		.4byte	.LASF28
ARM GAS  /var/folders/d2/nstgp4h54kz7g1l847x_b8wc0000gn/T//ccFS0Y40.s 			page 5


 229 019b 04       		.byte	0x4
 230 019c 39       		.byte	0x39
 231 019d 55000000 		.4byte	0x55
 232 01a1 00       		.byte	0
 233 01a2 0F       		.uleb128 0xf
 234 01a3 B7000000 		.4byte	.LASF29
 235 01a7 04       		.byte	0x4
 236 01a8 3A       		.byte	0x3a
 237 01a9 55000000 		.4byte	0x55
 238 01ad 04       		.byte	0x4
 239 01ae 0F       		.uleb128 0xf
 240 01af A5000000 		.4byte	.LASF30
 241 01b3 04       		.byte	0x4
 242 01b4 3B       		.byte	0x3b
 243 01b5 55000000 		.4byte	0x55
 244 01b9 08       		.byte	0x8
 245 01ba 0F       		.uleb128 0xf
 246 01bb 9E010000 		.4byte	.LASF31
 247 01bf 04       		.byte	0x4
 248 01c0 3C       		.byte	0x3c
 249 01c1 55000000 		.4byte	0x55
 250 01c5 0C       		.byte	0xc
 251 01c6 0F       		.uleb128 0xf
 252 01c7 71020000 		.4byte	.LASF32
 253 01cb 04       		.byte	0x4
 254 01cc 3D       		.byte	0x3d
 255 01cd 55000000 		.4byte	0x55
 256 01d1 10       		.byte	0x10
 257 01d2 0F       		.uleb128 0xf
 258 01d3 2C030000 		.4byte	.LASF33
 259 01d7 04       		.byte	0x4
 260 01d8 3E       		.byte	0x3e
 261 01d9 55000000 		.4byte	0x55
 262 01dd 14       		.byte	0x14
 263 01de 0F       		.uleb128 0xf
 264 01df 93000000 		.4byte	.LASF34
 265 01e3 04       		.byte	0x4
 266 01e4 3F       		.byte	0x3f
 267 01e5 55000000 		.4byte	0x55
 268 01e9 18       		.byte	0x18
 269 01ea 0F       		.uleb128 0xf
 270 01eb 43010000 		.4byte	.LASF35
 271 01ef 04       		.byte	0x4
 272 01f0 40       		.byte	0x40
 273 01f1 55000000 		.4byte	0x55
 274 01f5 1C       		.byte	0x1c
 275 01f6 0F       		.uleb128 0xf
 276 01f7 5D020000 		.4byte	.LASF36
 277 01fb 04       		.byte	0x4
 278 01fc 41       		.byte	0x41
 279 01fd 55000000 		.4byte	0x55
 280 0201 20       		.byte	0x20
 281 0202 00       		.byte	0
 282 0203 12       		.uleb128 0x12
 283 0204 00000000 		.4byte	.LASF37
 284 0208 0801     		.2byte	0x108
 285 020a 04       		.byte	0x4
ARM GAS  /var/folders/d2/nstgp4h54kz7g1l847x_b8wc0000gn/T//ccFS0Y40.s 			page 6


 286 020b 4A       		.byte	0x4a
 287 020c 43020000 		.4byte	0x243
 288 0210 0F       		.uleb128 0xf
 289 0211 57050000 		.4byte	.LASF38
 290 0215 04       		.byte	0x4
 291 0216 4B       		.byte	0x4b
 292 0217 43020000 		.4byte	0x243
 293 021b 00       		.byte	0
 294 021c 0F       		.uleb128 0xf
 295 021d A0030000 		.4byte	.LASF39
 296 0221 04       		.byte	0x4
 297 0222 4C       		.byte	0x4c
 298 0223 43020000 		.4byte	0x243
 299 0227 80       		.byte	0x80
 300 0228 13       		.uleb128 0x13
 301 0229 85050000 		.4byte	.LASF40
 302 022d 04       		.byte	0x4
 303 022e 4E       		.byte	0x4e
 304 022f 16010000 		.4byte	0x116
 305 0233 0001     		.2byte	0x100
 306 0235 13       		.uleb128 0x13
 307 0236 CF050000 		.4byte	.LASF41
 308 023a 04       		.byte	0x4
 309 023b 51       		.byte	0x51
 310 023c 16010000 		.4byte	0x116
 311 0240 0401     		.2byte	0x104
 312 0242 00       		.byte	0
 313 0243 0C       		.uleb128 0xc
 314 0244 76000000 		.4byte	0x76
 315 0248 53020000 		.4byte	0x253
 316 024c 0D       		.uleb128 0xd
 317 024d 5C000000 		.4byte	0x5c
 318 0251 1F       		.byte	0x1f
 319 0252 00       		.byte	0
 320 0253 12       		.uleb128 0x12
 321 0254 95020000 		.4byte	.LASF42
 322 0258 9001     		.2byte	0x190
 323 025a 04       		.byte	0x4
 324 025b 5D       		.byte	0x5d
 325 025c 91020000 		.4byte	0x291
 326 0260 0F       		.uleb128 0xf
 327 0261 57010000 		.4byte	.LASF22
 328 0265 04       		.byte	0x4
 329 0266 5E       		.byte	0x5e
 330 0267 91020000 		.4byte	0x291
 331 026b 00       		.byte	0
 332 026c 0F       		.uleb128 0xf
 333 026d 52010000 		.4byte	.LASF43
 334 0271 04       		.byte	0x4
 335 0272 5F       		.byte	0x5f
 336 0273 55000000 		.4byte	0x55
 337 0277 04       		.byte	0x4
 338 0278 0F       		.uleb128 0xf
 339 0279 7E000000 		.4byte	.LASF44
 340 027d 04       		.byte	0x4
 341 027e 61       		.byte	0x61
 342 027f 97020000 		.4byte	0x297
ARM GAS  /var/folders/d2/nstgp4h54kz7g1l847x_b8wc0000gn/T//ccFS0Y40.s 			page 7


 343 0283 08       		.byte	0x8
 344 0284 0F       		.uleb128 0xf
 345 0285 00000000 		.4byte	.LASF37
 346 0289 04       		.byte	0x4
 347 028a 62       		.byte	0x62
 348 028b 03020000 		.4byte	0x203
 349 028f 88       		.byte	0x88
 350 0290 00       		.byte	0
 351 0291 07       		.uleb128 0x7
 352 0292 04       		.byte	0x4
 353 0293 53020000 		.4byte	0x253
 354 0297 0C       		.uleb128 0xc
 355 0298 A7020000 		.4byte	0x2a7
 356 029c A7020000 		.4byte	0x2a7
 357 02a0 0D       		.uleb128 0xd
 358 02a1 5C000000 		.4byte	0x5c
 359 02a5 1F       		.byte	0x1f
 360 02a6 00       		.byte	0
 361 02a7 07       		.uleb128 0x7
 362 02a8 04       		.byte	0x4
 363 02a9 AD020000 		.4byte	0x2ad
 364 02ad 14       		.uleb128 0x14
 365 02ae 10       		.uleb128 0x10
 366 02af 1F050000 		.4byte	.LASF45
 367 02b3 08       		.byte	0x8
 368 02b4 04       		.byte	0x4
 369 02b5 75       		.byte	0x75
 370 02b6 D3020000 		.4byte	0x2d3
 371 02ba 0F       		.uleb128 0xf
 372 02bb 15020000 		.4byte	.LASF46
 373 02bf 04       		.byte	0x4
 374 02c0 76       		.byte	0x76
 375 02c1 D3020000 		.4byte	0x2d3
 376 02c5 00       		.byte	0
 377 02c6 0F       		.uleb128 0xf
 378 02c7 8E050000 		.4byte	.LASF47
 379 02cb 04       		.byte	0x4
 380 02cc 77       		.byte	0x77
 381 02cd 55000000 		.4byte	0x55
 382 02d1 04       		.byte	0x4
 383 02d2 00       		.byte	0
 384 02d3 07       		.uleb128 0x7
 385 02d4 04       		.byte	0x4
 386 02d5 24000000 		.4byte	0x24
 387 02d9 10       		.uleb128 0x10
 388 02da 09010000 		.4byte	.LASF48
 389 02de 68       		.byte	0x68
 390 02df 04       		.byte	0x4
 391 02e0 B5       		.byte	0xb5
 392 02e1 03040000 		.4byte	0x403
 393 02e5 11       		.uleb128 0x11
 394 02e6 5F7000   		.ascii	"_p\000"
 395 02e9 04       		.byte	0x4
 396 02ea B6       		.byte	0xb6
 397 02eb D3020000 		.4byte	0x2d3
 398 02ef 00       		.byte	0
 399 02f0 11       		.uleb128 0x11
ARM GAS  /var/folders/d2/nstgp4h54kz7g1l847x_b8wc0000gn/T//ccFS0Y40.s 			page 8


 400 02f1 5F7200   		.ascii	"_r\000"
 401 02f4 04       		.byte	0x4
 402 02f5 B7       		.byte	0xb7
 403 02f6 55000000 		.4byte	0x55
 404 02fa 04       		.byte	0x4
 405 02fb 11       		.uleb128 0x11
 406 02fc 5F7700   		.ascii	"_w\000"
 407 02ff 04       		.byte	0x4
 408 0300 B8       		.byte	0xb8
 409 0301 55000000 		.4byte	0x55
 410 0305 08       		.byte	0x8
 411 0306 0F       		.uleb128 0xf
 412 0307 43000000 		.4byte	.LASF49
 413 030b 04       		.byte	0x4
 414 030c B9       		.byte	0xb9
 415 030d 2B000000 		.4byte	0x2b
 416 0311 0C       		.byte	0xc
 417 0312 0F       		.uleb128 0xf
 418 0313 42020000 		.4byte	.LASF50
 419 0317 04       		.byte	0x4
 420 0318 BA       		.byte	0xba
 421 0319 2B000000 		.4byte	0x2b
 422 031d 0E       		.byte	0xe
 423 031e 11       		.uleb128 0x11
 424 031f 5F626600 		.ascii	"_bf\000"
 425 0323 04       		.byte	0x4
 426 0324 BB       		.byte	0xbb
 427 0325 AE020000 		.4byte	0x2ae
 428 0329 10       		.byte	0x10
 429 032a 0F       		.uleb128 0xf
 430 032b 3A000000 		.4byte	.LASF51
 431 032f 04       		.byte	0x4
 432 0330 BC       		.byte	0xbc
 433 0331 55000000 		.4byte	0x55
 434 0335 18       		.byte	0x18
 435 0336 0F       		.uleb128 0xf
 436 0337 83000000 		.4byte	.LASF52
 437 033b 04       		.byte	0x4
 438 033c C3       		.byte	0xc3
 439 033d 76000000 		.4byte	0x76
 440 0341 1C       		.byte	0x1c
 441 0342 0F       		.uleb128 0xf
 442 0343 5A000000 		.4byte	.LASF53
 443 0347 04       		.byte	0x4
 444 0348 C5       		.byte	0xc5
 445 0349 64050000 		.4byte	0x564
 446 034d 20       		.byte	0x20
 447 034e 0F       		.uleb128 0xf
 448 034f 8E020000 		.4byte	.LASF54
 449 0353 04       		.byte	0x4
 450 0354 C7       		.byte	0xc7
 451 0355 8E050000 		.4byte	0x58e
 452 0359 24       		.byte	0x24
 453 035a 0F       		.uleb128 0xf
 454 035b 4B060000 		.4byte	.LASF55
 455 035f 04       		.byte	0x4
 456 0360 CA       		.byte	0xca
ARM GAS  /var/folders/d2/nstgp4h54kz7g1l847x_b8wc0000gn/T//ccFS0Y40.s 			page 9


 457 0361 B2050000 		.4byte	0x5b2
 458 0365 28       		.byte	0x28
 459 0366 0F       		.uleb128 0xf
 460 0367 DF010000 		.4byte	.LASF56
 461 036b 04       		.byte	0x4
 462 036c CB       		.byte	0xcb
 463 036d CC050000 		.4byte	0x5cc
 464 0371 2C       		.byte	0x2c
 465 0372 11       		.uleb128 0x11
 466 0373 5F756200 		.ascii	"_ub\000"
 467 0377 04       		.byte	0x4
 468 0378 CE       		.byte	0xce
 469 0379 AE020000 		.4byte	0x2ae
 470 037d 30       		.byte	0x30
 471 037e 11       		.uleb128 0x11
 472 037f 5F757000 		.ascii	"_up\000"
 473 0383 04       		.byte	0x4
 474 0384 CF       		.byte	0xcf
 475 0385 D3020000 		.4byte	0x2d3
 476 0389 38       		.byte	0x38
 477 038a 11       		.uleb128 0x11
 478 038b 5F757200 		.ascii	"_ur\000"
 479 038f 04       		.byte	0x4
 480 0390 D0       		.byte	0xd0
 481 0391 55000000 		.4byte	0x55
 482 0395 3C       		.byte	0x3c
 483 0396 0F       		.uleb128 0xf
 484 0397 62060000 		.4byte	.LASF57
 485 039b 04       		.byte	0x4
 486 039c D3       		.byte	0xd3
 487 039d D2050000 		.4byte	0x5d2
 488 03a1 40       		.byte	0x40
 489 03a2 0F       		.uleb128 0xf
 490 03a3 9B050000 		.4byte	.LASF58
 491 03a7 04       		.byte	0x4
 492 03a8 D4       		.byte	0xd4
 493 03a9 E2050000 		.4byte	0x5e2
 494 03ad 43       		.byte	0x43
 495 03ae 11       		.uleb128 0x11
 496 03af 5F6C6200 		.ascii	"_lb\000"
 497 03b3 04       		.byte	0x4
 498 03b4 D7       		.byte	0xd7
 499 03b5 AE020000 		.4byte	0x2ae
 500 03b9 44       		.byte	0x44
 501 03ba 0F       		.uleb128 0xf
 502 03bb 6C030000 		.4byte	.LASF59
 503 03bf 04       		.byte	0x4
 504 03c0 DA       		.byte	0xda
 505 03c1 55000000 		.4byte	0x55
 506 03c5 4C       		.byte	0x4c
 507 03c6 0F       		.uleb128 0xf
 508 03c7 1D010000 		.4byte	.LASF60
 509 03cb 04       		.byte	0x4
 510 03cc DB       		.byte	0xdb
 511 03cd 8E000000 		.4byte	0x8e
 512 03d1 50       		.byte	0x50
 513 03d2 0F       		.uleb128 0xf
ARM GAS  /var/folders/d2/nstgp4h54kz7g1l847x_b8wc0000gn/T//ccFS0Y40.s 			page 10


 514 03d3 0C030000 		.4byte	.LASF61
 515 03d7 04       		.byte	0x4
 516 03d8 DE       		.byte	0xde
 517 03d9 21040000 		.4byte	0x421
 518 03dd 54       		.byte	0x54
 519 03de 0F       		.uleb128 0xf
 520 03df 7A030000 		.4byte	.LASF62
 521 03e3 04       		.byte	0x4
 522 03e4 E2       		.byte	0xe2
 523 03e5 0B010000 		.4byte	0x10b
 524 03e9 58       		.byte	0x58
 525 03ea 0F       		.uleb128 0xf
 526 03eb 51000000 		.4byte	.LASF63
 527 03ef 04       		.byte	0x4
 528 03f0 E4       		.byte	0xe4
 529 03f1 00010000 		.4byte	0x100
 530 03f5 5C       		.byte	0x5c
 531 03f6 0F       		.uleb128 0xf
 532 03f7 C7050000 		.4byte	.LASF64
 533 03fb 04       		.byte	0x4
 534 03fc E5       		.byte	0xe5
 535 03fd 55000000 		.4byte	0x55
 536 0401 64       		.byte	0x64
 537 0402 00       		.byte	0
 538 0403 15       		.uleb128 0x15
 539 0404 55000000 		.4byte	0x55
 540 0408 21040000 		.4byte	0x421
 541 040c 16       		.uleb128 0x16
 542 040d 21040000 		.4byte	0x421
 543 0411 16       		.uleb128 0x16
 544 0412 76000000 		.4byte	0x76
 545 0416 16       		.uleb128 0x16
 546 0417 5E050000 		.4byte	0x55e
 547 041b 16       		.uleb128 0x16
 548 041c 55000000 		.4byte	0x55
 549 0420 00       		.byte	0
 550 0421 07       		.uleb128 0x7
 551 0422 04       		.byte	0x4
 552 0423 2C040000 		.4byte	0x42c
 553 0427 04       		.uleb128 0x4
 554 0428 21040000 		.4byte	0x421
 555 042c 17       		.uleb128 0x17
 556 042d 6B050000 		.4byte	.LASF65
 557 0431 2804     		.2byte	0x428
 558 0433 04       		.byte	0x4
 559 0434 3902     		.2byte	0x239
 560 0436 5E050000 		.4byte	0x55e
 561 043a 18       		.uleb128 0x18
 562 043b 4A000000 		.4byte	.LASF66
 563 043f 04       		.byte	0x4
 564 0440 3B02     		.2byte	0x23b
 565 0442 55000000 		.4byte	0x55
 566 0446 00       		.byte	0
 567 0447 18       		.uleb128 0x18
 568 0448 F1010000 		.4byte	.LASF67
 569 044c 04       		.byte	0x4
 570 044d 4002     		.2byte	0x240
ARM GAS  /var/folders/d2/nstgp4h54kz7g1l847x_b8wc0000gn/T//ccFS0Y40.s 			page 11


 571 044f 39060000 		.4byte	0x639
 572 0453 04       		.byte	0x4
 573 0454 18       		.uleb128 0x18
 574 0455 6E000000 		.4byte	.LASF68
 575 0459 04       		.byte	0x4
 576 045a 4002     		.2byte	0x240
 577 045c 39060000 		.4byte	0x639
 578 0460 08       		.byte	0x8
 579 0461 18       		.uleb128 0x18
 580 0462 51060000 		.4byte	.LASF69
 581 0466 04       		.byte	0x4
 582 0467 4002     		.2byte	0x240
 583 0469 39060000 		.4byte	0x639
 584 046d 0C       		.byte	0xc
 585 046e 18       		.uleb128 0x18
 586 046f 4D010000 		.4byte	.LASF70
 587 0473 04       		.byte	0x4
 588 0474 4202     		.2byte	0x242
 589 0476 55000000 		.4byte	0x55
 590 047a 10       		.byte	0x10
 591 047b 18       		.uleb128 0x18
 592 047c 25010000 		.4byte	.LASF71
 593 0480 04       		.byte	0x4
 594 0481 4302     		.2byte	0x243
 595 0483 1B080000 		.4byte	0x81b
 596 0487 14       		.byte	0x14
 597 0488 18       		.uleb128 0x18
 598 0489 AE050000 		.4byte	.LASF72
 599 048d 04       		.byte	0x4
 600 048e 4602     		.2byte	0x246
 601 0490 55000000 		.4byte	0x55
 602 0494 30       		.byte	0x30
 603 0495 18       		.uleb128 0x18
 604 0496 4F050000 		.4byte	.LASF73
 605 049a 04       		.byte	0x4
 606 049b 4702     		.2byte	0x247
 607 049d 30080000 		.4byte	0x830
 608 04a1 34       		.byte	0x34
 609 04a2 18       		.uleb128 0x18
 610 04a3 E6010000 		.4byte	.LASF74
 611 04a7 04       		.byte	0x4
 612 04a8 4902     		.2byte	0x249
 613 04aa 55000000 		.4byte	0x55
 614 04ae 38       		.byte	0x38
 615 04af 18       		.uleb128 0x18
 616 04b0 48020000 		.4byte	.LASF75
 617 04b4 04       		.byte	0x4
 618 04b5 4B02     		.2byte	0x24b
 619 04b7 41080000 		.4byte	0x841
 620 04bb 3C       		.byte	0x3c
 621 04bc 18       		.uleb128 0x18
 622 04bd 9D000000 		.4byte	.LASF76
 623 04c1 04       		.byte	0x4
 624 04c2 4E02     		.2byte	0x24e
 625 04c4 74010000 		.4byte	0x174
 626 04c8 40       		.byte	0x40
 627 04c9 18       		.uleb128 0x18
ARM GAS  /var/folders/d2/nstgp4h54kz7g1l847x_b8wc0000gn/T//ccFS0Y40.s 			page 12


 628 04ca DB000000 		.4byte	.LASF77
 629 04ce 04       		.byte	0x4
 630 04cf 4F02     		.2byte	0x24f
 631 04d1 55000000 		.4byte	0x55
 632 04d5 44       		.byte	0x44
 633 04d6 18       		.uleb128 0x18
 634 04d7 76010000 		.4byte	.LASF78
 635 04db 04       		.byte	0x4
 636 04dc 5002     		.2byte	0x250
 637 04de 74010000 		.4byte	0x174
 638 04e2 48       		.byte	0x48
 639 04e3 18       		.uleb128 0x18
 640 04e4 1B020000 		.4byte	.LASF79
 641 04e8 04       		.byte	0x4
 642 04e9 5102     		.2byte	0x251
 643 04eb 47080000 		.4byte	0x847
 644 04ef 4C       		.byte	0x4c
 645 04f0 18       		.uleb128 0x18
 646 04f1 52030000 		.4byte	.LASF80
 647 04f5 04       		.byte	0x4
 648 04f6 5402     		.2byte	0x254
 649 04f8 55000000 		.4byte	0x55
 650 04fc 50       		.byte	0x50
 651 04fd 18       		.uleb128 0x18
 652 04fe F7040000 		.4byte	.LASF81
 653 0502 04       		.byte	0x4
 654 0503 5502     		.2byte	0x255
 655 0505 5E050000 		.4byte	0x55e
 656 0509 54       		.byte	0x54
 657 050a 18       		.uleb128 0x18
 658 050b 4D030000 		.4byte	.LASF82
 659 050f 04       		.byte	0x4
 660 0510 7802     		.2byte	0x278
 661 0512 F9070000 		.4byte	0x7f9
 662 0516 58       		.byte	0x58
 663 0517 19       		.uleb128 0x19
 664 0518 95020000 		.4byte	.LASF42
 665 051c 04       		.byte	0x4
 666 051d 7C02     		.2byte	0x27c
 667 051f 91020000 		.4byte	0x291
 668 0523 4801     		.2byte	0x148
 669 0525 19       		.uleb128 0x19
 670 0526 C1010000 		.4byte	.LASF83
 671 052a 04       		.byte	0x4
 672 052b 7D02     		.2byte	0x27d
 673 052d 53020000 		.4byte	0x253
 674 0531 4C01     		.2byte	0x14c
 675 0533 19       		.uleb128 0x19
 676 0534 A8010000 		.4byte	.LASF84
 677 0538 04       		.byte	0x4
 678 0539 8102     		.2byte	0x281
 679 053b 58080000 		.4byte	0x858
 680 053f DC02     		.2byte	0x2dc
 681 0541 19       		.uleb128 0x19
 682 0542 2C050000 		.4byte	.LASF85
 683 0546 04       		.byte	0x4
 684 0547 8602     		.2byte	0x286
ARM GAS  /var/folders/d2/nstgp4h54kz7g1l847x_b8wc0000gn/T//ccFS0Y40.s 			page 13


 685 0549 FE050000 		.4byte	0x5fe
 686 054d E002     		.2byte	0x2e0
 687 054f 19       		.uleb128 0x19
 688 0550 01030000 		.4byte	.LASF86
 689 0554 04       		.byte	0x4
 690 0555 8802     		.2byte	0x288
 691 0557 64080000 		.4byte	0x864
 692 055b EC02     		.2byte	0x2ec
 693 055d 00       		.byte	0
 694 055e 07       		.uleb128 0x7
 695 055f 04       		.byte	0x4
 696 0560 6A000000 		.4byte	0x6a
 697 0564 07       		.uleb128 0x7
 698 0565 04       		.byte	0x4
 699 0566 03040000 		.4byte	0x403
 700 056a 15       		.uleb128 0x15
 701 056b 55000000 		.4byte	0x55
 702 056f 88050000 		.4byte	0x588
 703 0573 16       		.uleb128 0x16
 704 0574 21040000 		.4byte	0x421
 705 0578 16       		.uleb128 0x16
 706 0579 76000000 		.4byte	0x76
 707 057d 16       		.uleb128 0x16
 708 057e 88050000 		.4byte	0x588
 709 0582 16       		.uleb128 0x16
 710 0583 55000000 		.4byte	0x55
 711 0587 00       		.byte	0
 712 0588 07       		.uleb128 0x7
 713 0589 04       		.byte	0x4
 714 058a 71000000 		.4byte	0x71
 715 058e 07       		.uleb128 0x7
 716 058f 04       		.byte	0x4
 717 0590 6A050000 		.4byte	0x56a
 718 0594 15       		.uleb128 0x15
 719 0595 99000000 		.4byte	0x99
 720 0599 B2050000 		.4byte	0x5b2
 721 059d 16       		.uleb128 0x16
 722 059e 21040000 		.4byte	0x421
 723 05a2 16       		.uleb128 0x16
 724 05a3 76000000 		.4byte	0x76
 725 05a7 16       		.uleb128 0x16
 726 05a8 99000000 		.4byte	0x99
 727 05ac 16       		.uleb128 0x16
 728 05ad 55000000 		.4byte	0x55
 729 05b1 00       		.byte	0
 730 05b2 07       		.uleb128 0x7
 731 05b3 04       		.byte	0x4
 732 05b4 94050000 		.4byte	0x594
 733 05b8 15       		.uleb128 0x15
 734 05b9 55000000 		.4byte	0x55
 735 05bd CC050000 		.4byte	0x5cc
 736 05c1 16       		.uleb128 0x16
 737 05c2 21040000 		.4byte	0x421
 738 05c6 16       		.uleb128 0x16
 739 05c7 76000000 		.4byte	0x76
 740 05cb 00       		.byte	0
 741 05cc 07       		.uleb128 0x7
ARM GAS  /var/folders/d2/nstgp4h54kz7g1l847x_b8wc0000gn/T//ccFS0Y40.s 			page 14


 742 05cd 04       		.byte	0x4
 743 05ce B8050000 		.4byte	0x5b8
 744 05d2 0C       		.uleb128 0xc
 745 05d3 24000000 		.4byte	0x24
 746 05d7 E2050000 		.4byte	0x5e2
 747 05db 0D       		.uleb128 0xd
 748 05dc 5C000000 		.4byte	0x5c
 749 05e0 02       		.byte	0x2
 750 05e1 00       		.byte	0
 751 05e2 0C       		.uleb128 0xc
 752 05e3 24000000 		.4byte	0x24
 753 05e7 F2050000 		.4byte	0x5f2
 754 05eb 0D       		.uleb128 0xd
 755 05ec 5C000000 		.4byte	0x5c
 756 05f0 00       		.byte	0
 757 05f1 00       		.byte	0
 758 05f2 09       		.uleb128 0x9
 759 05f3 16010000 		.4byte	.LASF87
 760 05f7 04       		.byte	0x4
 761 05f8 1F01     		.2byte	0x11f
 762 05fa D9020000 		.4byte	0x2d9
 763 05fe 1A       		.uleb128 0x1a
 764 05ff 26050000 		.4byte	.LASF88
 765 0603 0C       		.byte	0xc
 766 0604 04       		.byte	0x4
 767 0605 2301     		.2byte	0x123
 768 0607 33060000 		.4byte	0x633
 769 060b 18       		.uleb128 0x18
 770 060c 57010000 		.4byte	.LASF22
 771 0610 04       		.byte	0x4
 772 0611 2501     		.2byte	0x125
 773 0613 33060000 		.4byte	0x633
 774 0617 00       		.byte	0
 775 0618 18       		.uleb128 0x18
 776 0619 92030000 		.4byte	.LASF89
 777 061d 04       		.byte	0x4
 778 061e 2601     		.2byte	0x126
 779 0620 55000000 		.4byte	0x55
 780 0624 04       		.byte	0x4
 781 0625 18       		.uleb128 0x18
 782 0626 D9010000 		.4byte	.LASF90
 783 062a 04       		.byte	0x4
 784 062b 2701     		.2byte	0x127
 785 062d 39060000 		.4byte	0x639
 786 0631 08       		.byte	0x8
 787 0632 00       		.byte	0
 788 0633 07       		.uleb128 0x7
 789 0634 04       		.byte	0x4
 790 0635 FE050000 		.4byte	0x5fe
 791 0639 07       		.uleb128 0x7
 792 063a 04       		.byte	0x4
 793 063b F2050000 		.4byte	0x5f2
 794 063f 1A       		.uleb128 0x1a
 795 0640 D3000000 		.4byte	.LASF91
 796 0644 0E       		.byte	0xe
 797 0645 04       		.byte	0x4
 798 0646 3F01     		.2byte	0x13f
ARM GAS  /var/folders/d2/nstgp4h54kz7g1l847x_b8wc0000gn/T//ccFS0Y40.s 			page 15


 799 0648 74060000 		.4byte	0x674
 800 064c 18       		.uleb128 0x18
 801 064d 2F060000 		.4byte	.LASF92
 802 0651 04       		.byte	0x4
 803 0652 4001     		.2byte	0x140
 804 0654 74060000 		.4byte	0x674
 805 0658 00       		.byte	0
 806 0659 18       		.uleb128 0x18
 807 065a 25020000 		.4byte	.LASF93
 808 065e 04       		.byte	0x4
 809 065f 4101     		.2byte	0x141
 810 0661 74060000 		.4byte	0x674
 811 0665 06       		.byte	0x6
 812 0666 18       		.uleb128 0x18
 813 0667 1A050000 		.4byte	.LASF94
 814 066b 04       		.byte	0x4
 815 066c 4201     		.2byte	0x142
 816 066e 32000000 		.4byte	0x32
 817 0672 0C       		.byte	0xc
 818 0673 00       		.byte	0
 819 0674 0C       		.uleb128 0xc
 820 0675 32000000 		.4byte	0x32
 821 0679 84060000 		.4byte	0x684
 822 067d 0D       		.uleb128 0xd
 823 067e 5C000000 		.4byte	0x5c
 824 0682 02       		.byte	0x2
 825 0683 00       		.byte	0
 826 0684 1B       		.uleb128 0x1b
 827 0685 D0       		.byte	0xd0
 828 0686 04       		.byte	0x4
 829 0687 5902     		.2byte	0x259
 830 0689 85070000 		.4byte	0x785
 831 068d 18       		.uleb128 0x18
 832 068e A1050000 		.4byte	.LASF95
 833 0692 04       		.byte	0x4
 834 0693 5B02     		.2byte	0x25b
 835 0695 5C000000 		.4byte	0x5c
 836 0699 00       		.byte	0
 837 069a 18       		.uleb128 0x18
 838 069b 34050000 		.4byte	.LASF96
 839 069f 04       		.byte	0x4
 840 06a0 5C02     		.2byte	0x25c
 841 06a2 5E050000 		.4byte	0x55e
 842 06a6 04       		.byte	0x4
 843 06a7 18       		.uleb128 0x18
 844 06a8 FC000000 		.4byte	.LASF97
 845 06ac 04       		.byte	0x4
 846 06ad 5D02     		.2byte	0x25d
 847 06af 85070000 		.4byte	0x785
 848 06b3 08       		.byte	0x8
 849 06b4 18       		.uleb128 0x18
 850 06b5 36030000 		.4byte	.LASF98
 851 06b9 04       		.byte	0x4
 852 06ba 5E02     		.2byte	0x25e
 853 06bc 8A010000 		.4byte	0x18a
 854 06c0 24       		.byte	0x24
 855 06c1 18       		.uleb128 0x18
ARM GAS  /var/folders/d2/nstgp4h54kz7g1l847x_b8wc0000gn/T//ccFS0Y40.s 			page 16


 856 06c2 F8010000 		.4byte	.LASF99
 857 06c6 04       		.byte	0x4
 858 06c7 5F02     		.2byte	0x25f
 859 06c9 55000000 		.4byte	0x55
 860 06cd 48       		.byte	0x48
 861 06ce 18       		.uleb128 0x18
 862 06cf 35060000 		.4byte	.LASF100
 863 06d3 04       		.byte	0x4
 864 06d4 6002     		.2byte	0x260
 865 06d6 4E000000 		.4byte	0x4e
 866 06da 50       		.byte	0x50
 867 06db 18       		.uleb128 0x18
 868 06dc 1C000000 		.4byte	.LASF101
 869 06e0 04       		.byte	0x4
 870 06e1 6102     		.2byte	0x261
 871 06e3 3F060000 		.4byte	0x63f
 872 06e7 58       		.byte	0x58
 873 06e8 18       		.uleb128 0x18
 874 06e9 8C010000 		.4byte	.LASF102
 875 06ed 04       		.byte	0x4
 876 06ee 6202     		.2byte	0x262
 877 06f0 00010000 		.4byte	0x100
 878 06f4 68       		.byte	0x68
 879 06f5 18       		.uleb128 0x18
 880 06f6 41050000 		.4byte	.LASF103
 881 06fa 04       		.byte	0x4
 882 06fb 6302     		.2byte	0x263
 883 06fd 00010000 		.4byte	0x100
 884 0701 70       		.byte	0x70
 885 0702 18       		.uleb128 0x18
 886 0703 0E000000 		.4byte	.LASF104
 887 0707 04       		.byte	0x4
 888 0708 6402     		.2byte	0x264
 889 070a 00010000 		.4byte	0x100
 890 070e 78       		.byte	0x78
 891 070f 18       		.uleb128 0x18
 892 0710 62030000 		.4byte	.LASF105
 893 0714 04       		.byte	0x4
 894 0715 6502     		.2byte	0x265
 895 0717 95070000 		.4byte	0x795
 896 071b 80       		.byte	0x80
 897 071c 18       		.uleb128 0x18
 898 071d 21000000 		.4byte	.LASF106
 899 0721 04       		.byte	0x4
 900 0722 6602     		.2byte	0x266
 901 0724 A5070000 		.4byte	0x7a5
 902 0728 88       		.byte	0x88
 903 0729 18       		.uleb128 0x18
 904 072a 0D050000 		.4byte	.LASF107
 905 072e 04       		.byte	0x4
 906 072f 6702     		.2byte	0x267
 907 0731 55000000 		.4byte	0x55
 908 0735 A0       		.byte	0xa0
 909 0736 18       		.uleb128 0x18
 910 0737 60000000 		.4byte	.LASF108
 911 073b 04       		.byte	0x4
 912 073c 6802     		.2byte	0x268
ARM GAS  /var/folders/d2/nstgp4h54kz7g1l847x_b8wc0000gn/T//ccFS0Y40.s 			page 17


 913 073e 00010000 		.4byte	0x100
 914 0742 A4       		.byte	0xa4
 915 0743 18       		.uleb128 0x18
 916 0744 B2010000 		.4byte	.LASF109
 917 0748 04       		.byte	0x4
 918 0749 6902     		.2byte	0x269
 919 074b 00010000 		.4byte	0x100
 920 074f AC       		.byte	0xac
 921 0750 18       		.uleb128 0x18
 922 0751 5D010000 		.4byte	.LASF110
 923 0755 04       		.byte	0x4
 924 0756 6A02     		.2byte	0x26a
 925 0758 00010000 		.4byte	0x100
 926 075c B4       		.byte	0xb4
 927 075d 18       		.uleb128 0x18
 928 075e 33020000 		.4byte	.LASF111
 929 0762 04       		.byte	0x4
 930 0763 6B02     		.2byte	0x26b
 931 0765 00010000 		.4byte	0x100
 932 0769 BC       		.byte	0xbc
 933 076a 18       		.uleb128 0x18
 934 076b 7B010000 		.4byte	.LASF112
 935 076f 04       		.byte	0x4
 936 0770 6C02     		.2byte	0x26c
 937 0772 00010000 		.4byte	0x100
 938 0776 C4       		.byte	0xc4
 939 0777 18       		.uleb128 0x18
 940 0778 68020000 		.4byte	.LASF113
 941 077c 04       		.byte	0x4
 942 077d 6D02     		.2byte	0x26d
 943 077f 55000000 		.4byte	0x55
 944 0783 CC       		.byte	0xcc
 945 0784 00       		.byte	0
 946 0785 0C       		.uleb128 0xc
 947 0786 6A000000 		.4byte	0x6a
 948 078a 95070000 		.4byte	0x795
 949 078e 0D       		.uleb128 0xd
 950 078f 5C000000 		.4byte	0x5c
 951 0793 19       		.byte	0x19
 952 0794 00       		.byte	0
 953 0795 0C       		.uleb128 0xc
 954 0796 6A000000 		.4byte	0x6a
 955 079a A5070000 		.4byte	0x7a5
 956 079e 0D       		.uleb128 0xd
 957 079f 5C000000 		.4byte	0x5c
 958 07a3 07       		.byte	0x7
 959 07a4 00       		.byte	0
 960 07a5 0C       		.uleb128 0xc
 961 07a6 6A000000 		.4byte	0x6a
 962 07aa B5070000 		.4byte	0x7b5
 963 07ae 0D       		.uleb128 0xd
 964 07af 5C000000 		.4byte	0x5c
 965 07b3 17       		.byte	0x17
 966 07b4 00       		.byte	0
 967 07b5 1B       		.uleb128 0x1b
 968 07b6 F0       		.byte	0xf0
 969 07b7 04       		.byte	0x4
ARM GAS  /var/folders/d2/nstgp4h54kz7g1l847x_b8wc0000gn/T//ccFS0Y40.s 			page 18


 970 07b8 7202     		.2byte	0x272
 971 07ba D9070000 		.4byte	0x7d9
 972 07be 18       		.uleb128 0x18
 973 07bf CC000000 		.4byte	.LASF114
 974 07c3 04       		.byte	0x4
 975 07c4 7502     		.2byte	0x275
 976 07c6 D9070000 		.4byte	0x7d9
 977 07ca 00       		.byte	0
 978 07cb 18       		.uleb128 0x18
 979 07cc 59060000 		.4byte	.LASF115
 980 07d0 04       		.byte	0x4
 981 07d1 7602     		.2byte	0x276
 982 07d3 E9070000 		.4byte	0x7e9
 983 07d7 78       		.byte	0x78
 984 07d8 00       		.byte	0
 985 07d9 0C       		.uleb128 0xc
 986 07da D3020000 		.4byte	0x2d3
 987 07de E9070000 		.4byte	0x7e9
 988 07e2 0D       		.uleb128 0xd
 989 07e3 5C000000 		.4byte	0x5c
 990 07e7 1D       		.byte	0x1d
 991 07e8 00       		.byte	0
 992 07e9 0C       		.uleb128 0xc
 993 07ea 5C000000 		.4byte	0x5c
 994 07ee F9070000 		.4byte	0x7f9
 995 07f2 0D       		.uleb128 0xd
 996 07f3 5C000000 		.4byte	0x5c
 997 07f7 1D       		.byte	0x1d
 998 07f8 00       		.byte	0
 999 07f9 1C       		.uleb128 0x1c
 1000 07fa F0       		.byte	0xf0
 1001 07fb 04       		.byte	0x4
 1002 07fc 5702     		.2byte	0x257
 1003 07fe 1B080000 		.4byte	0x81b
 1004 0802 1D       		.uleb128 0x1d
 1005 0803 6B050000 		.4byte	.LASF65
 1006 0807 04       		.byte	0x4
 1007 0808 6E02     		.2byte	0x26e
 1008 080a 84060000 		.4byte	0x684
 1009 080e 1D       		.uleb128 0x1d
 1010 080f 45030000 		.4byte	.LASF116
 1011 0813 04       		.byte	0x4
 1012 0814 7702     		.2byte	0x277
 1013 0816 B5070000 		.4byte	0x7b5
 1014 081a 00       		.byte	0
 1015 081b 0C       		.uleb128 0xc
 1016 081c 6A000000 		.4byte	0x6a
 1017 0820 2B080000 		.4byte	0x82b
 1018 0824 0D       		.uleb128 0xd
 1019 0825 5C000000 		.4byte	0x5c
 1020 0829 18       		.byte	0x18
 1021 082a 00       		.byte	0
 1022 082b 08       		.uleb128 0x8
 1023 082c 40060000 		.4byte	.LASF118
 1024 0830 07       		.uleb128 0x7
 1025 0831 04       		.byte	0x4
 1026 0832 2B080000 		.4byte	0x82b
ARM GAS  /var/folders/d2/nstgp4h54kz7g1l847x_b8wc0000gn/T//ccFS0Y40.s 			page 19


 1027 0836 1E       		.uleb128 0x1e
 1028 0837 41080000 		.4byte	0x841
 1029 083b 16       		.uleb128 0x16
 1030 083c 21040000 		.4byte	0x421
 1031 0840 00       		.byte	0
 1032 0841 07       		.uleb128 0x7
 1033 0842 04       		.byte	0x4
 1034 0843 36080000 		.4byte	0x836
 1035 0847 07       		.uleb128 0x7
 1036 0848 04       		.byte	0x4
 1037 0849 74010000 		.4byte	0x174
 1038 084d 1E       		.uleb128 0x1e
 1039 084e 58080000 		.4byte	0x858
 1040 0852 16       		.uleb128 0x16
 1041 0853 55000000 		.4byte	0x55
 1042 0857 00       		.byte	0
 1043 0858 07       		.uleb128 0x7
 1044 0859 04       		.byte	0x4
 1045 085a 5E080000 		.4byte	0x85e
 1046 085e 07       		.uleb128 0x7
 1047 085f 04       		.byte	0x4
 1048 0860 4D080000 		.4byte	0x84d
 1049 0864 0C       		.uleb128 0xc
 1050 0865 F2050000 		.4byte	0x5f2
 1051 0869 74080000 		.4byte	0x874
 1052 086d 0D       		.uleb128 0xd
 1053 086e 5C000000 		.4byte	0x5c
 1054 0872 02       		.byte	0x2
 1055 0873 00       		.byte	0
 1056 0874 1F       		.uleb128 0x1f
 1057 0875 C0000000 		.4byte	.LASF119
 1058 0879 04       		.byte	0x4
 1059 087a 0703     		.2byte	0x307
 1060 087c 21040000 		.4byte	0x421
 1061 0880 1F       		.uleb128 0x1f
 1062 0881 19030000 		.4byte	.LASF120
 1063 0885 04       		.byte	0x4
 1064 0886 0803     		.2byte	0x308
 1065 0888 27040000 		.4byte	0x427
 1066 088c 20       		.uleb128 0x20
 1067 088d 39010000 		.4byte	.LASF121
 1068 0891 05       		.byte	0x5
 1069 0892 63       		.byte	0x63
 1070 0893 5E050000 		.4byte	0x55e
 1071 0897 00       		.byte	0
 1072              		.section	.debug_abbrev,"",%progbits
 1073              	.Ldebug_abbrev0:
 1074 0000 01       		.uleb128 0x1
 1075 0001 11       		.uleb128 0x11
 1076 0002 01       		.byte	0x1
 1077 0003 25       		.uleb128 0x25
 1078 0004 0E       		.uleb128 0xe
 1079 0005 13       		.uleb128 0x13
 1080 0006 0B       		.uleb128 0xb
 1081 0007 03       		.uleb128 0x3
 1082 0008 0E       		.uleb128 0xe
 1083 0009 1B       		.uleb128 0x1b
ARM GAS  /var/folders/d2/nstgp4h54kz7g1l847x_b8wc0000gn/T//ccFS0Y40.s 			page 20


 1084 000a 0E       		.uleb128 0xe
 1085 000b 10       		.uleb128 0x10
 1086 000c 17       		.uleb128 0x17
 1087 000d 00       		.byte	0
 1088 000e 00       		.byte	0
 1089 000f 02       		.uleb128 0x2
 1090 0010 24       		.uleb128 0x24
 1091 0011 00       		.byte	0
 1092 0012 0B       		.uleb128 0xb
 1093 0013 0B       		.uleb128 0xb
 1094 0014 3E       		.uleb128 0x3e
 1095 0015 0B       		.uleb128 0xb
 1096 0016 03       		.uleb128 0x3
 1097 0017 0E       		.uleb128 0xe
 1098 0018 00       		.byte	0
 1099 0019 00       		.byte	0
 1100 001a 03       		.uleb128 0x3
 1101 001b 24       		.uleb128 0x24
 1102 001c 00       		.byte	0
 1103 001d 0B       		.uleb128 0xb
 1104 001e 0B       		.uleb128 0xb
 1105 001f 3E       		.uleb128 0x3e
 1106 0020 0B       		.uleb128 0xb
 1107 0021 03       		.uleb128 0x3
 1108 0022 08       		.uleb128 0x8
 1109 0023 00       		.byte	0
 1110 0024 00       		.byte	0
 1111 0025 04       		.uleb128 0x4
 1112 0026 26       		.uleb128 0x26
 1113 0027 00       		.byte	0
 1114 0028 49       		.uleb128 0x49
 1115 0029 13       		.uleb128 0x13
 1116 002a 00       		.byte	0
 1117 002b 00       		.byte	0
 1118 002c 05       		.uleb128 0x5
 1119 002d 0F       		.uleb128 0xf
 1120 002e 00       		.byte	0
 1121 002f 0B       		.uleb128 0xb
 1122 0030 0B       		.uleb128 0xb
 1123 0031 00       		.byte	0
 1124 0032 00       		.byte	0
 1125 0033 06       		.uleb128 0x6
 1126 0034 16       		.uleb128 0x16
 1127 0035 00       		.byte	0
 1128 0036 03       		.uleb128 0x3
 1129 0037 0E       		.uleb128 0xe
 1130 0038 3A       		.uleb128 0x3a
 1131 0039 0B       		.uleb128 0xb
 1132 003a 3B       		.uleb128 0x3b
 1133 003b 0B       		.uleb128 0xb
 1134 003c 49       		.uleb128 0x49
 1135 003d 13       		.uleb128 0x13
 1136 003e 00       		.byte	0
 1137 003f 00       		.byte	0
 1138 0040 07       		.uleb128 0x7
 1139 0041 0F       		.uleb128 0xf
 1140 0042 00       		.byte	0
ARM GAS  /var/folders/d2/nstgp4h54kz7g1l847x_b8wc0000gn/T//ccFS0Y40.s 			page 21


 1141 0043 0B       		.uleb128 0xb
 1142 0044 0B       		.uleb128 0xb
 1143 0045 49       		.uleb128 0x49
 1144 0046 13       		.uleb128 0x13
 1145 0047 00       		.byte	0
 1146 0048 00       		.byte	0
 1147 0049 08       		.uleb128 0x8
 1148 004a 13       		.uleb128 0x13
 1149 004b 00       		.byte	0
 1150 004c 03       		.uleb128 0x3
 1151 004d 0E       		.uleb128 0xe
 1152 004e 3C       		.uleb128 0x3c
 1153 004f 19       		.uleb128 0x19
 1154 0050 00       		.byte	0
 1155 0051 00       		.byte	0
 1156 0052 09       		.uleb128 0x9
 1157 0053 16       		.uleb128 0x16
 1158 0054 00       		.byte	0
 1159 0055 03       		.uleb128 0x3
 1160 0056 0E       		.uleb128 0xe
 1161 0057 3A       		.uleb128 0x3a
 1162 0058 0B       		.uleb128 0xb
 1163 0059 3B       		.uleb128 0x3b
 1164 005a 05       		.uleb128 0x5
 1165 005b 49       		.uleb128 0x49
 1166 005c 13       		.uleb128 0x13
 1167 005d 00       		.byte	0
 1168 005e 00       		.byte	0
 1169 005f 0A       		.uleb128 0xa
 1170 0060 17       		.uleb128 0x17
 1171 0061 01       		.byte	0x1
 1172 0062 0B       		.uleb128 0xb
 1173 0063 0B       		.uleb128 0xb
 1174 0064 3A       		.uleb128 0x3a
 1175 0065 0B       		.uleb128 0xb
 1176 0066 3B       		.uleb128 0x3b
 1177 0067 0B       		.uleb128 0xb
 1178 0068 01       		.uleb128 0x1
 1179 0069 13       		.uleb128 0x13
 1180 006a 00       		.byte	0
 1181 006b 00       		.byte	0
 1182 006c 0B       		.uleb128 0xb
 1183 006d 0D       		.uleb128 0xd
 1184 006e 00       		.byte	0
 1185 006f 03       		.uleb128 0x3
 1186 0070 0E       		.uleb128 0xe
 1187 0071 3A       		.uleb128 0x3a
 1188 0072 0B       		.uleb128 0xb
 1189 0073 3B       		.uleb128 0x3b
 1190 0074 0B       		.uleb128 0xb
 1191 0075 49       		.uleb128 0x49
 1192 0076 13       		.uleb128 0x13
 1193 0077 00       		.byte	0
 1194 0078 00       		.byte	0
 1195 0079 0C       		.uleb128 0xc
 1196 007a 01       		.uleb128 0x1
 1197 007b 01       		.byte	0x1
ARM GAS  /var/folders/d2/nstgp4h54kz7g1l847x_b8wc0000gn/T//ccFS0Y40.s 			page 22


 1198 007c 49       		.uleb128 0x49
 1199 007d 13       		.uleb128 0x13
 1200 007e 01       		.uleb128 0x1
 1201 007f 13       		.uleb128 0x13
 1202 0080 00       		.byte	0
 1203 0081 00       		.byte	0
 1204 0082 0D       		.uleb128 0xd
 1205 0083 21       		.uleb128 0x21
 1206 0084 00       		.byte	0
 1207 0085 49       		.uleb128 0x49
 1208 0086 13       		.uleb128 0x13
 1209 0087 2F       		.uleb128 0x2f
 1210 0088 0B       		.uleb128 0xb
 1211 0089 00       		.byte	0
 1212 008a 00       		.byte	0
 1213 008b 0E       		.uleb128 0xe
 1214 008c 13       		.uleb128 0x13
 1215 008d 01       		.byte	0x1
 1216 008e 0B       		.uleb128 0xb
 1217 008f 0B       		.uleb128 0xb
 1218 0090 3A       		.uleb128 0x3a
 1219 0091 0B       		.uleb128 0xb
 1220 0092 3B       		.uleb128 0x3b
 1221 0093 0B       		.uleb128 0xb
 1222 0094 01       		.uleb128 0x1
 1223 0095 13       		.uleb128 0x13
 1224 0096 00       		.byte	0
 1225 0097 00       		.byte	0
 1226 0098 0F       		.uleb128 0xf
 1227 0099 0D       		.uleb128 0xd
 1228 009a 00       		.byte	0
 1229 009b 03       		.uleb128 0x3
 1230 009c 0E       		.uleb128 0xe
 1231 009d 3A       		.uleb128 0x3a
 1232 009e 0B       		.uleb128 0xb
 1233 009f 3B       		.uleb128 0x3b
 1234 00a0 0B       		.uleb128 0xb
 1235 00a1 49       		.uleb128 0x49
 1236 00a2 13       		.uleb128 0x13
 1237 00a3 38       		.uleb128 0x38
 1238 00a4 0B       		.uleb128 0xb
 1239 00a5 00       		.byte	0
 1240 00a6 00       		.byte	0
 1241 00a7 10       		.uleb128 0x10
 1242 00a8 13       		.uleb128 0x13
 1243 00a9 01       		.byte	0x1
 1244 00aa 03       		.uleb128 0x3
 1245 00ab 0E       		.uleb128 0xe
 1246 00ac 0B       		.uleb128 0xb
 1247 00ad 0B       		.uleb128 0xb
 1248 00ae 3A       		.uleb128 0x3a
 1249 00af 0B       		.uleb128 0xb
 1250 00b0 3B       		.uleb128 0x3b
 1251 00b1 0B       		.uleb128 0xb
 1252 00b2 01       		.uleb128 0x1
 1253 00b3 13       		.uleb128 0x13
 1254 00b4 00       		.byte	0
ARM GAS  /var/folders/d2/nstgp4h54kz7g1l847x_b8wc0000gn/T//ccFS0Y40.s 			page 23


 1255 00b5 00       		.byte	0
 1256 00b6 11       		.uleb128 0x11
 1257 00b7 0D       		.uleb128 0xd
 1258 00b8 00       		.byte	0
 1259 00b9 03       		.uleb128 0x3
 1260 00ba 08       		.uleb128 0x8
 1261 00bb 3A       		.uleb128 0x3a
 1262 00bc 0B       		.uleb128 0xb
 1263 00bd 3B       		.uleb128 0x3b
 1264 00be 0B       		.uleb128 0xb
 1265 00bf 49       		.uleb128 0x49
 1266 00c0 13       		.uleb128 0x13
 1267 00c1 38       		.uleb128 0x38
 1268 00c2 0B       		.uleb128 0xb
 1269 00c3 00       		.byte	0
 1270 00c4 00       		.byte	0
 1271 00c5 12       		.uleb128 0x12
 1272 00c6 13       		.uleb128 0x13
 1273 00c7 01       		.byte	0x1
 1274 00c8 03       		.uleb128 0x3
 1275 00c9 0E       		.uleb128 0xe
 1276 00ca 0B       		.uleb128 0xb
 1277 00cb 05       		.uleb128 0x5
 1278 00cc 3A       		.uleb128 0x3a
 1279 00cd 0B       		.uleb128 0xb
 1280 00ce 3B       		.uleb128 0x3b
 1281 00cf 0B       		.uleb128 0xb
 1282 00d0 01       		.uleb128 0x1
 1283 00d1 13       		.uleb128 0x13
 1284 00d2 00       		.byte	0
 1285 00d3 00       		.byte	0
 1286 00d4 13       		.uleb128 0x13
 1287 00d5 0D       		.uleb128 0xd
 1288 00d6 00       		.byte	0
 1289 00d7 03       		.uleb128 0x3
 1290 00d8 0E       		.uleb128 0xe
 1291 00d9 3A       		.uleb128 0x3a
 1292 00da 0B       		.uleb128 0xb
 1293 00db 3B       		.uleb128 0x3b
 1294 00dc 0B       		.uleb128 0xb
 1295 00dd 49       		.uleb128 0x49
 1296 00de 13       		.uleb128 0x13
 1297 00df 38       		.uleb128 0x38
 1298 00e0 05       		.uleb128 0x5
 1299 00e1 00       		.byte	0
 1300 00e2 00       		.byte	0
 1301 00e3 14       		.uleb128 0x14
 1302 00e4 15       		.uleb128 0x15
 1303 00e5 00       		.byte	0
 1304 00e6 27       		.uleb128 0x27
 1305 00e7 19       		.uleb128 0x19
 1306 00e8 00       		.byte	0
 1307 00e9 00       		.byte	0
 1308 00ea 15       		.uleb128 0x15
 1309 00eb 15       		.uleb128 0x15
 1310 00ec 01       		.byte	0x1
 1311 00ed 27       		.uleb128 0x27
ARM GAS  /var/folders/d2/nstgp4h54kz7g1l847x_b8wc0000gn/T//ccFS0Y40.s 			page 24


 1312 00ee 19       		.uleb128 0x19
 1313 00ef 49       		.uleb128 0x49
 1314 00f0 13       		.uleb128 0x13
 1315 00f1 01       		.uleb128 0x1
 1316 00f2 13       		.uleb128 0x13
 1317 00f3 00       		.byte	0
 1318 00f4 00       		.byte	0
 1319 00f5 16       		.uleb128 0x16
 1320 00f6 05       		.uleb128 0x5
 1321 00f7 00       		.byte	0
 1322 00f8 49       		.uleb128 0x49
 1323 00f9 13       		.uleb128 0x13
 1324 00fa 00       		.byte	0
 1325 00fb 00       		.byte	0
 1326 00fc 17       		.uleb128 0x17
 1327 00fd 13       		.uleb128 0x13
 1328 00fe 01       		.byte	0x1
 1329 00ff 03       		.uleb128 0x3
 1330 0100 0E       		.uleb128 0xe
 1331 0101 0B       		.uleb128 0xb
 1332 0102 05       		.uleb128 0x5
 1333 0103 3A       		.uleb128 0x3a
 1334 0104 0B       		.uleb128 0xb
 1335 0105 3B       		.uleb128 0x3b
 1336 0106 05       		.uleb128 0x5
 1337 0107 01       		.uleb128 0x1
 1338 0108 13       		.uleb128 0x13
 1339 0109 00       		.byte	0
 1340 010a 00       		.byte	0
 1341 010b 18       		.uleb128 0x18
 1342 010c 0D       		.uleb128 0xd
 1343 010d 00       		.byte	0
 1344 010e 03       		.uleb128 0x3
 1345 010f 0E       		.uleb128 0xe
 1346 0110 3A       		.uleb128 0x3a
 1347 0111 0B       		.uleb128 0xb
 1348 0112 3B       		.uleb128 0x3b
 1349 0113 05       		.uleb128 0x5
 1350 0114 49       		.uleb128 0x49
 1351 0115 13       		.uleb128 0x13
 1352 0116 38       		.uleb128 0x38
 1353 0117 0B       		.uleb128 0xb
 1354 0118 00       		.byte	0
 1355 0119 00       		.byte	0
 1356 011a 19       		.uleb128 0x19
 1357 011b 0D       		.uleb128 0xd
 1358 011c 00       		.byte	0
 1359 011d 03       		.uleb128 0x3
 1360 011e 0E       		.uleb128 0xe
 1361 011f 3A       		.uleb128 0x3a
 1362 0120 0B       		.uleb128 0xb
 1363 0121 3B       		.uleb128 0x3b
 1364 0122 05       		.uleb128 0x5
 1365 0123 49       		.uleb128 0x49
 1366 0124 13       		.uleb128 0x13
 1367 0125 38       		.uleb128 0x38
 1368 0126 05       		.uleb128 0x5
ARM GAS  /var/folders/d2/nstgp4h54kz7g1l847x_b8wc0000gn/T//ccFS0Y40.s 			page 25


 1369 0127 00       		.byte	0
 1370 0128 00       		.byte	0
 1371 0129 1A       		.uleb128 0x1a
 1372 012a 13       		.uleb128 0x13
 1373 012b 01       		.byte	0x1
 1374 012c 03       		.uleb128 0x3
 1375 012d 0E       		.uleb128 0xe
 1376 012e 0B       		.uleb128 0xb
 1377 012f 0B       		.uleb128 0xb
 1378 0130 3A       		.uleb128 0x3a
 1379 0131 0B       		.uleb128 0xb
 1380 0132 3B       		.uleb128 0x3b
 1381 0133 05       		.uleb128 0x5
 1382 0134 01       		.uleb128 0x1
 1383 0135 13       		.uleb128 0x13
 1384 0136 00       		.byte	0
 1385 0137 00       		.byte	0
 1386 0138 1B       		.uleb128 0x1b
 1387 0139 13       		.uleb128 0x13
 1388 013a 01       		.byte	0x1
 1389 013b 0B       		.uleb128 0xb
 1390 013c 0B       		.uleb128 0xb
 1391 013d 3A       		.uleb128 0x3a
 1392 013e 0B       		.uleb128 0xb
 1393 013f 3B       		.uleb128 0x3b
 1394 0140 05       		.uleb128 0x5
 1395 0141 01       		.uleb128 0x1
 1396 0142 13       		.uleb128 0x13
 1397 0143 00       		.byte	0
 1398 0144 00       		.byte	0
 1399 0145 1C       		.uleb128 0x1c
 1400 0146 17       		.uleb128 0x17
 1401 0147 01       		.byte	0x1
 1402 0148 0B       		.uleb128 0xb
 1403 0149 0B       		.uleb128 0xb
 1404 014a 3A       		.uleb128 0x3a
 1405 014b 0B       		.uleb128 0xb
 1406 014c 3B       		.uleb128 0x3b
 1407 014d 05       		.uleb128 0x5
 1408 014e 01       		.uleb128 0x1
 1409 014f 13       		.uleb128 0x13
 1410 0150 00       		.byte	0
 1411 0151 00       		.byte	0
 1412 0152 1D       		.uleb128 0x1d
 1413 0153 0D       		.uleb128 0xd
 1414 0154 00       		.byte	0
 1415 0155 03       		.uleb128 0x3
 1416 0156 0E       		.uleb128 0xe
 1417 0157 3A       		.uleb128 0x3a
 1418 0158 0B       		.uleb128 0xb
 1419 0159 3B       		.uleb128 0x3b
 1420 015a 05       		.uleb128 0x5
 1421 015b 49       		.uleb128 0x49
 1422 015c 13       		.uleb128 0x13
 1423 015d 00       		.byte	0
 1424 015e 00       		.byte	0
 1425 015f 1E       		.uleb128 0x1e
ARM GAS  /var/folders/d2/nstgp4h54kz7g1l847x_b8wc0000gn/T//ccFS0Y40.s 			page 26


 1426 0160 15       		.uleb128 0x15
 1427 0161 01       		.byte	0x1
 1428 0162 27       		.uleb128 0x27
 1429 0163 19       		.uleb128 0x19
 1430 0164 01       		.uleb128 0x1
 1431 0165 13       		.uleb128 0x13
 1432 0166 00       		.byte	0
 1433 0167 00       		.byte	0
 1434 0168 1F       		.uleb128 0x1f
 1435 0169 34       		.uleb128 0x34
 1436 016a 00       		.byte	0
 1437 016b 03       		.uleb128 0x3
 1438 016c 0E       		.uleb128 0xe
 1439 016d 3A       		.uleb128 0x3a
 1440 016e 0B       		.uleb128 0xb
 1441 016f 3B       		.uleb128 0x3b
 1442 0170 05       		.uleb128 0x5
 1443 0171 49       		.uleb128 0x49
 1444 0172 13       		.uleb128 0x13
 1445 0173 3F       		.uleb128 0x3f
 1446 0174 19       		.uleb128 0x19
 1447 0175 3C       		.uleb128 0x3c
 1448 0176 19       		.uleb128 0x19
 1449 0177 00       		.byte	0
 1450 0178 00       		.byte	0
 1451 0179 20       		.uleb128 0x20
 1452 017a 34       		.uleb128 0x34
 1453 017b 00       		.byte	0
 1454 017c 03       		.uleb128 0x3
 1455 017d 0E       		.uleb128 0xe
 1456 017e 3A       		.uleb128 0x3a
 1457 017f 0B       		.uleb128 0xb
 1458 0180 3B       		.uleb128 0x3b
 1459 0181 0B       		.uleb128 0xb
 1460 0182 49       		.uleb128 0x49
 1461 0183 13       		.uleb128 0x13
 1462 0184 3F       		.uleb128 0x3f
 1463 0185 19       		.uleb128 0x19
 1464 0186 3C       		.uleb128 0x3c
 1465 0187 19       		.uleb128 0x19
 1466 0188 00       		.byte	0
 1467 0189 00       		.byte	0
 1468 018a 00       		.byte	0
 1469              		.section	.debug_aranges,"",%progbits
 1470 0000 14000000 		.4byte	0x14
 1471 0004 0200     		.2byte	0x2
 1472 0006 00000000 		.4byte	.Ldebug_info0
 1473 000a 04       		.byte	0x4
 1474 000b 00       		.byte	0
 1475 000c 0000     		.2byte	0
 1476 000e 0000     		.2byte	0
 1477 0010 00000000 		.4byte	0
 1478 0014 00000000 		.4byte	0
 1479              		.section	.debug_line,"",%progbits
 1480              	.Ldebug_line0:
 1481 0000 CF010000 		.section	.debug_str,"MS",%progbits,1
 1481      0200C901 
ARM GAS  /var/folders/d2/nstgp4h54kz7g1l847x_b8wc0000gn/T//ccFS0Y40.s 			page 27


 1481      00000201 
 1481      FB0E0D00 
 1481      01010101 
 1482              	.LASF37:
 1483 0000 5F6F6E5F 		.ascii	"_on_exit_args\000"
 1483      65786974 
 1483      5F617267 
 1483      7300
 1484              	.LASF104:
 1485 000e 5F776374 		.ascii	"_wctomb_state\000"
 1485      6F6D625F 
 1485      73746174 
 1485      6500
 1486              	.LASF101:
 1487 001c 5F723438 		.ascii	"_r48\000"
 1487      00
 1488              	.LASF106:
 1489 0021 5F736967 		.ascii	"_signal_buf\000"
 1489      6E616C5F 
 1489      62756600 
 1490              	.LASF8:
 1491 002d 756E7369 		.ascii	"unsigned int\000"
 1491      676E6564 
 1491      20696E74 
 1491      00
 1492              	.LASF51:
 1493 003a 5F6C6266 		.ascii	"_lbfsize\000"
 1493      73697A65 
 1493      00
 1494              	.LASF49:
 1495 0043 5F666C61 		.ascii	"_flags\000"
 1495      677300
 1496              	.LASF66:
 1497 004a 5F657272 		.ascii	"_errno\000"
 1497      6E6F00
 1498              	.LASF63:
 1499 0051 5F6D6273 		.ascii	"_mbstate\000"
 1499      74617465 
 1499      00
 1500              	.LASF53:
 1501 005a 5F726561 		.ascii	"_read\000"
 1501      6400
 1502              	.LASF108:
 1503 0060 5F6D6272 		.ascii	"_mbrlen_state\000"
 1503      6C656E5F 
 1503      73746174 
 1503      6500
 1504              	.LASF68:
 1505 006e 5F737464 		.ascii	"_stdout\000"
 1505      6F757400 
 1506              	.LASF13:
 1507 0076 5F66706F 		.ascii	"_fpos_t\000"
 1507      735F7400 
 1508              	.LASF44:
 1509 007e 5F666E73 		.ascii	"_fns\000"
 1509      00
 1510              	.LASF52:
ARM GAS  /var/folders/d2/nstgp4h54kz7g1l847x_b8wc0000gn/T//ccFS0Y40.s 			page 28


 1511 0083 5F636F6F 		.ascii	"_cookie\000"
 1511      6B696500 
 1512              	.LASF26:
 1513 008b 5F426967 		.ascii	"_Bigint\000"
 1513      696E7400 
 1514              	.LASF34:
 1515 0093 5F5F746D 		.ascii	"__tm_wday\000"
 1515      5F776461 
 1515      7900
 1516              	.LASF76:
 1517 009d 5F726573 		.ascii	"_result\000"
 1517      756C7400 
 1518              	.LASF30:
 1519 00a5 5F5F746D 		.ascii	"__tm_hour\000"
 1519      5F686F75 
 1519      7200
 1520              	.LASF17:
 1521 00af 5F5F636F 		.ascii	"__count\000"
 1521      756E7400 
 1522              	.LASF29:
 1523 00b7 5F5F746D 		.ascii	"__tm_min\000"
 1523      5F6D696E 
 1523      00
 1524              	.LASF119:
 1525 00c0 5F696D70 		.ascii	"_impure_ptr\000"
 1525      7572655F 
 1525      70747200 
 1526              	.LASF114:
 1527 00cc 5F6E6578 		.ascii	"_nextf\000"
 1527      746600
 1528              	.LASF91:
 1529 00d3 5F72616E 		.ascii	"_rand48\000"
 1529      64343800 
 1530              	.LASF77:
 1531 00db 5F726573 		.ascii	"_result_k\000"
 1531      756C745F 
 1531      6B00
 1532              	.LASF7:
 1533 00e5 6C6F6E67 		.ascii	"long long unsigned int\000"
 1533      206C6F6E 
 1533      6720756E 
 1533      7369676E 
 1533      65642069 
 1534              	.LASF97:
 1535 00fc 5F617363 		.ascii	"_asctime_buf\000"
 1535      74696D65 
 1535      5F627566 
 1535      00
 1536              	.LASF48:
 1537 0109 5F5F7346 		.ascii	"__sFILE\000"
 1537      494C4500 
 1538              	.LASF25:
 1539 0111 5F776473 		.ascii	"_wds\000"
 1539      00
 1540              	.LASF87:
 1541 0116 5F5F4649 		.ascii	"__FILE\000"
 1541      4C4500
ARM GAS  /var/folders/d2/nstgp4h54kz7g1l847x_b8wc0000gn/T//ccFS0Y40.s 			page 29


 1542              	.LASF60:
 1543 011d 5F6F6666 		.ascii	"_offset\000"
 1543      73657400 
 1544              	.LASF71:
 1545 0125 5F656D65 		.ascii	"_emergency\000"
 1545      7267656E 
 1545      637900
 1546              	.LASF28:
 1547 0130 5F5F746D 		.ascii	"__tm_sec\000"
 1547      5F736563 
 1547      00
 1548              	.LASF121:
 1549 0139 7375626F 		.ascii	"suboptarg\000"
 1549      70746172 
 1549      6700
 1550              	.LASF35:
 1551 0143 5F5F746D 		.ascii	"__tm_yday\000"
 1551      5F796461 
 1551      7900
 1552              	.LASF70:
 1553 014d 5F696E63 		.ascii	"_inc\000"
 1553      00
 1554              	.LASF43:
 1555 0152 5F696E64 		.ascii	"_ind\000"
 1555      00
 1556              	.LASF22:
 1557 0157 5F6E6578 		.ascii	"_next\000"
 1557      7400
 1558              	.LASF110:
 1559 015d 5F6D6273 		.ascii	"_mbsrtowcs_state\000"
 1559      72746F77 
 1559      63735F73 
 1559      74617465 
 1559      00
 1560              	.LASF18:
 1561 016e 5F5F7661 		.ascii	"__value\000"
 1561      6C756500 
 1562              	.LASF78:
 1563 0176 5F703573 		.ascii	"_p5s\000"
 1563      00
 1564              	.LASF112:
 1565 017b 5F776373 		.ascii	"_wcsrtombs_state\000"
 1565      72746F6D 
 1565      62735F73 
 1565      74617465 
 1565      00
 1566              	.LASF102:
 1567 018c 5F6D626C 		.ascii	"_mblen_state\000"
 1567      656E5F73 
 1567      74617465 
 1567      00
 1568              	.LASF10:
 1569 0199 63686172 		.ascii	"char\000"
 1569      00
 1570              	.LASF31:
 1571 019e 5F5F746D 		.ascii	"__tm_mday\000"
 1571      5F6D6461 
ARM GAS  /var/folders/d2/nstgp4h54kz7g1l847x_b8wc0000gn/T//ccFS0Y40.s 			page 30


 1571      7900
 1572              	.LASF84:
 1573 01a8 5F736967 		.ascii	"_sig_func\000"
 1573      5F66756E 
 1573      6300
 1574              	.LASF109:
 1575 01b2 5F6D6272 		.ascii	"_mbrtowc_state\000"
 1575      746F7763 
 1575      5F737461 
 1575      746500
 1576              	.LASF83:
 1577 01c1 5F617465 		.ascii	"_atexit0\000"
 1577      78697430 
 1577      00
 1578              	.LASF20:
 1579 01ca 5F666C6F 		.ascii	"_flock_t\000"
 1579      636B5F74 
 1579      00
 1580              	.LASF15:
 1581 01d3 5F5F7763 		.ascii	"__wch\000"
 1581      6800
 1582              	.LASF90:
 1583 01d9 5F696F62 		.ascii	"_iobs\000"
 1583      7300
 1584              	.LASF56:
 1585 01df 5F636C6F 		.ascii	"_close\000"
 1585      736500
 1586              	.LASF74:
 1587 01e6 5F5F7364 		.ascii	"__sdidinit\000"
 1587      6964696E 
 1587      697400
 1588              	.LASF67:
 1589 01f1 5F737464 		.ascii	"_stdin\000"
 1589      696E00
 1590              	.LASF99:
 1591 01f8 5F67616D 		.ascii	"_gamma_signgam\000"
 1591      6D615F73 
 1591      69676E67 
 1591      616D00
 1592              	.LASF6:
 1593 0207 6C6F6E67 		.ascii	"long long int\000"
 1593      206C6F6E 
 1593      6720696E 
 1593      7400
 1594              	.LASF46:
 1595 0215 5F626173 		.ascii	"_base\000"
 1595      6500
 1596              	.LASF79:
 1597 021b 5F667265 		.ascii	"_freelist\000"
 1597      656C6973 
 1597      7400
 1598              	.LASF93:
 1599 0225 5F6D756C 		.ascii	"_mult\000"
 1599      7400
 1600              	.LASF21:
 1601 022b 5F5F554C 		.ascii	"__ULong\000"
 1601      6F6E6700 
ARM GAS  /var/folders/d2/nstgp4h54kz7g1l847x_b8wc0000gn/T//ccFS0Y40.s 			page 31


 1602              	.LASF111:
 1603 0233 5F776372 		.ascii	"_wcrtomb_state\000"
 1603      746F6D62 
 1603      5F737461 
 1603      746500
 1604              	.LASF50:
 1605 0242 5F66696C 		.ascii	"_file\000"
 1605      6500
 1606              	.LASF75:
 1607 0248 5F5F636C 		.ascii	"__cleanup\000"
 1607      65616E75 
 1607      7000
 1608              	.LASF19:
 1609 0252 5F6D6273 		.ascii	"_mbstate_t\000"
 1609      74617465 
 1609      5F7400
 1610              	.LASF36:
 1611 025d 5F5F746D 		.ascii	"__tm_isdst\000"
 1611      5F697364 
 1611      737400
 1612              	.LASF113:
 1613 0268 5F685F65 		.ascii	"_h_errno\000"
 1613      72726E6F 
 1613      00
 1614              	.LASF32:
 1615 0271 5F5F746D 		.ascii	"__tm_mon\000"
 1615      5F6D6F6E 
 1615      00
 1616              	.LASF9:
 1617 027a 6C6F6E67 		.ascii	"long double\000"
 1617      20646F75 
 1617      626C6500 
 1618              	.LASF11:
 1619 0286 5F4C4F43 		.ascii	"_LOCK_T\000"
 1619      4B5F5400 
 1620              	.LASF54:
 1621 028e 5F777269 		.ascii	"_write\000"
 1621      746500
 1622              	.LASF42:
 1623 0295 5F617465 		.ascii	"_atexit\000"
 1623      78697400 
 1624              	.LASF123:
 1625 029d 2E2E2F65 		.ascii	"../e-puck2_main-processor/src/sensors/VL53L0X/Api/c"
 1625      2D707563 
 1625      6B325F6D 
 1625      61696E2D 
 1625      70726F63 
 1626 02d0 6F72652F 		.ascii	"ore/src/vl53l0x_api_ranging.c\000"
 1626      7372632F 
 1626      766C3533 
 1626      6C30785F 
 1626      6170695F 
 1627              	.LASF2:
 1628 02ee 73686F72 		.ascii	"short int\000"
 1628      7420696E 
 1628      7400
 1629              	.LASF4:
ARM GAS  /var/folders/d2/nstgp4h54kz7g1l847x_b8wc0000gn/T//ccFS0Y40.s 			page 32


 1630 02f8 6C6F6E67 		.ascii	"long int\000"
 1630      20696E74 
 1630      00
 1631              	.LASF86:
 1632 0301 5F5F7366 		.ascii	"__sf\000"
 1632      00
 1633              	.LASF24:
 1634 0306 5F736967 		.ascii	"_sign\000"
 1634      6E00
 1635              	.LASF61:
 1636 030c 5F646174 		.ascii	"_data\000"
 1636      6100
 1637              	.LASF16:
 1638 0312 5F5F7763 		.ascii	"__wchb\000"
 1638      686200
 1639              	.LASF120:
 1640 0319 5F676C6F 		.ascii	"_global_impure_ptr\000"
 1640      62616C5F 
 1640      696D7075 
 1640      72655F70 
 1640      747200
 1641              	.LASF33:
 1642 032c 5F5F746D 		.ascii	"__tm_year\000"
 1642      5F796561 
 1642      7200
 1643              	.LASF98:
 1644 0336 5F6C6F63 		.ascii	"_localtime_buf\000"
 1644      616C7469 
 1644      6D655F62 
 1644      756600
 1645              	.LASF116:
 1646 0345 5F756E75 		.ascii	"_unused\000"
 1646      73656400 
 1647              	.LASF82:
 1648 034d 5F6E6577 		.ascii	"_new\000"
 1648      00
 1649              	.LASF80:
 1650 0352 5F637674 		.ascii	"_cvtlen\000"
 1650      6C656E00 
 1651              	.LASF23:
 1652 035a 5F6D6178 		.ascii	"_maxwds\000"
 1652      77647300 
 1653              	.LASF105:
 1654 0362 5F6C3634 		.ascii	"_l64a_buf\000"
 1654      615F6275 
 1654      6600
 1655              	.LASF59:
 1656 036c 5F626C6B 		.ascii	"_blksize\000"
 1656      73697A65 
 1656      00
 1657              	.LASF27:
 1658 0375 5F5F746D 		.ascii	"__tm\000"
 1658      00
 1659              	.LASF62:
 1660 037a 5F6C6F63 		.ascii	"_lock\000"
 1660      6B00
 1661              	.LASF5:
ARM GAS  /var/folders/d2/nstgp4h54kz7g1l847x_b8wc0000gn/T//ccFS0Y40.s 			page 33


 1662 0380 6C6F6E67 		.ascii	"long unsigned int\000"
 1662      20756E73 
 1662      69676E65 
 1662      6420696E 
 1662      7400
 1663              	.LASF89:
 1664 0392 5F6E696F 		.ascii	"_niobs\000"
 1664      627300
 1665              	.LASF14:
 1666 0399 77696E74 		.ascii	"wint_t\000"
 1666      5F7400
 1667              	.LASF39:
 1668 03a0 5F64736F 		.ascii	"_dso_handle\000"
 1668      5F68616E 
 1668      646C6500 
 1669              	.LASF117:
 1670 03ac 5F5F6C6F 		.ascii	"__lock\000"
 1670      636B00
 1671              	.LASF122:
 1672 03b3 474E5520 		.ascii	"GNU C11 7.2.1 20170904 (release) [ARM/embedded-7-br"
 1672      43313120 
 1672      372E322E 
 1672      31203230 
 1672      31373039 
 1673 03e6 616E6368 		.ascii	"anch revision 255204] -mcpu=cortex-m4 -mfloat-abi=h"
 1673      20726576 
 1673      6973696F 
 1673      6E203235 
 1673      35323034 
 1674 0419 61726420 		.ascii	"ard -mfpu=fpv4-sp-d16 -mno-thumb-interwork -mthumb "
 1674      2D6D6670 
 1674      753D6670 
 1674      76342D73 
 1674      702D6431 
 1675 044c 2D676764 		.ascii	"-ggdb -O2 -fomit-frame-pointer -falign-functions=16"
 1675      62202D4F 
 1675      32202D66 
 1675      6F6D6974 
 1675      2D667261 
 1676 047f 202D666E 		.ascii	" -fno-strict-aliasing -fstack-protector-all -ffunct"
 1676      6F2D7374 
 1676      72696374 
 1676      2D616C69 
 1676      6173696E 
 1677 04b2 696F6E2D 		.ascii	"ion-sections -fdata-sections -fno-common -fsingle-p"
 1677      73656374 
 1677      696F6E73 
 1677      202D6664 
 1677      6174612D 
 1678 04e5 72656369 		.ascii	"recision-constant\000"
 1678      73696F6E 
 1678      2D636F6E 
 1678      7374616E 
 1678      7400
 1679              	.LASF81:
 1680 04f7 5F637674 		.ascii	"_cvtbuf\000"
 1680      62756600 
ARM GAS  /var/folders/d2/nstgp4h54kz7g1l847x_b8wc0000gn/T//ccFS0Y40.s 			page 34


 1681              	.LASF1:
 1682 04ff 756E7369 		.ascii	"unsigned char\000"
 1682      676E6564 
 1682      20636861 
 1682      7200
 1683              	.LASF107:
 1684 050d 5F676574 		.ascii	"_getdate_err\000"
 1684      64617465 
 1684      5F657272 
 1684      00
 1685              	.LASF94:
 1686 051a 5F616464 		.ascii	"_add\000"
 1686      00
 1687              	.LASF45:
 1688 051f 5F5F7362 		.ascii	"__sbuf\000"
 1688      756600
 1689              	.LASF88:
 1690 0526 5F676C75 		.ascii	"_glue\000"
 1690      6500
 1691              	.LASF85:
 1692 052c 5F5F7367 		.ascii	"__sglue\000"
 1692      6C756500 
 1693              	.LASF96:
 1694 0534 5F737472 		.ascii	"_strtok_last\000"
 1694      746F6B5F 
 1694      6C617374 
 1694      00
 1695              	.LASF103:
 1696 0541 5F6D6274 		.ascii	"_mbtowc_state\000"
 1696      6F77635F 
 1696      73746174 
 1696      6500
 1697              	.LASF73:
 1698 054f 5F6C6F63 		.ascii	"_locale\000"
 1698      616C6500 
 1699              	.LASF38:
 1700 0557 5F666E61 		.ascii	"_fnargs\000"
 1700      72677300 
 1701              	.LASF0:
 1702 055f 7369676E 		.ascii	"signed char\000"
 1702      65642063 
 1702      68617200 
 1703              	.LASF65:
 1704 056b 5F726565 		.ascii	"_reent\000"
 1704      6E7400
 1705              	.LASF3:
 1706 0572 73686F72 		.ascii	"short unsigned int\000"
 1706      7420756E 
 1706      7369676E 
 1706      65642069 
 1706      6E7400
 1707              	.LASF40:
 1708 0585 5F666E74 		.ascii	"_fntypes\000"
 1708      79706573 
 1708      00
 1709              	.LASF47:
 1710 058e 5F73697A 		.ascii	"_size\000"
ARM GAS  /var/folders/d2/nstgp4h54kz7g1l847x_b8wc0000gn/T//ccFS0Y40.s 			page 35


 1710      6500
 1711              	.LASF12:
 1712 0594 5F6F6666 		.ascii	"_off_t\000"
 1712      5F7400
 1713              	.LASF58:
 1714 059b 5F6E6275 		.ascii	"_nbuf\000"
 1714      6600
 1715              	.LASF95:
 1716 05a1 5F756E75 		.ascii	"_unused_rand\000"
 1716      7365645F 
 1716      72616E64 
 1716      00
 1717              	.LASF72:
 1718 05ae 5F756E73 		.ascii	"_unspecified_locale_info\000"
 1718      70656369 
 1718      66696564 
 1718      5F6C6F63 
 1718      616C655F 
 1719              	.LASF64:
 1720 05c7 5F666C61 		.ascii	"_flags2\000"
 1720      67733200 
 1721              	.LASF41:
 1722 05cf 5F69735F 		.ascii	"_is_cxa\000"
 1722      63786100 
 1723              	.LASF124:
 1724 05d7 2F557365 		.ascii	"/Users/bharathkeshavamurthy/Workspaces/Talos/src/ma"
 1724      72732F62 
 1724      68617261 
 1724      74686B65 
 1724      73686176 
 1725 060a 696E2F63 		.ascii	"in/cpp/org/purdue/ece/talos/optimize\000"
 1725      70702F6F 
 1725      72672F70 
 1725      75726475 
 1725      652F6563 
 1726              	.LASF92:
 1727 062f 5F736565 		.ascii	"_seed\000"
 1727      6400
 1728              	.LASF100:
 1729 0635 5F72616E 		.ascii	"_rand_next\000"
 1729      645F6E65 
 1729      787400
 1730              	.LASF118:
 1731 0640 5F5F6C6F 		.ascii	"__locale_t\000"
 1731      63616C65 
 1731      5F7400
 1732              	.LASF55:
 1733 064b 5F736565 		.ascii	"_seek\000"
 1733      6B00
 1734              	.LASF69:
 1735 0651 5F737464 		.ascii	"_stderr\000"
 1735      65727200 
 1736              	.LASF115:
 1737 0659 5F6E6D61 		.ascii	"_nmalloc\000"
 1737      6C6C6F63 
 1737      00
 1738              	.LASF57:
ARM GAS  /var/folders/d2/nstgp4h54kz7g1l847x_b8wc0000gn/T//ccFS0Y40.s 			page 36


 1739 0662 5F756275 		.ascii	"_ubuf\000"
 1739      6600
 1740              		.ident	"GCC: (GNU Tools for Arm Embedded Processors 7-2017-q4-major) 7.2.1 20170904 (release) [ARM
ARM GAS  /var/folders/d2/nstgp4h54kz7g1l847x_b8wc0000gn/T//ccFS0Y40.s 			page 37


DEFINED SYMBOLS
                            *ABS*:0000000000000000 vl53l0x_api_ranging.c

NO UNDEFINED SYMBOLS
