ARM GAS  /var/folders/d2/nstgp4h54kz7g1l847x_b8wc0000gn/T//ccKkOzBW.s 			page 1


   1              		.cpu cortex-m4
   2              		.eabi_attribute 27, 1
   3              		.eabi_attribute 28, 1
   4              		.eabi_attribute 20, 1
   5              		.eabi_attribute 21, 1
   6              		.eabi_attribute 23, 3
   7              		.eabi_attribute 24, 1
   8              		.eabi_attribute 25, 1
   9              		.eabi_attribute 26, 1
  10              		.eabi_attribute 30, 6
  11              		.eabi_attribute 34, 1
  12              		.eabi_attribute 18, 4
  13              		.file	"vl53l0x_platform.c"
  14              		.section	.text.VL53L0X_WriteMulti,"ax",%progbits
  15              		.align	1
  16              		.global	VL53L0X_WriteMulti
  17              		.syntax unified
  18              		.thumb
  19              		.thumb_func
  20              		.fpu fpv4-sp-d16
  21              		.type	VL53L0X_WriteMulti, %function
  22              	VL53L0X_WriteMulti:
  23              		@ args = 0, pretend = 0, frame = 32
  24              		@ frame_needed = 1, uses_anonymous_args = 0
  25 0000 80B5     		push	{r7, lr}
  26 0002 88B0     		sub	sp, sp, #32
  27 0004 00AF     		add	r7, sp, #0
  28 0006 F860     		str	r0, [r7, #12]
  29 0008 7A60     		str	r2, [r7, #4]
  30 000a 3B60     		str	r3, [r7]
  31 000c 0B46     		mov	r3, r1
  32 000e FB72     		strb	r3, [r7, #11]
  33 0010 0023     		movs	r3, #0
  34 0012 FB77     		strb	r3, [r7, #31]
  35 0014 0023     		movs	r3, #0
  36 0016 BB61     		str	r3, [r7, #24]
  37 0018 3B68     		ldr	r3, [r7]
  38 001a 3F2B     		cmp	r3, #63
  39 001c 01D9     		bls	.L2
  40 001e FC23     		movs	r3, #252
  41 0020 FB77     		strb	r3, [r7, #31]
  42              	.L2:
  43 0022 FB68     		ldr	r3, [r7, #12]
  44 0024 93F8BF31 		ldrb	r3, [r3, #447]
  45 0028 FB75     		strb	r3, [r7, #23]
  46 002a F97A     		ldrb	r1, [r7, #11]	@ zero_extendqisi2
  47 002c F87D     		ldrb	r0, [r7, #23]	@ zero_extendqisi2
  48 002e 3B68     		ldr	r3, [r7]
  49 0030 7A68     		ldr	r2, [r7, #4]
  50 0032 FFF7FEFF 		bl	VL53L0X_write_multi
  51 0036 B861     		str	r0, [r7, #24]
  52 0038 BB69     		ldr	r3, [r7, #24]
  53 003a 002B     		cmp	r3, #0
  54 003c 01D0     		beq	.L3
  55 003e EC23     		movs	r3, #236
  56 0040 FB77     		strb	r3, [r7, #31]
  57              	.L3:
ARM GAS  /var/folders/d2/nstgp4h54kz7g1l847x_b8wc0000gn/T//ccKkOzBW.s 			page 2


  58 0042 97F91F30 		ldrsb	r3, [r7, #31]
  59 0046 1846     		mov	r0, r3
  60 0048 2037     		adds	r7, r7, #32
  61 004a BD46     		mov	sp, r7
  62              		@ sp needed
  63 004c 80BD     		pop	{r7, pc}
  64              		.size	VL53L0X_WriteMulti, .-VL53L0X_WriteMulti
  65              		.section	.text.VL53L0X_ReadMulti,"ax",%progbits
  66              		.align	1
  67              		.global	VL53L0X_ReadMulti
  68              		.syntax unified
  69              		.thumb
  70              		.thumb_func
  71              		.fpu fpv4-sp-d16
  72              		.type	VL53L0X_ReadMulti, %function
  73              	VL53L0X_ReadMulti:
  74              		@ args = 0, pretend = 0, frame = 24
  75              		@ frame_needed = 1, uses_anonymous_args = 0
  76 0000 80B5     		push	{r7, lr}
  77 0002 86B0     		sub	sp, sp, #24
  78 0004 00AF     		add	r7, sp, #0
  79 0006 F860     		str	r0, [r7, #12]
  80 0008 7A60     		str	r2, [r7, #4]
  81 000a 3B60     		str	r3, [r7]
  82 000c 0B46     		mov	r3, r1
  83 000e FB72     		strb	r3, [r7, #11]
  84 0010 0023     		movs	r3, #0
  85 0012 FB75     		strb	r3, [r7, #23]
  86 0014 3B68     		ldr	r3, [r7]
  87 0016 3F2B     		cmp	r3, #63
  88 0018 01D9     		bls	.L6
  89 001a FC23     		movs	r3, #252
  90 001c FB75     		strb	r3, [r7, #23]
  91              	.L6:
  92 001e FB68     		ldr	r3, [r7, #12]
  93 0020 93F8BF31 		ldrb	r3, [r3, #447]
  94 0024 BB75     		strb	r3, [r7, #22]
  95 0026 F97A     		ldrb	r1, [r7, #11]	@ zero_extendqisi2
  96 0028 B87D     		ldrb	r0, [r7, #22]	@ zero_extendqisi2
  97 002a 3B68     		ldr	r3, [r7]
  98 002c 7A68     		ldr	r2, [r7, #4]
  99 002e FFF7FEFF 		bl	VL53L0X_read_multi
 100 0032 3861     		str	r0, [r7, #16]
 101 0034 3B69     		ldr	r3, [r7, #16]
 102 0036 002B     		cmp	r3, #0
 103 0038 01D0     		beq	.L7
 104 003a EC23     		movs	r3, #236
 105 003c FB75     		strb	r3, [r7, #23]
 106              	.L7:
 107 003e 97F91730 		ldrsb	r3, [r7, #23]
 108 0042 1846     		mov	r0, r3
 109 0044 1837     		adds	r7, r7, #24
 110 0046 BD46     		mov	sp, r7
 111              		@ sp needed
 112 0048 80BD     		pop	{r7, pc}
 113              		.size	VL53L0X_ReadMulti, .-VL53L0X_ReadMulti
 114              		.section	.text.VL53L0X_WrByte,"ax",%progbits
ARM GAS  /var/folders/d2/nstgp4h54kz7g1l847x_b8wc0000gn/T//ccKkOzBW.s 			page 3


 115              		.align	1
 116              		.global	VL53L0X_WrByte
 117              		.syntax unified
 118              		.thumb
 119              		.thumb_func
 120              		.fpu fpv4-sp-d16
 121              		.type	VL53L0X_WrByte, %function
 122              	VL53L0X_WrByte:
 123              		@ args = 0, pretend = 0, frame = 16
 124              		@ frame_needed = 1, uses_anonymous_args = 0
 125 0000 80B5     		push	{r7, lr}
 126 0002 84B0     		sub	sp, sp, #16
 127 0004 00AF     		add	r7, sp, #0
 128 0006 7860     		str	r0, [r7, #4]
 129 0008 0B46     		mov	r3, r1
 130 000a FB70     		strb	r3, [r7, #3]
 131 000c 1346     		mov	r3, r2
 132 000e BB70     		strb	r3, [r7, #2]
 133 0010 0023     		movs	r3, #0
 134 0012 FB73     		strb	r3, [r7, #15]
 135 0014 7B68     		ldr	r3, [r7, #4]
 136 0016 93F8BF31 		ldrb	r3, [r3, #447]
 137 001a BB73     		strb	r3, [r7, #14]
 138 001c BA78     		ldrb	r2, [r7, #2]	@ zero_extendqisi2
 139 001e F978     		ldrb	r1, [r7, #3]	@ zero_extendqisi2
 140 0020 BB7B     		ldrb	r3, [r7, #14]	@ zero_extendqisi2
 141 0022 1846     		mov	r0, r3
 142 0024 FFF7FEFF 		bl	VL53L0X_write_byte
 143 0028 B860     		str	r0, [r7, #8]
 144 002a BB68     		ldr	r3, [r7, #8]
 145 002c 002B     		cmp	r3, #0
 146 002e 01D0     		beq	.L10
 147 0030 EC23     		movs	r3, #236
 148 0032 FB73     		strb	r3, [r7, #15]
 149              	.L10:
 150 0034 97F90F30 		ldrsb	r3, [r7, #15]
 151 0038 1846     		mov	r0, r3
 152 003a 1037     		adds	r7, r7, #16
 153 003c BD46     		mov	sp, r7
 154              		@ sp needed
 155 003e 80BD     		pop	{r7, pc}
 156              		.size	VL53L0X_WrByte, .-VL53L0X_WrByte
 157              		.section	.text.VL53L0X_WrWord,"ax",%progbits
 158              		.align	1
 159              		.global	VL53L0X_WrWord
 160              		.syntax unified
 161              		.thumb
 162              		.thumb_func
 163              		.fpu fpv4-sp-d16
 164              		.type	VL53L0X_WrWord, %function
 165              	VL53L0X_WrWord:
 166              		@ args = 0, pretend = 0, frame = 16
 167              		@ frame_needed = 1, uses_anonymous_args = 0
 168 0000 80B5     		push	{r7, lr}
 169 0002 84B0     		sub	sp, sp, #16
 170 0004 00AF     		add	r7, sp, #0
 171 0006 7860     		str	r0, [r7, #4]
ARM GAS  /var/folders/d2/nstgp4h54kz7g1l847x_b8wc0000gn/T//ccKkOzBW.s 			page 4


 172 0008 0B46     		mov	r3, r1
 173 000a FB70     		strb	r3, [r7, #3]
 174 000c 1346     		mov	r3, r2	@ movhi
 175 000e 3B80     		strh	r3, [r7]	@ movhi
 176 0010 0023     		movs	r3, #0
 177 0012 FB73     		strb	r3, [r7, #15]
 178 0014 7B68     		ldr	r3, [r7, #4]
 179 0016 93F8BF31 		ldrb	r3, [r3, #447]
 180 001a BB73     		strb	r3, [r7, #14]
 181 001c 3A88     		ldrh	r2, [r7]
 182 001e F978     		ldrb	r1, [r7, #3]	@ zero_extendqisi2
 183 0020 BB7B     		ldrb	r3, [r7, #14]	@ zero_extendqisi2
 184 0022 1846     		mov	r0, r3
 185 0024 FFF7FEFF 		bl	VL53L0X_write_word
 186 0028 B860     		str	r0, [r7, #8]
 187 002a BB68     		ldr	r3, [r7, #8]
 188 002c 002B     		cmp	r3, #0
 189 002e 01D0     		beq	.L13
 190 0030 EC23     		movs	r3, #236
 191 0032 FB73     		strb	r3, [r7, #15]
 192              	.L13:
 193 0034 97F90F30 		ldrsb	r3, [r7, #15]
 194 0038 1846     		mov	r0, r3
 195 003a 1037     		adds	r7, r7, #16
 196 003c BD46     		mov	sp, r7
 197              		@ sp needed
 198 003e 80BD     		pop	{r7, pc}
 199              		.size	VL53L0X_WrWord, .-VL53L0X_WrWord
 200              		.section	.text.VL53L0X_WrDWord,"ax",%progbits
 201              		.align	1
 202              		.global	VL53L0X_WrDWord
 203              		.syntax unified
 204              		.thumb
 205              		.thumb_func
 206              		.fpu fpv4-sp-d16
 207              		.type	VL53L0X_WrDWord, %function
 208              	VL53L0X_WrDWord:
 209              		@ args = 0, pretend = 0, frame = 24
 210              		@ frame_needed = 1, uses_anonymous_args = 0
 211 0000 80B5     		push	{r7, lr}
 212 0002 86B0     		sub	sp, sp, #24
 213 0004 00AF     		add	r7, sp, #0
 214 0006 F860     		str	r0, [r7, #12]
 215 0008 0B46     		mov	r3, r1
 216 000a 7A60     		str	r2, [r7, #4]
 217 000c FB72     		strb	r3, [r7, #11]
 218 000e 0023     		movs	r3, #0
 219 0010 FB75     		strb	r3, [r7, #23]
 220 0012 FB68     		ldr	r3, [r7, #12]
 221 0014 93F8BF31 		ldrb	r3, [r3, #447]
 222 0018 BB75     		strb	r3, [r7, #22]
 223 001a F97A     		ldrb	r1, [r7, #11]	@ zero_extendqisi2
 224 001c BB7D     		ldrb	r3, [r7, #22]	@ zero_extendqisi2
 225 001e 7A68     		ldr	r2, [r7, #4]
 226 0020 1846     		mov	r0, r3
 227 0022 FFF7FEFF 		bl	VL53L0X_write_dword
 228 0026 3861     		str	r0, [r7, #16]
ARM GAS  /var/folders/d2/nstgp4h54kz7g1l847x_b8wc0000gn/T//ccKkOzBW.s 			page 5


 229 0028 3B69     		ldr	r3, [r7, #16]
 230 002a 002B     		cmp	r3, #0
 231 002c 01D0     		beq	.L16
 232 002e EC23     		movs	r3, #236
 233 0030 FB75     		strb	r3, [r7, #23]
 234              	.L16:
 235 0032 97F91730 		ldrsb	r3, [r7, #23]
 236 0036 1846     		mov	r0, r3
 237 0038 1837     		adds	r7, r7, #24
 238 003a BD46     		mov	sp, r7
 239              		@ sp needed
 240 003c 80BD     		pop	{r7, pc}
 241              		.size	VL53L0X_WrDWord, .-VL53L0X_WrDWord
 242              		.section	.text.VL53L0X_UpdateByte,"ax",%progbits
 243              		.align	1
 244              		.global	VL53L0X_UpdateByte
 245              		.syntax unified
 246              		.thumb
 247              		.thumb_func
 248              		.fpu fpv4-sp-d16
 249              		.type	VL53L0X_UpdateByte, %function
 250              	VL53L0X_UpdateByte:
 251              		@ args = 0, pretend = 0, frame = 24
 252              		@ frame_needed = 1, uses_anonymous_args = 0
 253 0000 80B5     		push	{r7, lr}
 254 0002 86B0     		sub	sp, sp, #24
 255 0004 00AF     		add	r7, sp, #0
 256 0006 7860     		str	r0, [r7, #4]
 257 0008 0846     		mov	r0, r1
 258 000a 1146     		mov	r1, r2
 259 000c 1A46     		mov	r2, r3
 260 000e 0346     		mov	r3, r0
 261 0010 FB70     		strb	r3, [r7, #3]
 262 0012 0B46     		mov	r3, r1
 263 0014 BB70     		strb	r3, [r7, #2]
 264 0016 1346     		mov	r3, r2
 265 0018 7B70     		strb	r3, [r7, #1]
 266 001a 0023     		movs	r3, #0
 267 001c FB75     		strb	r3, [r7, #23]
 268 001e 7B68     		ldr	r3, [r7, #4]
 269 0020 93F8BF31 		ldrb	r3, [r3, #447]
 270 0024 BB75     		strb	r3, [r7, #22]
 271 0026 07F10F02 		add	r2, r7, #15
 272 002a F978     		ldrb	r1, [r7, #3]	@ zero_extendqisi2
 273 002c BB7D     		ldrb	r3, [r7, #22]	@ zero_extendqisi2
 274 002e 1846     		mov	r0, r3
 275 0030 FFF7FEFF 		bl	VL53L0X_read_byte
 276 0034 3861     		str	r0, [r7, #16]
 277 0036 3B69     		ldr	r3, [r7, #16]
 278 0038 002B     		cmp	r3, #0
 279 003a 01D0     		beq	.L19
 280 003c EC23     		movs	r3, #236
 281 003e FB75     		strb	r3, [r7, #23]
 282              	.L19:
 283 0040 97F91730 		ldrsb	r3, [r7, #23]
 284 0044 002B     		cmp	r3, #0
 285 0046 13D1     		bne	.L20
ARM GAS  /var/folders/d2/nstgp4h54kz7g1l847x_b8wc0000gn/T//ccKkOzBW.s 			page 6


 286 0048 FA7B     		ldrb	r2, [r7, #15]	@ zero_extendqisi2
 287 004a BB78     		ldrb	r3, [r7, #2]
 288 004c 1340     		ands	r3, r3, r2
 289 004e DAB2     		uxtb	r2, r3
 290 0050 7B78     		ldrb	r3, [r7, #1]
 291 0052 1343     		orrs	r3, r3, r2
 292 0054 DBB2     		uxtb	r3, r3
 293 0056 FB73     		strb	r3, [r7, #15]
 294 0058 FA7B     		ldrb	r2, [r7, #15]	@ zero_extendqisi2
 295 005a F978     		ldrb	r1, [r7, #3]	@ zero_extendqisi2
 296 005c BB7D     		ldrb	r3, [r7, #22]	@ zero_extendqisi2
 297 005e 1846     		mov	r0, r3
 298 0060 FFF7FEFF 		bl	VL53L0X_write_byte
 299 0064 3861     		str	r0, [r7, #16]
 300 0066 3B69     		ldr	r3, [r7, #16]
 301 0068 002B     		cmp	r3, #0
 302 006a 01D0     		beq	.L20
 303 006c EC23     		movs	r3, #236
 304 006e FB75     		strb	r3, [r7, #23]
 305              	.L20:
 306 0070 97F91730 		ldrsb	r3, [r7, #23]
 307 0074 1846     		mov	r0, r3
 308 0076 1837     		adds	r7, r7, #24
 309 0078 BD46     		mov	sp, r7
 310              		@ sp needed
 311 007a 80BD     		pop	{r7, pc}
 312              		.size	VL53L0X_UpdateByte, .-VL53L0X_UpdateByte
 313              		.section	.text.VL53L0X_RdByte,"ax",%progbits
 314              		.align	1
 315              		.global	VL53L0X_RdByte
 316              		.syntax unified
 317              		.thumb
 318              		.thumb_func
 319              		.fpu fpv4-sp-d16
 320              		.type	VL53L0X_RdByte, %function
 321              	VL53L0X_RdByte:
 322              		@ args = 0, pretend = 0, frame = 24
 323              		@ frame_needed = 1, uses_anonymous_args = 0
 324 0000 80B5     		push	{r7, lr}
 325 0002 86B0     		sub	sp, sp, #24
 326 0004 00AF     		add	r7, sp, #0
 327 0006 F860     		str	r0, [r7, #12]
 328 0008 0B46     		mov	r3, r1
 329 000a 7A60     		str	r2, [r7, #4]
 330 000c FB72     		strb	r3, [r7, #11]
 331 000e 0023     		movs	r3, #0
 332 0010 FB75     		strb	r3, [r7, #23]
 333 0012 FB68     		ldr	r3, [r7, #12]
 334 0014 93F8BF31 		ldrb	r3, [r3, #447]
 335 0018 BB75     		strb	r3, [r7, #22]
 336 001a F97A     		ldrb	r1, [r7, #11]	@ zero_extendqisi2
 337 001c BB7D     		ldrb	r3, [r7, #22]	@ zero_extendqisi2
 338 001e 7A68     		ldr	r2, [r7, #4]
 339 0020 1846     		mov	r0, r3
 340 0022 FFF7FEFF 		bl	VL53L0X_read_byte
 341 0026 3861     		str	r0, [r7, #16]
 342 0028 3B69     		ldr	r3, [r7, #16]
ARM GAS  /var/folders/d2/nstgp4h54kz7g1l847x_b8wc0000gn/T//ccKkOzBW.s 			page 7


 343 002a 002B     		cmp	r3, #0
 344 002c 01D0     		beq	.L23
 345 002e EC23     		movs	r3, #236
 346 0030 FB75     		strb	r3, [r7, #23]
 347              	.L23:
 348 0032 97F91730 		ldrsb	r3, [r7, #23]
 349 0036 1846     		mov	r0, r3
 350 0038 1837     		adds	r7, r7, #24
 351 003a BD46     		mov	sp, r7
 352              		@ sp needed
 353 003c 80BD     		pop	{r7, pc}
 354              		.size	VL53L0X_RdByte, .-VL53L0X_RdByte
 355              		.section	.text.VL53L0X_RdWord,"ax",%progbits
 356              		.align	1
 357              		.global	VL53L0X_RdWord
 358              		.syntax unified
 359              		.thumb
 360              		.thumb_func
 361              		.fpu fpv4-sp-d16
 362              		.type	VL53L0X_RdWord, %function
 363              	VL53L0X_RdWord:
 364              		@ args = 0, pretend = 0, frame = 24
 365              		@ frame_needed = 1, uses_anonymous_args = 0
 366 0000 80B5     		push	{r7, lr}
 367 0002 86B0     		sub	sp, sp, #24
 368 0004 00AF     		add	r7, sp, #0
 369 0006 F860     		str	r0, [r7, #12]
 370 0008 0B46     		mov	r3, r1
 371 000a 7A60     		str	r2, [r7, #4]
 372 000c FB72     		strb	r3, [r7, #11]
 373 000e 0023     		movs	r3, #0
 374 0010 FB75     		strb	r3, [r7, #23]
 375 0012 FB68     		ldr	r3, [r7, #12]
 376 0014 93F8BF31 		ldrb	r3, [r3, #447]
 377 0018 BB75     		strb	r3, [r7, #22]
 378 001a F97A     		ldrb	r1, [r7, #11]	@ zero_extendqisi2
 379 001c BB7D     		ldrb	r3, [r7, #22]	@ zero_extendqisi2
 380 001e 7A68     		ldr	r2, [r7, #4]
 381 0020 1846     		mov	r0, r3
 382 0022 FFF7FEFF 		bl	VL53L0X_read_word
 383 0026 3861     		str	r0, [r7, #16]
 384 0028 3B69     		ldr	r3, [r7, #16]
 385 002a 002B     		cmp	r3, #0
 386 002c 01D0     		beq	.L26
 387 002e EC23     		movs	r3, #236
 388 0030 FB75     		strb	r3, [r7, #23]
 389              	.L26:
 390 0032 97F91730 		ldrsb	r3, [r7, #23]
 391 0036 1846     		mov	r0, r3
 392 0038 1837     		adds	r7, r7, #24
 393 003a BD46     		mov	sp, r7
 394              		@ sp needed
 395 003c 80BD     		pop	{r7, pc}
 396              		.size	VL53L0X_RdWord, .-VL53L0X_RdWord
 397              		.section	.text.VL53L0X_RdDWord,"ax",%progbits
 398              		.align	1
 399              		.global	VL53L0X_RdDWord
ARM GAS  /var/folders/d2/nstgp4h54kz7g1l847x_b8wc0000gn/T//ccKkOzBW.s 			page 8


 400              		.syntax unified
 401              		.thumb
 402              		.thumb_func
 403              		.fpu fpv4-sp-d16
 404              		.type	VL53L0X_RdDWord, %function
 405              	VL53L0X_RdDWord:
 406              		@ args = 0, pretend = 0, frame = 24
 407              		@ frame_needed = 1, uses_anonymous_args = 0
 408 0000 80B5     		push	{r7, lr}
 409 0002 86B0     		sub	sp, sp, #24
 410 0004 00AF     		add	r7, sp, #0
 411 0006 F860     		str	r0, [r7, #12]
 412 0008 0B46     		mov	r3, r1
 413 000a 7A60     		str	r2, [r7, #4]
 414 000c FB72     		strb	r3, [r7, #11]
 415 000e 0023     		movs	r3, #0
 416 0010 FB75     		strb	r3, [r7, #23]
 417 0012 FB68     		ldr	r3, [r7, #12]
 418 0014 93F8BF31 		ldrb	r3, [r3, #447]
 419 0018 BB75     		strb	r3, [r7, #22]
 420 001a F97A     		ldrb	r1, [r7, #11]	@ zero_extendqisi2
 421 001c BB7D     		ldrb	r3, [r7, #22]	@ zero_extendqisi2
 422 001e 7A68     		ldr	r2, [r7, #4]
 423 0020 1846     		mov	r0, r3
 424 0022 FFF7FEFF 		bl	VL53L0X_read_dword
 425 0026 3861     		str	r0, [r7, #16]
 426 0028 3B69     		ldr	r3, [r7, #16]
 427 002a 002B     		cmp	r3, #0
 428 002c 01D0     		beq	.L29
 429 002e EC23     		movs	r3, #236
 430 0030 FB75     		strb	r3, [r7, #23]
 431              	.L29:
 432 0032 97F91730 		ldrsb	r3, [r7, #23]
 433 0036 1846     		mov	r0, r3
 434 0038 1837     		adds	r7, r7, #24
 435 003a BD46     		mov	sp, r7
 436              		@ sp needed
 437 003c 80BD     		pop	{r7, pc}
 438              		.size	VL53L0X_RdDWord, .-VL53L0X_RdDWord
 439              		.section	.text.VL53L0X_PollingDelay,"ax",%progbits
 440              		.align	1
 441              		.global	VL53L0X_PollingDelay
 442              		.syntax unified
 443              		.thumb
 444              		.thumb_func
 445              		.fpu fpv4-sp-d16
 446              		.type	VL53L0X_PollingDelay, %function
 447              	VL53L0X_PollingDelay:
 448              		@ args = 0, pretend = 0, frame = 16
 449              		@ frame_needed = 1, uses_anonymous_args = 0
 450              		@ link register save eliminated.
 451 0000 80B4     		push	{r7}
 452 0002 85B0     		sub	sp, sp, #20
 453 0004 00AF     		add	r7, sp, #0
 454 0006 7860     		str	r0, [r7, #4]
 455 0008 0023     		movs	r3, #0
 456 000a FB73     		strb	r3, [r7, #15]
ARM GAS  /var/folders/d2/nstgp4h54kz7g1l847x_b8wc0000gn/T//ccKkOzBW.s 			page 9


 457 000c 0023     		movs	r3, #0
 458 000e BB60     		str	r3, [r7, #8]
 459 0010 03E0     		b	.L32
 460              	.L33:
 461              		.syntax unified
 462              	@ 258 "../e-puck2_main-processor/src/sensors/VL53L0X/Api/platform/src/vl53l0x_platform.c" 1
 463 0012 00BF     		nop
 464              	@ 0 "" 2
 465              		.thumb
 466              		.syntax unified
 467 0014 BB68     		ldr	r3, [r7, #8]
 468 0016 0133     		adds	r3, r3, #1
 469 0018 BB60     		str	r3, [r7, #8]
 470              	.L32:
 471 001a BB68     		ldr	r3, [r7, #8]
 472 001c F92B     		cmp	r3, #249
 473 001e F8D9     		bls	.L33
 474 0020 97F90F30 		ldrsb	r3, [r7, #15]
 475 0024 1846     		mov	r0, r3
 476 0026 1437     		adds	r7, r7, #20
 477 0028 BD46     		mov	sp, r7
 478              		@ sp needed
 479 002a 5DF8047B 		ldr	r7, [sp], #4
 480 002e 7047     		bx	lr
 481              		.size	VL53L0X_PollingDelay, .-VL53L0X_PollingDelay
 482              		.ident	"GCC: (GNU Tools for Arm Embedded Processors 7-2017-q4-major) 7.2.1 20170904 (release) [ARM
ARM GAS  /var/folders/d2/nstgp4h54kz7g1l847x_b8wc0000gn/T//ccKkOzBW.s 			page 10


DEFINED SYMBOLS
                            *ABS*:0000000000000000 vl53l0x_platform.c
/var/folders/d2/nstgp4h54kz7g1l847x_b8wc0000gn/T//ccKkOzBW.s:15     .text.VL53L0X_WriteMulti:0000000000000000 $t
/var/folders/d2/nstgp4h54kz7g1l847x_b8wc0000gn/T//ccKkOzBW.s:22     .text.VL53L0X_WriteMulti:0000000000000000 VL53L0X_WriteMulti
/var/folders/d2/nstgp4h54kz7g1l847x_b8wc0000gn/T//ccKkOzBW.s:66     .text.VL53L0X_ReadMulti:0000000000000000 $t
/var/folders/d2/nstgp4h54kz7g1l847x_b8wc0000gn/T//ccKkOzBW.s:73     .text.VL53L0X_ReadMulti:0000000000000000 VL53L0X_ReadMulti
/var/folders/d2/nstgp4h54kz7g1l847x_b8wc0000gn/T//ccKkOzBW.s:115    .text.VL53L0X_WrByte:0000000000000000 $t
/var/folders/d2/nstgp4h54kz7g1l847x_b8wc0000gn/T//ccKkOzBW.s:122    .text.VL53L0X_WrByte:0000000000000000 VL53L0X_WrByte
/var/folders/d2/nstgp4h54kz7g1l847x_b8wc0000gn/T//ccKkOzBW.s:158    .text.VL53L0X_WrWord:0000000000000000 $t
/var/folders/d2/nstgp4h54kz7g1l847x_b8wc0000gn/T//ccKkOzBW.s:165    .text.VL53L0X_WrWord:0000000000000000 VL53L0X_WrWord
/var/folders/d2/nstgp4h54kz7g1l847x_b8wc0000gn/T//ccKkOzBW.s:201    .text.VL53L0X_WrDWord:0000000000000000 $t
/var/folders/d2/nstgp4h54kz7g1l847x_b8wc0000gn/T//ccKkOzBW.s:208    .text.VL53L0X_WrDWord:0000000000000000 VL53L0X_WrDWord
/var/folders/d2/nstgp4h54kz7g1l847x_b8wc0000gn/T//ccKkOzBW.s:243    .text.VL53L0X_UpdateByte:0000000000000000 $t
/var/folders/d2/nstgp4h54kz7g1l847x_b8wc0000gn/T//ccKkOzBW.s:250    .text.VL53L0X_UpdateByte:0000000000000000 VL53L0X_UpdateByte
/var/folders/d2/nstgp4h54kz7g1l847x_b8wc0000gn/T//ccKkOzBW.s:314    .text.VL53L0X_RdByte:0000000000000000 $t
/var/folders/d2/nstgp4h54kz7g1l847x_b8wc0000gn/T//ccKkOzBW.s:321    .text.VL53L0X_RdByte:0000000000000000 VL53L0X_RdByte
/var/folders/d2/nstgp4h54kz7g1l847x_b8wc0000gn/T//ccKkOzBW.s:356    .text.VL53L0X_RdWord:0000000000000000 $t
/var/folders/d2/nstgp4h54kz7g1l847x_b8wc0000gn/T//ccKkOzBW.s:363    .text.VL53L0X_RdWord:0000000000000000 VL53L0X_RdWord
/var/folders/d2/nstgp4h54kz7g1l847x_b8wc0000gn/T//ccKkOzBW.s:398    .text.VL53L0X_RdDWord:0000000000000000 $t
/var/folders/d2/nstgp4h54kz7g1l847x_b8wc0000gn/T//ccKkOzBW.s:405    .text.VL53L0X_RdDWord:0000000000000000 VL53L0X_RdDWord
/var/folders/d2/nstgp4h54kz7g1l847x_b8wc0000gn/T//ccKkOzBW.s:440    .text.VL53L0X_PollingDelay:0000000000000000 $t
/var/folders/d2/nstgp4h54kz7g1l847x_b8wc0000gn/T//ccKkOzBW.s:447    .text.VL53L0X_PollingDelay:0000000000000000 VL53L0X_PollingDelay

UNDEFINED SYMBOLS
VL53L0X_write_multi
VL53L0X_read_multi
VL53L0X_write_byte
VL53L0X_write_word
VL53L0X_write_dword
VL53L0X_read_byte
VL53L0X_read_word
VL53L0X_read_dword
